[2017-08-19 15:51:56.522] [INFO] resLogger - 
*************** response log start ***************
request method: GET
request originalUrl:  /content/forum
request client ip:  ::1
request query:  {}
response time: 111
response status: 200
response body: 
"<!DOCTYPE html><html><head><meta charset=\"utf-8\"><meta name=\"viewport\" content=\"width=device-width, initial-scale=1\"><title>版块管理 - 版块</title><link href=\"/stylesheets/bootstrap.min.css\" rel=\"stylesheet\"/><link href=\"/stylesheets/fm-dashborad.css\" rel=\"stylesheet\"/><script src=\"/javascripts/jquery.min.js\"></script><script src=\"/javascripts/bootstrap.min.js\"></script></head><body><header class=\"navbar navbar-static-top bs-docs-nav\" id=\"top\" role=\"banner\"><div class=\"container-fluid\"><div class=\"navbar-header\"><button class=\"navbar-toggle\" type=\"button\" data-toggle=\"collapse\" data-target=\".bs-navbar-collapse\"><span class=\"sr-only\">Toggle navigation</span><span class=\"icon-bar\"></span><span class=\"icon-bar\"></span><span class=\"icon-bar\"></span></button><a class=\"navbar-brand\" href=\"/\"></a></div><nav class=\"collapse navbar-collapse bs-navbar-collapse\" role=\"navigation\"><ul class=\"nav navbar-nav\"><li class=\"dropdown\"><a class=\"dropdown-toggle\" href=\"#\" data-toggle=\"dropdown\">内容<span class=\"caret\"></span></a><ul class=\"dropdown-menu\" role=\"menu\"><li><a href=\"/content/forum\">版块管理</a></li><li><a href=\"/content/threads\">贴子管理</a></li></ul></li><li class=\"dropdown\"><a class=\"dropdown-toggle\" href=\"#\" data-toggle=\"dropdown\">用户<span class=\"caret\"></span></a><ul class=\"dropdown-menu\" role=\"menu\"><li><a href=\"/user\">用户管理</a></li><li><a href=\"/user/access\">权限管理</a></li></ul></li><li class=\"dropdown\"><a class=\"dropdown-toggle\" href=\"#\" data-toggle=\"dropdown\">组件<span class=\"caret\"></span></a><ul class=\"dropdown-menu\" role=\"menu\"><li><a href=\"/components/ad\">广告管理</a></li><li><a href=\"/components/module\">模块管理</a></li></ul></li><li class=\"dropdown\"><a class=\"dropdown-toggle\" href=\"#\" data-toggle=\"dropdown\">系统<span class=\"caret\"></span></a><ul class=\"dropdown-menu\" role=\"menu\"><li><a href=\"/system/setting\">系统配置</a></li><li><a href=\"/system/filter\">过滤管理</a></li><li><a href=\"/system/cache\">缓存管理</a></li><li><a href=\"/system/log\">日志管理</a></li><li><a href=\"/system/ftp\">FTP管理</a></li></ul></li></ul></nav></div></header><div class=\"bs-docs-header\"><div class=\"container-fluid\"><h1>版块管理</h1><p>版块</p></div></div><div class=\"container-fluid\"><div class=\"row\"><div class=\"col-md-3\"><div class=\"well\"><a class=\"btn btn-primary btn-name-创建新的版块 btn-sm btn-block\" type=\"button\" href=\"/content/forum/create\">创建新的版块</a><hr><a class=\"btn btn-default btn-name-删除选中版块 btn-sm btn-block\" type=\"button\" href=\"javascript:document.forms[0].submit();\">删除选中版块</a></div></div><div class=\"col-md-9\"><form class=\"form-horizontal\" method=\"get\" action=\"/content/forum/remove\" role=\"form\" enctype=\"multipart/form-data\"><table class=\"table table-striped table-hover table-condensed\"><thead><tr><td width=\"50\"><a href=\"#\" onclick=\"\"></a></td><td width=\"70\">ID</td><td>标题</td><td width=\"120\">状态</td><td width=\"120\">CD</td><td width=\"200\">更新时间/发布时间</td><td width=\"150\">操作</td></tr></thead><tbody><tr><td><input type=\"checkbox\" name=\"ids\" value=\"1\"></td><td><a href=\"/content/threads?forum=1\">1</a></td><td><a href=\"/content/threads?forum=1\">综合</a></td><td><span class=\"label label-success\">正常</span></td><td>200</td><td><br><font color=\"#999999\"></font></td><td><a href=\"/system/cache/flush?key=forum:1:*\">清除该版块缓存</a>&nbsp;<a href=\"/content/forum/1/set?key=lock&amp;value=true\">锁定</a>&nbsp;<a href=\"/content/forum/1/update\">编辑</a>&nbsp;<a href=\"/content/forum/1/remove\">删除</a></td></tr><tr><td><input type=\"checkbox\" name=\"ids\" value=\"3\"></td><td><a href=\"/content/threads?forum=3\">3</a></td><td><a href=\"/content/threads?forum=3\">动漫</a></td><td><span class=\"label label-success\">正常</span></td><td>111</td><td><br><font color=\"#999999\"></font></td><td><a href=\"/system/cache/flush?key=forum:3:*\">清除该版块缓存</a>&nbsp;<a href=\"/content/forum/3/set?key=lock&amp;value=true\">锁定</a>&nbsp;<a href=\"/content/forum/3/update\">编辑</a>&nbsp;<a href=\"/content/forum/3/remove\">删除</a></td></tr><tr><td><input type=\"checkbox\" name=\"ids\" value=\"11\"></td><td><a href=\"/content/threads?forum=11\">11</a></td><td><a href=\"/content/threads?forum=11\">游戏</a></td><td><span class=\"label label-success\">正常</span></td><td>230</td><td><br><font color=\"#999999\"></font></td><td><a href=\"/system/cache/flush?key=forum:11:*\">清除该版块缓存</a>&nbsp;<a href=\"/content/forum/11/set?key=lock&amp;value=true\">锁定</a>&nbsp;<a href=\"/content/forum/11/update\">编辑</a>&nbsp;<a href=\"/content/forum/11/remove\">删除</a></td></tr></tbody></table></form></div></div></div></body></html>"
*************** response log end ***************

[2017-08-19 15:52:08.432] [INFO] resLogger - 
*************** response log start ***************
request method: GET
request originalUrl:  /content/forum/11/remove
request client ip:  ::1
request query:  {}
response time: 5
response status: 302
response body: 
"Redirecting to <a href=\"/content/forum\">/content/forum</a>."
*************** response log end ***************

[2017-08-19 15:52:08.534] [INFO] resLogger - 
*************** response log start ***************
request method: GET
request originalUrl:  /content/forum
request client ip:  ::1
request query:  {}
response time: 97
response status: 200
response body: 
"<!DOCTYPE html><html><head><meta charset=\"utf-8\"><meta name=\"viewport\" content=\"width=device-width, initial-scale=1\"><title>版块管理 - 版块</title><link href=\"/stylesheets/bootstrap.min.css\" rel=\"stylesheet\"/><link href=\"/stylesheets/fm-dashborad.css\" rel=\"stylesheet\"/><script src=\"/javascripts/jquery.min.js\"></script><script src=\"/javascripts/bootstrap.min.js\"></script></head><body><header class=\"navbar navbar-static-top bs-docs-nav\" id=\"top\" role=\"banner\"><div class=\"container-fluid\"><div class=\"navbar-header\"><button class=\"navbar-toggle\" type=\"button\" data-toggle=\"collapse\" data-target=\".bs-navbar-collapse\"><span class=\"sr-only\">Toggle navigation</span><span class=\"icon-bar\"></span><span class=\"icon-bar\"></span><span class=\"icon-bar\"></span></button><a class=\"navbar-brand\" href=\"/\"></a></div><nav class=\"collapse navbar-collapse bs-navbar-collapse\" role=\"navigation\"><ul class=\"nav navbar-nav\"><li class=\"dropdown\"><a class=\"dropdown-toggle\" href=\"#\" data-toggle=\"dropdown\">内容<span class=\"caret\"></span></a><ul class=\"dropdown-menu\" role=\"menu\"><li><a href=\"/content/forum\">版块管理</a></li><li><a href=\"/content/threads\">贴子管理</a></li></ul></li><li class=\"dropdown\"><a class=\"dropdown-toggle\" href=\"#\" data-toggle=\"dropdown\">用户<span class=\"caret\"></span></a><ul class=\"dropdown-menu\" role=\"menu\"><li><a href=\"/user\">用户管理</a></li><li><a href=\"/user/access\">权限管理</a></li></ul></li><li class=\"dropdown\"><a class=\"dropdown-toggle\" href=\"#\" data-toggle=\"dropdown\">组件<span class=\"caret\"></span></a><ul class=\"dropdown-menu\" role=\"menu\"><li><a href=\"/components/ad\">广告管理</a></li><li><a href=\"/components/module\">模块管理</a></li></ul></li><li class=\"dropdown\"><a class=\"dropdown-toggle\" href=\"#\" data-toggle=\"dropdown\">系统<span class=\"caret\"></span></a><ul class=\"dropdown-menu\" role=\"menu\"><li><a href=\"/system/setting\">系统配置</a></li><li><a href=\"/system/filter\">过滤管理</a></li><li><a href=\"/system/cache\">缓存管理</a></li><li><a href=\"/system/log\">日志管理</a></li><li><a href=\"/system/ftp\">FTP管理</a></li></ul></li></ul></nav></div></header><div class=\"bs-docs-header\"><div class=\"container-fluid\"><h1>版块管理</h1><p>版块</p></div></div><div class=\"container-fluid\"><div class=\"row\"><div class=\"col-md-3\"><div class=\"well\"><a class=\"btn btn-primary btn-name-创建新的版块 btn-sm btn-block\" type=\"button\" href=\"/content/forum/create\">创建新的版块</a><hr><a class=\"btn btn-default btn-name-删除选中版块 btn-sm btn-block\" type=\"button\" href=\"javascript:document.forms[0].submit();\">删除选中版块</a></div></div><div class=\"col-md-9\"><form class=\"form-horizontal\" method=\"get\" action=\"/content/forum/remove\" role=\"form\" enctype=\"multipart/form-data\"><table class=\"table table-striped table-hover table-condensed\"><thead><tr><td width=\"50\"><a href=\"#\" onclick=\"\"></a></td><td width=\"70\">ID</td><td>标题</td><td width=\"120\">状态</td><td width=\"120\">CD</td><td width=\"200\">更新时间/发布时间</td><td width=\"150\">操作</td></tr></thead><tbody><tr><td><input type=\"checkbox\" name=\"ids\" value=\"1\"></td><td><a href=\"/content/threads?forum=1\">1</a></td><td><a href=\"/content/threads?forum=1\">综合</a></td><td><span class=\"label label-success\">正常</span></td><td>200</td><td><br><font color=\"#999999\"></font></td><td><a href=\"/system/cache/flush?key=forum:1:*\">清除该版块缓存</a>&nbsp;<a href=\"/content/forum/1/set?key=lock&amp;value=true\">锁定</a>&nbsp;<a href=\"/content/forum/1/update\">编辑</a>&nbsp;<a href=\"/content/forum/1/remove\">删除</a></td></tr><tr><td><input type=\"checkbox\" name=\"ids\" value=\"3\"></td><td><a href=\"/content/threads?forum=3\">3</a></td><td><a href=\"/content/threads?forum=3\">动漫</a></td><td><span class=\"label label-success\">正常</span></td><td>111</td><td><br><font color=\"#999999\"></font></td><td><a href=\"/system/cache/flush?key=forum:3:*\">清除该版块缓存</a>&nbsp;<a href=\"/content/forum/3/set?key=lock&amp;value=true\">锁定</a>&nbsp;<a href=\"/content/forum/3/update\">编辑</a>&nbsp;<a href=\"/content/forum/3/remove\">删除</a></td></tr></tbody></table></form></div></div></div></body></html>"
*************** response log end ***************

[2017-08-19 15:52:10.054] [INFO] resLogger - 
*************** response log start ***************
request method: GET
request originalUrl:  /content/forum/3/remove
request client ip:  ::1
request query:  {}
response time: 7
response status: 302
response body: 
"Redirecting to <a href=\"/content/forum\">/content/forum</a>."
*************** response log end ***************

[2017-08-19 15:52:10.140] [INFO] resLogger - 
*************** response log start ***************
request method: GET
request originalUrl:  /content/forum
request client ip:  ::1
request query:  {}
response time: 81
response status: 200
response body: 
"<!DOCTYPE html><html><head><meta charset=\"utf-8\"><meta name=\"viewport\" content=\"width=device-width, initial-scale=1\"><title>版块管理 - 版块</title><link href=\"/stylesheets/bootstrap.min.css\" rel=\"stylesheet\"/><link href=\"/stylesheets/fm-dashborad.css\" rel=\"stylesheet\"/><script src=\"/javascripts/jquery.min.js\"></script><script src=\"/javascripts/bootstrap.min.js\"></script></head><body><header class=\"navbar navbar-static-top bs-docs-nav\" id=\"top\" role=\"banner\"><div class=\"container-fluid\"><div class=\"navbar-header\"><button class=\"navbar-toggle\" type=\"button\" data-toggle=\"collapse\" data-target=\".bs-navbar-collapse\"><span class=\"sr-only\">Toggle navigation</span><span class=\"icon-bar\"></span><span class=\"icon-bar\"></span><span class=\"icon-bar\"></span></button><a class=\"navbar-brand\" href=\"/\"></a></div><nav class=\"collapse navbar-collapse bs-navbar-collapse\" role=\"navigation\"><ul class=\"nav navbar-nav\"><li class=\"dropdown\"><a class=\"dropdown-toggle\" href=\"#\" data-toggle=\"dropdown\">内容<span class=\"caret\"></span></a><ul class=\"dropdown-menu\" role=\"menu\"><li><a href=\"/content/forum\">版块管理</a></li><li><a href=\"/content/threads\">贴子管理</a></li></ul></li><li class=\"dropdown\"><a class=\"dropdown-toggle\" href=\"#\" data-toggle=\"dropdown\">用户<span class=\"caret\"></span></a><ul class=\"dropdown-menu\" role=\"menu\"><li><a href=\"/user\">用户管理</a></li><li><a href=\"/user/access\">权限管理</a></li></ul></li><li class=\"dropdown\"><a class=\"dropdown-toggle\" href=\"#\" data-toggle=\"dropdown\">组件<span class=\"caret\"></span></a><ul class=\"dropdown-menu\" role=\"menu\"><li><a href=\"/components/ad\">广告管理</a></li><li><a href=\"/components/module\">模块管理</a></li></ul></li><li class=\"dropdown\"><a class=\"dropdown-toggle\" href=\"#\" data-toggle=\"dropdown\">系统<span class=\"caret\"></span></a><ul class=\"dropdown-menu\" role=\"menu\"><li><a href=\"/system/setting\">系统配置</a></li><li><a href=\"/system/filter\">过滤管理</a></li><li><a href=\"/system/cache\">缓存管理</a></li><li><a href=\"/system/log\">日志管理</a></li><li><a href=\"/system/ftp\">FTP管理</a></li></ul></li></ul></nav></div></header><div class=\"bs-docs-header\"><div class=\"container-fluid\"><h1>版块管理</h1><p>版块</p></div></div><div class=\"container-fluid\"><div class=\"row\"><div class=\"col-md-3\"><div class=\"well\"><a class=\"btn btn-primary btn-name-创建新的版块 btn-sm btn-block\" type=\"button\" href=\"/content/forum/create\">创建新的版块</a><hr><a class=\"btn btn-default btn-name-删除选中版块 btn-sm btn-block\" type=\"button\" href=\"javascript:document.forms[0].submit();\">删除选中版块</a></div></div><div class=\"col-md-9\"><form class=\"form-horizontal\" method=\"get\" action=\"/content/forum/remove\" role=\"form\" enctype=\"multipart/form-data\"><table class=\"table table-striped table-hover table-condensed\"><thead><tr><td width=\"50\"><a href=\"#\" onclick=\"\"></a></td><td width=\"70\">ID</td><td>标题</td><td width=\"120\">状态</td><td width=\"120\">CD</td><td width=\"200\">更新时间/发布时间</td><td width=\"150\">操作</td></tr></thead><tbody><tr><td><input type=\"checkbox\" name=\"ids\" value=\"1\"></td><td><a href=\"/content/threads?forum=1\">1</a></td><td><a href=\"/content/threads?forum=1\">综合</a></td><td><span class=\"label label-success\">正常</span></td><td>200</td><td><br><font color=\"#999999\"></font></td><td><a href=\"/system/cache/flush?key=forum:1:*\">清除该版块缓存</a>&nbsp;<a href=\"/content/forum/1/set?key=lock&amp;value=true\">锁定</a>&nbsp;<a href=\"/content/forum/1/update\">编辑</a>&nbsp;<a href=\"/content/forum/1/remove\">删除</a></td></tr></tbody></table></form></div></div></div></body></html>"
*************** response log end ***************

[2017-08-19 15:52:12.093] [INFO] resLogger - 
*************** response log start ***************
request method: GET
request originalUrl:  /ckeditor/ckeditor.js
request client ip:  ::1
request query:  {}
response time: 0
response status: 404
response body: 
undefined
*************** response log end ***************

[2017-08-19 15:52:12.178] [INFO] resLogger - 
*************** response log start ***************
request method: GET
request originalUrl:  /ckeditor/ckeditor.js
request client ip:  ::1
request query:  {}
response time: 0
response status: 404
response body: 
undefined
*************** response log end ***************

[2017-08-19 15:52:26.423] [INFO] resLogger - 
*************** response log start ***************
request method: POST
request originalUrl:  /content/forum/create
request client ip:  ::1
request body: 
{"fields":{"name":"动漫","header":"动漫","cooldown":"200","lock":"false"},"files":{}}
response time: 6
response status: 302
response body: 
"Redirecting to <a href=\"/content/forum\">/content/forum</a>."
*************** response log end ***************

[2017-08-19 15:52:26.539] [INFO] resLogger - 
*************** response log start ***************
request method: GET
request originalUrl:  /content/forum
request client ip:  ::1
request query:  {}
response time: 112
response status: 200
response body: 
"<!DOCTYPE html><html><head><meta charset=\"utf-8\"><meta name=\"viewport\" content=\"width=device-width, initial-scale=1\"><title>版块管理 - 版块</title><link href=\"/stylesheets/bootstrap.min.css\" rel=\"stylesheet\"/><link href=\"/stylesheets/fm-dashborad.css\" rel=\"stylesheet\"/><script src=\"/javascripts/jquery.min.js\"></script><script src=\"/javascripts/bootstrap.min.js\"></script></head><body><header class=\"navbar navbar-static-top bs-docs-nav\" id=\"top\" role=\"banner\"><div class=\"container-fluid\"><div class=\"navbar-header\"><button class=\"navbar-toggle\" type=\"button\" data-toggle=\"collapse\" data-target=\".bs-navbar-collapse\"><span class=\"sr-only\">Toggle navigation</span><span class=\"icon-bar\"></span><span class=\"icon-bar\"></span><span class=\"icon-bar\"></span></button><a class=\"navbar-brand\" href=\"/\"></a></div><nav class=\"collapse navbar-collapse bs-navbar-collapse\" role=\"navigation\"><ul class=\"nav navbar-nav\"><li class=\"dropdown\"><a class=\"dropdown-toggle\" href=\"#\" data-toggle=\"dropdown\">内容<span class=\"caret\"></span></a><ul class=\"dropdown-menu\" role=\"menu\"><li><a href=\"/content/forum\">版块管理</a></li><li><a href=\"/content/threads\">贴子管理</a></li></ul></li><li class=\"dropdown\"><a class=\"dropdown-toggle\" href=\"#\" data-toggle=\"dropdown\">用户<span class=\"caret\"></span></a><ul class=\"dropdown-menu\" role=\"menu\"><li><a href=\"/user\">用户管理</a></li><li><a href=\"/user/access\">权限管理</a></li></ul></li><li class=\"dropdown\"><a class=\"dropdown-toggle\" href=\"#\" data-toggle=\"dropdown\">组件<span class=\"caret\"></span></a><ul class=\"dropdown-menu\" role=\"menu\"><li><a href=\"/components/ad\">广告管理</a></li><li><a href=\"/components/module\">模块管理</a></li></ul></li><li class=\"dropdown\"><a class=\"dropdown-toggle\" href=\"#\" data-toggle=\"dropdown\">系统<span class=\"caret\"></span></a><ul class=\"dropdown-menu\" role=\"menu\"><li><a href=\"/system/setting\">系统配置</a></li><li><a href=\"/system/filter\">过滤管理</a></li><li><a href=\"/system/cache\">缓存管理</a></li><li><a href=\"/system/log\">日志管理</a></li><li><a href=\"/system/ftp\">FTP管理</a></li></ul></li></ul></nav></div></header><div class=\"bs-docs-header\"><div class=\"container-fluid\"><h1>版块管理</h1><p>版块</p></div></div><div class=\"container-fluid\"><div class=\"row\"><div class=\"col-md-3\"><div class=\"well\"><a class=\"btn btn-primary btn-name-创建新的版块 btn-sm btn-block\" type=\"button\" href=\"/content/forum/create\">创建新的版块</a><hr><a class=\"btn btn-default btn-name-删除选中版块 btn-sm btn-block\" type=\"button\" href=\"javascript:document.forms[0].submit();\">删除选中版块</a></div></div><div class=\"col-md-9\"><form class=\"form-horizontal\" method=\"get\" action=\"/content/forum/remove\" role=\"form\" enctype=\"multipart/form-data\"><table class=\"table table-striped table-hover table-condensed\"><thead><tr><td width=\"50\"><a href=\"#\" onclick=\"\"></a></td><td width=\"70\">ID</td><td>标题</td><td width=\"120\">状态</td><td width=\"120\">CD</td><td width=\"200\">更新时间/发布时间</td><td width=\"150\">操作</td></tr></thead><tbody><tr><td><input type=\"checkbox\" name=\"ids\" value=\"1\"></td><td><a href=\"/content/threads?forum=1\">1</a></td><td><a href=\"/content/threads?forum=1\">综合</a></td><td><span class=\"label label-success\">正常</span></td><td>200</td><td><br><font color=\"#999999\"></font></td><td><a href=\"/system/cache/flush?key=forum:1:*\">清除该版块缓存</a>&nbsp;<a href=\"/content/forum/1/set?key=lock&amp;value=true\">锁定</a>&nbsp;<a href=\"/content/forum/1/update\">编辑</a>&nbsp;<a href=\"/content/forum/1/remove\">删除</a></td></tr><tr><td><input type=\"checkbox\" name=\"ids\" value=\"12\"></td><td><a href=\"/content/threads?forum=12\">12</a></td><td><a href=\"/content/threads?forum=12\">动漫</a></td><td><span class=\"label label-success\">正常</span></td><td>200</td><td><br><font color=\"#999999\"></font></td><td><a href=\"/system/cache/flush?key=forum:12:*\">清除该版块缓存</a>&nbsp;<a href=\"/content/forum/12/set?key=lock&amp;value=true\">锁定</a>&nbsp;<a href=\"/content/forum/12/update\">编辑</a>&nbsp;<a href=\"/content/forum/12/remove\">删除</a></td></tr></tbody></table></form></div></div></div></body></html>"
*************** response log end ***************

[2017-08-19 15:52:53.139] [INFO] resLogger - 
*************** response log start ***************
request method: GET
request originalUrl:  /ckeditor/ckeditor.js
request client ip:  ::1
request query:  {}
response time: 0
response status: 404
response body: 
undefined
*************** response log end ***************

[2017-08-19 15:52:53.366] [INFO] resLogger - 
*************** response log start ***************
request method: GET
request originalUrl:  /ckeditor/ckeditor.js
request client ip:  ::1
request query:  {}
response time: 0
response status: 404
response body: 
undefined
*************** response log end ***************

[2017-08-19 15:53:06.439] [INFO] resLogger - 
*************** response log start ***************
request method: POST
request originalUrl:  /content/forum/create
request client ip:  ::1
request body: 
{"fields":{"name":"电影","header":"电影","cooldown":"200","lock":"false"},"files":{}}
response time: 8
response status: 302
response body: 
"Redirecting to <a href=\"/content/forum\">/content/forum</a>."
*************** response log end ***************

[2017-08-19 15:53:06.539] [INFO] resLogger - 
*************** response log start ***************
request method: GET
request originalUrl:  /content/forum
request client ip:  ::1
request query:  {}
response time: 94
response status: 200
response body: 
"<!DOCTYPE html><html><head><meta charset=\"utf-8\"><meta name=\"viewport\" content=\"width=device-width, initial-scale=1\"><title>版块管理 - 版块</title><link href=\"/stylesheets/bootstrap.min.css\" rel=\"stylesheet\"/><link href=\"/stylesheets/fm-dashborad.css\" rel=\"stylesheet\"/><script src=\"/javascripts/jquery.min.js\"></script><script src=\"/javascripts/bootstrap.min.js\"></script></head><body><header class=\"navbar navbar-static-top bs-docs-nav\" id=\"top\" role=\"banner\"><div class=\"container-fluid\"><div class=\"navbar-header\"><button class=\"navbar-toggle\" type=\"button\" data-toggle=\"collapse\" data-target=\".bs-navbar-collapse\"><span class=\"sr-only\">Toggle navigation</span><span class=\"icon-bar\"></span><span class=\"icon-bar\"></span><span class=\"icon-bar\"></span></button><a class=\"navbar-brand\" href=\"/\"></a></div><nav class=\"collapse navbar-collapse bs-navbar-collapse\" role=\"navigation\"><ul class=\"nav navbar-nav\"><li class=\"dropdown\"><a class=\"dropdown-toggle\" href=\"#\" data-toggle=\"dropdown\">内容<span class=\"caret\"></span></a><ul class=\"dropdown-menu\" role=\"menu\"><li><a href=\"/content/forum\">版块管理</a></li><li><a href=\"/content/threads\">贴子管理</a></li></ul></li><li class=\"dropdown\"><a class=\"dropdown-toggle\" href=\"#\" data-toggle=\"dropdown\">用户<span class=\"caret\"></span></a><ul class=\"dropdown-menu\" role=\"menu\"><li><a href=\"/user\">用户管理</a></li><li><a href=\"/user/access\">权限管理</a></li></ul></li><li class=\"dropdown\"><a class=\"dropdown-toggle\" href=\"#\" data-toggle=\"dropdown\">组件<span class=\"caret\"></span></a><ul class=\"dropdown-menu\" role=\"menu\"><li><a href=\"/components/ad\">广告管理</a></li><li><a href=\"/components/module\">模块管理</a></li></ul></li><li class=\"dropdown\"><a class=\"dropdown-toggle\" href=\"#\" data-toggle=\"dropdown\">系统<span class=\"caret\"></span></a><ul class=\"dropdown-menu\" role=\"menu\"><li><a href=\"/system/setting\">系统配置</a></li><li><a href=\"/system/filter\">过滤管理</a></li><li><a href=\"/system/cache\">缓存管理</a></li><li><a href=\"/system/log\">日志管理</a></li><li><a href=\"/system/ftp\">FTP管理</a></li></ul></li></ul></nav></div></header><div class=\"bs-docs-header\"><div class=\"container-fluid\"><h1>版块管理</h1><p>版块</p></div></div><div class=\"container-fluid\"><div class=\"row\"><div class=\"col-md-3\"><div class=\"well\"><a class=\"btn btn-primary btn-name-创建新的版块 btn-sm btn-block\" type=\"button\" href=\"/content/forum/create\">创建新的版块</a><hr><a class=\"btn btn-default btn-name-删除选中版块 btn-sm btn-block\" type=\"button\" href=\"javascript:document.forms[0].submit();\">删除选中版块</a></div></div><div class=\"col-md-9\"><form class=\"form-horizontal\" method=\"get\" action=\"/content/forum/remove\" role=\"form\" enctype=\"multipart/form-data\"><table class=\"table table-striped table-hover table-condensed\"><thead><tr><td width=\"50\"><a href=\"#\" onclick=\"\"></a></td><td width=\"70\">ID</td><td>标题</td><td width=\"120\">状态</td><td width=\"120\">CD</td><td width=\"200\">更新时间/发布时间</td><td width=\"150\">操作</td></tr></thead><tbody><tr><td><input type=\"checkbox\" name=\"ids\" value=\"1\"></td><td><a href=\"/content/threads?forum=1\">1</a></td><td><a href=\"/content/threads?forum=1\">综合</a></td><td><span class=\"label label-success\">正常</span></td><td>200</td><td><br><font color=\"#999999\"></font></td><td><a href=\"/system/cache/flush?key=forum:1:*\">清除该版块缓存</a>&nbsp;<a href=\"/content/forum/1/set?key=lock&amp;value=true\">锁定</a>&nbsp;<a href=\"/content/forum/1/update\">编辑</a>&nbsp;<a href=\"/content/forum/1/remove\">删除</a></td></tr><tr><td><input type=\"checkbox\" name=\"ids\" value=\"12\"></td><td><a href=\"/content/threads?forum=12\">12</a></td><td><a href=\"/content/threads?forum=12\">动漫</a></td><td><span class=\"label label-success\">正常</span></td><td>200</td><td><br><font color=\"#999999\"></font></td><td><a href=\"/system/cache/flush?key=forum:12:*\">清除该版块缓存</a>&nbsp;<a href=\"/content/forum/12/set?key=lock&amp;value=true\">锁定</a>&nbsp;<a href=\"/content/forum/12/update\">编辑</a>&nbsp;<a href=\"/content/forum/12/remove\">删除</a></td></tr><tr><td><input type=\"checkbox\" name=\"ids\" value=\"13\"></td><td><a href=\"/content/threads?forum=13\">13</a></td><td><a href=\"/content/threads?forum=13\">电影</a></td><td><span class=\"label label-success\">正常</span></td><td>200</td><td><br><font color=\"#999999\"></font></td><td><a href=\"/system/cache/flush?key=forum:13:*\">清除该版块缓存</a>&nbsp;<a href=\"/content/forum/13/set?key=lock&amp;value=true\">锁定</a>&nbsp;<a href=\"/content/forum/13/update\">编辑</a>&nbsp;<a href=\"/content/forum/13/remove\">删除</a></td></tr></tbody></table></form></div></div></div></body></html>"
*************** response log end ***************

[2017-08-19 15:53:09.588] [INFO] resLogger - 
*************** response log start ***************
request method: GET
request originalUrl:  /ckeditor/ckeditor.js
request client ip:  ::1
request query:  {}
response time: 1
response status: 404
response body: 
undefined
*************** response log end ***************

[2017-08-19 15:53:09.670] [INFO] resLogger - 
*************** response log start ***************
request method: GET
request originalUrl:  /ckeditor/ckeditor.js
request client ip:  ::1
request query:  {}
response time: 0
response status: 404
response body: 
undefined
*************** response log end ***************

[2017-08-19 15:53:24.837] [INFO] resLogger - 
*************** response log start ***************
request method: POST
request originalUrl:  /content/forum/create
request client ip:  ::1
request body: 
{"fields":{"name":"电视剧","header":"电视剧","cooldown":"200","lock":"false"},"files":{}}
response time: 6
response status: 302
response body: 
"Redirecting to <a href=\"/content/forum\">/content/forum</a>."
*************** response log end ***************

[2017-08-19 15:53:24.955] [INFO] resLogger - 
*************** response log start ***************
request method: GET
request originalUrl:  /content/forum
request client ip:  ::1
request query:  {}
response time: 111
response status: 200
response body: 
"<!DOCTYPE html><html><head><meta charset=\"utf-8\"><meta name=\"viewport\" content=\"width=device-width, initial-scale=1\"><title>版块管理 - 版块</title><link href=\"/stylesheets/bootstrap.min.css\" rel=\"stylesheet\"/><link href=\"/stylesheets/fm-dashborad.css\" rel=\"stylesheet\"/><script src=\"/javascripts/jquery.min.js\"></script><script src=\"/javascripts/bootstrap.min.js\"></script></head><body><header class=\"navbar navbar-static-top bs-docs-nav\" id=\"top\" role=\"banner\"><div class=\"container-fluid\"><div class=\"navbar-header\"><button class=\"navbar-toggle\" type=\"button\" data-toggle=\"collapse\" data-target=\".bs-navbar-collapse\"><span class=\"sr-only\">Toggle navigation</span><span class=\"icon-bar\"></span><span class=\"icon-bar\"></span><span class=\"icon-bar\"></span></button><a class=\"navbar-brand\" href=\"/\"></a></div><nav class=\"collapse navbar-collapse bs-navbar-collapse\" role=\"navigation\"><ul class=\"nav navbar-nav\"><li class=\"dropdown\"><a class=\"dropdown-toggle\" href=\"#\" data-toggle=\"dropdown\">内容<span class=\"caret\"></span></a><ul class=\"dropdown-menu\" role=\"menu\"><li><a href=\"/content/forum\">版块管理</a></li><li><a href=\"/content/threads\">贴子管理</a></li></ul></li><li class=\"dropdown\"><a class=\"dropdown-toggle\" href=\"#\" data-toggle=\"dropdown\">用户<span class=\"caret\"></span></a><ul class=\"dropdown-menu\" role=\"menu\"><li><a href=\"/user\">用户管理</a></li><li><a href=\"/user/access\">权限管理</a></li></ul></li><li class=\"dropdown\"><a class=\"dropdown-toggle\" href=\"#\" data-toggle=\"dropdown\">组件<span class=\"caret\"></span></a><ul class=\"dropdown-menu\" role=\"menu\"><li><a href=\"/components/ad\">广告管理</a></li><li><a href=\"/components/module\">模块管理</a></li></ul></li><li class=\"dropdown\"><a class=\"dropdown-toggle\" href=\"#\" data-toggle=\"dropdown\">系统<span class=\"caret\"></span></a><ul class=\"dropdown-menu\" role=\"menu\"><li><a href=\"/system/setting\">系统配置</a></li><li><a href=\"/system/filter\">过滤管理</a></li><li><a href=\"/system/cache\">缓存管理</a></li><li><a href=\"/system/log\">日志管理</a></li><li><a href=\"/system/ftp\">FTP管理</a></li></ul></li></ul></nav></div></header><div class=\"bs-docs-header\"><div class=\"container-fluid\"><h1>版块管理</h1><p>版块</p></div></div><div class=\"container-fluid\"><div class=\"row\"><div class=\"col-md-3\"><div class=\"well\"><a class=\"btn btn-primary btn-name-创建新的版块 btn-sm btn-block\" type=\"button\" href=\"/content/forum/create\">创建新的版块</a><hr><a class=\"btn btn-default btn-name-删除选中版块 btn-sm btn-block\" type=\"button\" href=\"javascript:document.forms[0].submit();\">删除选中版块</a></div></div><div class=\"col-md-9\"><form class=\"form-horizontal\" method=\"get\" action=\"/content/forum/remove\" role=\"form\" enctype=\"multipart/form-data\"><table class=\"table table-striped table-hover table-condensed\"><thead><tr><td width=\"50\"><a href=\"#\" onclick=\"\"></a></td><td width=\"70\">ID</td><td>标题</td><td width=\"120\">状态</td><td width=\"120\">CD</td><td width=\"200\">更新时间/发布时间</td><td width=\"150\">操作</td></tr></thead><tbody><tr><td><input type=\"checkbox\" name=\"ids\" value=\"1\"></td><td><a href=\"/content/threads?forum=1\">1</a></td><td><a href=\"/content/threads?forum=1\">综合</a></td><td><span class=\"label label-success\">正常</span></td><td>200</td><td><br><font color=\"#999999\"></font></td><td><a href=\"/system/cache/flush?key=forum:1:*\">清除该版块缓存</a>&nbsp;<a href=\"/content/forum/1/set?key=lock&amp;value=true\">锁定</a>&nbsp;<a href=\"/content/forum/1/update\">编辑</a>&nbsp;<a href=\"/content/forum/1/remove\">删除</a></td></tr><tr><td><input type=\"checkbox\" name=\"ids\" value=\"12\"></td><td><a href=\"/content/threads?forum=12\">12</a></td><td><a href=\"/content/threads?forum=12\">动漫</a></td><td><span class=\"label label-success\">正常</span></td><td>200</td><td><br><font color=\"#999999\"></font></td><td><a href=\"/system/cache/flush?key=forum:12:*\">清除该版块缓存</a>&nbsp;<a href=\"/content/forum/12/set?key=lock&amp;value=true\">锁定</a>&nbsp;<a href=\"/content/forum/12/update\">编辑</a>&nbsp;<a href=\"/content/forum/12/remove\">删除</a></td></tr><tr><td><input type=\"checkbox\" name=\"ids\" value=\"13\"></td><td><a href=\"/content/threads?forum=13\">13</a></td><td><a href=\"/content/threads?forum=13\">电影</a></td><td><span class=\"label label-success\">正常</span></td><td>200</td><td><br><font color=\"#999999\"></font></td><td><a href=\"/system/cache/flush?key=forum:13:*\">清除该版块缓存</a>&nbsp;<a href=\"/content/forum/13/set?key=lock&amp;value=true\">锁定</a>&nbsp;<a href=\"/content/forum/13/update\">编辑</a>&nbsp;<a href=\"/content/forum/13/remove\">删除</a></td></tr><tr><td><input type=\"checkbox\" name=\"ids\" value=\"14\"></td><td><a href=\"/content/threads?forum=14\">14</a></td><td><a href=\"/content/threads?forum=14\">电视剧</a></td><td><span class=\"label label-success\">正常</span></td><td>200</td><td><br><font color=\"#999999\"></font></td><td><a href=\"/system/cache/flush?key=forum:14:*\">清除该版块缓存</a>&nbsp;<a href=\"/content/forum/14/set?key=lock&amp;value=true\">锁定</a>&nbsp;<a href=\"/content/forum/14/update\">编辑</a>&nbsp;<a href=\"/content/forum/14/remove\">删除</a></td></tr></tbody></table></form></div></div></div></body></html>"
*************** response log end ***************

[2017-08-19 15:53:33.421] [INFO] resLogger - 
*************** response log start ***************
request method: GET
request originalUrl:  /ckeditor/ckeditor.js
request client ip:  ::1
request query:  {}
response time: 0
response status: 404
response body: 
undefined
*************** response log end ***************

[2017-08-19 15:53:33.520] [INFO] resLogger - 
*************** response log start ***************
request method: GET
request originalUrl:  /ckeditor/ckeditor.js
request client ip:  ::1
request query:  {}
response time: 0
response status: 404
response body: 
undefined
*************** response log end ***************

[2017-08-19 15:53:51.371] [INFO] resLogger - 
*************** response log start ***************
request method: POST
request originalUrl:  /content/forum/create
request client ip:  ::1
request body: 
{"fields":{"name":"游戏","header":"电视剧","cooldown":"200","lock":"false"},"files":{}}
response time: 5
response status: 302
response body: 
"Redirecting to <a href=\"/content/forum\">/content/forum</a>."
*************** response log end ***************

[2017-08-19 15:53:51.482] [INFO] resLogger - 
*************** response log start ***************
request method: GET
request originalUrl:  /content/forum
request client ip:  ::1
request query:  {}
response time: 107
response status: 200
response body: 
"<!DOCTYPE html><html><head><meta charset=\"utf-8\"><meta name=\"viewport\" content=\"width=device-width, initial-scale=1\"><title>版块管理 - 版块</title><link href=\"/stylesheets/bootstrap.min.css\" rel=\"stylesheet\"/><link href=\"/stylesheets/fm-dashborad.css\" rel=\"stylesheet\"/><script src=\"/javascripts/jquery.min.js\"></script><script src=\"/javascripts/bootstrap.min.js\"></script></head><body><header class=\"navbar navbar-static-top bs-docs-nav\" id=\"top\" role=\"banner\"><div class=\"container-fluid\"><div class=\"navbar-header\"><button class=\"navbar-toggle\" type=\"button\" data-toggle=\"collapse\" data-target=\".bs-navbar-collapse\"><span class=\"sr-only\">Toggle navigation</span><span class=\"icon-bar\"></span><span class=\"icon-bar\"></span><span class=\"icon-bar\"></span></button><a class=\"navbar-brand\" href=\"/\"></a></div><nav class=\"collapse navbar-collapse bs-navbar-collapse\" role=\"navigation\"><ul class=\"nav navbar-nav\"><li class=\"dropdown\"><a class=\"dropdown-toggle\" href=\"#\" data-toggle=\"dropdown\">内容<span class=\"caret\"></span></a><ul class=\"dropdown-menu\" role=\"menu\"><li><a href=\"/content/forum\">版块管理</a></li><li><a href=\"/content/threads\">贴子管理</a></li></ul></li><li class=\"dropdown\"><a class=\"dropdown-toggle\" href=\"#\" data-toggle=\"dropdown\">用户<span class=\"caret\"></span></a><ul class=\"dropdown-menu\" role=\"menu\"><li><a href=\"/user\">用户管理</a></li><li><a href=\"/user/access\">权限管理</a></li></ul></li><li class=\"dropdown\"><a class=\"dropdown-toggle\" href=\"#\" data-toggle=\"dropdown\">组件<span class=\"caret\"></span></a><ul class=\"dropdown-menu\" role=\"menu\"><li><a href=\"/components/ad\">广告管理</a></li><li><a href=\"/components/module\">模块管理</a></li></ul></li><li class=\"dropdown\"><a class=\"dropdown-toggle\" href=\"#\" data-toggle=\"dropdown\">系统<span class=\"caret\"></span></a><ul class=\"dropdown-menu\" role=\"menu\"><li><a href=\"/system/setting\">系统配置</a></li><li><a href=\"/system/filter\">过滤管理</a></li><li><a href=\"/system/cache\">缓存管理</a></li><li><a href=\"/system/log\">日志管理</a></li><li><a href=\"/system/ftp\">FTP管理</a></li></ul></li></ul></nav></div></header><div class=\"bs-docs-header\"><div class=\"container-fluid\"><h1>版块管理</h1><p>版块</p></div></div><div class=\"container-fluid\"><div class=\"row\"><div class=\"col-md-3\"><div class=\"well\"><a class=\"btn btn-primary btn-name-创建新的版块 btn-sm btn-block\" type=\"button\" href=\"/content/forum/create\">创建新的版块</a><hr><a class=\"btn btn-default btn-name-删除选中版块 btn-sm btn-block\" type=\"button\" href=\"javascript:document.forms[0].submit();\">删除选中版块</a></div></div><div class=\"col-md-9\"><form class=\"form-horizontal\" method=\"get\" action=\"/content/forum/remove\" role=\"form\" enctype=\"multipart/form-data\"><table class=\"table table-striped table-hover table-condensed\"><thead><tr><td width=\"50\"><a href=\"#\" onclick=\"\"></a></td><td width=\"70\">ID</td><td>标题</td><td width=\"120\">状态</td><td width=\"120\">CD</td><td width=\"200\">更新时间/发布时间</td><td width=\"150\">操作</td></tr></thead><tbody><tr><td><input type=\"checkbox\" name=\"ids\" value=\"1\"></td><td><a href=\"/content/threads?forum=1\">1</a></td><td><a href=\"/content/threads?forum=1\">综合</a></td><td><span class=\"label label-success\">正常</span></td><td>200</td><td><br><font color=\"#999999\"></font></td><td><a href=\"/system/cache/flush?key=forum:1:*\">清除该版块缓存</a>&nbsp;<a href=\"/content/forum/1/set?key=lock&amp;value=true\">锁定</a>&nbsp;<a href=\"/content/forum/1/update\">编辑</a>&nbsp;<a href=\"/content/forum/1/remove\">删除</a></td></tr><tr><td><input type=\"checkbox\" name=\"ids\" value=\"12\"></td><td><a href=\"/content/threads?forum=12\">12</a></td><td><a href=\"/content/threads?forum=12\">动漫</a></td><td><span class=\"label label-success\">正常</span></td><td>200</td><td><br><font color=\"#999999\"></font></td><td><a href=\"/system/cache/flush?key=forum:12:*\">清除该版块缓存</a>&nbsp;<a href=\"/content/forum/12/set?key=lock&amp;value=true\">锁定</a>&nbsp;<a href=\"/content/forum/12/update\">编辑</a>&nbsp;<a href=\"/content/forum/12/remove\">删除</a></td></tr><tr><td><input type=\"checkbox\" name=\"ids\" value=\"13\"></td><td><a href=\"/content/threads?forum=13\">13</a></td><td><a href=\"/content/threads?forum=13\">电影</a></td><td><span class=\"label label-success\">正常</span></td><td>200</td><td><br><font color=\"#999999\"></font></td><td><a href=\"/system/cache/flush?key=forum:13:*\">清除该版块缓存</a>&nbsp;<a href=\"/content/forum/13/set?key=lock&amp;value=true\">锁定</a>&nbsp;<a href=\"/content/forum/13/update\">编辑</a>&nbsp;<a href=\"/content/forum/13/remove\">删除</a></td></tr><tr><td><input type=\"checkbox\" name=\"ids\" value=\"14\"></td><td><a href=\"/content/threads?forum=14\">14</a></td><td><a href=\"/content/threads?forum=14\">电视剧</a></td><td><span class=\"label label-success\">正常</span></td><td>200</td><td><br><font color=\"#999999\"></font></td><td><a href=\"/system/cache/flush?key=forum:14:*\">清除该版块缓存</a>&nbsp;<a href=\"/content/forum/14/set?key=lock&amp;value=true\">锁定</a>&nbsp;<a href=\"/content/forum/14/update\">编辑</a>&nbsp;<a href=\"/content/forum/14/remove\">删除</a></td></tr><tr><td><input type=\"checkbox\" name=\"ids\" value=\"15\"></td><td><a href=\"/content/threads?forum=15\">15</a></td><td><a href=\"/content/threads?forum=15\">游戏</a></td><td><span class=\"label label-success\">正常</span></td><td>200</td><td><br><font color=\"#999999\"></font></td><td><a href=\"/system/cache/flush?key=forum:15:*\">清除该版块缓存</a>&nbsp;<a href=\"/content/forum/15/set?key=lock&amp;value=true\">锁定</a>&nbsp;<a href=\"/content/forum/15/update\">编辑</a>&nbsp;<a href=\"/content/forum/15/remove\">删除</a></td></tr></tbody></table></form></div></div></div></body></html>"
*************** response log end ***************

[2017-08-19 15:54:35.704] [INFO] resLogger - 
*************** response log start ***************
request method: GET
request originalUrl:  /content/threads?forum=1
request client ip:  ::1
request query:  {"forum":"1"}
response time: 0
response status: 404
response body: 
undefined
*************** response log end ***************

[2017-08-19 15:55:02.309] [INFO] resLogger - 
*************** response log start ***************
request method: GET
request originalUrl:  /content/threads
request client ip:  ::1
request query:  {}
response time: 0
response status: 404
response body: 
undefined
*************** response log end ***************

