[2017-08-13 23:48:00.421] [INFO] resLogger - 
*************** response log start ***************
request method: GET
request originalUrl:  /
request client ip:  ::1
request query:  {}
response time: 158
response status: 200
response body: 
"<!DOCTYPE html><html><head><meta charset=\"utf-8\"><meta name=\"viewport\" content=\"width=device-width, initial-scale=1\"><title></title><link href=\"/css/bootstrap.min.css\" rel=\"stylesheet\"/><link href=\"/css/fm-dashborad.css\" rel=\"stylesheet\"/><script src=\"/js/jquery.min.js\"></script><script src=\"/js/bootstrap.min.js\"></script></head><body><header class=\"navbar navbar-static-top bs-docs-nav\" id=\"top\" role=\"banner\"><div class=\"container-fluid\"><div class=\"navbar-header\"><button class=\"navbar-toggle\" type=\"button\" data-toggle=\"collapse\" data-target=\".bs-navbar-collapse\"><span class=\"sr-only\">Toggle navigation</span><span class=\"icon-bar\"></span><span class=\"icon-bar\"></span><span class=\"icon-bar\"></span></button><a class=\"navbar-brand\" href=\"/\"></a></div><nav class=\"collapse navbar-collapse bs-navbar-collapse\" role=\"navigation\"><ul class=\"nav navbar-nav\"><li class=\"dropdown\"><a class=\"dropdown-toggle\" href=\"#\" data-toggle=\"dropdown\">内容<span class=\"caret\"></span></a><ul class=\"dropdown-menu\" role=\"menu\"><li><a href=\"/content/forum\">版块管理</a></li><li><a href=\"/content/threads\">贴子管理</a></li></ul></li><li class=\"dropdown\"><a class=\"dropdown-toggle\" href=\"#\" data-toggle=\"dropdown\">用户<span class=\"caret\"></span></a><ul class=\"dropdown-menu\" role=\"menu\"><li><a href=\"/user\">用户管理</a></li><li><a href=\"/user/access\">权限管理</a></li></ul></li><li class=\"dropdown\"><a class=\"dropdown-toggle\" href=\"#\" data-toggle=\"dropdown\">组件<span class=\"caret\"></span></a><ul class=\"dropdown-menu\" role=\"menu\"><li><a href=\"/components/ad\">广告管理</a></li><li><a href=\"/components/module\">模块管理</a></li></ul></li><li class=\"dropdown\"><a class=\"dropdown-toggle\" href=\"#\" data-toggle=\"dropdown\">系统<span class=\"caret\"></span></a><ul class=\"dropdown-menu\" role=\"menu\"><li><a href=\"/system/setting\">系统配置</a></li><li><a href=\"/system/filter\">过滤管理</a></li><li><a href=\"/system/cache\">缓存管理</a></li><li><a href=\"/system/log\">日志管理</a></li><li><a href=\"/system/ftp\">FTP管理</a></li></ul></li></ul></nav></div></header><div class=\"bs-docs-header\"><div class=\"container-fluid\"><h1>无标题</h1><p></p></div></div><div class=\"container-fluid\"></div></body></html>"
*************** response log end ***************

[2017-08-13 23:48:00.436] [INFO] resLogger - 
*************** response log start ***************
request method: GET
request originalUrl:  /css/bootstrap.min.css
request client ip:  ::1
request query:  {}
response time: 0
response status: 404
response body: 
undefined
*************** response log end ***************

[2017-08-13 23:48:00.440] [INFO] resLogger - 
*************** response log start ***************
request method: GET
request originalUrl:  /css/fm-dashborad.css
request client ip:  ::1
request query:  {}
response time: 0
response status: 404
response body: 
undefined
*************** response log end ***************

[2017-08-13 23:48:00.441] [INFO] resLogger - 
*************** response log start ***************
request method: GET
request originalUrl:  /js/jquery.min.js
request client ip:  ::1
request query:  {}
response time: 0
response status: 404
response body: 
undefined
*************** response log end ***************

[2017-08-13 23:48:00.442] [INFO] resLogger - 
*************** response log start ***************
request method: GET
request originalUrl:  /js/bootstrap.min.js
request client ip:  ::1
request query:  {}
response time: 0
response status: 404
response body: 
undefined
*************** response log end ***************

[2017-08-13 23:53:24.791] [INFO] resLogger - 
*************** response log start ***************
request method: GET
request originalUrl:  /
request client ip:  ::1
request query:  {}
response time: 435
response status: 200
response body: 
"<!DOCTYPE html><html><head><meta charset=\"utf-8\"><meta name=\"viewport\" content=\"width=device-width, initial-scale=1\"><title></title><link href=\"/public/stylesheets/bootstrap.min.css\" rel=\"stylesheet\"/><link href=\"/public/stylesheets/fm-dashborad.css\" rel=\"stylesheet\"/><script src=\"/public/javascripts/jquery.min.js\"></script><script src=\"/public/javascripts/bootstrap.min.js\"></script></head><body><header class=\"navbar navbar-static-top bs-docs-nav\" id=\"top\" role=\"banner\"><div class=\"container-fluid\"><div class=\"navbar-header\"><button class=\"navbar-toggle\" type=\"button\" data-toggle=\"collapse\" data-target=\".bs-navbar-collapse\"><span class=\"sr-only\">Toggle navigation</span><span class=\"icon-bar\"></span><span class=\"icon-bar\"></span><span class=\"icon-bar\"></span></button><a class=\"navbar-brand\" href=\"/\"></a></div><nav class=\"collapse navbar-collapse bs-navbar-collapse\" role=\"navigation\"><ul class=\"nav navbar-nav\"><li class=\"dropdown\"><a class=\"dropdown-toggle\" href=\"#\" data-toggle=\"dropdown\">内容<span class=\"caret\"></span></a><ul class=\"dropdown-menu\" role=\"menu\"><li><a href=\"/content/forum\">版块管理</a></li><li><a href=\"/content/threads\">贴子管理</a></li></ul></li><li class=\"dropdown\"><a class=\"dropdown-toggle\" href=\"#\" data-toggle=\"dropdown\">用户<span class=\"caret\"></span></a><ul class=\"dropdown-menu\" role=\"menu\"><li><a href=\"/user\">用户管理</a></li><li><a href=\"/user/access\">权限管理</a></li></ul></li><li class=\"dropdown\"><a class=\"dropdown-toggle\" href=\"#\" data-toggle=\"dropdown\">组件<span class=\"caret\"></span></a><ul class=\"dropdown-menu\" role=\"menu\"><li><a href=\"/components/ad\">广告管理</a></li><li><a href=\"/components/module\">模块管理</a></li></ul></li><li class=\"dropdown\"><a class=\"dropdown-toggle\" href=\"#\" data-toggle=\"dropdown\">系统<span class=\"caret\"></span></a><ul class=\"dropdown-menu\" role=\"menu\"><li><a href=\"/system/setting\">系统配置</a></li><li><a href=\"/system/filter\">过滤管理</a></li><li><a href=\"/system/cache\">缓存管理</a></li><li><a href=\"/system/log\">日志管理</a></li><li><a href=\"/system/ftp\">FTP管理</a></li></ul></li></ul></nav></div></header><div class=\"bs-docs-header\"><div class=\"container-fluid\"><h1>无标题</h1><p></p></div></div><div class=\"container-fluid\"></div></body></html>"
*************** response log end ***************

[2017-08-13 23:53:24.814] [INFO] resLogger - 
*************** response log start ***************
request method: GET
request originalUrl:  /public/stylesheets/bootstrap.min.css
request client ip:  ::1
request query:  {}
response time: 0
response status: 404
response body: 
undefined
*************** response log end ***************

[2017-08-13 23:53:24.815] [INFO] resLogger - 
*************** response log start ***************
request method: GET
request originalUrl:  /public/stylesheets/fm-dashborad.css
request client ip:  ::1
request query:  {}
response time: 0
response status: 404
response body: 
undefined
*************** response log end ***************

[2017-08-13 23:53:24.816] [INFO] resLogger - 
*************** response log start ***************
request method: GET
request originalUrl:  /public/javascripts/jquery.min.js
request client ip:  ::1
request query:  {}
response time: 0
response status: 404
response body: 
undefined
*************** response log end ***************

[2017-08-13 23:53:24.817] [INFO] resLogger - 
*************** response log start ***************
request method: GET
request originalUrl:  /public/javascripts/bootstrap.min.js
request client ip:  ::1
request query:  {}
response time: 0
response status: 404
response body: 
undefined
*************** response log end ***************

[2017-08-13 23:54:53.429] [INFO] resLogger - 
*************** response log start ***************
request method: GET
request originalUrl:  /
request client ip:  ::1
request query:  {}
response time: 185
response status: 200
response body: 
"<!DOCTYPE html><html><head><meta charset=\"utf-8\"><meta name=\"viewport\" content=\"width=device-width, initial-scale=1\"><title></title><link href=\"../../public/stylesheets/bootstrap.min.css\" rel=\"stylesheet\"/><link href=\"../../public/stylesheets/fm-dashborad.css\" rel=\"stylesheet\"/><script src=\"../../public/javascripts/jquery.min.js\"></script><script src=\"../../public/javascripts/bootstrap.min.js\"></script></head><body><header class=\"navbar navbar-static-top bs-docs-nav\" id=\"top\" role=\"banner\"><div class=\"container-fluid\"><div class=\"navbar-header\"><button class=\"navbar-toggle\" type=\"button\" data-toggle=\"collapse\" data-target=\".bs-navbar-collapse\"><span class=\"sr-only\">Toggle navigation</span><span class=\"icon-bar\"></span><span class=\"icon-bar\"></span><span class=\"icon-bar\"></span></button><a class=\"navbar-brand\" href=\"/\"></a></div><nav class=\"collapse navbar-collapse bs-navbar-collapse\" role=\"navigation\"><ul class=\"nav navbar-nav\"><li class=\"dropdown\"><a class=\"dropdown-toggle\" href=\"#\" data-toggle=\"dropdown\">内容<span class=\"caret\"></span></a><ul class=\"dropdown-menu\" role=\"menu\"><li><a href=\"/content/forum\">版块管理</a></li><li><a href=\"/content/threads\">贴子管理</a></li></ul></li><li class=\"dropdown\"><a class=\"dropdown-toggle\" href=\"#\" data-toggle=\"dropdown\">用户<span class=\"caret\"></span></a><ul class=\"dropdown-menu\" role=\"menu\"><li><a href=\"/user\">用户管理</a></li><li><a href=\"/user/access\">权限管理</a></li></ul></li><li class=\"dropdown\"><a class=\"dropdown-toggle\" href=\"#\" data-toggle=\"dropdown\">组件<span class=\"caret\"></span></a><ul class=\"dropdown-menu\" role=\"menu\"><li><a href=\"/components/ad\">广告管理</a></li><li><a href=\"/components/module\">模块管理</a></li></ul></li><li class=\"dropdown\"><a class=\"dropdown-toggle\" href=\"#\" data-toggle=\"dropdown\">系统<span class=\"caret\"></span></a><ul class=\"dropdown-menu\" role=\"menu\"><li><a href=\"/system/setting\">系统配置</a></li><li><a href=\"/system/filter\">过滤管理</a></li><li><a href=\"/system/cache\">缓存管理</a></li><li><a href=\"/system/log\">日志管理</a></li><li><a href=\"/system/ftp\">FTP管理</a></li></ul></li></ul></nav></div></header><div class=\"bs-docs-header\"><div class=\"container-fluid\"><h1>无标题</h1><p></p></div></div><div class=\"container-fluid\"></div></body></html>"
*************** response log end ***************

[2017-08-13 23:54:53.447] [INFO] resLogger - 
*************** response log start ***************
request method: GET
request originalUrl:  /public/stylesheets/bootstrap.min.css
request client ip:  ::1
request query:  {}
response time: 0
response status: 404
response body: 
undefined
*************** response log end ***************

[2017-08-13 23:54:53.452] [INFO] resLogger - 
*************** response log start ***************
request method: GET
request originalUrl:  /public/stylesheets/fm-dashborad.css
request client ip:  ::1
request query:  {}
response time: 0
response status: 404
response body: 
undefined
*************** response log end ***************

[2017-08-13 23:54:53.453] [INFO] resLogger - 
*************** response log start ***************
request method: GET
request originalUrl:  /public/javascripts/jquery.min.js
request client ip:  ::1
request query:  {}
response time: 0
response status: 404
response body: 
undefined
*************** response log end ***************

[2017-08-13 23:54:53.454] [INFO] resLogger - 
*************** response log start ***************
request method: GET
request originalUrl:  /public/javascripts/bootstrap.min.js
request client ip:  ::1
request query:  {}
response time: 0
response status: 404
response body: 
undefined
*************** response log end ***************

[2017-08-13 23:55:11.760] [INFO] resLogger - 
*************** response log start ***************
request method: GET
request originalUrl:  /
request client ip:  ::1
request query:  {}
response time: 469
response status: 200
response body: 
"<!DOCTYPE html><html><head><meta charset=\"utf-8\"><meta name=\"viewport\" content=\"width=device-width, initial-scale=1\"><title></title><link href=\"../../public/stylesheets/bootstrap.min.css\" rel=\"stylesheet\"/><link href=\"../../public/stylesheets/fm-dashborad.css\" rel=\"stylesheet\"/><script src=\"../../public/javascripts/jquery.min.js\"></script><script src=\"../../public/javascripts/bootstrap.min.js\"></script></head><body><header class=\"navbar navbar-static-top bs-docs-nav\" id=\"top\" role=\"banner\"><div class=\"container-fluid\"><div class=\"navbar-header\"><button class=\"navbar-toggle\" type=\"button\" data-toggle=\"collapse\" data-target=\".bs-navbar-collapse\"><span class=\"sr-only\">Toggle navigation</span><span class=\"icon-bar\"></span><span class=\"icon-bar\"></span><span class=\"icon-bar\"></span></button><a class=\"navbar-brand\" href=\"/\"></a></div><nav class=\"collapse navbar-collapse bs-navbar-collapse\" role=\"navigation\"><ul class=\"nav navbar-nav\"><li class=\"dropdown\"><a class=\"dropdown-toggle\" href=\"#\" data-toggle=\"dropdown\">内容<span class=\"caret\"></span></a><ul class=\"dropdown-menu\" role=\"menu\"><li><a href=\"/content/forum\">版块管理</a></li><li><a href=\"/content/threads\">贴子管理</a></li></ul></li><li class=\"dropdown\"><a class=\"dropdown-toggle\" href=\"#\" data-toggle=\"dropdown\">用户<span class=\"caret\"></span></a><ul class=\"dropdown-menu\" role=\"menu\"><li><a href=\"/user\">用户管理</a></li><li><a href=\"/user/access\">权限管理</a></li></ul></li><li class=\"dropdown\"><a class=\"dropdown-toggle\" href=\"#\" data-toggle=\"dropdown\">组件<span class=\"caret\"></span></a><ul class=\"dropdown-menu\" role=\"menu\"><li><a href=\"/components/ad\">广告管理</a></li><li><a href=\"/components/module\">模块管理</a></li></ul></li><li class=\"dropdown\"><a class=\"dropdown-toggle\" href=\"#\" data-toggle=\"dropdown\">系统<span class=\"caret\"></span></a><ul class=\"dropdown-menu\" role=\"menu\"><li><a href=\"/system/setting\">系统配置</a></li><li><a href=\"/system/filter\">过滤管理</a></li><li><a href=\"/system/cache\">缓存管理</a></li><li><a href=\"/system/log\">日志管理</a></li><li><a href=\"/system/ftp\">FTP管理</a></li></ul></li></ul></nav></div></header><div class=\"bs-docs-header\"><div class=\"container-fluid\"><h1>无标题</h1><p></p></div></div><div class=\"container-fluid\"></div></body></html>"
*************** response log end ***************

[2017-08-13 23:55:11.779] [INFO] resLogger - 
*************** response log start ***************
request method: GET
request originalUrl:  /public/stylesheets/bootstrap.min.css
request client ip:  ::1
request query:  {}
response time: 0
response status: 404
response body: 
undefined
*************** response log end ***************

[2017-08-13 23:55:11.780] [INFO] resLogger - 
*************** response log start ***************
request method: GET
request originalUrl:  /public/stylesheets/fm-dashborad.css
request client ip:  ::1
request query:  {}
response time: 0
response status: 404
response body: 
undefined
*************** response log end ***************

[2017-08-13 23:55:11.781] [INFO] resLogger - 
*************** response log start ***************
request method: GET
request originalUrl:  /public/javascripts/jquery.min.js
request client ip:  ::1
request query:  {}
response time: 0
response status: 404
response body: 
undefined
*************** response log end ***************

[2017-08-13 23:55:11.782] [INFO] resLogger - 
*************** response log start ***************
request method: GET
request originalUrl:  /public/javascripts/bootstrap.min.js
request client ip:  ::1
request query:  {}
response time: 0
response status: 404
response body: 
undefined
*************** response log end ***************

[2017-08-13 23:57:44.474] [INFO] resLogger - 
*************** response log start ***************
request method: GET
request originalUrl:  /
request client ip:  ::1
request query:  {}
response time: 478
response status: 200
response body: 
"<!DOCTYPE html><html><head><meta charset=\"utf-8\"><meta name=\"viewport\" content=\"width=device-width, initial-scale=1\"><title></title><link href=\"/public/stylesheets/bootstrap.min.css\" rel=\"stylesheet\"/><link href=\"/public/stylesheets/fm-dashborad.css\" rel=\"stylesheet\"/><script src=\"/public/javascripts/jquery.min.js\"></script><script src=\"/public/javascripts/bootstrap.min.js\"></script></head><body><header class=\"navbar navbar-static-top bs-docs-nav\" id=\"top\" role=\"banner\"><div class=\"container-fluid\"><div class=\"navbar-header\"><button class=\"navbar-toggle\" type=\"button\" data-toggle=\"collapse\" data-target=\".bs-navbar-collapse\"><span class=\"sr-only\">Toggle navigation</span><span class=\"icon-bar\"></span><span class=\"icon-bar\"></span><span class=\"icon-bar\"></span></button><a class=\"navbar-brand\" href=\"/\"></a></div><nav class=\"collapse navbar-collapse bs-navbar-collapse\" role=\"navigation\"><ul class=\"nav navbar-nav\"><li class=\"dropdown\"><a class=\"dropdown-toggle\" href=\"#\" data-toggle=\"dropdown\">内容<span class=\"caret\"></span></a><ul class=\"dropdown-menu\" role=\"menu\"><li><a href=\"/content/forum\">版块管理</a></li><li><a href=\"/content/threads\">贴子管理</a></li></ul></li><li class=\"dropdown\"><a class=\"dropdown-toggle\" href=\"#\" data-toggle=\"dropdown\">用户<span class=\"caret\"></span></a><ul class=\"dropdown-menu\" role=\"menu\"><li><a href=\"/user\">用户管理</a></li><li><a href=\"/user/access\">权限管理</a></li></ul></li><li class=\"dropdown\"><a class=\"dropdown-toggle\" href=\"#\" data-toggle=\"dropdown\">组件<span class=\"caret\"></span></a><ul class=\"dropdown-menu\" role=\"menu\"><li><a href=\"/components/ad\">广告管理</a></li><li><a href=\"/components/module\">模块管理</a></li></ul></li><li class=\"dropdown\"><a class=\"dropdown-toggle\" href=\"#\" data-toggle=\"dropdown\">系统<span class=\"caret\"></span></a><ul class=\"dropdown-menu\" role=\"menu\"><li><a href=\"/system/setting\">系统配置</a></li><li><a href=\"/system/filter\">过滤管理</a></li><li><a href=\"/system/cache\">缓存管理</a></li><li><a href=\"/system/log\">日志管理</a></li><li><a href=\"/system/ftp\">FTP管理</a></li></ul></li></ul></nav></div></header><div class=\"bs-docs-header\"><div class=\"container-fluid\"><h1>无标题</h1><p></p></div></div><div class=\"container-fluid\"></div></body></html>"
*************** response log end ***************

[2017-08-13 23:57:44.492] [INFO] resLogger - 
*************** response log start ***************
request method: GET
request originalUrl:  /public/stylesheets/bootstrap.min.css
request client ip:  ::1
request query:  {}
response time: 0
response status: 404
response body: 
undefined
*************** response log end ***************

[2017-08-13 23:57:44.493] [INFO] resLogger - 
*************** response log start ***************
request method: GET
request originalUrl:  /public/stylesheets/fm-dashborad.css
request client ip:  ::1
request query:  {}
response time: 0
response status: 404
response body: 
undefined
*************** response log end ***************

[2017-08-13 23:57:44.494] [INFO] resLogger - 
*************** response log start ***************
request method: GET
request originalUrl:  /public/javascripts/jquery.min.js
request client ip:  ::1
request query:  {}
response time: 0
response status: 404
response body: 
undefined
*************** response log end ***************

[2017-08-13 23:57:44.494] [INFO] resLogger - 
*************** response log start ***************
request method: GET
request originalUrl:  /public/javascripts/bootstrap.min.js
request client ip:  ::1
request query:  {}
response time: 0
response status: 404
response body: 
undefined
*************** response log end ***************

