[2017-08-26 18:10:29.637] [INFO] resLogger - 
*************** response log start ***************
request method: GET
request originalUrl:  /user
request client ip:  ::1
request query:  {}
response time: 631
response status: 200
response body: 
"<!DOCTYPE html><html><head><meta charset=\"utf-8\"><meta name=\"viewport\" content=\"width=device-width, initial-scale=1\"><title>用户管理 - 权限狗列表</title><link href=\"/stylesheets/bootstrap.min.css\" rel=\"stylesheet\"/><link href=\"/stylesheets/fm-dashborad.css\" rel=\"stylesheet\"/><script src=\"/javascripts/jquery.min.js\"></script><script src=\"/javascripts/bootstrap.min.js\"></script></head><body><header class=\"navbar navbar-static-top bs-docs-nav\" id=\"top\" role=\"banner\"><div class=\"container-fluid\"><div class=\"navbar-header\"><button class=\"navbar-toggle\" type=\"button\" data-toggle=\"collapse\" data-target=\".bs-navbar-collapse\"><span class=\"sr-only\">Toggle navigation</span><span class=\"icon-bar\"></span><span class=\"icon-bar\"></span><span class=\"icon-bar\"></span></button><a class=\"navbar-brand\" href=\"/\"></a></div><nav class=\"collapse navbar-collapse bs-navbar-collapse\" role=\"navigation\"><ul class=\"nav navbar-nav\"><li class=\"dropdown\"><a class=\"dropdown-toggle\" href=\"#\" data-toggle=\"dropdown\">内容<span class=\"caret\"></span></a><ul class=\"dropdown-menu\" role=\"menu\"><li><a href=\"/content/forum\">版块管理</a></li><li><a href=\"/content/threads\">贴子管理</a></li></ul></li><li class=\"dropdown\"><a class=\"dropdown-toggle\" href=\"#\" data-toggle=\"dropdown\">用户<span class=\"caret\"></span></a><ul class=\"dropdown-menu\" role=\"menu\"><li><a href=\"/user\">用户管理</a></li><li><a href=\"/user/access\">权限管理</a></li></ul></li><li class=\"dropdown\"><a class=\"dropdown-toggle\" href=\"#\" data-toggle=\"dropdown\">组件<span class=\"caret\"></span></a><ul class=\"dropdown-menu\" role=\"menu\"><li><a href=\"/components/ad\">广告管理</a></li><li><a href=\"/components/module\">模块管理</a></li></ul></li><li class=\"dropdown\"><a class=\"dropdown-toggle\" href=\"#\" data-toggle=\"dropdown\">系统<span class=\"caret\"></span></a><ul class=\"dropdown-menu\" role=\"menu\"><li><a href=\"/system/setting\">系统配置</a></li><li><a href=\"/system/filter\">过滤管理</a></li><li><a href=\"/system/cache\">缓存管理</a></li><li><a href=\"/system/log\">日志管理</a></li><li><a href=\"/system/ftp\">FTP管理</a></li></ul></li></ul></nav></div></header><div class=\"bs-docs-header\"><div class=\"container-fluid\"><h1>用户管理</h1><p>权限狗列表</p></div></div><div class=\"container-fluid\"><div class=\"row\"><div class=\"col-md-3\"><div class=\"well\"><a class=\"btn btn-primary btn-name-创建用户 btn-sm btn-block\" type=\"button\" href=\"/user/create\">创建用户</a><hr><form class=\"form-horizontal\" method=\"get\" action=\"/user\" role=\"form\" enctype=\"multipart/form-data\"><input type=\"hidden\" name=\"page\" value=\"1\"><div class=\"form-group\"><label class=\"col-sm-2 control-label\" for=\"input-name\">用户名</label><div class=\"col-sm-10\"><input class=\"form-control input-sm input-name\" type=\"text\" name=\"name\" id=\"input-name\" placeholder=\"用户名\"/><span class=\"help-block\">不支持多个关键词注意。</span></div></div><div class=\"form-group\"><label class=\"col-sm-2 control-label\" for=\"input-pagesize\">页容量</label><div class=\"col-sm-10\"><input class=\"form-control input-sm input-pagesize\" type=\"number\" name=\"pagesize\" id=\"input-pagesize\" placeholder=\"页容量\" value=\"20\"/></div></div><a class=\"btn btn-primary btn-name-筛选 btn-sm btn-block\" type=\"button\" href=\"javascript:document.forms[0].submit()\">筛选</a><hr><p class=\"text-center\"><a class=\"btn btn-default btn-name-上一页 btn-sm pull-left\" type=\"button\" href=\"javascript:document.forms[0].page.value = Number(document.forms[0].page.value) - 1;document.forms[0].submit()\">上一页</a> 共 0 个对象 1 / 0页 <a class=\"btn btn-default btn-name-下一页 btn-sm pull-right\" type=\"button\" href=\"javascript:document.forms[0].page.value = Number(document.forms[0].page.value) + 1;document.forms[0].submit();\">下一页</a></p></form><hr><a class=\"btn btn-default btn-name-删除选中配置 btn-sm btn-block\" type=\"button\" href=\"javascript:document.forms[1].submit();\">删除选中配置</a></div></div><div class=\"col-md-9\"><form class=\"form-horizontal\" method=\"get\" action=\"/user/remove\" role=\"form\" enctype=\"multipart/form-data\"><table class=\"table table-striped table-hover table-condensed\"><thead><tr><td width=\"50\"><a href=\"#\" onclick=\"\"></a></td><td width=\"50\">ID</td><td width=\"100\">类型</td><td>用户名</td><td width=\"200\">创建时间/更新时间</td><td width=\"150\">操作</td></tr></thead><tbody></tbody></table></form></div></div></div></body></html>"
*************** response log end ***************

[2017-08-26 18:10:32.900] [INFO] resLogger - 
*************** response log start ***************
request method: GET
request originalUrl:  /user/create
request client ip:  ::1
request query:  {}
response time: 0
response status: 404
response body: 
undefined
*************** response log end ***************

[2017-08-26 18:23:00.969] [INFO] resLogger - 
*************** response log start ***************
request method: GET
request originalUrl:  /user/create
request client ip:  ::1
request query:  {}
response time: 0
response status: 404
response body: 
undefined
*************** response log end ***************

[2017-08-26 18:23:48.219] [INFO] resLogger - 
*************** response log start ***************
request method: GET
request originalUrl:  /user/create
request client ip:  ::1
request query:  {}
response time: 1
response status: 404
response body: 
undefined
*************** response log end ***************

[2017-08-26 18:32:20.592] [INFO] resLogger - 
*************** response log start ***************
request method: GET
request originalUrl:  /user/create
request client ip:  ::1
request query:  {}
response time: 381
response status: 200
response body: 
"<!DOCTYPE html><html><head><meta charset=\"utf-8\"><meta name=\"viewport\" content=\"width=device-width, initial-scale=1\"><title>添加用户 - 创建一个新用户</title><link href=\"/stylesheets/bootstrap.min.css\" rel=\"stylesheet\"/><link href=\"/stylesheets/fm-dashborad.css\" rel=\"stylesheet\"/><script src=\"/javascripts/jquery.min.js\"></script><script src=\"/javascripts/bootstrap.min.js\"></script></head><body><header class=\"navbar navbar-static-top bs-docs-nav\" id=\"top\" role=\"banner\"><div class=\"container-fluid\"><div class=\"navbar-header\"><button class=\"navbar-toggle\" type=\"button\" data-toggle=\"collapse\" data-target=\".bs-navbar-collapse\"><span class=\"sr-only\">Toggle navigation</span><span class=\"icon-bar\"></span><span class=\"icon-bar\"></span><span class=\"icon-bar\"></span></button><a class=\"navbar-brand\" href=\"/\"></a></div><nav class=\"collapse navbar-collapse bs-navbar-collapse\" role=\"navigation\"><ul class=\"nav navbar-nav\"><li class=\"dropdown\"><a class=\"dropdown-toggle\" href=\"#\" data-toggle=\"dropdown\">内容<span class=\"caret\"></span></a><ul class=\"dropdown-menu\" role=\"menu\"><li><a href=\"/content/forum\">版块管理</a></li><li><a href=\"/content/threads\">贴子管理</a></li></ul></li><li class=\"dropdown\"><a class=\"dropdown-toggle\" href=\"#\" data-toggle=\"dropdown\">用户<span class=\"caret\"></span></a><ul class=\"dropdown-menu\" role=\"menu\"><li><a href=\"/user\">用户管理</a></li><li><a href=\"/user/access\">权限管理</a></li></ul></li><li class=\"dropdown\"><a class=\"dropdown-toggle\" href=\"#\" data-toggle=\"dropdown\">组件<span class=\"caret\"></span></a><ul class=\"dropdown-menu\" role=\"menu\"><li><a href=\"/components/ad\">广告管理</a></li><li><a href=\"/components/module\">模块管理</a></li></ul></li><li class=\"dropdown\"><a class=\"dropdown-toggle\" href=\"#\" data-toggle=\"dropdown\">系统<span class=\"caret\"></span></a><ul class=\"dropdown-menu\" role=\"menu\"><li><a href=\"/system/setting\">系统配置</a></li><li><a href=\"/system/filter\">过滤管理</a></li><li><a href=\"/system/cache\">缓存管理</a></li><li><a href=\"/system/log\">日志管理</a></li><li><a href=\"/system/ftp\">FTP管理</a></li></ul></li></ul></nav></div></header><div class=\"bs-docs-header\"><div class=\"container-fluid\"><h1>添加用户</h1><p>创建一个新用户</p></div></div><div class=\"container-fluid\"><div class=\"row\"><div class=\"col-md-3\"><div class=\"well\"><a class=\"btn btn-primary btn-name-提交 btn-sm btn-block\" type=\"button\" href=\"javascript:document.forms[0].submit()\">提交</a><a class=\"btn btn-default btn-name-重置页面 btn-sm btn-block\" type=\"button\" href=\"javascript:location.reload()\">重置页面</a></div></div><div class=\"col-md-9\"><form class=\"form-horizontal\" method=\"post\" action=\"/user/create\" role=\"form\" enctype=\"multipart/form-data\"><hr><div class=\"form-group\"><label class=\"col-sm-2 control-label\" for=\"input-name\">用户名</label><div class=\"col-sm-10\"><input class=\"form-control input-sm input-name\" type=\"text\" name=\"name\" id=\"input-name\" placeholder=\"用户名\"/></div></div><div class=\"form-group\"><label class=\"col-sm-2 control-label\" for=\"input-password\">密码</label><div class=\"col-sm-10\"><input class=\"form-control input-sm input-password\" type=\"password\" name=\"password\" id=\"input-password\" placeholder=\"密码\"/></div></div><div class=\"form-group\"><label class=\"col-sm-2 control-label\" for=\"input-access\">权限</label><div class=\"col-sm-10\"><input class=\"form-control input-sm input-access\" type=\"text\" name=\"access\" id=\"input-access\" placeholder=\"权限\"/></div></div></form></div></div></div></body></html>"
*************** response log end ***************

