0 info it worked if it ends with ok
1 verbose cli [ '/Users/web/.nvm/versions/node/v6.11.0/bin/node',
1 verbose cli   '/Users/web/.nvm/versions/node/v6.11.0/bin/npm',
1 verbose cli   'start' ]
2 info using npm@3.10.10
3 info using node@v6.11.0
4 verbose run-script [ 'prestart', 'start', 'poststart' ]
5 info lifecycle water2017@0.1.0~prestart: water2017@0.1.0
6 silly lifecycle water2017@0.1.0~prestart: no script for prestart, continuing
7 info lifecycle water2017@0.1.0~start: water2017@0.1.0
8 verbose lifecycle water2017@0.1.0~start: unsafe-perm in lifecycle true
9 verbose lifecycle water2017@0.1.0~start: PATH: /Users/web/.nvm/versions/node/v6.11.0/lib/node_modules/npm/bin/node-gyp-bin:/Users/web/Desktop/demo/koaproject/water2017/node_modules/.bin:/Users/web/.nvm/versions/node/v6.11.0/bin:/usr/local/bin:/usr/bin:/bin:/usr/sbin:/sbin:/Users/web/Library/Android/sdk:/tools:/platform-tools:/usr/local/apache-tomcat-9.0.0.M22/bin:/usr/local/mysql-5.7.19-macos10.12-x86_64/bin:/Users/web/Library/Android/sdk:/tools:/Users/web/Library/Android/sdk:/platform-tools:/usr/local/apache-tomcat-9.0.0.M22/bin:/usr/local/mysql-5.7.19-macos10.12-x86_64/bin
10 verbose lifecycle water2017@0.1.0~start: CWD: /Users/web/Desktop/demo/koaproject/water2017
11 silly lifecycle water2017@0.1.0~start: Args: [ '-c', 'node bin/www' ]
12 silly lifecycle water2017@0.1.0~start: Returned: code: 1  signal: null
13 info lifecycle water2017@0.1.0~start: Failed to exec start script
14 verbose stack Error: water2017@0.1.0 start: `node bin/www`
14 verbose stack Exit status 1
14 verbose stack     at EventEmitter.<anonymous> (/Users/web/.nvm/versions/node/v6.11.0/lib/node_modules/npm/lib/utils/lifecycle.js:255:16)
14 verbose stack     at emitTwo (events.js:106:13)
14 verbose stack     at EventEmitter.emit (events.js:191:7)
14 verbose stack     at ChildProcess.<anonymous> (/Users/web/.nvm/versions/node/v6.11.0/lib/node_modules/npm/lib/utils/spawn.js:40:14)
14 verbose stack     at emitTwo (events.js:106:13)
14 verbose stack     at ChildProcess.emit (events.js:191:7)
14 verbose stack     at maybeClose (internal/child_process.js:891:16)
14 verbose stack     at Process.ChildProcess._handle.onexit (internal/child_process.js:226:5)
15 verbose pkgid water2017@0.1.0
16 verbose cwd /Users/web/Desktop/demo/koaproject/water2017
17 error Darwin 16.6.0
18 error argv "/Users/web/.nvm/versions/node/v6.11.0/bin/node" "/Users/web/.nvm/versions/node/v6.11.0/bin/npm" "start"
19 error node v6.11.0
20 error npm  v3.10.10
21 error code ELIFECYCLE
22 error water2017@0.1.0 start: `node bin/www`
22 error Exit status 1
23 error Failed at the water2017@0.1.0 start script 'node bin/www'.
23 error Make sure you have the latest version of node.js and npm installed.
23 error If you do, this is most likely a problem with the water2017 package,
23 error not with npm itself.
23 error Tell the author that this fails on your system:
23 error     node bin/www
23 error You can get information on how to open an issue for this project with:
23 error     npm bugs water2017
23 error Or if that isn't available, you can get their info via:
23 error     npm owner ls water2017
23 error There is likely additional logging output above.
24 verbose exit [ 1, true ]
