[2017-08-26 19:59:23.111] [INFO] resLogger - 
*************** response log start ***************
request method: POST
request originalUrl:  /user/create
request client ip:  ::1
request body: 
{"fields":{"name":"likklin","password":"123456","access":"manager"},"files":{}}
response time: 35
response status: 302
response body: 
"Redirecting to <a href=\"http://localhost:3001/user/create\">http://localhost:3001/user/create</a>."
*************** response log end ***************

[2017-08-26 19:59:23.430] [INFO] resLogger - 
*************** response log start ***************
request method: GET
request originalUrl:  /user/create
request client ip:  ::1
request query:  {}
response time: 308
response status: 200
response body: 
"<!DOCTYPE html><html><head><meta charset=\"utf-8\"><meta name=\"viewport\" content=\"width=device-width, initial-scale=1\"><title>添加用户 - 创建一个新用户</title><link href=\"/stylesheets/bootstrap.min.css\" rel=\"stylesheet\"/><link href=\"/stylesheets/fm-dashborad.css\" rel=\"stylesheet\"/><script src=\"/javascripts/jquery.min.js\"></script><script src=\"/javascripts/bootstrap.min.js\"></script></head><body><header class=\"navbar navbar-static-top bs-docs-nav\" id=\"top\" role=\"banner\"><div class=\"container-fluid\"><div class=\"navbar-header\"><button class=\"navbar-toggle\" type=\"button\" data-toggle=\"collapse\" data-target=\".bs-navbar-collapse\"><span class=\"sr-only\">Toggle navigation</span><span class=\"icon-bar\"></span><span class=\"icon-bar\"></span><span class=\"icon-bar\"></span></button><a class=\"navbar-brand\" href=\"/\"></a></div><nav class=\"collapse navbar-collapse bs-navbar-collapse\" role=\"navigation\"><ul class=\"nav navbar-nav\"><li class=\"dropdown\"><a class=\"dropdown-toggle\" href=\"#\" data-toggle=\"dropdown\">内容<span class=\"caret\"></span></a><ul class=\"dropdown-menu\" role=\"menu\"><li><a href=\"/content/forum\">版块管理</a></li><li><a href=\"/content/threads\">贴子管理</a></li></ul></li><li class=\"dropdown\"><a class=\"dropdown-toggle\" href=\"#\" data-toggle=\"dropdown\">用户<span class=\"caret\"></span></a><ul class=\"dropdown-menu\" role=\"menu\"><li><a href=\"/user\">用户管理</a></li><li><a href=\"/user/access\">权限管理</a></li></ul></li><li class=\"dropdown\"><a class=\"dropdown-toggle\" href=\"#\" data-toggle=\"dropdown\">组件<span class=\"caret\"></span></a><ul class=\"dropdown-menu\" role=\"menu\"><li><a href=\"/components/ad\">广告管理</a></li><li><a href=\"/components/module\">模块管理</a></li></ul></li><li class=\"dropdown\"><a class=\"dropdown-toggle\" href=\"#\" data-toggle=\"dropdown\">系统<span class=\"caret\"></span></a><ul class=\"dropdown-menu\" role=\"menu\"><li><a href=\"/system/setting\">系统配置</a></li><li><a href=\"/system/filter\">过滤管理</a></li><li><a href=\"/system/cache\">缓存管理</a></li><li><a href=\"/system/log\">日志管理</a></li><li><a href=\"/system/ftp\">FTP管理</a></li></ul></li></ul></nav></div></header><div class=\"bs-docs-header\"><div class=\"container-fluid\"><h1>添加用户</h1><p>创建一个新用户</p></div></div><div class=\"container-fluid\"><div class=\"row\"><div class=\"col-md-3\"><div class=\"well\"><a class=\"btn btn-primary btn-name-提交 btn-sm btn-block\" type=\"button\" href=\"javascript:document.forms[0].submit()\">提交</a><a class=\"btn btn-default btn-name-重置页面 btn-sm btn-block\" type=\"button\" href=\"javascript:location.reload()\">重置页面</a></div></div><div class=\"col-md-9\"><form class=\"form-horizontal\" method=\"post\" action=\"/user/create\" role=\"form\" enctype=\"multipart/form-data\"><hr><div class=\"form-group\"><label class=\"col-sm-2 control-label\" for=\"input-name\">用户名</label><div class=\"col-sm-10\"><input class=\"form-control input-sm input-name\" type=\"text\" name=\"name\" id=\"input-name\" placeholder=\"用户名\"/></div></div><div class=\"form-group\"><label class=\"col-sm-2 control-label\" for=\"input-password\">密码</label><div class=\"col-sm-10\"><input class=\"form-control input-sm input-password\" type=\"password\" name=\"password\" id=\"input-password\" placeholder=\"密码\"/></div></div><div class=\"form-group\"><label class=\"col-sm-2 control-label\" for=\"input-access\">权限</label><div class=\"col-sm-10\"><input class=\"form-control input-sm input-access\" type=\"text\" name=\"access\" id=\"input-access\" placeholder=\"权限\"/></div></div></form></div></div></div></body></html>"
*************** response log end ***************

