[2017-08-24 23:01:14.055] [INFO] resLogger - 
*************** response log start ***************
request method: GET
request originalUrl:  /
request client ip:  ::1
request query:  {}
response time: 468
response status: 200
response body: 
"<!DOCTYPE html><html><head><meta charset=\"utf-8\"><meta name=\"viewport\" content=\"width=device-width, initial-scale=1\"><title>首页 - 顺猴者昌，逆猴者亡</title><link href=\"/stylesheets/bootstrap.min.css\" rel=\"stylesheet\"/><link href=\"/stylesheets/fm-dashborad.css\" rel=\"stylesheet\"/><script src=\"/javascripts/jquery.min.js\"></script><script src=\"/javascripts/bootstrap.min.js\"></script></head><body><header class=\"navbar navbar-static-top bs-docs-nav\" id=\"top\" role=\"banner\"><div class=\"container-fluid\"><div class=\"navbar-header\"><button class=\"navbar-toggle\" type=\"button\" data-toggle=\"collapse\" data-target=\".bs-navbar-collapse\"><span class=\"sr-only\">Toggle navigation</span><span class=\"icon-bar\"></span><span class=\"icon-bar\"></span><span class=\"icon-bar\"></span></button><a class=\"navbar-brand\" href=\"/\"></a></div><nav class=\"collapse navbar-collapse bs-navbar-collapse\" role=\"navigation\"><ul class=\"nav navbar-nav\"><li class=\"dropdown\"><a class=\"dropdown-toggle\" href=\"#\" data-toggle=\"dropdown\">内容<span class=\"caret\"></span></a><ul class=\"dropdown-menu\" role=\"menu\"><li><a href=\"/content/forum\">版块管理</a></li><li><a href=\"/content/threads\">贴子管理</a></li></ul></li><li class=\"dropdown\"><a class=\"dropdown-toggle\" href=\"#\" data-toggle=\"dropdown\">用户<span class=\"caret\"></span></a><ul class=\"dropdown-menu\" role=\"menu\"><li><a href=\"/user\">用户管理</a></li><li><a href=\"/user/access\">权限管理</a></li></ul></li><li class=\"dropdown\"><a class=\"dropdown-toggle\" href=\"#\" data-toggle=\"dropdown\">组件<span class=\"caret\"></span></a><ul class=\"dropdown-menu\" role=\"menu\"><li><a href=\"/components/ad\">广告管理</a></li><li><a href=\"/components/module\">模块管理</a></li></ul></li><li class=\"dropdown\"><a class=\"dropdown-toggle\" href=\"#\" data-toggle=\"dropdown\">系统<span class=\"caret\"></span></a><ul class=\"dropdown-menu\" role=\"menu\"><li><a href=\"/system/setting\">系统配置</a></li><li><a href=\"/system/filter\">过滤管理</a></li><li><a href=\"/system/cache\">缓存管理</a></li><li><a href=\"/system/log\">日志管理</a></li><li><a href=\"/system/ftp\">FTP管理</a></li></ul></li></ul></nav></div></header><div class=\"bs-docs-header\"><div class=\"container-fluid\"><h1>首页</h1><p>顺猴者昌，逆猴者亡</p></div></div><div class=\"container-fluid\"></div></body></html>"
*************** response log end ***************

[2017-08-24 23:01:17.148] [INFO] resLogger - 
*************** response log start ***************
request method: GET
request originalUrl:  /system/setting
request client ip:  ::1
request query:  {}
response time: 181
response status: 200
response body: 
"<!DOCTYPE html><html><head><meta charset=\"utf-8\"><meta name=\"viewport\" content=\"width=device-width, initial-scale=1\"><title>系统配置 - System Settings</title><link href=\"/stylesheets/bootstrap.min.css\" rel=\"stylesheet\"/><link href=\"/stylesheets/fm-dashborad.css\" rel=\"stylesheet\"/><script src=\"/javascripts/jquery.min.js\"></script><script src=\"/javascripts/bootstrap.min.js\"></script></head><body><header class=\"navbar navbar-static-top bs-docs-nav\" id=\"top\" role=\"banner\"><div class=\"container-fluid\"><div class=\"navbar-header\"><button class=\"navbar-toggle\" type=\"button\" data-toggle=\"collapse\" data-target=\".bs-navbar-collapse\"><span class=\"sr-only\">Toggle navigation</span><span class=\"icon-bar\"></span><span class=\"icon-bar\"></span><span class=\"icon-bar\"></span></button><a class=\"navbar-brand\" href=\"/\"></a></div><nav class=\"collapse navbar-collapse bs-navbar-collapse\" role=\"navigation\"><ul class=\"nav navbar-nav\"><li class=\"dropdown\"><a class=\"dropdown-toggle\" href=\"#\" data-toggle=\"dropdown\">内容<span class=\"caret\"></span></a><ul class=\"dropdown-menu\" role=\"menu\"><li><a href=\"/content/forum\">版块管理</a></li><li><a href=\"/content/threads\">贴子管理</a></li></ul></li><li class=\"dropdown\"><a class=\"dropdown-toggle\" href=\"#\" data-toggle=\"dropdown\">用户<span class=\"caret\"></span></a><ul class=\"dropdown-menu\" role=\"menu\"><li><a href=\"/user\">用户管理</a></li><li><a href=\"/user/access\">权限管理</a></li></ul></li><li class=\"dropdown\"><a class=\"dropdown-toggle\" href=\"#\" data-toggle=\"dropdown\">组件<span class=\"caret\"></span></a><ul class=\"dropdown-menu\" role=\"menu\"><li><a href=\"/components/ad\">广告管理</a></li><li><a href=\"/components/module\">模块管理</a></li></ul></li><li class=\"dropdown\"><a class=\"dropdown-toggle\" href=\"#\" data-toggle=\"dropdown\">系统<span class=\"caret\"></span></a><ul class=\"dropdown-menu\" role=\"menu\"><li><a href=\"/system/setting\">系统配置</a></li><li><a href=\"/system/filter\">过滤管理</a></li><li><a href=\"/system/cache\">缓存管理</a></li><li><a href=\"/system/log\">日志管理</a></li><li><a href=\"/system/ftp\">FTP管理</a></li></ul></li></ul></nav></div></header><div class=\"bs-docs-header\"><div class=\"container-fluid\"><h1>系统配置</h1><p>System Settings</p></div></div><div class=\"container-fluid\"><div class=\"row\"><div class=\"col-md-3\"><div class=\"well\"><a class=\"btn btn-primary btn-name-保存配置 btn-sm btn-block\" type=\"button\" href=\"javascript:document.forms[0].submit()\">保存配置</a><a class=\"btn btn-default btn-name-重置页面 btn-sm btn-block\" type=\"button\" href=\"javascript:location.reload()\">重置页面</a><br><p>注意事项<ul><li>配置将会优先从Redis中取出，如果你尝试使用了SQL语句修改了配置，如果需要生效需要手动清除缓存，或等待5分钟。</li><li>开发者注意：修改本模板是一项危险行为，请确信你已经理解整个配置的保存机制再对模板进行修改。</li></ul></p></div></div><div class=\"col-md-9\"><form class=\"form-horizontal\" method=\"post\" action=\"/system/setting/update\" role=\"form\" enctype=\"multipart/form-data\"><h2>网站配置</h2><div class=\"form-group\"><label class=\"col-sm-2 control-label\" for=\"input-siteName\">站点名称</label><div class=\"col-sm-10\"><input class=\"form-control input-sm input-siteName\" type=\"text\" name=\"siteName\" id=\"input-siteName\" placeholder=\"站点名称\" value=\"aicocico\"/></div></div><div class=\"form-group\"><label class=\"col-sm-2 control-label\" for=\"input-siteClose\">站点关闭</label><div class=\"col-sm-10\"><label class=\"radio-inline\"><input type=\"radio\" id=\"input-siteClose-是\" name=\"siteClose\" value=\"true\" checked=\"checked\"/>是</label><label class=\"radio-inline\"><input type=\"radio\" id=\"input-siteClose-否\" name=\"siteClose\" value=\"false\"/>否</label></div></div><div class=\"form-group\"><label class=\"col-sm-2 control-label\" for=\"input-siteCloseMessage\">站点关闭信息</label><div class=\"col-sm-10\"><textarea class=\"form-control input-sm input-siteCloseMessage\" type=\"text\" name=\"siteCloseMessage\" id=\"input-siteCloseMessage\" placeholder=\"站点关闭信息\" status=\"status\">nihaoyayasisi</textarea><span class=\"help-block\">站点关闭时显示的信息，允许使用HTML代码。</span></div></div><div class=\"form-group\"><label class=\"col-sm-2 control-label\" for=\"input-siteCaptcha\">使用验证码</label><div class=\"col-sm-10\"><label class=\"radio-inline\"><input type=\"radio\" id=\"input-siteCaptcha-是\" name=\"siteCaptcha\" value=\"true\" checked=\"checked\"/>是</label><label class=\"radio-inline\"><input type=\"radio\" id=\"input-siteCaptcha-否\" name=\"siteCaptcha\" value=\"false\"/>否</label><span class=\"help-block\">仅应用于发帖操作。忽略API方式，即API方式进行发帖操作依然无需验证码</span></div></div><div class=\"form-group\"><label class=\"col-sm-2 control-label\" for=\"input-sitePagesize\">默认列表容量</label><div class=\"col-sm-10\"><input class=\"form-control input-sm input-sitePagesize\" type=\"number\" name=\"sitePagesize\" id=\"input-sitePagesize\" placeholder=\"默认列表容量\" value=\"123\"/><span class=\"help-block\">默认为20。</span></div></div><h2>附件配置</h2><div class=\"form-group\"><label class=\"col-sm-2 control-label\" for=\"input-siteCdnPath\">CDN路径</label><div class=\"col-sm-10\"><input class=\"form-control input-sm input-siteCdnPath\" type=\"text\" name=\"siteCdnPath\" id=\"input-siteCdnPath\" placeholder=\"CDN路径\" value=\"www.baidu.com\"/></div></div><div class=\"form-group\"><label class=\"col-sm-2 control-label\" for=\"input-allowUpload\">允许上传文件</label><div class=\"col-sm-10\"><label class=\"radio-inline\"><input type=\"radio\" id=\"input-allowUpload-是\" name=\"allowUpload\" value=\"true\" checked=\"checked\"/>是</label><label class=\"radio-inline\"><input type=\"radio\" id=\"input-allowUpload-否\" name=\"allowUpload\" value=\"false\"/>否</label></div></div><div class=\"form-group\"><label class=\"col-sm-2 control-label\" for=\"input-allowThumb\">允许显示缩略图</label><div class=\"col-sm-10\"><label class=\"radio-inline\"><input type=\"radio\" id=\"input-allowThumb-是\" name=\"allowThumb\" value=\"true\" checked=\"checked\"/>是</label><label class=\"radio-inline\"><input type=\"radio\" id=\"input-allowThumb-否\" name=\"allowThumb\" value=\"false\"/>否</label></div></div><div class=\"form-group\"><label class=\"col-sm-2 control-label\" for=\"input-thumbPlaceholderPath\">图片占位符</label><div class=\"col-sm-10\"><input class=\"form-control input-sm input-thumbPlaceholderPath\" type=\"text\" name=\"thumbPlaceholderPath\" id=\"input-thumbPlaceholderPath\" placeholder=\"图片占位符\" value=\"ORZ\"/><span class=\"help-block\">当缩略图显示关闭时显示的图片路径，注意这个路径必须是相对与CDN的路径。如果留空则代表不显示占位符。这个选项不会影响API。</span></div></div><h2>META配置</h2><div class=\"form-group\"><label class=\"col-sm-2 control-label\" for=\"input-metaDescription\">网站简介</label><div class=\"col-sm-10\"><textarea class=\"form-control input-sm input-metaDescription\" type=\"text\" name=\"metaDescription\" id=\"input-metaDescription\" placeholder=\"网站简介\" status=\"status\"></textarea></div></div><div class=\"form-group\"><label class=\"col-sm-2 control-label\" for=\"input-metaKeyword\">关键词</label><div class=\"col-sm-10\"><textarea class=\"form-control input-sm input-metaKeyword\" type=\"text\" name=\"metaKeyword\" id=\"input-metaKeyword\" placeholder=\"关键词\" status=\"status\"></textarea></div></div><div class=\"form-group\"><label class=\"col-sm-2 control-label\" for=\"input-metaRobot\">机器人</label><div class=\"col-sm-10\"><input class=\"form-control input-sm input-metaRobot\" type=\"text\" name=\"metaRobot\" id=\"input-metaRobot\" placeholder=\"机器人\" value=\"\"/></div></div><h2>Cookie配置</h2><div class=\"form-group\"><label class=\"col-sm-2 control-label\" for=\"input-cookieSignup\">发放Cookies</label><div class=\"col-sm-10\"><label class=\"radio-inline\"><input type=\"radio\" id=\"input-cookieSignup-是\" name=\"cookieSignup\" value=\"true\" checked=\"checked\"/>是</label><label class=\"radio-inline\"><input type=\"radio\" id=\"input-cookieSignup-否\" name=\"cookieSignup\" value=\"false\"/>否</label><span class=\"help-block\">在系统处于发放Cookies状态下发帖就会获得一个Cookies，有效期如配置，如果用户在有效期内发帖，那么Cookies的有效期会随之重置。</span></div></div><div class=\"form-group\"><label class=\"col-sm-2 control-label\" for=\"input-cookieExpires\">有效期</label><div class=\"col-sm-10\"><input class=\"form-control input-sm input-cookieExpires\" type=\"text\" name=\"cookieExpires\" id=\"input-cookieExpires\" placeholder=\"有效期\" value=\"233\"/><span class=\"help-block\">单位为秒。</span></div></div><h2>界面自定义</h2><script src=\"/ckeditor/ckeditor.js\"></script><div class=\"form-group\"><label class=\"col-sm-2 control-label\" for=\"input-htmlIndex\">首页</label><div class=\"col-sm-10\"><textarea class=\"form-control input-sm input-htmlIndex\" type=\"text\" name=\"htmlIndex\" id=\"input-htmlIndex\" placeholder=\"首页\" status=\"status\">shousjjss</textarea></div></div><div class=\"form-group\"><label class=\"col-sm-2 control-label\" for=\"input-htmlForumList\">版块列表</label><div class=\"col-sm-10\"><textarea class=\"form-control input-sm input-htmlForumList\" type=\"text\" name=\"htmlForumList\" id=\"input-htmlForumList\" placeholder=\"版块列表\" status=\"status\">222</textarea></div></div><div class=\"form-group\"><label class=\"col-sm-2 control-label\" for=\"input-htmlFooter\">页脚</label><div class=\"col-sm-10\"><textarea class=\"form-control input-sm input-htmlFooter\" type=\"text\" name=\"htmlFooter\" id=\"input-htmlFooter\" placeholder=\"页脚\" status=\"status\">22</textarea></div></div><div class=\"form-group\"><label class=\"col-sm-2 control-label\" for=\"input-htmlBottom\">底部公告</label><div class=\"col-sm-10\"><textarea class=\"form-control input-sm input-htmlBottom\" type=\"text\" name=\"htmlBottom\" id=\"input-htmlBottom\" placeholder=\"底部公告\" status=\"status\">2222</textarea></div></div></form></div></div></div></body></html>"
*************** response log end ***************

[2017-08-24 23:01:23.021] [INFO] resLogger - 
*************** response log start ***************
request method: GET
request originalUrl:  /system/filter
request client ip:  ::1
request query:  {}
response time: 0
response status: 404
response body: 
undefined
*************** response log end ***************

[2017-08-24 23:01:26.347] [INFO] resLogger - 
*************** response log start ***************
request method: GET
request originalUrl:  /system/cache
request client ip:  ::1
request query:  {}
response time: 112
response status: 200
response body: 
"<!DOCTYPE html><html><head><meta charset=\"utf-8\"><meta name=\"viewport\" content=\"width=device-width, initial-scale=1\"><title>缓存管理 - 全站通用缓存管理</title><link href=\"/stylesheets/bootstrap.min.css\" rel=\"stylesheet\"/><link href=\"/stylesheets/fm-dashborad.css\" rel=\"stylesheet\"/><script src=\"/javascripts/jquery.min.js\"></script><script src=\"/javascripts/bootstrap.min.js\"></script></head><body><header class=\"navbar navbar-static-top bs-docs-nav\" id=\"top\" role=\"banner\"><div class=\"container-fluid\"><div class=\"navbar-header\"><button class=\"navbar-toggle\" type=\"button\" data-toggle=\"collapse\" data-target=\".bs-navbar-collapse\"><span class=\"sr-only\">Toggle navigation</span><span class=\"icon-bar\"></span><span class=\"icon-bar\"></span><span class=\"icon-bar\"></span></button><a class=\"navbar-brand\" href=\"/\"></a></div><nav class=\"collapse navbar-collapse bs-navbar-collapse\" role=\"navigation\"><ul class=\"nav navbar-nav\"><li class=\"dropdown\"><a class=\"dropdown-toggle\" href=\"#\" data-toggle=\"dropdown\">内容<span class=\"caret\"></span></a><ul class=\"dropdown-menu\" role=\"menu\"><li><a href=\"/content/forum\">版块管理</a></li><li><a href=\"/content/threads\">贴子管理</a></li></ul></li><li class=\"dropdown\"><a class=\"dropdown-toggle\" href=\"#\" data-toggle=\"dropdown\">用户<span class=\"caret\"></span></a><ul class=\"dropdown-menu\" role=\"menu\"><li><a href=\"/user\">用户管理</a></li><li><a href=\"/user/access\">权限管理</a></li></ul></li><li class=\"dropdown\"><a class=\"dropdown-toggle\" href=\"#\" data-toggle=\"dropdown\">组件<span class=\"caret\"></span></a><ul class=\"dropdown-menu\" role=\"menu\"><li><a href=\"/components/ad\">广告管理</a></li><li><a href=\"/components/module\">模块管理</a></li></ul></li><li class=\"dropdown\"><a class=\"dropdown-toggle\" href=\"#\" data-toggle=\"dropdown\">系统<span class=\"caret\"></span></a><ul class=\"dropdown-menu\" role=\"menu\"><li><a href=\"/system/setting\">系统配置</a></li><li><a href=\"/system/filter\">过滤管理</a></li><li><a href=\"/system/cache\">缓存管理</a></li><li><a href=\"/system/log\">日志管理</a></li><li><a href=\"/system/ftp\">FTP管理</a></li></ul></li></ul></nav></div></header><div class=\"bs-docs-header\"><div class=\"container-fluid\"><h1>缓存管理</h1><p>全站通用缓存管理</p></div></div><div class=\"container-fluid\"><div class=\"row\"><div class=\"col-md-3\"><div class=\"well\"><p>已缓存对象:&nbsp;<span class=\"text-primary\" style=\"font-size:45px;\"></span></p><ul><li>缓存默认过期时间为600秒（10分钟）。</li><li>清除缓存会造成一定程度的访问卡顿，没有必要的话请尽量不要清空缓存。</li><li>请按需清除缓存，没有必要的情况下不要清除全部缓存。</li></ul><hr><a class=\"btn btn-primary btn-name-清空全部缓存 btn-sm btn-block\" type=\"button\" href=\"/system/cache/flush?key=*\">清空全部缓存</a></div></div><div class=\"col-md-9\"><h2>首页缓存</h2><a class=\"btn btn-default btn-name-清空首页缓存 btn-sm\" type=\"button\" href=\"/system/cache/flush?key=homepage:*\">清空首页缓存</a><hr><h2>版块缓存</h2><a class=\"btn btn-default btn-name-清空版块缓存 btn-sm\" type=\"button\" href=\"/system/cache/flush?key=forum:*\">清空版块缓存</a><hr><h2>贴子缓存</h2><a class=\"btn btn-default btn-name-清空贴子缓存 btn-sm\" type=\"button\" href=\"/system/cache/flush?key=threads:*\">清空贴子缓存</a><hr><h2>Session缓存</h2><a class=\"btn btn-default btn-name-清空Session缓存 btn-sm\" type=\"button\" href=\"/system/cache/flush?key=sess:*\">清空Session缓存</a></div></div></div></body></html>"
*************** response log end ***************

[2017-08-24 23:06:43.595] [INFO] resLogger - 
*************** response log start ***************
request method: GET
request originalUrl:  /system/cache
request client ip:  ::1
request query:  {}
response time: 386
response status: 200
response body: 
"<!DOCTYPE html><html><head><meta charset=\"utf-8\"><meta name=\"viewport\" content=\"width=device-width, initial-scale=1\"><title>缓存管理 - 全站通用缓存管理</title><link href=\"/stylesheets/bootstrap.min.css\" rel=\"stylesheet\"/><link href=\"/stylesheets/fm-dashborad.css\" rel=\"stylesheet\"/><script src=\"/javascripts/jquery.min.js\"></script><script src=\"/javascripts/bootstrap.min.js\"></script></head><body><header class=\"navbar navbar-static-top bs-docs-nav\" id=\"top\" role=\"banner\"><div class=\"container-fluid\"><div class=\"navbar-header\"><button class=\"navbar-toggle\" type=\"button\" data-toggle=\"collapse\" data-target=\".bs-navbar-collapse\"><span class=\"sr-only\">Toggle navigation</span><span class=\"icon-bar\"></span><span class=\"icon-bar\"></span><span class=\"icon-bar\"></span></button><a class=\"navbar-brand\" href=\"/\"></a></div><nav class=\"collapse navbar-collapse bs-navbar-collapse\" role=\"navigation\"><ul class=\"nav navbar-nav\"><li class=\"dropdown\"><a class=\"dropdown-toggle\" href=\"#\" data-toggle=\"dropdown\">内容<span class=\"caret\"></span></a><ul class=\"dropdown-menu\" role=\"menu\"><li><a href=\"/content/forum\">版块管理</a></li><li><a href=\"/content/threads\">贴子管理</a></li></ul></li><li class=\"dropdown\"><a class=\"dropdown-toggle\" href=\"#\" data-toggle=\"dropdown\">用户<span class=\"caret\"></span></a><ul class=\"dropdown-menu\" role=\"menu\"><li><a href=\"/user\">用户管理</a></li><li><a href=\"/user/access\">权限管理</a></li></ul></li><li class=\"dropdown\"><a class=\"dropdown-toggle\" href=\"#\" data-toggle=\"dropdown\">组件<span class=\"caret\"></span></a><ul class=\"dropdown-menu\" role=\"menu\"><li><a href=\"/components/ad\">广告管理</a></li><li><a href=\"/components/module\">模块管理</a></li></ul></li><li class=\"dropdown\"><a class=\"dropdown-toggle\" href=\"#\" data-toggle=\"dropdown\">系统<span class=\"caret\"></span></a><ul class=\"dropdown-menu\" role=\"menu\"><li><a href=\"/system/setting\">系统配置</a></li><li><a href=\"/system/filter\">过滤管理</a></li><li><a href=\"/system/cache\">缓存管理</a></li><li><a href=\"/system/log\">日志管理</a></li><li><a href=\"/system/ftp\">FTP管理</a></li></ul></li></ul></nav></div></header><div class=\"bs-docs-header\"><div class=\"container-fluid\"><h1>缓存管理</h1><p>全站通用缓存管理</p></div></div><div class=\"container-fluid\"><div class=\"row\"><div class=\"col-md-3\"><div class=\"well\"><p>已缓存对象:&nbsp;<span class=\"text-primary\" style=\"font-size:45px;\"></span></p><ul><li>缓存默认过期时间为600秒（10分钟）。</li><li>清除缓存会造成一定程度的访问卡顿，没有必要的话请尽量不要清空缓存。</li><li>请按需清除缓存，没有必要的情况下不要清除全部缓存。</li></ul><hr><a class=\"btn btn-primary btn-name-清空全部缓存 btn-sm btn-block\" type=\"button\" href=\"/system/cache/flush?key=*\">清空全部缓存</a></div></div><div class=\"col-md-9\"><h2>首页缓存</h2><a class=\"btn btn-default btn-name-清空首页缓存 btn-sm\" type=\"button\" href=\"/system/cache/flush?key=homepage:*\">清空首页缓存</a><hr><h2>版块缓存</h2><a class=\"btn btn-default btn-name-清空版块缓存 btn-sm\" type=\"button\" href=\"/system/cache/flush?key=forum:*\">清空版块缓存</a><hr><h2>贴子缓存</h2><a class=\"btn btn-default btn-name-清空贴子缓存 btn-sm\" type=\"button\" href=\"/system/cache/flush?key=threads:*\">清空贴子缓存</a><hr><h2>Session缓存</h2><a class=\"btn btn-default btn-name-清空Session缓存 btn-sm\" type=\"button\" href=\"/system/cache/flush?key=sess:*\">清空Session缓存</a></div></div></div></body></html>"
*************** response log end ***************

[2017-08-24 23:32:48.528] [INFO] resLogger - 
*************** response log start ***************
request method: GET
request originalUrl:  /system/cache
request client ip:  ::1
request query:  {}
response time: 247
response status: 200
response body: 
"<!DOCTYPE html><html><head><meta charset=\"utf-8\"><meta name=\"viewport\" content=\"width=device-width, initial-scale=1\"><title>缓存管理 - 全站通用缓存管理</title><link href=\"/stylesheets/bootstrap.min.css\" rel=\"stylesheet\"/><link href=\"/stylesheets/fm-dashborad.css\" rel=\"stylesheet\"/><script src=\"/javascripts/jquery.min.js\"></script><script src=\"/javascripts/bootstrap.min.js\"></script></head><body><header class=\"navbar navbar-static-top bs-docs-nav\" id=\"top\" role=\"banner\"><div class=\"container-fluid\"><div class=\"navbar-header\"><button class=\"navbar-toggle\" type=\"button\" data-toggle=\"collapse\" data-target=\".bs-navbar-collapse\"><span class=\"sr-only\">Toggle navigation</span><span class=\"icon-bar\"></span><span class=\"icon-bar\"></span><span class=\"icon-bar\"></span></button><a class=\"navbar-brand\" href=\"/\"></a></div><nav class=\"collapse navbar-collapse bs-navbar-collapse\" role=\"navigation\"><ul class=\"nav navbar-nav\"><li class=\"dropdown\"><a class=\"dropdown-toggle\" href=\"#\" data-toggle=\"dropdown\">内容<span class=\"caret\"></span></a><ul class=\"dropdown-menu\" role=\"menu\"><li><a href=\"/content/forum\">版块管理</a></li><li><a href=\"/content/threads\">贴子管理</a></li></ul></li><li class=\"dropdown\"><a class=\"dropdown-toggle\" href=\"#\" data-toggle=\"dropdown\">用户<span class=\"caret\"></span></a><ul class=\"dropdown-menu\" role=\"menu\"><li><a href=\"/user\">用户管理</a></li><li><a href=\"/user/access\">权限管理</a></li></ul></li><li class=\"dropdown\"><a class=\"dropdown-toggle\" href=\"#\" data-toggle=\"dropdown\">组件<span class=\"caret\"></span></a><ul class=\"dropdown-menu\" role=\"menu\"><li><a href=\"/components/ad\">广告管理</a></li><li><a href=\"/components/module\">模块管理</a></li></ul></li><li class=\"dropdown\"><a class=\"dropdown-toggle\" href=\"#\" data-toggle=\"dropdown\">系统<span class=\"caret\"></span></a><ul class=\"dropdown-menu\" role=\"menu\"><li><a href=\"/system/setting\">系统配置</a></li><li><a href=\"/system/filter\">过滤管理</a></li><li><a href=\"/system/cache\">缓存管理</a></li><li><a href=\"/system/log\">日志管理</a></li><li><a href=\"/system/ftp\">FTP管理</a></li></ul></li></ul></nav></div></header><div class=\"bs-docs-header\"><div class=\"container-fluid\"><h1>缓存管理</h1><p>全站通用缓存管理</p></div></div><div class=\"container-fluid\"><div class=\"row\"><div class=\"col-md-3\"><div class=\"well\"><p>已缓存对象:&nbsp;<span class=\"text-primary\" style=\"font-size:45px;\"></span></p><ul><li>缓存默认过期时间为600秒（10分钟）。</li><li>清除缓存会造成一定程度的访问卡顿，没有必要的话请尽量不要清空缓存。</li><li>请按需清除缓存，没有必要的情况下不要清除全部缓存。</li></ul><hr><a class=\"btn btn-primary btn-name-清空全部缓存 btn-sm btn-block\" type=\"button\" href=\"/system/cache/flush?key=*\">清空全部缓存</a></div></div><div class=\"col-md-9\"><h2>首页缓存</h2><a class=\"btn btn-default btn-name-清空首页缓存 btn-sm\" type=\"button\" href=\"/system/cache/flush?key=homepage:*\">清空首页缓存</a><hr><h2>版块缓存</h2><a class=\"btn btn-default btn-name-清空版块缓存 btn-sm\" type=\"button\" href=\"/system/cache/flush?key=forum:*\">清空版块缓存</a><hr><h2>贴子缓存</h2><a class=\"btn btn-default btn-name-清空贴子缓存 btn-sm\" type=\"button\" href=\"/system/cache/flush?key=threads:*\">清空贴子缓存</a><hr><h2>Session缓存</h2><a class=\"btn btn-default btn-name-清空Session缓存 btn-sm\" type=\"button\" href=\"/system/cache/flush?key=sess:*\">清空Session缓存</a></div></div></div></body></html>"
*************** response log end ***************

[2017-08-24 23:32:50.696] [INFO] resLogger - 
*************** response log start ***************
request method: GET
request originalUrl:  /system/cache/flush?key=homepage:*
request client ip:  ::1
request query:  {"key":"homepage:*"}
response time: 0
response status: 404
response body: 
undefined
*************** response log end ***************

[2017-08-24 23:35:00.426] [INFO] resLogger - 
*************** response log start ***************
request method: GET
request originalUrl:  /user/access
request client ip:  ::1
request query:  {}
response time: 0
response status: 404
response body: 
undefined
*************** response log end ***************

[2017-08-24 23:35:02.845] [INFO] resLogger - 
*************** response log start ***************
request method: GET
request originalUrl:  /user
request client ip:  ::1
request query:  {}
response time: 0
response status: 404
response body: 
undefined
*************** response log end ***************

[2017-08-24 23:35:05.165] [INFO] resLogger - 
*************** response log start ***************
request method: GET
request originalUrl:  /components/ad
request client ip:  ::1
request query:  {}
response time: 0
response status: 404
response body: 
undefined
*************** response log end ***************

[2017-08-24 23:35:07.417] [INFO] resLogger - 
*************** response log start ***************
request method: GET
request originalUrl:  /components/module
request client ip:  ::1
request query:  {}
response time: 0
response status: 404
response body: 
undefined
*************** response log end ***************

[2017-08-24 23:35:11.681] [INFO] resLogger - 
*************** response log start ***************
request method: GET
request originalUrl:  /system/cache
request client ip:  ::1
request query:  {}
response time: 458
response status: 200
response body: 
"<!DOCTYPE html><html><head><meta charset=\"utf-8\"><meta name=\"viewport\" content=\"width=device-width, initial-scale=1\"><title>缓存管理 - 全站通用缓存管理</title><link href=\"/stylesheets/bootstrap.min.css\" rel=\"stylesheet\"/><link href=\"/stylesheets/fm-dashborad.css\" rel=\"stylesheet\"/><script src=\"/javascripts/jquery.min.js\"></script><script src=\"/javascripts/bootstrap.min.js\"></script></head><body><header class=\"navbar navbar-static-top bs-docs-nav\" id=\"top\" role=\"banner\"><div class=\"container-fluid\"><div class=\"navbar-header\"><button class=\"navbar-toggle\" type=\"button\" data-toggle=\"collapse\" data-target=\".bs-navbar-collapse\"><span class=\"sr-only\">Toggle navigation</span><span class=\"icon-bar\"></span><span class=\"icon-bar\"></span><span class=\"icon-bar\"></span></button><a class=\"navbar-brand\" href=\"/\"></a></div><nav class=\"collapse navbar-collapse bs-navbar-collapse\" role=\"navigation\"><ul class=\"nav navbar-nav\"><li class=\"dropdown\"><a class=\"dropdown-toggle\" href=\"#\" data-toggle=\"dropdown\">内容<span class=\"caret\"></span></a><ul class=\"dropdown-menu\" role=\"menu\"><li><a href=\"/content/forum\">版块管理</a></li><li><a href=\"/content/threads\">贴子管理</a></li></ul></li><li class=\"dropdown\"><a class=\"dropdown-toggle\" href=\"#\" data-toggle=\"dropdown\">用户<span class=\"caret\"></span></a><ul class=\"dropdown-menu\" role=\"menu\"><li><a href=\"/user\">用户管理</a></li><li><a href=\"/user/access\">权限管理</a></li></ul></li><li class=\"dropdown\"><a class=\"dropdown-toggle\" href=\"#\" data-toggle=\"dropdown\">组件<span class=\"caret\"></span></a><ul class=\"dropdown-menu\" role=\"menu\"><li><a href=\"/components/ad\">广告管理</a></li><li><a href=\"/components/module\">模块管理</a></li></ul></li><li class=\"dropdown\"><a class=\"dropdown-toggle\" href=\"#\" data-toggle=\"dropdown\">系统<span class=\"caret\"></span></a><ul class=\"dropdown-menu\" role=\"menu\"><li><a href=\"/system/setting\">系统配置</a></li><li><a href=\"/system/filter\">过滤管理</a></li><li><a href=\"/system/cache\">缓存管理</a></li><li><a href=\"/system/log\">日志管理</a></li><li><a href=\"/system/ftp\">FTP管理</a></li></ul></li></ul></nav></div></header><div class=\"bs-docs-header\"><div class=\"container-fluid\"><h1>缓存管理</h1><p>全站通用缓存管理</p></div></div><div class=\"container-fluid\"><div class=\"row\"><div class=\"col-md-3\"><div class=\"well\"><p>已缓存对象:&nbsp;<span class=\"text-primary\" style=\"font-size:45px;\"></span></p><ul><li>缓存默认过期时间为600秒（10分钟）。</li><li>清除缓存会造成一定程度的访问卡顿，没有必要的话请尽量不要清空缓存。</li><li>请按需清除缓存，没有必要的情况下不要清除全部缓存。</li></ul><hr><a class=\"btn btn-primary btn-name-清空全部缓存 btn-sm btn-block\" type=\"button\" href=\"/system/cache/flush?key=*\">清空全部缓存</a></div></div><div class=\"col-md-9\"><h2>首页缓存</h2><a class=\"btn btn-default btn-name-清空首页缓存 btn-sm\" type=\"button\" href=\"/system/cache/flush?key=homepage:*\">清空首页缓存</a><hr><h2>版块缓存</h2><a class=\"btn btn-default btn-name-清空版块缓存 btn-sm\" type=\"button\" href=\"/system/cache/flush?key=forum:*\">清空版块缓存</a><hr><h2>贴子缓存</h2><a class=\"btn btn-default btn-name-清空贴子缓存 btn-sm\" type=\"button\" href=\"/system/cache/flush?key=threads:*\">清空贴子缓存</a><hr><h2>Session缓存</h2><a class=\"btn btn-default btn-name-清空Session缓存 btn-sm\" type=\"button\" href=\"/system/cache/flush?key=sess:*\">清空Session缓存</a></div></div></div></body></html>"
*************** response log end ***************

[2017-08-24 23:35:13.658] [INFO] resLogger - 
*************** response log start ***************
request method: GET
request originalUrl:  /system/log
request client ip:  ::1
request query:  {}
response time: 0
response status: 404
response body: 
undefined
*************** response log end ***************

[2017-08-24 23:35:16.277] [INFO] resLogger - 
*************** response log start ***************
request method: GET
request originalUrl:  /system/ftp
request client ip:  ::1
request query:  {}
response time: 0
response status: 404
response body: 
undefined
*************** response log end ***************

[2017-08-24 23:48:07.472] [INFO] resLogger - 
*************** response log start ***************
request method: GET
request originalUrl:  /user
request client ip:  ::1
request query:  {}
response time: 1
response status: 404
response body: 
undefined
*************** response log end ***************

