[2017-08-17 23:00:19.981] [INFO] resLogger - 
*************** response log start ***************
request method: POST
request originalUrl:  /content/forum/create
request client ip:  ::1
request body: 
{}
response time: 1
response status: 404
response body: 
undefined
*************** response log end ***************

[2017-08-17 23:07:29.858] [INFO] resLogger - 
*************** response log start ***************
request method: GET
request originalUrl:  /content/forum/create
request client ip:  ::1
request query:  {}
response time: 415
response status: 200
response body: 
"<!DOCTYPE html><html><head><meta charset=\"utf-8\"><meta name=\"viewport\" content=\"width=device-width, initial-scale=1\"><title>创建版块 - 创建新的版块</title><link href=\"/stylesheets/bootstrap.min.css\" rel=\"stylesheet\"/><link href=\"/stylesheets/fm-dashborad.css\" rel=\"stylesheet\"/><script src=\"/javascripts/jquery.min.js\"></script><script src=\"/javascripts/bootstrap.min.js\"></script></head><body><header class=\"navbar navbar-static-top bs-docs-nav\" id=\"top\" role=\"banner\"><div class=\"container-fluid\"><div class=\"navbar-header\"><button class=\"navbar-toggle\" type=\"button\" data-toggle=\"collapse\" data-target=\".bs-navbar-collapse\"><span class=\"sr-only\">Toggle navigation</span><span class=\"icon-bar\"></span><span class=\"icon-bar\"></span><span class=\"icon-bar\"></span></button><a class=\"navbar-brand\" href=\"/\"></a></div><nav class=\"collapse navbar-collapse bs-navbar-collapse\" role=\"navigation\"><ul class=\"nav navbar-nav\"><li class=\"dropdown\"><a class=\"dropdown-toggle\" href=\"#\" data-toggle=\"dropdown\">内容<span class=\"caret\"></span></a><ul class=\"dropdown-menu\" role=\"menu\"><li><a href=\"/content/forum\">版块管理</a></li><li><a href=\"/content/threads\">贴子管理</a></li></ul></li><li class=\"dropdown\"><a class=\"dropdown-toggle\" href=\"#\" data-toggle=\"dropdown\">用户<span class=\"caret\"></span></a><ul class=\"dropdown-menu\" role=\"menu\"><li><a href=\"/user\">用户管理</a></li><li><a href=\"/user/access\">权限管理</a></li></ul></li><li class=\"dropdown\"><a class=\"dropdown-toggle\" href=\"#\" data-toggle=\"dropdown\">组件<span class=\"caret\"></span></a><ul class=\"dropdown-menu\" role=\"menu\"><li><a href=\"/components/ad\">广告管理</a></li><li><a href=\"/components/module\">模块管理</a></li></ul></li><li class=\"dropdown\"><a class=\"dropdown-toggle\" href=\"#\" data-toggle=\"dropdown\">系统<span class=\"caret\"></span></a><ul class=\"dropdown-menu\" role=\"menu\"><li><a href=\"/system/setting\">系统配置</a></li><li><a href=\"/system/filter\">过滤管理</a></li><li><a href=\"/system/cache\">缓存管理</a></li><li><a href=\"/system/log\">日志管理</a></li><li><a href=\"/system/ftp\">FTP管理</a></li></ul></li></ul></nav></div></header><div class=\"bs-docs-header\"><div class=\"container-fluid\"><h1>创建版块</h1><p>创建新的版块</p></div></div><div class=\"container-fluid\"><div class=\"row\"><div class=\"col-md-3\"><div class=\"well\"><a class=\"btn btn-primary btn-name-提交 btn-sm btn-block\" type=\"button\" href=\"javascript:document.forms[0].submit()\">提交</a><a class=\"btn btn-default btn-name-重置页面 btn-sm btn-block\" type=\"button\" href=\"javascript:location.reload()\">重置页面</a></div></div><div class=\"col-md-9\"><form class=\"form-horizontal\" method=\"post\" action=\"/content/forum/create\" role=\"form\" enctype=\"multipart/form-data\"><div class=\"form-group\"><label class=\"col-sm-2 control-label\" for=\"input-name\">版块名</label><div class=\"col-sm-10\"><input class=\"form-control input-sm input-name\" type=\"text\" name=\"name\" id=\"input-name\" placeholder=\"版块名\"/></div></div><div class=\"form-group\"><label class=\"col-sm-2 control-label\" for=\"input-header\">简介</label><div class=\"col-sm-10\"><textarea class=\"ckeditor form-control input-sm input-header\" type=\"text\" name=\"header\" id=\"input-header\" placeholder=\"简介\" status=\"status\">[object Object]</textarea><span class=\"help-block\">支持html，填写@time将会倍替换为冷却时间，填写@name将会被替换为版块名。</span></div></div><hr><div class=\"form-group\"><label class=\"col-sm-2 control-label\" for=\"input-cooldown\">冷却时间</label><div class=\"col-sm-10\"><input class=\"form-control input-sm input-cooldown\" type=\"text\" name=\"cooldown\" id=\"input-cooldown\" placeholder=\"冷却时间\"/></div></div><div class=\"form-group\"><label class=\"col-sm-2 control-label\" for=\"input-lock\">锁定</label><div class=\"col-sm-10\"><label class=\"radio-inline\"><input type=\"radio\" id=\"input-lock-是\" name=\"lock\" value=\"true\"/>是</label><label class=\"radio-inline\"><input type=\"radio\" id=\"input-lock-否\" name=\"lock\" value=\"false\"/>否</label></div></div><script src=\"/ckeditor/ckeditor.js\"></script></form></div></div></div></body></html>"
*************** response log end ***************

[2017-08-17 23:07:29.887] [INFO] resLogger - 
*************** response log start ***************
request method: GET
request originalUrl:  /ckeditor/ckeditor.js
request client ip:  ::1
request query:  {}
response time: 0
response status: 404
response body: 
undefined
*************** response log end ***************

[2017-08-17 23:07:30.140] [INFO] resLogger - 
*************** response log start ***************
request method: GET
request originalUrl:  /ckeditor/ckeditor.js
request client ip:  ::1
request query:  {}
response time: 0
response status: 404
response body: 
undefined
*************** response log end ***************

[2017-08-17 23:07:37.689] [INFO] resLogger - 
*************** response log start ***************
request method: POST
request originalUrl:  /content/forum/create
request client ip:  ::1
request body: 
{"fields":{"name":"112","header":"223","cooldown":"112","lock":"true"},"files":{}}
response time: 5
response status: 404
response body: 
undefined
*************** response log end ***************

[2017-08-17 23:08:51.698] [INFO] resLogger - 
*************** response log start ***************
request method: GET
request originalUrl:  /ckeditor/ckeditor.js
request client ip:  ::1
request query:  {}
response time: 0
response status: 404
response body: 
undefined
*************** response log end ***************

[2017-08-17 23:08:51.964] [INFO] resLogger - 
*************** response log start ***************
request method: GET
request originalUrl:  /ckeditor/ckeditor.js
request client ip:  ::1
request query:  {}
response time: 0
response status: 404
response body: 
undefined
*************** response log end ***************

[2017-08-17 23:10:20.808] [INFO] resLogger - 
*************** response log start ***************
request method: GET
request originalUrl:  /ckeditor/ckeditor.js
request client ip:  ::1
request query:  {}
response time: 0
response status: 404
response body: 
undefined
*************** response log end ***************

[2017-08-17 23:10:21.109] [INFO] resLogger - 
*************** response log start ***************
request method: GET
request originalUrl:  /ckeditor/ckeditor.js
request client ip:  ::1
request query:  {}
response time: 0
response status: 404
response body: 
undefined
*************** response log end ***************

[2017-08-17 23:12:28.411] [INFO] resLogger - 
*************** response log start ***************
request method: GET
request originalUrl:  /ckeditor/ckeditor.js
request client ip:  ::1
request query:  {}
response time: 0
response status: 404
response body: 
undefined
*************** response log end ***************

[2017-08-17 23:12:28.711] [INFO] resLogger - 
*************** response log start ***************
request method: GET
request originalUrl:  /ckeditor/ckeditor.js
request client ip:  ::1
request query:  {}
response time: 0
response status: 404
response body: 
undefined
*************** response log end ***************

[2017-08-17 23:13:16.309] [INFO] resLogger - 
*************** response log start ***************
request method: GET
request originalUrl:  /ckeditor/ckeditor.js
request client ip:  ::1
request query:  {}
response time: 0
response status: 404
response body: 
undefined
*************** response log end ***************

[2017-08-17 23:13:16.573] [INFO] resLogger - 
*************** response log start ***************
request method: GET
request originalUrl:  /ckeditor/ckeditor.js
request client ip:  ::1
request query:  {}
response time: 0
response status: 404
response body: 
undefined
*************** response log end ***************

[2017-08-17 23:14:55.640] [INFO] resLogger - 
*************** response log start ***************
request method: GET
request originalUrl:  /ckeditor/ckeditor.js
request client ip:  ::1
request query:  {}
response time: 0
response status: 404
response body: 
undefined
*************** response log end ***************

[2017-08-17 23:14:55.910] [INFO] resLogger - 
*************** response log start ***************
request method: GET
request originalUrl:  /ckeditor/ckeditor.js
request client ip:  ::1
request query:  {}
response time: 0
response status: 404
response body: 
undefined
*************** response log end ***************

[2017-08-17 23:15:32.525] [INFO] resLogger - 
*************** response log start ***************
request method: GET
request originalUrl:  /ckeditor/ckeditor.js
request client ip:  ::1
request query:  {}
response time: 0
response status: 404
response body: 
undefined
*************** response log end ***************

[2017-08-17 23:15:32.806] [INFO] resLogger - 
*************** response log start ***************
request method: GET
request originalUrl:  /ckeditor/ckeditor.js
request client ip:  ::1
request query:  {}
response time: 0
response status: 404
response body: 
undefined
*************** response log end ***************

[2017-08-17 23:20:23.345] [INFO] resLogger - 
*************** response log start ***************
request method: GET
request originalUrl:  /ckeditor/ckeditor.js
request client ip:  ::1
request query:  {}
response time: 0
response status: 404
response body: 
undefined
*************** response log end ***************

[2017-08-17 23:20:23.591] [INFO] resLogger - 
*************** response log start ***************
request method: GET
request originalUrl:  /ckeditor/ckeditor.js
request client ip:  ::1
request query:  {}
response time: 0
response status: 404
response body: 
undefined
*************** response log end ***************

[2017-08-17 23:20:57.402] [INFO] resLogger - 
*************** response log start ***************
request method: GET
request originalUrl:  /ckeditor/ckeditor.js
request client ip:  ::1
request query:  {}
response time: 0
response status: 404
response body: 
undefined
*************** response log end ***************

[2017-08-17 23:20:57.701] [INFO] resLogger - 
*************** response log start ***************
request method: GET
request originalUrl:  /ckeditor/ckeditor.js
request client ip:  ::1
request query:  {}
response time: 0
response status: 404
response body: 
undefined
*************** response log end ***************

[2017-08-17 23:21:47.645] [INFO] resLogger - 
*************** response log start ***************
request method: GET
request originalUrl:  /ckeditor/ckeditor.js
request client ip:  ::1
request query:  {}
response time: 0
response status: 404
response body: 
undefined
*************** response log end ***************

[2017-08-17 23:21:47.919] [INFO] resLogger - 
*************** response log start ***************
request method: GET
request originalUrl:  /ckeditor/ckeditor.js
request client ip:  ::1
request query:  {}
response time: 0
response status: 404
response body: 
undefined
*************** response log end ***************

[2017-08-17 23:22:25.393] [INFO] resLogger - 
*************** response log start ***************
request method: GET
request originalUrl:  /ckeditor/ckeditor.js
request client ip:  ::1
request query:  {}
response time: 1
response status: 404
response body: 
undefined
*************** response log end ***************

[2017-08-17 23:22:25.666] [INFO] resLogger - 
*************** response log start ***************
request method: GET
request originalUrl:  /ckeditor/ckeditor.js
request client ip:  ::1
request query:  {}
response time: 0
response status: 404
response body: 
undefined
*************** response log end ***************

[2017-08-17 23:23:47.741] [INFO] resLogger - 
*************** response log start ***************
request method: GET
request originalUrl:  /ckeditor/ckeditor.js
request client ip:  ::1
request query:  {}
response time: 0
response status: 404
response body: 
undefined
*************** response log end ***************

[2017-08-17 23:23:48.032] [INFO] resLogger - 
*************** response log start ***************
request method: GET
request originalUrl:  /ckeditor/ckeditor.js
request client ip:  ::1
request query:  {}
response time: 0
response status: 404
response body: 
undefined
*************** response log end ***************

[2017-08-17 23:24:57.519] [INFO] resLogger - 
*************** response log start ***************
request method: GET
request originalUrl:  /ckeditor/ckeditor.js
request client ip:  ::1
request query:  {}
response time: 0
response status: 404
response body: 
undefined
*************** response log end ***************

[2017-08-17 23:24:57.773] [INFO] resLogger - 
*************** response log start ***************
request method: GET
request originalUrl:  /ckeditor/ckeditor.js
request client ip:  ::1
request query:  {}
response time: 0
response status: 404
response body: 
undefined
*************** response log end ***************

[2017-08-17 23:26:50.212] [INFO] resLogger - 
*************** response log start ***************
request method: GET
request originalUrl:  /ckeditor/ckeditor.js
request client ip:  ::1
request query:  {}
response time: 0
response status: 404
response body: 
undefined
*************** response log end ***************

[2017-08-17 23:26:50.476] [INFO] resLogger - 
*************** response log start ***************
request method: GET
request originalUrl:  /ckeditor/ckeditor.js
request client ip:  ::1
request query:  {}
response time: 0
response status: 404
response body: 
undefined
*************** response log end ***************

[2017-08-17 23:30:57.781] [INFO] resLogger - 
*************** response log start ***************
request method: GET
request originalUrl:  /ckeditor/ckeditor.js
request client ip:  ::1
request query:  {}
response time: 0
response status: 404
response body: 
undefined
*************** response log end ***************

[2017-08-17 23:30:58.060] [INFO] resLogger - 
*************** response log start ***************
request method: GET
request originalUrl:  /ckeditor/ckeditor.js
request client ip:  ::1
request query:  {}
response time: 0
response status: 404
response body: 
undefined
*************** response log end ***************

[2017-08-17 23:57:05.239] [INFO] resLogger - 
*************** response log start ***************
request method: GET
request originalUrl:  /ckeditor/ckeditor.js
request client ip:  ::1
request query:  {}
response time: 0
response status: 404
response body: 
undefined
*************** response log end ***************

[2017-08-17 23:57:05.456] [INFO] resLogger - 
*************** response log start ***************
request method: GET
request originalUrl:  /ckeditor/ckeditor.js
request client ip:  ::1
request query:  {}
response time: 0
response status: 404
response body: 
undefined
*************** response log end ***************

[2017-08-17 23:57:12.640] [INFO] resLogger - 
*************** response log start ***************
request method: POST
request originalUrl:  /content/forum/create
request client ip:  ::1
request body: 
{"fields":{"name":"112","header":"333","cooldown":"11","lock":"true"},"files":{}}
response time: 10
response status: 404
response body: 
undefined
*************** response log end ***************

