[2017-08-16 23:30:22.005] [INFO] resLogger - 
*************** response log start ***************
request method: GET
request originalUrl:  /content/forum
request client ip:  ::1
request query:  {}
response time: 494
response status: 200
response body: 
"<!DOCTYPE html><html><head><meta charset=\"utf-8\"><meta name=\"viewport\" content=\"width=device-width, initial-scale=1\"><title>版块管理 - 版块</title><link href=\"/stylesheets/bootstrap.min.css\" rel=\"stylesheet\"/><link href=\"/stylesheets/fm-dashborad.css\" rel=\"stylesheet\"/><script src=\"/javascripts/jquery.min.js\"></script><script src=\"/javascripts/bootstrap.min.js\"></script></head><body><header class=\"navbar navbar-static-top bs-docs-nav\" id=\"top\" role=\"banner\"><div class=\"container-fluid\"><div class=\"navbar-header\"><button class=\"navbar-toggle\" type=\"button\" data-toggle=\"collapse\" data-target=\".bs-navbar-collapse\"><span class=\"sr-only\">Toggle navigation</span><span class=\"icon-bar\"></span><span class=\"icon-bar\"></span><span class=\"icon-bar\"></span></button><a class=\"navbar-brand\" href=\"/\"></a></div><nav class=\"collapse navbar-collapse bs-navbar-collapse\" role=\"navigation\"><ul class=\"nav navbar-nav\"><li class=\"dropdown\"><a class=\"dropdown-toggle\" href=\"#\" data-toggle=\"dropdown\">内容<span class=\"caret\"></span></a><ul class=\"dropdown-menu\" role=\"menu\"><li><a href=\"/content/forum\">版块管理</a></li><li><a href=\"/content/threads\">贴子管理</a></li></ul></li><li class=\"dropdown\"><a class=\"dropdown-toggle\" href=\"#\" data-toggle=\"dropdown\">用户<span class=\"caret\"></span></a><ul class=\"dropdown-menu\" role=\"menu\"><li><a href=\"/user\">用户管理</a></li><li><a href=\"/user/access\">权限管理</a></li></ul></li><li class=\"dropdown\"><a class=\"dropdown-toggle\" href=\"#\" data-toggle=\"dropdown\">组件<span class=\"caret\"></span></a><ul class=\"dropdown-menu\" role=\"menu\"><li><a href=\"/components/ad\">广告管理</a></li><li><a href=\"/components/module\">模块管理</a></li></ul></li><li class=\"dropdown\"><a class=\"dropdown-toggle\" href=\"#\" data-toggle=\"dropdown\">系统<span class=\"caret\"></span></a><ul class=\"dropdown-menu\" role=\"menu\"><li><a href=\"/system/setting\">系统配置</a></li><li><a href=\"/system/filter\">过滤管理</a></li><li><a href=\"/system/cache\">缓存管理</a></li><li><a href=\"/system/log\">日志管理</a></li><li><a href=\"/system/ftp\">FTP管理</a></li></ul></li></ul></nav></div></header><div class=\"bs-docs-header\"><div class=\"container-fluid\"><h1>版块管理</h1><p>版块</p></div></div><div class=\"container-fluid\"><div class=\"row\"><div class=\"col-md-3\"><div class=\"well\"><a class=\"btn btn-primary btn-name-创建新的版块 btn-sm btn-block\" type=\"button\" href=\"/content/forum/create\">创建新的版块</a><hr><a class=\"btn btn-default btn-name-删除选中版块 btn-sm btn-block\" type=\"button\" href=\"javascript:document.forms[0].submit();\">删除选中版块</a></div></div><div class=\"col-md-9\"><form class=\"form-horizontal\" method=\"get\" action=\"/content/forum/remove\" role=\"form\" enctype=\"multipart/form-data\"><table class=\"table table-striped table-hover table-condensed\"><thead><tr><td width=\"50\"><a href=\"#\" onclick=\"\"></a></td><td width=\"70\">ID</td><td>标题</td><td width=\"120\">状态</td><td width=\"120\">CD</td><td width=\"200\">更新时间/发布时间</td><td width=\"150\">操作</td></tr></thead><tbody><tr><td><input type=\"checkbox\" name=\"ids\" value=\"1\"></td><td><a href=\"/content/threads?forum=1\">1</a></td><td><a href=\"/content/threads?forum=1\">dnf</a></td><td><span class=\"label label-danger\">锁定</span></td><td>20</td><td><br><font color=\"#999999\"></font></td><td><a href=\"/system/cache/flush?key=forum:1:*\">清除该版块缓存</a>&nbsp;<a href=\"/content/forum/1/set?key=lock&amp;value=false\">解锁</a>&nbsp;<a href=\"/content/forum/1/update\">编辑</a>&nbsp;<a href=\"/content/forum/1/remove\">删除</a></td></tr><tr><td><input type=\"checkbox\" name=\"ids\" value=\"2\"></td><td><a href=\"/content/threads?forum=2\">2</a></td><td><a href=\"/content/threads?forum=2\">dnf</a></td><td><span class=\"label label-danger\">锁定</span></td><td>20</td><td><br><font color=\"#999999\"></font></td><td><a href=\"/system/cache/flush?key=forum:2:*\">清除该版块缓存</a>&nbsp;<a href=\"/content/forum/2/set?key=lock&amp;value=false\">解锁</a>&nbsp;<a href=\"/content/forum/2/update\">编辑</a>&nbsp;<a href=\"/content/forum/2/remove\">删除</a></td></tr></tbody></table></form></div></div></div></body></html>"
*************** response log end ***************

[2017-08-16 23:32:26.191] [INFO] resLogger - 
*************** response log start ***************
request method: GET
request originalUrl:  /ckeditor/ckeditor.js
request client ip:  ::1
request query:  {}
response time: 0
response status: 404
response body: 
undefined
*************** response log end ***************

[2017-08-16 23:32:26.395] [INFO] resLogger - 
*************** response log start ***************
request method: GET
request originalUrl:  /ckeditor/ckeditor.js
request client ip:  ::1
request query:  {}
response time: 0
response status: 404
response body: 
undefined
*************** response log end ***************

[2017-08-16 23:34:53.595] [INFO] resLogger - 
*************** response log start ***************
request method: GET
request originalUrl:  /ckeditor/ckeditor.js
request client ip:  ::1
request query:  {}
response time: 0
response status: 404
response body: 
undefined
*************** response log end ***************

[2017-08-16 23:34:53.774] [INFO] resLogger - 
*************** response log start ***************
request method: GET
request originalUrl:  /ckeditor/ckeditor.js
request client ip:  ::1
request query:  {}
response time: 0
response status: 404
response body: 
undefined
*************** response log end ***************

[2017-08-16 23:36:44.587] [INFO] resLogger - 
*************** response log start ***************
request method: GET
request originalUrl:  /ckeditor/ckeditor.js
request client ip:  ::1
request query:  {}
response time: 0
response status: 404
response body: 
undefined
*************** response log end ***************

[2017-08-16 23:36:44.781] [INFO] resLogger - 
*************** response log start ***************
request method: GET
request originalUrl:  /ckeditor/ckeditor.js
request client ip:  ::1
request query:  {}
response time: 0
response status: 404
response body: 
undefined
*************** response log end ***************

[2017-08-16 23:38:14.039] [INFO] resLogger - 
*************** response log start ***************
request method: GET
request originalUrl:  /ckeditor/ckeditor.js
request client ip:  ::1
request query:  {}
response time: 0
response status: 404
response body: 
undefined
*************** response log end ***************

[2017-08-16 23:38:14.249] [INFO] resLogger - 
*************** response log start ***************
request method: GET
request originalUrl:  /ckeditor/ckeditor.js
request client ip:  ::1
request query:  {}
response time: 0
response status: 404
response body: 
undefined
*************** response log end ***************

[2017-08-16 23:39:37.291] [INFO] resLogger - 
*************** response log start ***************
request method: GET
request originalUrl:  /ckeditor/ckeditor.js
request client ip:  ::1
request query:  {}
response time: 0
response status: 404
response body: 
undefined
*************** response log end ***************

[2017-08-16 23:39:37.498] [INFO] resLogger - 
*************** response log start ***************
request method: GET
request originalUrl:  /ckeditor/ckeditor.js
request client ip:  ::1
request query:  {}
response time: 0
response status: 404
response body: 
undefined
*************** response log end ***************

[2017-08-16 23:43:47.011] [INFO] resLogger - 
*************** response log start ***************
request method: GET
request originalUrl:  /ckeditor/ckeditor.js
request client ip:  ::1
request query:  {}
response time: 0
response status: 404
response body: 
undefined
*************** response log end ***************

[2017-08-16 23:43:47.206] [INFO] resLogger - 
*************** response log start ***************
request method: GET
request originalUrl:  /ckeditor/ckeditor.js
request client ip:  ::1
request query:  {}
response time: 0
response status: 404
response body: 
undefined
*************** response log end ***************

[2017-08-16 23:45:07.412] [INFO] resLogger - 
*************** response log start ***************
request method: GET
request originalUrl:  /ckeditor/ckeditor.js
request client ip:  ::1
request query:  {}
response time: 0
response status: 404
response body: 
undefined
*************** response log end ***************

[2017-08-16 23:45:07.626] [INFO] resLogger - 
*************** response log start ***************
request method: GET
request originalUrl:  /ckeditor/ckeditor.js
request client ip:  ::1
request query:  {}
response time: 0
response status: 404
response body: 
undefined
*************** response log end ***************

[2017-08-16 23:47:25.445] [INFO] resLogger - 
*************** response log start ***************
request method: GET
request originalUrl:  /ckeditor/ckeditor.js
request client ip:  ::1
request query:  {}
response time: 0
response status: 404
response body: 
undefined
*************** response log end ***************

[2017-08-16 23:47:25.690] [INFO] resLogger - 
*************** response log start ***************
request method: GET
request originalUrl:  /ckeditor/ckeditor.js
request client ip:  ::1
request query:  {}
response time: 0
response status: 404
response body: 
undefined
*************** response log end ***************

[2017-08-16 23:59:43.464] [INFO] resLogger - 
*************** response log start ***************
request method: GET
request originalUrl:  /content/forum/create
request client ip:  ::1
request query:  {}
response time: 414
response status: 200
response body: 
"<!DOCTYPE html><html><head><meta charset=\"utf-8\"><meta name=\"viewport\" content=\"width=device-width, initial-scale=1\"><title>创建版块 - 创建新的版块</title><link href=\"/stylesheets/bootstrap.min.css\" rel=\"stylesheet\"/><link href=\"/stylesheets/fm-dashborad.css\" rel=\"stylesheet\"/><script src=\"/javascripts/jquery.min.js\"></script><script src=\"/javascripts/bootstrap.min.js\"></script></head><body><header class=\"navbar navbar-static-top bs-docs-nav\" id=\"top\" role=\"banner\"><div class=\"container-fluid\"><div class=\"navbar-header\"><button class=\"navbar-toggle\" type=\"button\" data-toggle=\"collapse\" data-target=\".bs-navbar-collapse\"><span class=\"sr-only\">Toggle navigation</span><span class=\"icon-bar\"></span><span class=\"icon-bar\"></span><span class=\"icon-bar\"></span></button><a class=\"navbar-brand\" href=\"/\"></a></div><nav class=\"collapse navbar-collapse bs-navbar-collapse\" role=\"navigation\"><ul class=\"nav navbar-nav\"><li class=\"dropdown\"><a class=\"dropdown-toggle\" href=\"#\" data-toggle=\"dropdown\">内容<span class=\"caret\"></span></a><ul class=\"dropdown-menu\" role=\"menu\"><li><a href=\"/content/forum\">版块管理</a></li><li><a href=\"/content/threads\">贴子管理</a></li></ul></li><li class=\"dropdown\"><a class=\"dropdown-toggle\" href=\"#\" data-toggle=\"dropdown\">用户<span class=\"caret\"></span></a><ul class=\"dropdown-menu\" role=\"menu\"><li><a href=\"/user\">用户管理</a></li><li><a href=\"/user/access\">权限管理</a></li></ul></li><li class=\"dropdown\"><a class=\"dropdown-toggle\" href=\"#\" data-toggle=\"dropdown\">组件<span class=\"caret\"></span></a><ul class=\"dropdown-menu\" role=\"menu\"><li><a href=\"/components/ad\">广告管理</a></li><li><a href=\"/components/module\">模块管理</a></li></ul></li><li class=\"dropdown\"><a class=\"dropdown-toggle\" href=\"#\" data-toggle=\"dropdown\">系统<span class=\"caret\"></span></a><ul class=\"dropdown-menu\" role=\"menu\"><li><a href=\"/system/setting\">系统配置</a></li><li><a href=\"/system/filter\">过滤管理</a></li><li><a href=\"/system/cache\">缓存管理</a></li><li><a href=\"/system/log\">日志管理</a></li><li><a href=\"/system/ftp\">FTP管理</a></li></ul></li></ul></nav></div></header><div class=\"bs-docs-header\"><div class=\"container-fluid\"><h1>创建版块</h1><p>创建新的版块</p></div></div><div class=\"container-fluid\"><div class=\"row\"><div class=\"col-md-3\"><div class=\"well\"><a class=\"btn btn-primary btn-name-提交 btn-sm btn-block\" type=\"button\" href=\"javascript:document.forms[0].submit()\">提交</a><a class=\"btn btn-default btn-name-重置页面 btn-sm btn-block\" type=\"button\" href=\"javascript:location.reload()\">重置页面</a></div></div><div class=\"col-md-9\"><form class=\"form-horizontal\" method=\"post\" action=\"/content/forum/create\" role=\"form\" enctype=\"multipart/form-data\"><div class=\"form-group\"><label class=\"col-sm-2 control-label\" for=\"input-name\">版块名</label><div class=\"col-sm-10\"><input class=\"form-control input-sm input-name\" type=\"text\" name=\"name\" id=\"input-name\" placeholder=\"版块名\"/></div></div><div class=\"form-group\"><label class=\"col-sm-2 control-label\" for=\"input-header\">简介</label><div class=\"col-sm-10\"><textarea class=\"ckeditor form-control input-sm input-header\" type=\"text\" name=\"header\" id=\"input-header\" placeholder=\"简介\" status=\"status\"></textarea><span class=\"help-block\">支持html，填写@time将会倍替换为冷却时间，填写@name将会被替换为版块名。</span></div></div><hr><div class=\"form-group\"><label class=\"col-sm-2 control-label\" for=\"input-cooldown\">冷却时间</label><div class=\"col-sm-10\"><input class=\"form-control input-sm input-cooldown\" type=\"text\" name=\"cooldown\" id=\"input-cooldown\" placeholder=\"冷却时间\"/></div></div><div class=\"form-group\"><label class=\"col-sm-2 control-label\" for=\"input-lock\">锁定</label><div class=\"col-sm-10\"><label class=\"radio-inline\"><input type=\"radio\" id=\"input-lock-是\" name=\"lock\" value=\"true\"/>是</label><label class=\"radio-inline\"><input type=\"radio\" id=\"input-lock-否\" name=\"lock\" value=\"false\"/>否</label></div></div><script src=\"/ckeditor/ckeditor.js\"></script></form></div></div></div></body></html>"
*************** response log end ***************

[2017-08-16 23:59:43.489] [INFO] resLogger - 
*************** response log start ***************
request method: GET
request originalUrl:  /ckeditor/ckeditor.js
request client ip:  ::1
request query:  {}
response time: 0
response status: 404
response body: 
undefined
*************** response log end ***************

[2017-08-16 23:59:43.734] [INFO] resLogger - 
*************** response log start ***************
request method: GET
request originalUrl:  /ckeditor/ckeditor.js
request client ip:  ::1
request query:  {}
response time: 0
response status: 404
response body: 
undefined
*************** response log end ***************

[2017-08-16 23:59:50.331] [INFO] resLogger - 
*************** response log start ***************
request method: POST
request originalUrl:  /content/forum/create
request client ip:  ::1
request body: 
{}
response time: 0
response status: 404
response body: 
undefined
*************** response log end ***************

