[2017-08-15 23:30:48.483] [INFO] resLogger - 
*************** response log start ***************
request method: GET
request originalUrl:  /content/forum
request client ip:  ::1
request query:  {}
response time: 0
response status: 404
response body: 
undefined
*************** response log end ***************

[2017-08-15 23:37:20.867] [INFO] resLogger - 
*************** response log start ***************
request method: GET
request originalUrl:  /content/forum
request client ip:  ::1
request query:  {}
response time: 1
response status: 404
response body: 
undefined
*************** response log end ***************

[2017-08-15 23:37:48.751] [INFO] resLogger - 
*************** response log start ***************
request method: GET
request originalUrl:  /content/forum
request client ip:  ::1
request query:  {}
response time: 0
response status: 404
response body: 
undefined
*************** response log end ***************

[2017-08-15 23:38:40.345] [INFO] resLogger - 
*************** response log start ***************
request method: GET
request originalUrl:  /content/forum
request client ip:  ::1
request query:  {}
response time: 3
response status: 404
response body: 
undefined
*************** response log end ***************

[2017-08-15 23:39:35.410] [INFO] resLogger - 
*************** response log start ***************
request method: GET
request originalUrl:  /content/forum
request client ip:  ::1
request query:  {}
response time: 2
response status: 404
response body: 
undefined
*************** response log end ***************

[2017-08-15 23:41:48.660] [INFO] resLogger - 
*************** response log start ***************
request method: GET
request originalUrl:  /content/forum
request client ip:  ::1
request query:  {}
response time: 8
response status: 404
response body: 
undefined
*************** response log end ***************

[2017-08-15 23:43:38.699] [INFO] resLogger - 
*************** response log start ***************
request method: GET
request originalUrl:  /content/forum
request client ip:  ::1
request query:  {}
response time: 7
response status: 404
response body: 
undefined
*************** response log end ***************

[2017-08-15 23:44:29.377] [INFO] resLogger - 
*************** response log start ***************
request method: GET
request originalUrl:  /content/forum
request client ip:  ::1
request query:  {}
response time: 6
response status: 404
response body: 
undefined
*************** response log end ***************

