[2017-08-13 20:19:04.851] [ERROR] errorLogger - 
*************** error log start ***************
request method: GET
request originalUrl:  /
request client ip:  ::1
request query:  {}
response time: 171
err name: Error
err message: /Users/web/Desktop/demo/koaproject/water2017/views/homepage/index.pug:2

Unexpected block body
err stack: Error: /Users/web/Desktop/demo/koaproject/water2017/views/homepage/index.pug:2

Unexpected block body
    at makeError (/Users/web/Desktop/demo/koaproject/water2017/node_modules/pug-error/index.js:32:13)
    at error (/Users/web/Desktop/demo/koaproject/water2017/node_modules/pug-linker/index.js:7:30)
    at /Users/web/Desktop/demo/koaproject/water2017/node_modules/pug-linker/index.js:47:9
    at Array.forEach (native)
    at link (/Users/web/Desktop/demo/koaproject/water2017/node_modules/pug-linker/index.js:45:20)
    at compileBody (/Users/web/Desktop/demo/koaproject/water2017/node_modules/pug/lib/index.js:171:9)
    at Object.exports.compile (/Users/web/Desktop/demo/koaproject/water2017/node_modules/pug/lib/index.js:243:16)
    at handleTemplateCache (/Users/web/Desktop/demo/koaproject/water2017/node_modules/pug/lib/index.js:216:25)
    at Object.exports.compileFile (/Users/web/Desktop/demo/koaproject/water2017/node_modules/pug/lib/index.js:357:10)
    at /Users/web/Desktop/demo/koaproject/water2017/node_modules/consolidate/lib/consolidate.js:808:58
    at /Users/web/Desktop/demo/koaproject/water2017/node_modules/consolidate/lib/consolidate.js:144:5
    at Promise._execute (/Users/web/Desktop/demo/koaproject/water2017/node_modules/bluebird/js/release/debuggability.js:300:9)
    at Promise._resolveFromExecutor (/Users/web/Desktop/demo/koaproject/water2017/node_modules/bluebird/js/release/promise.js:483:18)
    at new Promise (/Users/web/Desktop/demo/koaproject/water2017/node_modules/bluebird/js/release/promise.js:79:10)
    at promisify (/Users/web/Desktop/demo/koaproject/water2017/node_modules/consolidate/lib/consolidate.js:137:10)
    at exports.pug (/Users/web/Desktop/demo/koaproject/water2017/node_modules/consolidate/lib/consolidate.js:793:10)
*************** error log end ***************

[2017-08-13 20:22:10.771] [ERROR] errorLogger - 
*************** error log start ***************
request method: GET
request originalUrl:  /
request client ip:  ::1
request query:  {}
response time: 5
err name: Error
err message: /Users/web/Desktop/demo/koaproject/water2017/views/homepage/index.pug:2

Unexpected block body
err stack: Error: /Users/web/Desktop/demo/koaproject/water2017/views/homepage/index.pug:2

Unexpected block body
    at makeError (/Users/web/Desktop/demo/koaproject/water2017/node_modules/pug-error/index.js:32:13)
    at error (/Users/web/Desktop/demo/koaproject/water2017/node_modules/pug-linker/index.js:7:30)
    at /Users/web/Desktop/demo/koaproject/water2017/node_modules/pug-linker/index.js:47:9
    at Array.forEach (native)
    at link (/Users/web/Desktop/demo/koaproject/water2017/node_modules/pug-linker/index.js:45:20)
    at compileBody (/Users/web/Desktop/demo/koaproject/water2017/node_modules/pug/lib/index.js:171:9)
    at Object.exports.compile (/Users/web/Desktop/demo/koaproject/water2017/node_modules/pug/lib/index.js:243:16)
    at handleTemplateCache (/Users/web/Desktop/demo/koaproject/water2017/node_modules/pug/lib/index.js:216:25)
    at Object.exports.compileFile (/Users/web/Desktop/demo/koaproject/water2017/node_modules/pug/lib/index.js:357:10)
    at /Users/web/Desktop/demo/koaproject/water2017/node_modules/consolidate/lib/consolidate.js:808:58
    at /Users/web/Desktop/demo/koaproject/water2017/node_modules/consolidate/lib/consolidate.js:144:5
    at Promise._execute (/Users/web/Desktop/demo/koaproject/water2017/node_modules/bluebird/js/release/debuggability.js:300:9)
    at Promise._resolveFromExecutor (/Users/web/Desktop/demo/koaproject/water2017/node_modules/bluebird/js/release/promise.js:483:18)
    at new Promise (/Users/web/Desktop/demo/koaproject/water2017/node_modules/bluebird/js/release/promise.js:79:10)
    at promisify (/Users/web/Desktop/demo/koaproject/water2017/node_modules/consolidate/lib/consolidate.js:137:10)
    at exports.pug (/Users/web/Desktop/demo/koaproject/water2017/node_modules/consolidate/lib/consolidate.js:793:10)
*************** error log end ***************

[2017-08-13 20:26:12.755] [ERROR] errorLogger - 
*************** error log start ***************
request method: GET
request originalUrl:  /
request client ip:  ::1
request query:  {}
response time: 7
err name: Error
err message: /Users/web/Desktop/demo/koaproject/water2017/views/homepage/index.pug:2

Unexpected block body
err stack: Error: /Users/web/Desktop/demo/koaproject/water2017/views/homepage/index.pug:2

Unexpected block body
    at makeError (/Users/web/Desktop/demo/koaproject/water2017/node_modules/pug-error/index.js:32:13)
    at error (/Users/web/Desktop/demo/koaproject/water2017/node_modules/pug-linker/index.js:7:30)
    at /Users/web/Desktop/demo/koaproject/water2017/node_modules/pug-linker/index.js:47:9
    at Array.forEach (native)
    at link (/Users/web/Desktop/demo/koaproject/water2017/node_modules/pug-linker/index.js:45:20)
    at compileBody (/Users/web/Desktop/demo/koaproject/water2017/node_modules/pug/lib/index.js:171:9)
    at Object.exports.compile (/Users/web/Desktop/demo/koaproject/water2017/node_modules/pug/lib/index.js:243:16)
    at handleTemplateCache (/Users/web/Desktop/demo/koaproject/water2017/node_modules/pug/lib/index.js:216:25)
    at Object.exports.compileFile (/Users/web/Desktop/demo/koaproject/water2017/node_modules/pug/lib/index.js:357:10)
    at /Users/web/Desktop/demo/koaproject/water2017/node_modules/consolidate/lib/consolidate.js:808:58
    at /Users/web/Desktop/demo/koaproject/water2017/node_modules/consolidate/lib/consolidate.js:144:5
    at Promise._execute (/Users/web/Desktop/demo/koaproject/water2017/node_modules/bluebird/js/release/debuggability.js:300:9)
    at Promise._resolveFromExecutor (/Users/web/Desktop/demo/koaproject/water2017/node_modules/bluebird/js/release/promise.js:483:18)
    at new Promise (/Users/web/Desktop/demo/koaproject/water2017/node_modules/bluebird/js/release/promise.js:79:10)
    at promisify (/Users/web/Desktop/demo/koaproject/water2017/node_modules/consolidate/lib/consolidate.js:137:10)
    at exports.pug (/Users/web/Desktop/demo/koaproject/water2017/node_modules/consolidate/lib/consolidate.js:793:10)
*************** error log end ***************

[2017-08-13 20:26:15.536] [ERROR] errorLogger - 
*************** error log start ***************
request method: GET
request originalUrl:  /
request client ip:  ::1
request query:  {}
response time: 6
err name: Error
err message: /Users/web/Desktop/demo/koaproject/water2017/views/homepage/index.pug:2

Unexpected block body
err stack: Error: /Users/web/Desktop/demo/koaproject/water2017/views/homepage/index.pug:2

Unexpected block body
    at makeError (/Users/web/Desktop/demo/koaproject/water2017/node_modules/pug-error/index.js:32:13)
    at error (/Users/web/Desktop/demo/koaproject/water2017/node_modules/pug-linker/index.js:7:30)
    at /Users/web/Desktop/demo/koaproject/water2017/node_modules/pug-linker/index.js:47:9
    at Array.forEach (native)
    at link (/Users/web/Desktop/demo/koaproject/water2017/node_modules/pug-linker/index.js:45:20)
    at compileBody (/Users/web/Desktop/demo/koaproject/water2017/node_modules/pug/lib/index.js:171:9)
    at Object.exports.compile (/Users/web/Desktop/demo/koaproject/water2017/node_modules/pug/lib/index.js:243:16)
    at handleTemplateCache (/Users/web/Desktop/demo/koaproject/water2017/node_modules/pug/lib/index.js:216:25)
    at Object.exports.compileFile (/Users/web/Desktop/demo/koaproject/water2017/node_modules/pug/lib/index.js:357:10)
    at /Users/web/Desktop/demo/koaproject/water2017/node_modules/consolidate/lib/consolidate.js:808:58
    at /Users/web/Desktop/demo/koaproject/water2017/node_modules/consolidate/lib/consolidate.js:144:5
    at Promise._execute (/Users/web/Desktop/demo/koaproject/water2017/node_modules/bluebird/js/release/debuggability.js:300:9)
    at Promise._resolveFromExecutor (/Users/web/Desktop/demo/koaproject/water2017/node_modules/bluebird/js/release/promise.js:483:18)
    at new Promise (/Users/web/Desktop/demo/koaproject/water2017/node_modules/bluebird/js/release/promise.js:79:10)
    at promisify (/Users/web/Desktop/demo/koaproject/water2017/node_modules/consolidate/lib/consolidate.js:137:10)
    at exports.pug (/Users/web/Desktop/demo/koaproject/water2017/node_modules/consolidate/lib/consolidate.js:793:10)
*************** error log end ***************

[2017-08-13 20:26:24.221] [ERROR] errorLogger - 
*************** error log start ***************
request method: GET
request originalUrl:  /
request client ip:  ::1
request query:  {}
response time: 1
err name: Error
err message: ENOENT: no such file or directory, stat '/Users/web/Desktop/demo/koaproject/water2017/views/index.pug'
err stack: Error: ENOENT: no such file or directory, stat '/Users/web/Desktop/demo/koaproject/water2017/views/index.pug'
*************** error log end ***************

[2017-08-13 20:26:25.369] [ERROR] errorLogger - 
*************** error log start ***************
request method: GET
request originalUrl:  /
request client ip:  ::1
request query:  {}
response time: 1
err name: Error
err message: ENOENT: no such file or directory, stat '/Users/web/Desktop/demo/koaproject/water2017/views/index.pug'
err stack: Error: ENOENT: no such file or directory, stat '/Users/web/Desktop/demo/koaproject/water2017/views/index.pug'
*************** error log end ***************

[2017-08-13 20:27:57.939] [ERROR] errorLogger - 
*************** error log start ***************
request method: GET
request originalUrl:  /
request client ip:  ::1
request query:  {}
response time: 1
err name: Error
err message: ENOENT: no such file or directory, stat '/Users/web/Desktop/demo/koaproject/water2017/views/index.pug'
err stack: Error: ENOENT: no such file or directory, stat '/Users/web/Desktop/demo/koaproject/water2017/views/index.pug'
*************** error log end ***************

[2017-08-13 20:30:22.597] [ERROR] errorLogger - 
*************** error log start ***************
request method: GET
request originalUrl:  /
request client ip:  ::1
request query:  {}
response time: 1
err name: Error
err message: ENOENT: no such file or directory, stat '/Users/web/Desktop/demo/koaproject/water2017/views/index.pug'
err stack: Error: ENOENT: no such file or directory, stat '/Users/web/Desktop/demo/koaproject/water2017/views/index.pug'
*************** error log end ***************

[2017-08-13 20:31:09.944] [ERROR] errorLogger - 
*************** error log start ***************
request method: GET
request originalUrl:  /
request client ip:  ::1
request query:  {}
response time: 0
err name: Error
err message: ENOENT: no such file or directory, stat '/Users/web/Desktop/demo/koaproject/water2017/views/index.pug'
err stack: Error: ENOENT: no such file or directory, stat '/Users/web/Desktop/demo/koaproject/water2017/views/index.pug'
*************** error log end ***************

[2017-08-13 20:31:21.515] [ERROR] errorLogger - 
*************** error log start ***************
request method: GET
request originalUrl:  /
request client ip:  ::1
request query:  {}
response time: 0
err name: Error
err message: ENOENT: no such file or directory, stat '/Users/web/Desktop/demo/koaproject/water2017/views/index.pug'
err stack: Error: ENOENT: no such file or directory, stat '/Users/web/Desktop/demo/koaproject/water2017/views/index.pug'
*************** error log end ***************

[2017-08-13 20:33:32.129] [ERROR] errorLogger - 
*************** error log start ***************
request method: GET
request originalUrl:  /
request client ip:  ::1
request query:  {}
response time: 2
err name: Error
err message: ENOENT: no such file or directory, stat '/Users/web/Desktop/demo/koaproject/water2017/views/index.pug'
err stack: Error: ENOENT: no such file or directory, stat '/Users/web/Desktop/demo/koaproject/water2017/views/index.pug'
*************** error log end ***************

[2017-08-13 20:34:40.499] [ERROR] errorLogger - 
*************** error log start ***************
request method: GET
request originalUrl:  /
request client ip:  ::1
request query:  {}
response time: 2
err name: Error
err message: ENOENT: no such file or directory, stat '/Users/web/Desktop/demo/koaproject/water2017/views/index.pug'
err stack: Error: ENOENT: no such file or directory, stat '/Users/web/Desktop/demo/koaproject/water2017/views/index.pug'
*************** error log end ***************

[2017-08-13 20:35:04.326] [ERROR] errorLogger - 
*************** error log start ***************
request method: GET
request originalUrl:  /
request client ip:  ::1
request query:  {}
response time: 1
err name: Error
err message: ENOENT: no such file or directory, stat '/Users/web/Desktop/demo/koaproject/water2017/views/index.pug'
err stack: Error: ENOENT: no such file or directory, stat '/Users/web/Desktop/demo/koaproject/water2017/views/index.pug'
*************** error log end ***************

[2017-08-13 20:35:21.432] [ERROR] errorLogger - 
*************** error log start ***************
request method: GET
request originalUrl:  /
request client ip:  ::1
request query:  {}
response time: 2
err name: Error
err message: ENOENT: no such file or directory, stat '/Users/web/Desktop/demo/koaproject/water2017/views/index.pug'
err stack: Error: ENOENT: no such file or directory, stat '/Users/web/Desktop/demo/koaproject/water2017/views/index.pug'
*************** error log end ***************

[2017-08-13 20:36:00.282] [ERROR] errorLogger - 
*************** error log start ***************
request method: GET
request originalUrl:  /
request client ip:  ::1
request query:  {}
response time: 178
err name: Error
err message: /Users/web/Desktop/demo/koaproject/water2017/views/homepage/index.pug:2

Unexpected block body
err stack: Error: /Users/web/Desktop/demo/koaproject/water2017/views/homepage/index.pug:2

Unexpected block body
    at makeError (/Users/web/Desktop/demo/koaproject/water2017/node_modules/pug-error/index.js:32:13)
    at error (/Users/web/Desktop/demo/koaproject/water2017/node_modules/pug-linker/index.js:7:30)
    at /Users/web/Desktop/demo/koaproject/water2017/node_modules/pug-linker/index.js:47:9
    at Array.forEach (native)
    at link (/Users/web/Desktop/demo/koaproject/water2017/node_modules/pug-linker/index.js:45:20)
    at compileBody (/Users/web/Desktop/demo/koaproject/water2017/node_modules/pug/lib/index.js:171:9)
    at Object.exports.compile (/Users/web/Desktop/demo/koaproject/water2017/node_modules/pug/lib/index.js:243:16)
    at handleTemplateCache (/Users/web/Desktop/demo/koaproject/water2017/node_modules/pug/lib/index.js:216:25)
    at Object.exports.compileFile (/Users/web/Desktop/demo/koaproject/water2017/node_modules/pug/lib/index.js:357:10)
    at /Users/web/Desktop/demo/koaproject/water2017/node_modules/consolidate/lib/consolidate.js:808:58
    at /Users/web/Desktop/demo/koaproject/water2017/node_modules/consolidate/lib/consolidate.js:144:5
    at Promise._execute (/Users/web/Desktop/demo/koaproject/water2017/node_modules/bluebird/js/release/debuggability.js:300:9)
    at Promise._resolveFromExecutor (/Users/web/Desktop/demo/koaproject/water2017/node_modules/bluebird/js/release/promise.js:483:18)
    at new Promise (/Users/web/Desktop/demo/koaproject/water2017/node_modules/bluebird/js/release/promise.js:79:10)
    at promisify (/Users/web/Desktop/demo/koaproject/water2017/node_modules/consolidate/lib/consolidate.js:137:10)
    at exports.pug (/Users/web/Desktop/demo/koaproject/water2017/node_modules/consolidate/lib/consolidate.js:793:10)
*************** error log end ***************

[2017-08-13 20:41:43.447] [ERROR] errorLogger - 
*************** error log start ***************
request method: GET
request originalUrl:  /
request client ip:  ::1
request query:  {}
response time: 489
err name: TypeError
err message: /Users/web/Desktop/demo/koaproject/water2017/views/layout/index.pug:3
    1| include  ./global
    2| 
  > 3| if H.settings.siteCdnPath
    4|     - var cdnPath = H.settings.siteCdnPath
    5| 
    6| doctype html

Cannot read property 'settings' of undefined
err stack: TypeError: /Users/web/Desktop/demo/koaproject/water2017/views/layout/index.pug:3
    1| include  ./global
    2| 
  > 3| if H.settings.siteCdnPath
    4|     - var cdnPath = H.settings.siteCdnPath
    5| 
    6| doctype html

Cannot read property 'settings' of undefined
    at eval (eval at wrap (/Users/web/Desktop/demo/koaproject/water2017/node_modules/pug-runtime/wrap.js:6:10), <anonymous>:792:6)
    at template (eval at wrap (/Users/web/Desktop/demo/koaproject/water2017/node_modules/pug-runtime/wrap.js:6:10), <anonymous>:953:72)
    at /Users/web/Desktop/demo/koaproject/water2017/node_modules/consolidate/lib/consolidate.js:809:16
    at /Users/web/Desktop/demo/koaproject/water2017/node_modules/consolidate/lib/consolidate.js:144:5
    at Promise._execute (/Users/web/Desktop/demo/koaproject/water2017/node_modules/bluebird/js/release/debuggability.js:300:9)
    at Promise._resolveFromExecutor (/Users/web/Desktop/demo/koaproject/water2017/node_modules/bluebird/js/release/promise.js:483:18)
    at new Promise (/Users/web/Desktop/demo/koaproject/water2017/node_modules/bluebird/js/release/promise.js:79:10)
    at promisify (/Users/web/Desktop/demo/koaproject/water2017/node_modules/consolidate/lib/consolidate.js:137:10)
    at exports.pug (/Users/web/Desktop/demo/koaproject/water2017/node_modules/consolidate/lib/consolidate.js:793:10)
    at /Users/web/Desktop/demo/koaproject/water2017/node_modules/koa-views/lib/index.js:53:20
    at <anonymous>
*************** error log end ***************

[2017-08-13 20:51:08.210] [ERROR] errorLogger - 
*************** error log start ***************
request method: GET
request originalUrl:  /
request client ip:  ::1
request query:  {}
response time: 446
err name: TypeError
err message: /Users/web/Desktop/demo/koaproject/water2017/views/layout/index.pug:11
    9|         meta(charset="utf-8")
    10|         meta(name="viewport",content="width=device-width, initial-scale=1")
  > 11|         title= ((page) ? page.name + ' - ' : '' ) + H.settings.siteName||''
    12|         +css('/css/bootstrap.min.css')
    13|         +css('/css/fm-dashborad.css')
    14|         +js('/js/jquery.min.js')

Cannot read property 'settings' of undefined
err stack: TypeError: /Users/web/Desktop/demo/koaproject/water2017/views/layout/index.pug:11
    9|         meta(charset="utf-8")
    10|         meta(name="viewport",content="width=device-width, initial-scale=1")
  > 11|         title= ((page) ? page.name + ' - ' : '' ) + H.settings.siteName||''
    12|         +css('/css/bootstrap.min.css')
    13|         +css('/css/fm-dashborad.css')
    14|         +js('/js/jquery.min.js')

Cannot read property 'settings' of undefined
    at eval (eval at wrap (/Users/web/Desktop/demo/koaproject/water2017/node_modules/pug-runtime/wrap.js:6:10), <anonymous>:804:95)
    at template (eval at wrap (/Users/web/Desktop/demo/koaproject/water2017/node_modules/pug-runtime/wrap.js:6:10), <anonymous>:948:72)
    at /Users/web/Desktop/demo/koaproject/water2017/node_modules/consolidate/lib/consolidate.js:809:16
    at /Users/web/Desktop/demo/koaproject/water2017/node_modules/consolidate/lib/consolidate.js:144:5
    at Promise._execute (/Users/web/Desktop/demo/koaproject/water2017/node_modules/bluebird/js/release/debuggability.js:300:9)
    at Promise._resolveFromExecutor (/Users/web/Desktop/demo/koaproject/water2017/node_modules/bluebird/js/release/promise.js:483:18)
    at new Promise (/Users/web/Desktop/demo/koaproject/water2017/node_modules/bluebird/js/release/promise.js:79:10)
    at promisify (/Users/web/Desktop/demo/koaproject/water2017/node_modules/consolidate/lib/consolidate.js:137:10)
    at exports.pug (/Users/web/Desktop/demo/koaproject/water2017/node_modules/consolidate/lib/consolidate.js:793:10)
    at /Users/web/Desktop/demo/koaproject/water2017/node_modules/koa-views/lib/index.js:53:20
    at <anonymous>
*************** error log end ***************

[2017-08-13 20:51:34.602] [ERROR] errorLogger - 
*************** error log start ***************
request method: GET
request originalUrl:  /
request client ip:  ::1
request query:  {}
response time: 465
err name: TypeError
err message: /Users/web/Desktop/demo/koaproject/water2017/views/layout/nav.pug:9
    7|                 span.icon-bar
    8|                 span.icon-bar
  > 9|             a.navbar-brand(href='/')=H.settings.siteName
    10|         nav.collapse.navbar-collapse.bs-navbar-collapse(role='navigation')
    11|             ul.nav.navbar-nav
    12|                 li.dropdown

Cannot read property 'settings' of undefined
err stack: TypeError: /Users/web/Desktop/demo/koaproject/water2017/views/layout/nav.pug:9
    7|                 span.icon-bar
    8|                 span.icon-bar
  > 9|             a.navbar-brand(href='/')=H.settings.siteName
    10|         nav.collapse.navbar-collapse.bs-navbar-collapse(role='navigation')
    11|             ul.nav.navbar-nav
    12|                 li.dropdown

Cannot read property 'settings' of undefined
    at block (eval at wrap (/Users/web/Desktop/demo/koaproject/water2017/node_modules/pug-runtime/wrap.js:6:10), <anonymous>:838:58)
    at Object.pug_interp (eval at wrap (/Users/web/Desktop/demo/koaproject/water2017/node_modules/pug-runtime/wrap.js:6:10), <anonymous>:13:10)
    at eval (eval at wrap (/Users/web/Desktop/demo/koaproject/water2017/node_modules/pug-runtime/wrap.js:6:10), <anonymous>:819:25)
    at template (eval at wrap (/Users/web/Desktop/demo/koaproject/water2017/node_modules/pug-runtime/wrap.js:6:10), <anonymous>:948:72)
    at /Users/web/Desktop/demo/koaproject/water2017/node_modules/consolidate/lib/consolidate.js:809:16
    at /Users/web/Desktop/demo/koaproject/water2017/node_modules/consolidate/lib/consolidate.js:144:5
    at Promise._execute (/Users/web/Desktop/demo/koaproject/water2017/node_modules/bluebird/js/release/debuggability.js:300:9)
    at Promise._resolveFromExecutor (/Users/web/Desktop/demo/koaproject/water2017/node_modules/bluebird/js/release/promise.js:483:18)
    at new Promise (/Users/web/Desktop/demo/koaproject/water2017/node_modules/bluebird/js/release/promise.js:79:10)
    at promisify (/Users/web/Desktop/demo/koaproject/water2017/node_modules/consolidate/lib/consolidate.js:137:10)
    at exports.pug (/Users/web/Desktop/demo/koaproject/water2017/node_modules/consolidate/lib/consolidate.js:793:10)
    at /Users/web/Desktop/demo/koaproject/water2017/node_modules/koa-views/lib/index.js:53:20
    at <anonymous>
*************** error log end ***************

[2017-08-13 20:53:50.909] [ERROR] errorLogger - 
*************** error log start ***************
request method: GET
request originalUrl:  /
request client ip:  ::1
request query:  {}
response time: 143
err name: Error
err message: /Users/web/Desktop/demo/koaproject/water2017/views/layout/index.pug:3:13
    1| include  ./global
    2| var H={
  > 3|     settings:{
-------------------^
    4|         siteCdnPath:'1233',
    5|         siteName:'water'
    6|     }

unexpected text ":{
  "
err stack: Error: /Users/web/Desktop/demo/koaproject/water2017/views/layout/index.pug:3:13
    1| include  ./global
    2| var H={
  > 3|     settings:{
-------------------^
    4|         siteCdnPath:'1233',
    5|         siteName:'water'
    6|     }

unexpected text ":{
  "
    at makeError (/Users/web/Desktop/demo/koaproject/water2017/node_modules/pug-error/index.js:32:13)
    at Lexer.error (/Users/web/Desktop/demo/koaproject/water2017/node_modules/pug-lexer/index.js:58:15)
    at Lexer.fail (/Users/web/Desktop/demo/koaproject/water2017/node_modules/pug-lexer/index.js:1304:10)
    at Lexer.advance (/Users/web/Desktop/demo/koaproject/water2017/node_modules/pug-lexer/index.js:1364:15)
    at Lexer.callLexerFunction (/Users/web/Desktop/demo/koaproject/water2017/node_modules/pug-lexer/index.js:1319:23)
    at Lexer.getTokens (/Users/web/Desktop/demo/koaproject/water2017/node_modules/pug-lexer/index.js:1375:12)
    at lex (/Users/web/Desktop/demo/koaproject/water2017/node_modules/pug-lexer/index.js:12:42)
    at Object.lex (/Users/web/Desktop/demo/koaproject/water2017/node_modules/pug/lib/index.js:99:27)
    at Function.loadString [as string] (/Users/web/Desktop/demo/koaproject/water2017/node_modules/pug-load/index.js:44:24)
    at /Users/web/Desktop/demo/koaproject/water2017/node_modules/pug-load/index.js:31:27
    at walkAST (/Users/web/Desktop/demo/koaproject/water2017/node_modules/pug-walk/index.js:23:18)
    at /Users/web/Desktop/demo/koaproject/water2017/node_modules/pug-walk/index.js:104:20
    at Array.reduce (native)
    at walkAndMergeNodes (/Users/web/Desktop/demo/koaproject/water2017/node_modules/pug-walk/index.js:103:18)
    at walkAST (/Users/web/Desktop/demo/koaproject/water2017/node_modules/pug-walk/index.js:37:19)
    at load (/Users/web/Desktop/demo/koaproject/water2017/node_modules/pug-load/index.js:13:10)
*************** error log end ***************

[2017-08-13 20:55:52.261] [ERROR] errorLogger - 
*************** error log start ***************
request method: GET
request originalUrl:  /
request client ip:  ::1
request query:  {}
response time: 149
err name: Error
err message: /Users/web/Desktop/demo/koaproject/water2017/views/layout/index.pug:3:20
    1| include  ./global
    2| var H.settings={
  > 3|         siteCdnPath:'1233',
--------------------------^
    4|         siteName:'water'
    5| }
    6| //- if H.settings.siteCdnPath

unexpected text ":'123"
err stack: Error: /Users/web/Desktop/demo/koaproject/water2017/views/layout/index.pug:3:20
    1| include  ./global
    2| var H.settings={
  > 3|         siteCdnPath:'1233',
--------------------------^
    4|         siteName:'water'
    5| }
    6| //- if H.settings.siteCdnPath

unexpected text ":'123"
    at makeError (/Users/web/Desktop/demo/koaproject/water2017/node_modules/pug-error/index.js:32:13)
    at Lexer.error (/Users/web/Desktop/demo/koaproject/water2017/node_modules/pug-lexer/index.js:58:15)
    at Lexer.fail (/Users/web/Desktop/demo/koaproject/water2017/node_modules/pug-lexer/index.js:1304:10)
    at Lexer.advance (/Users/web/Desktop/demo/koaproject/water2017/node_modules/pug-lexer/index.js:1364:15)
    at Lexer.callLexerFunction (/Users/web/Desktop/demo/koaproject/water2017/node_modules/pug-lexer/index.js:1319:23)
    at Lexer.getTokens (/Users/web/Desktop/demo/koaproject/water2017/node_modules/pug-lexer/index.js:1375:12)
    at lex (/Users/web/Desktop/demo/koaproject/water2017/node_modules/pug-lexer/index.js:12:42)
    at Object.lex (/Users/web/Desktop/demo/koaproject/water2017/node_modules/pug/lib/index.js:99:27)
    at Function.loadString [as string] (/Users/web/Desktop/demo/koaproject/water2017/node_modules/pug-load/index.js:44:24)
    at /Users/web/Desktop/demo/koaproject/water2017/node_modules/pug-load/index.js:31:27
    at walkAST (/Users/web/Desktop/demo/koaproject/water2017/node_modules/pug-walk/index.js:23:18)
    at /Users/web/Desktop/demo/koaproject/water2017/node_modules/pug-walk/index.js:104:20
    at Array.reduce (native)
    at walkAndMergeNodes (/Users/web/Desktop/demo/koaproject/water2017/node_modules/pug-walk/index.js:103:18)
    at walkAST (/Users/web/Desktop/demo/koaproject/water2017/node_modules/pug-walk/index.js:37:19)
    at load (/Users/web/Desktop/demo/koaproject/water2017/node_modules/pug-load/index.js:13:10)
*************** error log end ***************

