[2017-08-19 10:13:18.031] [ERROR] errorLogger - 
*************** error log start ***************
request method: GET
request originalUrl:  /content/forum/1/update
request client ip:  ::1
request query:  {}
response time: 1
err name: TypeError
err message: Cannot read property 'findById' of undefined
err stack: TypeError: Cannot read property 'findById' of undefined
    at exports.update (/Users/web/Desktop/demo/koaproject/water2017/api/controllers/ForumController.js:77:39)
    at dispatch (/Users/web/Desktop/demo/koaproject/water2017/node_modules/koa-router/node_modules/koa-compose/index.js:44:32)
    at next (/Users/web/Desktop/demo/koaproject/water2017/node_modules/koa-router/node_modules/koa-compose/index.js:45:18)
    at /Users/web/Desktop/demo/koaproject/water2017/node_modules/koa-router/lib/router.js:345:16
    at dispatch (/Users/web/Desktop/demo/koaproject/water2017/node_modules/koa-router/node_modules/koa-compose/index.js:44:32)
    at /Users/web/Desktop/demo/koaproject/water2017/node_modules/koa-router/node_modules/koa-compose/index.js:36:12
    at dispatch (/Users/web/Desktop/demo/koaproject/water2017/node_modules/koa-router/lib/router.js:350:31)
    at dispatch (/Users/web/Desktop/demo/koaproject/water2017/node_modules/koa-compose/index.js:42:32)
    at next (/Users/web/Desktop/demo/koaproject/water2017/node_modules/koa-compose/index.js:43:18)
    at dispatch (/Users/web/Desktop/demo/koaproject/water2017/node_modules/koa-router/lib/router.js:332:32)
    at dispatch (/Users/web/Desktop/demo/koaproject/water2017/node_modules/koa-compose/index.js:42:32)
    at next (/Users/web/Desktop/demo/koaproject/water2017/node_modules/koa-compose/index.js:43:18)
    at dispatch (/Users/web/Desktop/demo/koaproject/water2017/node_modules/koa-router/lib/router.js:332:32)
    at dispatch (/Users/web/Desktop/demo/koaproject/water2017/node_modules/koa-compose/index.js:42:32)
    at next (/Users/web/Desktop/demo/koaproject/water2017/node_modules/koa-compose/index.js:43:18)
    at app.use (/Users/web/Desktop/demo/koaproject/water2017/app.js:42:13)
    at dispatch (/Users/web/Desktop/demo/koaproject/water2017/node_modules/koa-compose/index.js:42:32)
    at next (/Users/web/Desktop/demo/koaproject/water2017/node_modules/koa-compose/index.js:43:18)
    at views (/Users/web/Desktop/demo/koaproject/water2017/node_modules/koa-views/lib/index.js:61:12)
    at dispatch (/Users/web/Desktop/demo/koaproject/water2017/node_modules/koa-compose/index.js:42:32)
    at next (/Users/web/Desktop/demo/koaproject/water2017/node_modules/koa-compose/index.js:43:18)
    at send.then.done (/Users/web/Desktop/demo/koaproject/water2017/node_modules/koa-static/index.js:43:20)
*************** error log end ***************

[2017-08-19 10:13:55.322] [ERROR] errorLogger - 
*************** error log start ***************
request method: GET
request originalUrl:  /content/forum/1/update
request client ip:  ::1
request query:  {}
response time: 1
err name: TypeError
err message: Cannot read property 'findById' of undefined
err stack: TypeError: Cannot read property 'findById' of undefined
    at exports.update (/Users/web/Desktop/demo/koaproject/water2017/api/controllers/ForumController.js:77:39)
    at dispatch (/Users/web/Desktop/demo/koaproject/water2017/node_modules/koa-router/node_modules/koa-compose/index.js:44:32)
    at next (/Users/web/Desktop/demo/koaproject/water2017/node_modules/koa-router/node_modules/koa-compose/index.js:45:18)
    at /Users/web/Desktop/demo/koaproject/water2017/node_modules/koa-router/lib/router.js:345:16
    at dispatch (/Users/web/Desktop/demo/koaproject/water2017/node_modules/koa-router/node_modules/koa-compose/index.js:44:32)
    at /Users/web/Desktop/demo/koaproject/water2017/node_modules/koa-router/node_modules/koa-compose/index.js:36:12
    at dispatch (/Users/web/Desktop/demo/koaproject/water2017/node_modules/koa-router/lib/router.js:350:31)
    at dispatch (/Users/web/Desktop/demo/koaproject/water2017/node_modules/koa-compose/index.js:42:32)
    at next (/Users/web/Desktop/demo/koaproject/water2017/node_modules/koa-compose/index.js:43:18)
    at dispatch (/Users/web/Desktop/demo/koaproject/water2017/node_modules/koa-router/lib/router.js:332:32)
    at dispatch (/Users/web/Desktop/demo/koaproject/water2017/node_modules/koa-compose/index.js:42:32)
    at next (/Users/web/Desktop/demo/koaproject/water2017/node_modules/koa-compose/index.js:43:18)
    at dispatch (/Users/web/Desktop/demo/koaproject/water2017/node_modules/koa-router/lib/router.js:332:32)
    at dispatch (/Users/web/Desktop/demo/koaproject/water2017/node_modules/koa-compose/index.js:42:32)
    at next (/Users/web/Desktop/demo/koaproject/water2017/node_modules/koa-compose/index.js:43:18)
    at app.use (/Users/web/Desktop/demo/koaproject/water2017/app.js:42:13)
    at dispatch (/Users/web/Desktop/demo/koaproject/water2017/node_modules/koa-compose/index.js:42:32)
    at next (/Users/web/Desktop/demo/koaproject/water2017/node_modules/koa-compose/index.js:43:18)
    at views (/Users/web/Desktop/demo/koaproject/water2017/node_modules/koa-views/lib/index.js:61:12)
    at dispatch (/Users/web/Desktop/demo/koaproject/water2017/node_modules/koa-compose/index.js:42:32)
    at next (/Users/web/Desktop/demo/koaproject/water2017/node_modules/koa-compose/index.js:43:18)
    at send.then.done (/Users/web/Desktop/demo/koaproject/water2017/node_modules/koa-static/index.js:43:20)
*************** error log end ***************

[2017-08-19 10:14:01.846] [ERROR] errorLogger - 
*************** error log start ***************
request method: GET
request originalUrl:  /content/forum/1/update
request client ip:  ::1
request query:  {}
response time: 1
err name: TypeError
err message: Cannot read property 'id' of undefined
err stack: TypeError: Cannot read property 'id' of undefined
    at exports.update (/Users/web/Desktop/demo/koaproject/water2017/api/controllers/ForumController.js:77:57)
    at dispatch (/Users/web/Desktop/demo/koaproject/water2017/node_modules/koa-router/node_modules/koa-compose/index.js:44:32)
    at next (/Users/web/Desktop/demo/koaproject/water2017/node_modules/koa-router/node_modules/koa-compose/index.js:45:18)
    at /Users/web/Desktop/demo/koaproject/water2017/node_modules/koa-router/lib/router.js:345:16
    at dispatch (/Users/web/Desktop/demo/koaproject/water2017/node_modules/koa-router/node_modules/koa-compose/index.js:44:32)
    at /Users/web/Desktop/demo/koaproject/water2017/node_modules/koa-router/node_modules/koa-compose/index.js:36:12
    at dispatch (/Users/web/Desktop/demo/koaproject/water2017/node_modules/koa-router/lib/router.js:350:31)
    at dispatch (/Users/web/Desktop/demo/koaproject/water2017/node_modules/koa-compose/index.js:42:32)
    at next (/Users/web/Desktop/demo/koaproject/water2017/node_modules/koa-compose/index.js:43:18)
    at dispatch (/Users/web/Desktop/demo/koaproject/water2017/node_modules/koa-router/lib/router.js:332:32)
    at dispatch (/Users/web/Desktop/demo/koaproject/water2017/node_modules/koa-compose/index.js:42:32)
    at next (/Users/web/Desktop/demo/koaproject/water2017/node_modules/koa-compose/index.js:43:18)
    at dispatch (/Users/web/Desktop/demo/koaproject/water2017/node_modules/koa-router/lib/router.js:332:32)
    at dispatch (/Users/web/Desktop/demo/koaproject/water2017/node_modules/koa-compose/index.js:42:32)
    at next (/Users/web/Desktop/demo/koaproject/water2017/node_modules/koa-compose/index.js:43:18)
    at app.use (/Users/web/Desktop/demo/koaproject/water2017/app.js:42:13)
    at dispatch (/Users/web/Desktop/demo/koaproject/water2017/node_modules/koa-compose/index.js:42:32)
    at next (/Users/web/Desktop/demo/koaproject/water2017/node_modules/koa-compose/index.js:43:18)
    at views (/Users/web/Desktop/demo/koaproject/water2017/node_modules/koa-views/lib/index.js:61:12)
    at dispatch (/Users/web/Desktop/demo/koaproject/water2017/node_modules/koa-compose/index.js:42:32)
    at next (/Users/web/Desktop/demo/koaproject/water2017/node_modules/koa-compose/index.js:43:18)
    at send.then.done (/Users/web/Desktop/demo/koaproject/water2017/node_modules/koa-static/index.js:43:20)
*************** error log end ***************

[2017-08-19 10:14:33.533] [ERROR] errorLogger - 
*************** error log start ***************
request method: GET
request originalUrl:  /content/forum/1/update
request client ip:  ::1
request query:  {}
response time: 2
err name: TypeError
err message: Cannot read property 'id' of undefined
err stack: TypeError: Cannot read property 'id' of undefined
    at exports.update (/Users/web/Desktop/demo/koaproject/water2017/api/controllers/ForumController.js:77:61)
    at dispatch (/Users/web/Desktop/demo/koaproject/water2017/node_modules/koa-router/node_modules/koa-compose/index.js:44:32)
    at next (/Users/web/Desktop/demo/koaproject/water2017/node_modules/koa-router/node_modules/koa-compose/index.js:45:18)
    at /Users/web/Desktop/demo/koaproject/water2017/node_modules/koa-router/lib/router.js:345:16
    at dispatch (/Users/web/Desktop/demo/koaproject/water2017/node_modules/koa-router/node_modules/koa-compose/index.js:44:32)
    at /Users/web/Desktop/demo/koaproject/water2017/node_modules/koa-router/node_modules/koa-compose/index.js:36:12
    at dispatch (/Users/web/Desktop/demo/koaproject/water2017/node_modules/koa-router/lib/router.js:350:31)
    at dispatch (/Users/web/Desktop/demo/koaproject/water2017/node_modules/koa-compose/index.js:42:32)
    at next (/Users/web/Desktop/demo/koaproject/water2017/node_modules/koa-compose/index.js:43:18)
    at dispatch (/Users/web/Desktop/demo/koaproject/water2017/node_modules/koa-router/lib/router.js:332:32)
    at dispatch (/Users/web/Desktop/demo/koaproject/water2017/node_modules/koa-compose/index.js:42:32)
    at next (/Users/web/Desktop/demo/koaproject/water2017/node_modules/koa-compose/index.js:43:18)
    at dispatch (/Users/web/Desktop/demo/koaproject/water2017/node_modules/koa-router/lib/router.js:332:32)
    at dispatch (/Users/web/Desktop/demo/koaproject/water2017/node_modules/koa-compose/index.js:42:32)
    at next (/Users/web/Desktop/demo/koaproject/water2017/node_modules/koa-compose/index.js:43:18)
    at app.use (/Users/web/Desktop/demo/koaproject/water2017/app.js:42:13)
    at dispatch (/Users/web/Desktop/demo/koaproject/water2017/node_modules/koa-compose/index.js:42:32)
    at next (/Users/web/Desktop/demo/koaproject/water2017/node_modules/koa-compose/index.js:43:18)
    at views (/Users/web/Desktop/demo/koaproject/water2017/node_modules/koa-views/lib/index.js:61:12)
    at dispatch (/Users/web/Desktop/demo/koaproject/water2017/node_modules/koa-compose/index.js:42:32)
    at next (/Users/web/Desktop/demo/koaproject/water2017/node_modules/koa-compose/index.js:43:18)
    at send.then.done (/Users/web/Desktop/demo/koaproject/water2017/node_modules/koa-static/index.js:43:20)
*************** error log end ***************

[2017-08-19 10:15:29.581] [ERROR] errorLogger - 
*************** error log start ***************
request method: GET
request originalUrl:  /content/forum/1/update
request client ip:  ::1
request query:  {}
response time: 4
err name: TypeError
err message: Cannot read property 'id' of undefined
err stack: TypeError: Cannot read property 'id' of undefined
    at exports.update (/Users/web/Desktop/demo/koaproject/water2017/api/controllers/ForumController.js:78:60)
    at dispatch (/Users/web/Desktop/demo/koaproject/water2017/node_modules/koa-router/node_modules/koa-compose/index.js:44:32)
    at next (/Users/web/Desktop/demo/koaproject/water2017/node_modules/koa-router/node_modules/koa-compose/index.js:45:18)
    at /Users/web/Desktop/demo/koaproject/water2017/node_modules/koa-router/lib/router.js:345:16
    at dispatch (/Users/web/Desktop/demo/koaproject/water2017/node_modules/koa-router/node_modules/koa-compose/index.js:44:32)
    at /Users/web/Desktop/demo/koaproject/water2017/node_modules/koa-router/node_modules/koa-compose/index.js:36:12
    at dispatch (/Users/web/Desktop/demo/koaproject/water2017/node_modules/koa-router/lib/router.js:350:31)
    at dispatch (/Users/web/Desktop/demo/koaproject/water2017/node_modules/koa-compose/index.js:42:32)
    at next (/Users/web/Desktop/demo/koaproject/water2017/node_modules/koa-compose/index.js:43:18)
    at dispatch (/Users/web/Desktop/demo/koaproject/water2017/node_modules/koa-router/lib/router.js:332:32)
    at dispatch (/Users/web/Desktop/demo/koaproject/water2017/node_modules/koa-compose/index.js:42:32)
    at next (/Users/web/Desktop/demo/koaproject/water2017/node_modules/koa-compose/index.js:43:18)
    at dispatch (/Users/web/Desktop/demo/koaproject/water2017/node_modules/koa-router/lib/router.js:332:32)
    at dispatch (/Users/web/Desktop/demo/koaproject/water2017/node_modules/koa-compose/index.js:42:32)
    at next (/Users/web/Desktop/demo/koaproject/water2017/node_modules/koa-compose/index.js:43:18)
    at app.use (/Users/web/Desktop/demo/koaproject/water2017/app.js:42:13)
    at dispatch (/Users/web/Desktop/demo/koaproject/water2017/node_modules/koa-compose/index.js:42:32)
    at next (/Users/web/Desktop/demo/koaproject/water2017/node_modules/koa-compose/index.js:43:18)
    at views (/Users/web/Desktop/demo/koaproject/water2017/node_modules/koa-views/lib/index.js:61:12)
    at dispatch (/Users/web/Desktop/demo/koaproject/water2017/node_modules/koa-compose/index.js:42:32)
    at next (/Users/web/Desktop/demo/koaproject/water2017/node_modules/koa-compose/index.js:43:18)
    at send.then.done (/Users/web/Desktop/demo/koaproject/water2017/node_modules/koa-static/index.js:43:20)
*************** error log end ***************

[2017-08-19 10:16:10.308] [ERROR] errorLogger - 
*************** error log start ***************
request method: GET
request originalUrl:  /content/forum/1/update
request client ip:  ::1
request query:  {}
response time: 5
err name: TypeError
err message: Cannot read property 'id' of undefined
err stack: TypeError: Cannot read property 'id' of undefined
    at exports.update (/Users/web/Desktop/demo/koaproject/water2017/api/controllers/ForumController.js:78:60)
    at dispatch (/Users/web/Desktop/demo/koaproject/water2017/node_modules/koa-router/node_modules/koa-compose/index.js:44:32)
    at next (/Users/web/Desktop/demo/koaproject/water2017/node_modules/koa-router/node_modules/koa-compose/index.js:45:18)
    at /Users/web/Desktop/demo/koaproject/water2017/node_modules/koa-router/lib/router.js:345:16
    at dispatch (/Users/web/Desktop/demo/koaproject/water2017/node_modules/koa-router/node_modules/koa-compose/index.js:44:32)
    at /Users/web/Desktop/demo/koaproject/water2017/node_modules/koa-router/node_modules/koa-compose/index.js:36:12
    at dispatch (/Users/web/Desktop/demo/koaproject/water2017/node_modules/koa-router/lib/router.js:350:31)
    at dispatch (/Users/web/Desktop/demo/koaproject/water2017/node_modules/koa-compose/index.js:42:32)
    at next (/Users/web/Desktop/demo/koaproject/water2017/node_modules/koa-compose/index.js:43:18)
    at dispatch (/Users/web/Desktop/demo/koaproject/water2017/node_modules/koa-router/lib/router.js:332:32)
    at dispatch (/Users/web/Desktop/demo/koaproject/water2017/node_modules/koa-compose/index.js:42:32)
    at next (/Users/web/Desktop/demo/koaproject/water2017/node_modules/koa-compose/index.js:43:18)
    at dispatch (/Users/web/Desktop/demo/koaproject/water2017/node_modules/koa-router/lib/router.js:332:32)
    at dispatch (/Users/web/Desktop/demo/koaproject/water2017/node_modules/koa-compose/index.js:42:32)
    at next (/Users/web/Desktop/demo/koaproject/water2017/node_modules/koa-compose/index.js:43:18)
    at app.use (/Users/web/Desktop/demo/koaproject/water2017/app.js:42:13)
    at dispatch (/Users/web/Desktop/demo/koaproject/water2017/node_modules/koa-compose/index.js:42:32)
    at next (/Users/web/Desktop/demo/koaproject/water2017/node_modules/koa-compose/index.js:43:18)
    at views (/Users/web/Desktop/demo/koaproject/water2017/node_modules/koa-views/lib/index.js:61:12)
    at dispatch (/Users/web/Desktop/demo/koaproject/water2017/node_modules/koa-compose/index.js:42:32)
    at next (/Users/web/Desktop/demo/koaproject/water2017/node_modules/koa-compose/index.js:43:18)
    at send.then.done (/Users/web/Desktop/demo/koaproject/water2017/node_modules/koa-static/index.js:43:20)
*************** error log end ***************

[2017-08-19 10:19:20.470] [ERROR] errorLogger - 
*************** error log start ***************
request method: GET
request originalUrl:  /content/forum/1/update
request client ip:  ::1
request query:  {}
response time: 6
err name: TypeError
err message: Cannot read property 'id' of undefined
err stack: TypeError: Cannot read property 'id' of undefined
    at exports.update (/Users/web/Desktop/demo/koaproject/water2017/api/controllers/ForumController.js:78:60)
    at dispatch (/Users/web/Desktop/demo/koaproject/water2017/node_modules/koa-router/node_modules/koa-compose/index.js:44:32)
    at next (/Users/web/Desktop/demo/koaproject/water2017/node_modules/koa-router/node_modules/koa-compose/index.js:45:18)
    at /Users/web/Desktop/demo/koaproject/water2017/node_modules/koa-router/lib/router.js:345:16
    at dispatch (/Users/web/Desktop/demo/koaproject/water2017/node_modules/koa-router/node_modules/koa-compose/index.js:44:32)
    at /Users/web/Desktop/demo/koaproject/water2017/node_modules/koa-router/node_modules/koa-compose/index.js:36:12
    at dispatch (/Users/web/Desktop/demo/koaproject/water2017/node_modules/koa-router/lib/router.js:350:31)
    at dispatch (/Users/web/Desktop/demo/koaproject/water2017/node_modules/koa-compose/index.js:42:32)
    at next (/Users/web/Desktop/demo/koaproject/water2017/node_modules/koa-compose/index.js:43:18)
    at dispatch (/Users/web/Desktop/demo/koaproject/water2017/node_modules/koa-router/lib/router.js:332:32)
    at dispatch (/Users/web/Desktop/demo/koaproject/water2017/node_modules/koa-compose/index.js:42:32)
    at next (/Users/web/Desktop/demo/koaproject/water2017/node_modules/koa-compose/index.js:43:18)
    at dispatch (/Users/web/Desktop/demo/koaproject/water2017/node_modules/koa-router/lib/router.js:332:32)
    at dispatch (/Users/web/Desktop/demo/koaproject/water2017/node_modules/koa-compose/index.js:42:32)
    at next (/Users/web/Desktop/demo/koaproject/water2017/node_modules/koa-compose/index.js:43:18)
    at app.use (/Users/web/Desktop/demo/koaproject/water2017/app.js:42:13)
    at dispatch (/Users/web/Desktop/demo/koaproject/water2017/node_modules/koa-compose/index.js:42:32)
    at next (/Users/web/Desktop/demo/koaproject/water2017/node_modules/koa-compose/index.js:43:18)
    at views (/Users/web/Desktop/demo/koaproject/water2017/node_modules/koa-views/lib/index.js:61:12)
    at dispatch (/Users/web/Desktop/demo/koaproject/water2017/node_modules/koa-compose/index.js:42:32)
    at next (/Users/web/Desktop/demo/koaproject/water2017/node_modules/koa-compose/index.js:43:18)
    at send.then.done (/Users/web/Desktop/demo/koaproject/water2017/node_modules/koa-static/index.js:43:20)
*************** error log end ***************

[2017-08-19 10:25:40.447] [ERROR] errorLogger - 
*************** error log start ***************
request method: GET
request originalUrl:  /content/forum/update/1
request client ip:  ::1
request query:  {}
response time: 4
err name: TypeError
err message: Cannot read property 'id' of undefined
err stack: TypeError: Cannot read property 'id' of undefined
    at exports.update (/Users/web/Desktop/demo/koaproject/water2017/api/controllers/ForumController.js:78:60)
    at dispatch (/Users/web/Desktop/demo/koaproject/water2017/node_modules/koa-router/node_modules/koa-compose/index.js:44:32)
    at next (/Users/web/Desktop/demo/koaproject/water2017/node_modules/koa-router/node_modules/koa-compose/index.js:45:18)
    at /Users/web/Desktop/demo/koaproject/water2017/node_modules/koa-router/lib/router.js:345:16
    at dispatch (/Users/web/Desktop/demo/koaproject/water2017/node_modules/koa-router/node_modules/koa-compose/index.js:44:32)
    at /Users/web/Desktop/demo/koaproject/water2017/node_modules/koa-router/node_modules/koa-compose/index.js:36:12
    at dispatch (/Users/web/Desktop/demo/koaproject/water2017/node_modules/koa-router/lib/router.js:350:31)
    at dispatch (/Users/web/Desktop/demo/koaproject/water2017/node_modules/koa-compose/index.js:42:32)
    at next (/Users/web/Desktop/demo/koaproject/water2017/node_modules/koa-compose/index.js:43:18)
    at dispatch (/Users/web/Desktop/demo/koaproject/water2017/node_modules/koa-router/lib/router.js:332:32)
    at dispatch (/Users/web/Desktop/demo/koaproject/water2017/node_modules/koa-compose/index.js:42:32)
    at next (/Users/web/Desktop/demo/koaproject/water2017/node_modules/koa-compose/index.js:43:18)
    at dispatch (/Users/web/Desktop/demo/koaproject/water2017/node_modules/koa-router/lib/router.js:332:32)
    at dispatch (/Users/web/Desktop/demo/koaproject/water2017/node_modules/koa-compose/index.js:42:32)
    at next (/Users/web/Desktop/demo/koaproject/water2017/node_modules/koa-compose/index.js:43:18)
    at app.use (/Users/web/Desktop/demo/koaproject/water2017/app.js:42:13)
    at dispatch (/Users/web/Desktop/demo/koaproject/water2017/node_modules/koa-compose/index.js:42:32)
    at next (/Users/web/Desktop/demo/koaproject/water2017/node_modules/koa-compose/index.js:43:18)
    at views (/Users/web/Desktop/demo/koaproject/water2017/node_modules/koa-views/lib/index.js:61:12)
    at dispatch (/Users/web/Desktop/demo/koaproject/water2017/node_modules/koa-compose/index.js:42:32)
    at next (/Users/web/Desktop/demo/koaproject/water2017/node_modules/koa-compose/index.js:43:18)
    at send.then.done (/Users/web/Desktop/demo/koaproject/water2017/node_modules/koa-static/index.js:43:20)
*************** error log end ***************

[2017-08-19 10:26:54.018] [ERROR] errorLogger - 
*************** error log start ***************
request method: GET
request originalUrl:  /content/forum/1/update
request client ip:  ::1
request query:  {}
response time: 5
err name: TypeError
err message: Cannot read property 'id' of undefined
err stack: TypeError: Cannot read property 'id' of undefined
    at exports.update (/Users/web/Desktop/demo/koaproject/water2017/api/controllers/ForumController.js:78:30)
    at dispatch (/Users/web/Desktop/demo/koaproject/water2017/node_modules/koa-router/node_modules/koa-compose/index.js:44:32)
    at next (/Users/web/Desktop/demo/koaproject/water2017/node_modules/koa-router/node_modules/koa-compose/index.js:45:18)
    at /Users/web/Desktop/demo/koaproject/water2017/node_modules/koa-router/lib/router.js:345:16
    at dispatch (/Users/web/Desktop/demo/koaproject/water2017/node_modules/koa-router/node_modules/koa-compose/index.js:44:32)
    at /Users/web/Desktop/demo/koaproject/water2017/node_modules/koa-router/node_modules/koa-compose/index.js:36:12
    at dispatch (/Users/web/Desktop/demo/koaproject/water2017/node_modules/koa-router/lib/router.js:350:31)
    at dispatch (/Users/web/Desktop/demo/koaproject/water2017/node_modules/koa-compose/index.js:42:32)
    at next (/Users/web/Desktop/demo/koaproject/water2017/node_modules/koa-compose/index.js:43:18)
    at dispatch (/Users/web/Desktop/demo/koaproject/water2017/node_modules/koa-router/lib/router.js:332:32)
    at dispatch (/Users/web/Desktop/demo/koaproject/water2017/node_modules/koa-compose/index.js:42:32)
    at next (/Users/web/Desktop/demo/koaproject/water2017/node_modules/koa-compose/index.js:43:18)
    at dispatch (/Users/web/Desktop/demo/koaproject/water2017/node_modules/koa-router/lib/router.js:332:32)
    at dispatch (/Users/web/Desktop/demo/koaproject/water2017/node_modules/koa-compose/index.js:42:32)
    at next (/Users/web/Desktop/demo/koaproject/water2017/node_modules/koa-compose/index.js:43:18)
    at app.use (/Users/web/Desktop/demo/koaproject/water2017/app.js:42:13)
    at dispatch (/Users/web/Desktop/demo/koaproject/water2017/node_modules/koa-compose/index.js:42:32)
    at next (/Users/web/Desktop/demo/koaproject/water2017/node_modules/koa-compose/index.js:43:18)
    at views (/Users/web/Desktop/demo/koaproject/water2017/node_modules/koa-views/lib/index.js:61:12)
    at dispatch (/Users/web/Desktop/demo/koaproject/water2017/node_modules/koa-compose/index.js:42:32)
    at next (/Users/web/Desktop/demo/koaproject/water2017/node_modules/koa-compose/index.js:43:18)
    at send.then.done (/Users/web/Desktop/demo/koaproject/water2017/node_modules/koa-static/index.js:43:20)
*************** error log end ***************

[2017-08-19 10:27:16.752] [ERROR] errorLogger - 
*************** error log start ***************
request method: GET
request originalUrl:  /content/forum/1/update
request client ip:  ::1
request query:  {}
response time: 5
err name: TypeError
err message: Cannot read property 'id' of undefined
err stack: TypeError: Cannot read property 'id' of undefined
    at exports.update (/Users/web/Desktop/demo/koaproject/water2017/api/controllers/ForumController.js:80:60)
    at dispatch (/Users/web/Desktop/demo/koaproject/water2017/node_modules/koa-router/node_modules/koa-compose/index.js:44:32)
    at next (/Users/web/Desktop/demo/koaproject/water2017/node_modules/koa-router/node_modules/koa-compose/index.js:45:18)
    at /Users/web/Desktop/demo/koaproject/water2017/node_modules/koa-router/lib/router.js:345:16
    at dispatch (/Users/web/Desktop/demo/koaproject/water2017/node_modules/koa-router/node_modules/koa-compose/index.js:44:32)
    at /Users/web/Desktop/demo/koaproject/water2017/node_modules/koa-router/node_modules/koa-compose/index.js:36:12
    at dispatch (/Users/web/Desktop/demo/koaproject/water2017/node_modules/koa-router/lib/router.js:350:31)
    at dispatch (/Users/web/Desktop/demo/koaproject/water2017/node_modules/koa-compose/index.js:42:32)
    at next (/Users/web/Desktop/demo/koaproject/water2017/node_modules/koa-compose/index.js:43:18)
    at dispatch (/Users/web/Desktop/demo/koaproject/water2017/node_modules/koa-router/lib/router.js:332:32)
    at dispatch (/Users/web/Desktop/demo/koaproject/water2017/node_modules/koa-compose/index.js:42:32)
    at next (/Users/web/Desktop/demo/koaproject/water2017/node_modules/koa-compose/index.js:43:18)
    at dispatch (/Users/web/Desktop/demo/koaproject/water2017/node_modules/koa-router/lib/router.js:332:32)
    at dispatch (/Users/web/Desktop/demo/koaproject/water2017/node_modules/koa-compose/index.js:42:32)
    at next (/Users/web/Desktop/demo/koaproject/water2017/node_modules/koa-compose/index.js:43:18)
    at app.use (/Users/web/Desktop/demo/koaproject/water2017/app.js:42:13)
    at dispatch (/Users/web/Desktop/demo/koaproject/water2017/node_modules/koa-compose/index.js:42:32)
    at next (/Users/web/Desktop/demo/koaproject/water2017/node_modules/koa-compose/index.js:43:18)
    at views (/Users/web/Desktop/demo/koaproject/water2017/node_modules/koa-views/lib/index.js:61:12)
    at dispatch (/Users/web/Desktop/demo/koaproject/water2017/node_modules/koa-compose/index.js:42:32)
    at next (/Users/web/Desktop/demo/koaproject/water2017/node_modules/koa-compose/index.js:43:18)
    at send.then.done (/Users/web/Desktop/demo/koaproject/water2017/node_modules/koa-static/index.js:43:20)
*************** error log end ***************

[2017-08-19 10:28:35.982] [ERROR] errorLogger - 
*************** error log start ***************
request method: GET
request originalUrl:  /content/forum/1/update
request client ip:  ::1
request query:  {}
response time: 5
err name: TypeError
err message: Cannot read property 'id' of undefined
err stack: TypeError: Cannot read property 'id' of undefined
    at exports.update (/Users/web/Desktop/demo/koaproject/water2017/api/controllers/ForumController.js:80:60)
    at dispatch (/Users/web/Desktop/demo/koaproject/water2017/node_modules/koa-router/node_modules/koa-compose/index.js:44:32)
    at next (/Users/web/Desktop/demo/koaproject/water2017/node_modules/koa-router/node_modules/koa-compose/index.js:45:18)
    at /Users/web/Desktop/demo/koaproject/water2017/node_modules/koa-router/lib/router.js:345:16
    at dispatch (/Users/web/Desktop/demo/koaproject/water2017/node_modules/koa-router/node_modules/koa-compose/index.js:44:32)
    at /Users/web/Desktop/demo/koaproject/water2017/node_modules/koa-router/node_modules/koa-compose/index.js:36:12
    at dispatch (/Users/web/Desktop/demo/koaproject/water2017/node_modules/koa-router/lib/router.js:350:31)
    at dispatch (/Users/web/Desktop/demo/koaproject/water2017/node_modules/koa-compose/index.js:42:32)
    at next (/Users/web/Desktop/demo/koaproject/water2017/node_modules/koa-compose/index.js:43:18)
    at dispatch (/Users/web/Desktop/demo/koaproject/water2017/node_modules/koa-router/lib/router.js:332:32)
    at dispatch (/Users/web/Desktop/demo/koaproject/water2017/node_modules/koa-compose/index.js:42:32)
    at next (/Users/web/Desktop/demo/koaproject/water2017/node_modules/koa-compose/index.js:43:18)
    at dispatch (/Users/web/Desktop/demo/koaproject/water2017/node_modules/koa-router/lib/router.js:332:32)
    at dispatch (/Users/web/Desktop/demo/koaproject/water2017/node_modules/koa-compose/index.js:42:32)
    at next (/Users/web/Desktop/demo/koaproject/water2017/node_modules/koa-compose/index.js:43:18)
    at app.use (/Users/web/Desktop/demo/koaproject/water2017/app.js:42:13)
    at dispatch (/Users/web/Desktop/demo/koaproject/water2017/node_modules/koa-compose/index.js:42:32)
    at next (/Users/web/Desktop/demo/koaproject/water2017/node_modules/koa-compose/index.js:43:18)
    at views (/Users/web/Desktop/demo/koaproject/water2017/node_modules/koa-views/lib/index.js:61:12)
    at dispatch (/Users/web/Desktop/demo/koaproject/water2017/node_modules/koa-compose/index.js:42:32)
    at next (/Users/web/Desktop/demo/koaproject/water2017/node_modules/koa-compose/index.js:43:18)
    at send.then.done (/Users/web/Desktop/demo/koaproject/water2017/node_modules/koa-static/index.js:43:20)
*************** error log end ***************

[2017-08-19 10:39:07.569] [ERROR] errorLogger - 
*************** error log start ***************
request method: POST
request originalUrl:  /content/forum/create
request client ip:  ::1
request body: 
{}
response time: 1
err name: TypeError
err message: Cannot read property 'name' of undefined
err stack: TypeError: Cannot read property 'name' of undefined
    at exports.create (/Users/web/Desktop/demo/koaproject/water2017/api/controllers/ForumController.js:61:27)
    at dispatch (/Users/web/Desktop/demo/koaproject/water2017/node_modules/koa-router/node_modules/koa-compose/index.js:44:32)
    at next (/Users/web/Desktop/demo/koaproject/water2017/node_modules/koa-router/node_modules/koa-compose/index.js:45:18)
    at /Users/web/Desktop/demo/koaproject/water2017/node_modules/koa-router/lib/router.js:345:16
    at dispatch (/Users/web/Desktop/demo/koaproject/water2017/node_modules/koa-router/node_modules/koa-compose/index.js:44:32)
    at /Users/web/Desktop/demo/koaproject/water2017/node_modules/koa-router/node_modules/koa-compose/index.js:36:12
    at dispatch (/Users/web/Desktop/demo/koaproject/water2017/node_modules/koa-router/lib/router.js:350:31)
    at dispatch (/Users/web/Desktop/demo/koaproject/water2017/node_modules/koa-compose/index.js:42:32)
    at next (/Users/web/Desktop/demo/koaproject/water2017/node_modules/koa-compose/index.js:43:18)
    at dispatch (/Users/web/Desktop/demo/koaproject/water2017/node_modules/koa-router/lib/router.js:332:32)
    at dispatch (/Users/web/Desktop/demo/koaproject/water2017/node_modules/koa-compose/index.js:42:32)
    at next (/Users/web/Desktop/demo/koaproject/water2017/node_modules/koa-compose/index.js:43:18)
    at dispatch (/Users/web/Desktop/demo/koaproject/water2017/node_modules/koa-router/lib/router.js:332:32)
    at dispatch (/Users/web/Desktop/demo/koaproject/water2017/node_modules/koa-compose/index.js:42:32)
    at next (/Users/web/Desktop/demo/koaproject/water2017/node_modules/koa-compose/index.js:43:18)
    at app.use (/Users/web/Desktop/demo/koaproject/water2017/app.js:42:13)
    at dispatch (/Users/web/Desktop/demo/koaproject/water2017/node_modules/koa-compose/index.js:42:32)
    at next (/Users/web/Desktop/demo/koaproject/water2017/node_modules/koa-compose/index.js:43:18)
    at views (/Users/web/Desktop/demo/koaproject/water2017/node_modules/koa-views/lib/index.js:61:12)
    at dispatch (/Users/web/Desktop/demo/koaproject/water2017/node_modules/koa-compose/index.js:42:32)
    at next (/Users/web/Desktop/demo/koaproject/water2017/node_modules/koa-compose/index.js:43:18)
    at serve (/Users/web/Desktop/demo/koaproject/water2017/node_modules/koa-static/index.js:47:14)
*************** error log end ***************

[2017-08-19 10:40:21.768] [ERROR] errorLogger - 
*************** error log start ***************
request method: GET
request originalUrl:  /content/forum/1/update
request client ip:  ::1
request query:  {}
response time: 447
err name: TypeError
err message: /Users/web/Desktop/demo/koaproject/water2017/views/content/forum/edit.pug:10
    8|                 +button('default','sm','重置页面','javascript:location.reload()').btn-block
    9|         +col('md',9)
  > 10|             +form('post',ctx.req.url)
    11|                 +input('text','name','版块名',data.name)
    12|                 +ckeditor('header','简介',data.header,'支持html，填写@time将会倍替换为冷却时间，填写@name将会被替换为版块名。')
    13|                 hr

Cannot read property 'req' of undefined
err stack: TypeError: /Users/web/Desktop/demo/koaproject/water2017/views/content/forum/edit.pug:10
    8|                 +button('default','sm','重置页面','javascript:location.reload()').btn-block
    9|         +col('md',9)
  > 10|             +form('post',ctx.req.url)
    11|                 +input('text','name','版块名',data.name)
    12|                 +ckeditor('header','简介',data.header,'支持html，填写@time将会倍替换为冷却时间，填写@name将会被替换为版块名。')
    13|                 hr

Cannot read property 'req' of undefined
    at block (eval at wrap (/Users/web/Desktop/demo/koaproject/water2017/node_modules/pug-runtime/wrap.js:6:10), <anonymous>:829:14)
    at Object.pug_interp (eval at wrap (/Users/web/Desktop/demo/koaproject/water2017/node_modules/pug-runtime/wrap.js:6:10), <anonymous>:55:10)
    at block (eval at wrap (/Users/web/Desktop/demo/koaproject/water2017/node_modules/pug-runtime/wrap.js:6:10), <anonymous>:811:19)
    at Object.pug_interp (eval at wrap (/Users/web/Desktop/demo/koaproject/water2017/node_modules/pug-runtime/wrap.js:6:10), <anonymous>:36:10)
    at block (eval at wrap (/Users/web/Desktop/demo/koaproject/water2017/node_modules/pug-runtime/wrap.js:6:10), <anonymous>:790:19)
    at Object.pug_interp (eval at wrap (/Users/web/Desktop/demo/koaproject/water2017/node_modules/pug-runtime/wrap.js:6:10), <anonymous>:13:10)
    at eval (eval at wrap (/Users/web/Desktop/demo/koaproject/water2017/node_modules/pug-runtime/wrap.js:6:10), <anonymous>:786:25)
    at template (eval at wrap (/Users/web/Desktop/demo/koaproject/water2017/node_modules/pug-runtime/wrap.js:6:10), <anonymous>:836:72)
    at /Users/web/Desktop/demo/koaproject/water2017/node_modules/consolidate/lib/consolidate.js:809:16
    at /Users/web/Desktop/demo/koaproject/water2017/node_modules/consolidate/lib/consolidate.js:144:5
    at Promise._execute (/Users/web/Desktop/demo/koaproject/water2017/node_modules/bluebird/js/release/debuggability.js:300:9)
    at Promise._resolveFromExecutor (/Users/web/Desktop/demo/koaproject/water2017/node_modules/bluebird/js/release/promise.js:483:18)
    at new Promise (/Users/web/Desktop/demo/koaproject/water2017/node_modules/bluebird/js/release/promise.js:79:10)
    at promisify (/Users/web/Desktop/demo/koaproject/water2017/node_modules/consolidate/lib/consolidate.js:137:10)
    at exports.pug (/Users/web/Desktop/demo/koaproject/water2017/node_modules/consolidate/lib/consolidate.js:793:10)
    at /Users/web/Desktop/demo/koaproject/water2017/node_modules/koa-views/lib/index.js:53:20
    at <anonymous>
*************** error log end ***************

[2017-08-19 10:40:48.298] [ERROR] errorLogger - 
*************** error log start ***************
request method: GET
request originalUrl:  /content/forum/1/update
request client ip:  ::1
request query:  {}
response time: 447
err name: TypeError
err message: /Users/web/Desktop/demo/koaproject/water2017/views/content/forum/edit.pug:10
    8|                 +button('default','sm','重置页面','javascript:location.reload()').btn-block
    9|         +col('md',9)
  > 10|             +form('post',req.url)
    11|                 +input('text','name','版块名',data.name)
    12|                 +ckeditor('header','简介',data.header,'支持html，填写@time将会倍替换为冷却时间，填写@name将会被替换为版块名。')
    13|                 hr

Cannot read property 'url' of undefined
err stack: TypeError: /Users/web/Desktop/demo/koaproject/water2017/views/content/forum/edit.pug:10
    8|                 +button('default','sm','重置页面','javascript:location.reload()').btn-block
    9|         +col('md',9)
  > 10|             +form('post',req.url)
    11|                 +input('text','name','版块名',data.name)
    12|                 +ckeditor('header','简介',data.header,'支持html，填写@time将会倍替换为冷却时间，填写@name将会被替换为版块名。')
    13|                 hr

Cannot read property 'url' of undefined
    at block (eval at wrap (/Users/web/Desktop/demo/koaproject/water2017/node_modules/pug-runtime/wrap.js:6:10), <anonymous>:829:14)
    at Object.pug_interp (eval at wrap (/Users/web/Desktop/demo/koaproject/water2017/node_modules/pug-runtime/wrap.js:6:10), <anonymous>:55:10)
    at block (eval at wrap (/Users/web/Desktop/demo/koaproject/water2017/node_modules/pug-runtime/wrap.js:6:10), <anonymous>:811:19)
    at Object.pug_interp (eval at wrap (/Users/web/Desktop/demo/koaproject/water2017/node_modules/pug-runtime/wrap.js:6:10), <anonymous>:36:10)
    at block (eval at wrap (/Users/web/Desktop/demo/koaproject/water2017/node_modules/pug-runtime/wrap.js:6:10), <anonymous>:790:19)
    at Object.pug_interp (eval at wrap (/Users/web/Desktop/demo/koaproject/water2017/node_modules/pug-runtime/wrap.js:6:10), <anonymous>:13:10)
    at eval (eval at wrap (/Users/web/Desktop/demo/koaproject/water2017/node_modules/pug-runtime/wrap.js:6:10), <anonymous>:786:25)
    at template (eval at wrap (/Users/web/Desktop/demo/koaproject/water2017/node_modules/pug-runtime/wrap.js:6:10), <anonymous>:836:72)
    at /Users/web/Desktop/demo/koaproject/water2017/node_modules/consolidate/lib/consolidate.js:809:16
    at /Users/web/Desktop/demo/koaproject/water2017/node_modules/consolidate/lib/consolidate.js:144:5
    at Promise._execute (/Users/web/Desktop/demo/koaproject/water2017/node_modules/bluebird/js/release/debuggability.js:300:9)
    at Promise._resolveFromExecutor (/Users/web/Desktop/demo/koaproject/water2017/node_modules/bluebird/js/release/promise.js:483:18)
    at new Promise (/Users/web/Desktop/demo/koaproject/water2017/node_modules/bluebird/js/release/promise.js:79:10)
    at promisify (/Users/web/Desktop/demo/koaproject/water2017/node_modules/consolidate/lib/consolidate.js:137:10)
    at exports.pug (/Users/web/Desktop/demo/koaproject/water2017/node_modules/consolidate/lib/consolidate.js:793:10)
    at /Users/web/Desktop/demo/koaproject/water2017/node_modules/koa-views/lib/index.js:53:20
    at <anonymous>
*************** error log end ***************

[2017-08-19 10:41:41.853] [ERROR] errorLogger - 
*************** error log start ***************
request method: POST
request originalUrl:  /content/forum/1/update
request client ip:  ::1
request body: 
{}
response time: 4
err name: TypeError
err message: Cannot read property 'update' of undefined
err stack: TypeError: Cannot read property 'update' of undefined
    at exports.update (/Users/web/Desktop/demo/koaproject/water2017/api/controllers/ForumController.js:94:38)
    at <anonymous>
*************** error log end ***************

[2017-08-19 10:42:21.273] [ERROR] errorLogger - 
*************** error log start ***************
request method: POST
request originalUrl:  /content/forum/1/update
request client ip:  ::1
request body: 
{}
response time: 25
err name: TypeError
err message: ctx.request.redirect is not a function
err stack: TypeError: ctx.request.redirect is not a function
    at exports.update (/Users/web/Desktop/demo/koaproject/water2017/api/controllers/ForumController.js:106:28)
    at <anonymous>
*************** error log end ***************

[2017-08-19 10:47:35.676] [ERROR] errorLogger - 
*************** error log start ***************
request method: POST
request originalUrl:  /content/forum/1/update
request client ip:  ::1
request body: 
{}
response time: 19
err name: SequelizeDatabaseError
err message: Query was empty
err stack: SequelizeDatabaseError: Query was empty
    at Query.formatError (/Users/web/Desktop/demo/koaproject/water2017/node_modules/sequelize/lib/dialects/mysql/query.js:222:16)
    at Query.connection.query [as onResult] (/Users/web/Desktop/demo/koaproject/water2017/node_modules/sequelize/lib/dialects/mysql/query.js:55:23)
    at Query.Command.execute (/Users/web/Desktop/demo/koaproject/water2017/node_modules/mysql2/lib/commands/command.js:30:12)
    at Connection.handlePacket (/Users/web/Desktop/demo/koaproject/water2017/node_modules/mysql2/lib/connection.js:515:28)
    at PacketParser.onPacket (/Users/web/Desktop/demo/koaproject/water2017/node_modules/mysql2/lib/connection.js:94:16)
    at PacketParser.executeStart (/Users/web/Desktop/demo/koaproject/water2017/node_modules/mysql2/lib/packet_parser.js:77:14)
    at Socket.<anonymous> (/Users/web/Desktop/demo/koaproject/water2017/node_modules/mysql2/lib/connection.js:102:29)
    at emitOne (events.js:115:13)
    at Socket.emit (events.js:210:7)
    at addChunk (_stream_readable.js:252:12)
    at readableAddChunk (_stream_readable.js:239:11)
    at Socket.Readable.push (_stream_readable.js:197:10)
    at TCP.onread (net.js:589:20)
*************** error log end ***************

[2017-08-19 10:49:54.201] [ERROR] errorLogger - 
*************** error log start ***************
request method: GET
request originalUrl:  /content/forum/1/update
request client ip:  ::1
request query:  {}
response time: 62
err name: TypeError
err message: Cannot read property 'parse' of undefined
err stack: TypeError: Cannot read property 'parse' of undefined
    at exports.update (/Users/web/Desktop/demo/koaproject/water2017/api/controllers/ForumController.js:85:17)
    at <anonymous>
*************** error log end ***************

[2017-08-19 10:53:45.858] [ERROR] errorLogger - 
*************** error log start ***************
request method: GET
request originalUrl:  /content/forum/create
request client ip:  ::1
request query:  {}
response time: 119
err name: TypeError
err message: Cannot read property 'name' of undefined
err stack: TypeError: Cannot read property 'name' of undefined
    at exports.create (/Users/web/Desktop/demo/koaproject/water2017/api/controllers/ForumController.js:61:27)
    at <anonymous>
*************** error log end ***************

[2017-08-19 10:53:52.953] [ERROR] errorLogger - 
*************** error log start ***************
request method: POST
request originalUrl:  /content/forum/create
request client ip:  ::1
request body: 
{}
response time: 1
err name: TypeError
err message: Cannot read property 'name' of undefined
err stack: TypeError: Cannot read property 'name' of undefined
    at exports.create (/Users/web/Desktop/demo/koaproject/water2017/api/controllers/ForumController.js:61:27)
    at dispatch (/Users/web/Desktop/demo/koaproject/water2017/node_modules/koa-router/node_modules/koa-compose/index.js:44:32)
    at next (/Users/web/Desktop/demo/koaproject/water2017/node_modules/koa-router/node_modules/koa-compose/index.js:45:18)
    at /Users/web/Desktop/demo/koaproject/water2017/node_modules/koa-router/lib/router.js:345:16
    at dispatch (/Users/web/Desktop/demo/koaproject/water2017/node_modules/koa-router/node_modules/koa-compose/index.js:44:32)
    at /Users/web/Desktop/demo/koaproject/water2017/node_modules/koa-router/node_modules/koa-compose/index.js:36:12
    at dispatch (/Users/web/Desktop/demo/koaproject/water2017/node_modules/koa-router/lib/router.js:350:31)
    at dispatch (/Users/web/Desktop/demo/koaproject/water2017/node_modules/koa-compose/index.js:42:32)
    at next (/Users/web/Desktop/demo/koaproject/water2017/node_modules/koa-compose/index.js:43:18)
    at dispatch (/Users/web/Desktop/demo/koaproject/water2017/node_modules/koa-router/lib/router.js:332:32)
    at dispatch (/Users/web/Desktop/demo/koaproject/water2017/node_modules/koa-compose/index.js:42:32)
    at next (/Users/web/Desktop/demo/koaproject/water2017/node_modules/koa-compose/index.js:43:18)
    at dispatch (/Users/web/Desktop/demo/koaproject/water2017/node_modules/koa-router/lib/router.js:332:32)
    at dispatch (/Users/web/Desktop/demo/koaproject/water2017/node_modules/koa-compose/index.js:42:32)
    at next (/Users/web/Desktop/demo/koaproject/water2017/node_modules/koa-compose/index.js:43:18)
    at app.use (/Users/web/Desktop/demo/koaproject/water2017/app.js:42:13)
    at dispatch (/Users/web/Desktop/demo/koaproject/water2017/node_modules/koa-compose/index.js:42:32)
    at next (/Users/web/Desktop/demo/koaproject/water2017/node_modules/koa-compose/index.js:43:18)
    at views (/Users/web/Desktop/demo/koaproject/water2017/node_modules/koa-views/lib/index.js:61:12)
    at dispatch (/Users/web/Desktop/demo/koaproject/water2017/node_modules/koa-compose/index.js:42:32)
    at next (/Users/web/Desktop/demo/koaproject/water2017/node_modules/koa-compose/index.js:43:18)
    at serve (/Users/web/Desktop/demo/koaproject/water2017/node_modules/koa-static/index.js:47:14)
*************** error log end ***************

[2017-08-19 10:54:33.877] [ERROR] errorLogger - 
*************** error log start ***************
request method: GET
request originalUrl:  /content/forum/create
request client ip:  ::1
request query:  {}
response time: 402
err name: TypeError
err message: Cannot read property 'name' of undefined
err stack: TypeError: Cannot read property 'name' of undefined
    at exports.create (/Users/web/Desktop/demo/koaproject/water2017/api/controllers/ForumController.js:61:27)
    at <anonymous>
*************** error log end ***************

[2017-08-19 10:54:42.671] [ERROR] errorLogger - 
*************** error log start ***************
request method: POST
request originalUrl:  /content/forum/create
request client ip:  ::1
request body: 
{}
response time: 1
err name: TypeError
err message: Cannot read property 'name' of undefined
err stack: TypeError: Cannot read property 'name' of undefined
    at exports.create (/Users/web/Desktop/demo/koaproject/water2017/api/controllers/ForumController.js:61:27)
    at dispatch (/Users/web/Desktop/demo/koaproject/water2017/node_modules/koa-router/node_modules/koa-compose/index.js:44:32)
    at next (/Users/web/Desktop/demo/koaproject/water2017/node_modules/koa-router/node_modules/koa-compose/index.js:45:18)
    at /Users/web/Desktop/demo/koaproject/water2017/node_modules/koa-router/lib/router.js:345:16
    at dispatch (/Users/web/Desktop/demo/koaproject/water2017/node_modules/koa-router/node_modules/koa-compose/index.js:44:32)
    at /Users/web/Desktop/demo/koaproject/water2017/node_modules/koa-router/node_modules/koa-compose/index.js:36:12
    at dispatch (/Users/web/Desktop/demo/koaproject/water2017/node_modules/koa-router/lib/router.js:350:31)
    at dispatch (/Users/web/Desktop/demo/koaproject/water2017/node_modules/koa-compose/index.js:42:32)
    at next (/Users/web/Desktop/demo/koaproject/water2017/node_modules/koa-compose/index.js:43:18)
    at dispatch (/Users/web/Desktop/demo/koaproject/water2017/node_modules/koa-router/lib/router.js:332:32)
    at dispatch (/Users/web/Desktop/demo/koaproject/water2017/node_modules/koa-compose/index.js:42:32)
    at next (/Users/web/Desktop/demo/koaproject/water2017/node_modules/koa-compose/index.js:43:18)
    at dispatch (/Users/web/Desktop/demo/koaproject/water2017/node_modules/koa-router/lib/router.js:332:32)
    at dispatch (/Users/web/Desktop/demo/koaproject/water2017/node_modules/koa-compose/index.js:42:32)
    at next (/Users/web/Desktop/demo/koaproject/water2017/node_modules/koa-compose/index.js:43:18)
    at app.use (/Users/web/Desktop/demo/koaproject/water2017/app.js:42:13)
    at dispatch (/Users/web/Desktop/demo/koaproject/water2017/node_modules/koa-compose/index.js:42:32)
    at next (/Users/web/Desktop/demo/koaproject/water2017/node_modules/koa-compose/index.js:43:18)
    at views (/Users/web/Desktop/demo/koaproject/water2017/node_modules/koa-views/lib/index.js:61:12)
    at dispatch (/Users/web/Desktop/demo/koaproject/water2017/node_modules/koa-compose/index.js:42:32)
    at next (/Users/web/Desktop/demo/koaproject/water2017/node_modules/koa-compose/index.js:43:18)
    at serve (/Users/web/Desktop/demo/koaproject/water2017/node_modules/koa-static/index.js:47:14)
*************** error log end ***************

[2017-08-19 10:55:04.452] [ERROR] errorLogger - 
*************** error log start ***************
request method: GET
request originalUrl:  /content/forum/create
request client ip:  ::1
request query:  {}
response time: 413
err name: TypeError
err message: Cannot read property 'name' of undefined
err stack: TypeError: Cannot read property 'name' of undefined
    at exports.create (/Users/web/Desktop/demo/koaproject/water2017/api/controllers/ForumController.js:61:27)
    at <anonymous>
*************** error log end ***************

[2017-08-19 10:55:11.204] [ERROR] errorLogger - 
*************** error log start ***************
request method: POST
request originalUrl:  /content/forum/create
request client ip:  ::1
request body: 
{}
response time: 1
err name: TypeError
err message: Cannot read property 'name' of undefined
err stack: TypeError: Cannot read property 'name' of undefined
    at exports.create (/Users/web/Desktop/demo/koaproject/water2017/api/controllers/ForumController.js:61:27)
    at dispatch (/Users/web/Desktop/demo/koaproject/water2017/node_modules/koa-router/node_modules/koa-compose/index.js:44:32)
    at next (/Users/web/Desktop/demo/koaproject/water2017/node_modules/koa-router/node_modules/koa-compose/index.js:45:18)
    at /Users/web/Desktop/demo/koaproject/water2017/node_modules/koa-router/lib/router.js:345:16
    at dispatch (/Users/web/Desktop/demo/koaproject/water2017/node_modules/koa-router/node_modules/koa-compose/index.js:44:32)
    at /Users/web/Desktop/demo/koaproject/water2017/node_modules/koa-router/node_modules/koa-compose/index.js:36:12
    at dispatch (/Users/web/Desktop/demo/koaproject/water2017/node_modules/koa-router/lib/router.js:350:31)
    at dispatch (/Users/web/Desktop/demo/koaproject/water2017/node_modules/koa-compose/index.js:42:32)
    at next (/Users/web/Desktop/demo/koaproject/water2017/node_modules/koa-compose/index.js:43:18)
    at dispatch (/Users/web/Desktop/demo/koaproject/water2017/node_modules/koa-router/lib/router.js:332:32)
    at dispatch (/Users/web/Desktop/demo/koaproject/water2017/node_modules/koa-compose/index.js:42:32)
    at next (/Users/web/Desktop/demo/koaproject/water2017/node_modules/koa-compose/index.js:43:18)
    at dispatch (/Users/web/Desktop/demo/koaproject/water2017/node_modules/koa-router/lib/router.js:332:32)
    at dispatch (/Users/web/Desktop/demo/koaproject/water2017/node_modules/koa-compose/index.js:42:32)
    at next (/Users/web/Desktop/demo/koaproject/water2017/node_modules/koa-compose/index.js:43:18)
    at app.use (/Users/web/Desktop/demo/koaproject/water2017/app.js:42:13)
    at dispatch (/Users/web/Desktop/demo/koaproject/water2017/node_modules/koa-compose/index.js:42:32)
    at next (/Users/web/Desktop/demo/koaproject/water2017/node_modules/koa-compose/index.js:43:18)
    at views (/Users/web/Desktop/demo/koaproject/water2017/node_modules/koa-views/lib/index.js:61:12)
    at dispatch (/Users/web/Desktop/demo/koaproject/water2017/node_modules/koa-compose/index.js:42:32)
    at next (/Users/web/Desktop/demo/koaproject/water2017/node_modules/koa-compose/index.js:43:18)
    at serve (/Users/web/Desktop/demo/koaproject/water2017/node_modules/koa-static/index.js:47:14)
*************** error log end ***************

[2017-08-19 10:55:44.682] [ERROR] errorLogger - 
*************** error log start ***************
request method: GET
request originalUrl:  /content/forum/create
request client ip:  ::1
request query:  {}
response time: 434
err name: TypeError
err message: Cannot read property 'name' of undefined
err stack: TypeError: Cannot read property 'name' of undefined
    at exports.create (/Users/web/Desktop/demo/koaproject/water2017/api/controllers/ForumController.js:61:27)
    at <anonymous>
*************** error log end ***************

