[2017-08-16 00:01:32.588] [ERROR] errorLogger - 
*************** error log start ***************
request method: GET
request originalUrl:  /content/forum
request client ip:  ::1
request query:  {}
response time: 485
err name: TypeError
err message: /Users/web/Desktop/demo/koaproject/water2017/views/content/forum/index.pug:5
    3|     +row
    4|         +col('md',3)
  > 5|             +message
    6|             +well
    7|                 +button('primary','sm','创建新的版块','/content/forum/create').btn-block
    8|                 hr

pug_mixins.message is not a function
err stack: TypeError: /Users/web/Desktop/demo/koaproject/water2017/views/content/forum/index.pug:5
    3|     +row
    4|         +col('md',3)
  > 5|             +message
    6|             +well
    7|                 +button('primary','sm','创建新的版块','/content/forum/create').btn-block
    8|                 hr

pug_mixins.message is not a function
    at block (eval at wrap (/Users/web/Desktop/demo/koaproject/water2017/node_modules/pug-runtime/wrap.js:6:10), <anonymous>:796:22)
    at Object.pug_interp (eval at wrap (/Users/web/Desktop/demo/koaproject/water2017/node_modules/pug-runtime/wrap.js:6:10), <anonymous>:55:10)
    at block (eval at wrap (/Users/web/Desktop/demo/koaproject/water2017/node_modules/pug-runtime/wrap.js:6:10), <anonymous>:793:19)
    at Object.pug_interp (eval at wrap (/Users/web/Desktop/demo/koaproject/water2017/node_modules/pug-runtime/wrap.js:6:10), <anonymous>:36:10)
    at block (eval at wrap (/Users/web/Desktop/demo/koaproject/water2017/node_modules/pug-runtime/wrap.js:6:10), <anonymous>:790:19)
    at Object.pug_interp (eval at wrap (/Users/web/Desktop/demo/koaproject/water2017/node_modules/pug-runtime/wrap.js:6:10), <anonymous>:13:10)
    at eval (eval at wrap (/Users/web/Desktop/demo/koaproject/water2017/node_modules/pug-runtime/wrap.js:6:10), <anonymous>:786:25)
    at template (eval at wrap (/Users/web/Desktop/demo/koaproject/water2017/node_modules/pug-runtime/wrap.js:6:10), <anonymous>:1049:72)
    at /Users/web/Desktop/demo/koaproject/water2017/node_modules/consolidate/lib/consolidate.js:809:16
    at /Users/web/Desktop/demo/koaproject/water2017/node_modules/consolidate/lib/consolidate.js:144:5
    at Promise._execute (/Users/web/Desktop/demo/koaproject/water2017/node_modules/bluebird/js/release/debuggability.js:300:9)
    at Promise._resolveFromExecutor (/Users/web/Desktop/demo/koaproject/water2017/node_modules/bluebird/js/release/promise.js:483:18)
    at new Promise (/Users/web/Desktop/demo/koaproject/water2017/node_modules/bluebird/js/release/promise.js:79:10)
    at promisify (/Users/web/Desktop/demo/koaproject/water2017/node_modules/consolidate/lib/consolidate.js:137:10)
    at exports.pug (/Users/web/Desktop/demo/koaproject/water2017/node_modules/consolidate/lib/consolidate.js:793:10)
    at /Users/web/Desktop/demo/koaproject/water2017/node_modules/koa-views/lib/index.js:53:20
*************** error log end ***************

[2017-08-16 00:02:28.662] [ERROR] errorLogger - 
*************** error log start ***************
request method: GET
request originalUrl:  /content/forum
request client ip:  ::1
request query:  {}
response time: 509
err name: TypeError
err message: /Users/web/Desktop/demo/koaproject/water2017/views/content/forum/index.pug:40
    38|                                     = item.cooldown
    39|                                 td
  > 40|                                     +time(item.createdAt)
    41|                                     br
    42|                                     font(color="#999999")
    43|                                         +time(item.createdAt)

pug_mixins.time is not a function
err stack: TypeError: /Users/web/Desktop/demo/koaproject/water2017/views/content/forum/index.pug:40
    38|                                     = item.cooldown
    39|                                 td
  > 40|                                     +time(item.createdAt)
    41|                                     br
    42|                                     font(color="#999999")
    43|                                         +time(item.createdAt)

pug_mixins.time is not a function
    at eval (eval at wrap (/Users/web/Desktop/demo/koaproject/water2017/node_modules/pug-runtime/wrap.js:6:10), <anonymous>:903:19)
    at block (eval at wrap (/Users/web/Desktop/demo/koaproject/water2017/node_modules/pug-runtime/wrap.js:6:10), <anonymous>:1034:4)
    at Object.pug_interp (eval at wrap (/Users/web/Desktop/demo/koaproject/water2017/node_modules/pug-runtime/wrap.js:6:10), <anonymous>:127:10)
    at block (eval at wrap (/Users/web/Desktop/demo/koaproject/water2017/node_modules/pug-runtime/wrap.js:6:10), <anonymous>:819:21)
    at Object.pug_interp (eval at wrap (/Users/web/Desktop/demo/koaproject/water2017/node_modules/pug-runtime/wrap.js:6:10), <anonymous>:181:10)
    at block (eval at wrap (/Users/web/Desktop/demo/koaproject/water2017/node_modules/pug-runtime/wrap.js:6:10), <anonymous>:816:20)
    at Object.pug_interp (eval at wrap (/Users/web/Desktop/demo/koaproject/water2017/node_modules/pug-runtime/wrap.js:6:10), <anonymous>:55:10)
    at block (eval at wrap (/Users/web/Desktop/demo/koaproject/water2017/node_modules/pug-runtime/wrap.js:6:10), <anonymous>:813:19)
    at Object.pug_interp (eval at wrap (/Users/web/Desktop/demo/koaproject/water2017/node_modules/pug-runtime/wrap.js:6:10), <anonymous>:36:10)
    at block (eval at wrap (/Users/web/Desktop/demo/koaproject/water2017/node_modules/pug-runtime/wrap.js:6:10), <anonymous>:790:19)
    at Object.pug_interp (eval at wrap (/Users/web/Desktop/demo/koaproject/water2017/node_modules/pug-runtime/wrap.js:6:10), <anonymous>:13:10)
    at eval (eval at wrap (/Users/web/Desktop/demo/koaproject/water2017/node_modules/pug-runtime/wrap.js:6:10), <anonymous>:786:25)
    at template (eval at wrap (/Users/web/Desktop/demo/koaproject/water2017/node_modules/pug-runtime/wrap.js:6:10), <anonymous>:1047:72)
    at /Users/web/Desktop/demo/koaproject/water2017/node_modules/consolidate/lib/consolidate.js:809:16
    at /Users/web/Desktop/demo/koaproject/water2017/node_modules/consolidate/lib/consolidate.js:144:5
    at Promise._execute (/Users/web/Desktop/demo/koaproject/water2017/node_modules/bluebird/js/release/debuggability.js:300:9)
*************** error log end ***************

[2017-08-16 00:03:45.755] [ERROR] errorLogger - 
*************** error log start ***************
request method: GET
request originalUrl:  /content/forum
request client ip:  ::1
request query:  {}
response time: 500
err name: TypeError
err message: /Users/web/Desktop/demo/koaproject/water2017/views/content/forum/index.pug:40
    38|                                     = item.cooldown
    39|                                 td
  > 40|                                     +time(item.createdAt)
    41|                                     br
    42|                                     font(color="#999999")
    43|                                         +time(item.createdAt)

pug_mixins.time is not a function
err stack: TypeError: /Users/web/Desktop/demo/koaproject/water2017/views/content/forum/index.pug:40
    38|                                     = item.cooldown
    39|                                 td
  > 40|                                     +time(item.createdAt)
    41|                                     br
    42|                                     font(color="#999999")
    43|                                         +time(item.createdAt)

pug_mixins.time is not a function
    at eval (eval at wrap (/Users/web/Desktop/demo/koaproject/water2017/node_modules/pug-runtime/wrap.js:6:10), <anonymous>:903:19)
    at block (eval at wrap (/Users/web/Desktop/demo/koaproject/water2017/node_modules/pug-runtime/wrap.js:6:10), <anonymous>:1034:4)
    at Object.pug_interp (eval at wrap (/Users/web/Desktop/demo/koaproject/water2017/node_modules/pug-runtime/wrap.js:6:10), <anonymous>:127:10)
    at block (eval at wrap (/Users/web/Desktop/demo/koaproject/water2017/node_modules/pug-runtime/wrap.js:6:10), <anonymous>:819:21)
    at Object.pug_interp (eval at wrap (/Users/web/Desktop/demo/koaproject/water2017/node_modules/pug-runtime/wrap.js:6:10), <anonymous>:181:10)
    at block (eval at wrap (/Users/web/Desktop/demo/koaproject/water2017/node_modules/pug-runtime/wrap.js:6:10), <anonymous>:816:20)
    at Object.pug_interp (eval at wrap (/Users/web/Desktop/demo/koaproject/water2017/node_modules/pug-runtime/wrap.js:6:10), <anonymous>:55:10)
    at block (eval at wrap (/Users/web/Desktop/demo/koaproject/water2017/node_modules/pug-runtime/wrap.js:6:10), <anonymous>:813:19)
    at Object.pug_interp (eval at wrap (/Users/web/Desktop/demo/koaproject/water2017/node_modules/pug-runtime/wrap.js:6:10), <anonymous>:36:10)
    at block (eval at wrap (/Users/web/Desktop/demo/koaproject/water2017/node_modules/pug-runtime/wrap.js:6:10), <anonymous>:790:19)
    at Object.pug_interp (eval at wrap (/Users/web/Desktop/demo/koaproject/water2017/node_modules/pug-runtime/wrap.js:6:10), <anonymous>:13:10)
    at eval (eval at wrap (/Users/web/Desktop/demo/koaproject/water2017/node_modules/pug-runtime/wrap.js:6:10), <anonymous>:786:25)
    at template (eval at wrap (/Users/web/Desktop/demo/koaproject/water2017/node_modules/pug-runtime/wrap.js:6:10), <anonymous>:1047:72)
    at /Users/web/Desktop/demo/koaproject/water2017/node_modules/consolidate/lib/consolidate.js:809:16
    at /Users/web/Desktop/demo/koaproject/water2017/node_modules/consolidate/lib/consolidate.js:144:5
    at Promise._execute (/Users/web/Desktop/demo/koaproject/water2017/node_modules/bluebird/js/release/debuggability.js:300:9)
*************** error log end ***************

[2017-08-16 00:05:26.808] [ERROR] errorLogger - 
*************** error log start ***************
request method: GET
request originalUrl:  /content/forum
request client ip:  ::1
request query:  {}
response time: 509
err name: TypeError
err message: /Users/web/Desktop/demo/koaproject/water2017/views/content/forum/index.pug:27
    25|                             tr
    26|                                 td
  > 27|                                     input(type="checkbox",name='ids',value=item.id)
    28|                                 td
    29|                                     a(href='/content/threads'+'?forum='+item.id)= item.id
    30|                                 td

Cannot read property 'id' of undefined
err stack: TypeError: /Users/web/Desktop/demo/koaproject/water2017/views/content/forum/index.pug:27
    25|                             tr
    26|                                 td
  > 27|                                     input(type="checkbox",name='ids',value=item.id)
    28|                                 td
    29|                                     a(href='/content/threads'+'?forum='+item.id)= item.id
    30|                                 td

Cannot read property 'id' of undefined
    at eval (eval at wrap (/Users/web/Desktop/demo/koaproject/water2017/node_modules/pug-runtime/wrap.js:6:10), <anonymous>:867:96)
    at block (eval at wrap (/Users/web/Desktop/demo/koaproject/water2017/node_modules/pug-runtime/wrap.js:6:10), <anonymous>:1034:4)
    at Object.pug_interp (eval at wrap (/Users/web/Desktop/demo/koaproject/water2017/node_modules/pug-runtime/wrap.js:6:10), <anonymous>:127:10)
    at block (eval at wrap (/Users/web/Desktop/demo/koaproject/water2017/node_modules/pug-runtime/wrap.js:6:10), <anonymous>:819:21)
    at Object.pug_interp (eval at wrap (/Users/web/Desktop/demo/koaproject/water2017/node_modules/pug-runtime/wrap.js:6:10), <anonymous>:181:10)
    at block (eval at wrap (/Users/web/Desktop/demo/koaproject/water2017/node_modules/pug-runtime/wrap.js:6:10), <anonymous>:816:20)
    at Object.pug_interp (eval at wrap (/Users/web/Desktop/demo/koaproject/water2017/node_modules/pug-runtime/wrap.js:6:10), <anonymous>:55:10)
    at block (eval at wrap (/Users/web/Desktop/demo/koaproject/water2017/node_modules/pug-runtime/wrap.js:6:10), <anonymous>:813:19)
    at Object.pug_interp (eval at wrap (/Users/web/Desktop/demo/koaproject/water2017/node_modules/pug-runtime/wrap.js:6:10), <anonymous>:36:10)
    at block (eval at wrap (/Users/web/Desktop/demo/koaproject/water2017/node_modules/pug-runtime/wrap.js:6:10), <anonymous>:790:19)
    at Object.pug_interp (eval at wrap (/Users/web/Desktop/demo/koaproject/water2017/node_modules/pug-runtime/wrap.js:6:10), <anonymous>:13:10)
    at eval (eval at wrap (/Users/web/Desktop/demo/koaproject/water2017/node_modules/pug-runtime/wrap.js:6:10), <anonymous>:786:25)
    at template (eval at wrap (/Users/web/Desktop/demo/koaproject/water2017/node_modules/pug-runtime/wrap.js:6:10), <anonymous>:1047:72)
    at /Users/web/Desktop/demo/koaproject/water2017/node_modules/consolidate/lib/consolidate.js:809:16
    at /Users/web/Desktop/demo/koaproject/water2017/node_modules/consolidate/lib/consolidate.js:144:5
    at Promise._execute (/Users/web/Desktop/demo/koaproject/water2017/node_modules/bluebird/js/release/debuggability.js:300:9)
*************** error log end ***************

[2017-08-16 00:11:09.041] [ERROR] errorLogger - 
*************** error log start ***************
request method: GET
request originalUrl:  /content/forum
request client ip:  ::1
request query:  {}
response time: 513
err name: TypeError
err message: /Users/web/Desktop/demo/koaproject/water2017/views/content/forum/index.pug:27
    25|                             tr
    26|                                 td
  > 27|                                     input(type="checkbox",name='ids',value=item.id)
    28|                                 td
    29|                                     a(href='/content/threads'+'?forum='+item.id)= item.id
    30|                                 td

Cannot read property 'id' of undefined
err stack: TypeError: /Users/web/Desktop/demo/koaproject/water2017/views/content/forum/index.pug:27
    25|                             tr
    26|                                 td
  > 27|                                     input(type="checkbox",name='ids',value=item.id)
    28|                                 td
    29|                                     a(href='/content/threads'+'?forum='+item.id)= item.id
    30|                                 td

Cannot read property 'id' of undefined
    at eval (eval at wrap (/Users/web/Desktop/demo/koaproject/water2017/node_modules/pug-runtime/wrap.js:6:10), <anonymous>:867:96)
    at block (eval at wrap (/Users/web/Desktop/demo/koaproject/water2017/node_modules/pug-runtime/wrap.js:6:10), <anonymous>:1034:4)
    at Object.pug_interp (eval at wrap (/Users/web/Desktop/demo/koaproject/water2017/node_modules/pug-runtime/wrap.js:6:10), <anonymous>:127:10)
    at block (eval at wrap (/Users/web/Desktop/demo/koaproject/water2017/node_modules/pug-runtime/wrap.js:6:10), <anonymous>:819:21)
    at Object.pug_interp (eval at wrap (/Users/web/Desktop/demo/koaproject/water2017/node_modules/pug-runtime/wrap.js:6:10), <anonymous>:181:10)
    at block (eval at wrap (/Users/web/Desktop/demo/koaproject/water2017/node_modules/pug-runtime/wrap.js:6:10), <anonymous>:816:20)
    at Object.pug_interp (eval at wrap (/Users/web/Desktop/demo/koaproject/water2017/node_modules/pug-runtime/wrap.js:6:10), <anonymous>:55:10)
    at block (eval at wrap (/Users/web/Desktop/demo/koaproject/water2017/node_modules/pug-runtime/wrap.js:6:10), <anonymous>:813:19)
    at Object.pug_interp (eval at wrap (/Users/web/Desktop/demo/koaproject/water2017/node_modules/pug-runtime/wrap.js:6:10), <anonymous>:36:10)
    at block (eval at wrap (/Users/web/Desktop/demo/koaproject/water2017/node_modules/pug-runtime/wrap.js:6:10), <anonymous>:790:19)
    at Object.pug_interp (eval at wrap (/Users/web/Desktop/demo/koaproject/water2017/node_modules/pug-runtime/wrap.js:6:10), <anonymous>:13:10)
    at eval (eval at wrap (/Users/web/Desktop/demo/koaproject/water2017/node_modules/pug-runtime/wrap.js:6:10), <anonymous>:786:25)
    at template (eval at wrap (/Users/web/Desktop/demo/koaproject/water2017/node_modules/pug-runtime/wrap.js:6:10), <anonymous>:1047:72)
    at /Users/web/Desktop/demo/koaproject/water2017/node_modules/consolidate/lib/consolidate.js:809:16
    at /Users/web/Desktop/demo/koaproject/water2017/node_modules/consolidate/lib/consolidate.js:144:5
    at Promise._execute (/Users/web/Desktop/demo/koaproject/water2017/node_modules/bluebird/js/release/debuggability.js:300:9)
*************** error log end ***************

[2017-08-16 00:11:49.606] [ERROR] errorLogger - 
*************** error log start ***************
request method: GET
request originalUrl:  /content/forum
request client ip:  ::1
request query:  {}
response time: 507
err name: TypeError
err message: /Users/web/Desktop/demo/koaproject/water2017/views/content/forum/index.pug:27
    25|                             tr
    26|                                 td
  > 27|                                     input(type="checkbox",name='ids',value=item.id)
    28|                                 td
    29|                                     a(href='/content/threads'+'?forum='+item.id)= item.id
    30|                                 td

Cannot read property 'id' of undefined
err stack: TypeError: /Users/web/Desktop/demo/koaproject/water2017/views/content/forum/index.pug:27
    25|                             tr
    26|                                 td
  > 27|                                     input(type="checkbox",name='ids',value=item.id)
    28|                                 td
    29|                                     a(href='/content/threads'+'?forum='+item.id)= item.id
    30|                                 td

Cannot read property 'id' of undefined
    at eval (eval at wrap (/Users/web/Desktop/demo/koaproject/water2017/node_modules/pug-runtime/wrap.js:6:10), <anonymous>:867:96)
    at block (eval at wrap (/Users/web/Desktop/demo/koaproject/water2017/node_modules/pug-runtime/wrap.js:6:10), <anonymous>:1034:4)
    at Object.pug_interp (eval at wrap (/Users/web/Desktop/demo/koaproject/water2017/node_modules/pug-runtime/wrap.js:6:10), <anonymous>:127:10)
    at block (eval at wrap (/Users/web/Desktop/demo/koaproject/water2017/node_modules/pug-runtime/wrap.js:6:10), <anonymous>:819:21)
    at Object.pug_interp (eval at wrap (/Users/web/Desktop/demo/koaproject/water2017/node_modules/pug-runtime/wrap.js:6:10), <anonymous>:181:10)
    at block (eval at wrap (/Users/web/Desktop/demo/koaproject/water2017/node_modules/pug-runtime/wrap.js:6:10), <anonymous>:816:20)
    at Object.pug_interp (eval at wrap (/Users/web/Desktop/demo/koaproject/water2017/node_modules/pug-runtime/wrap.js:6:10), <anonymous>:55:10)
    at block (eval at wrap (/Users/web/Desktop/demo/koaproject/water2017/node_modules/pug-runtime/wrap.js:6:10), <anonymous>:813:19)
    at Object.pug_interp (eval at wrap (/Users/web/Desktop/demo/koaproject/water2017/node_modules/pug-runtime/wrap.js:6:10), <anonymous>:36:10)
    at block (eval at wrap (/Users/web/Desktop/demo/koaproject/water2017/node_modules/pug-runtime/wrap.js:6:10), <anonymous>:790:19)
    at Object.pug_interp (eval at wrap (/Users/web/Desktop/demo/koaproject/water2017/node_modules/pug-runtime/wrap.js:6:10), <anonymous>:13:10)
    at eval (eval at wrap (/Users/web/Desktop/demo/koaproject/water2017/node_modules/pug-runtime/wrap.js:6:10), <anonymous>:786:25)
    at template (eval at wrap (/Users/web/Desktop/demo/koaproject/water2017/node_modules/pug-runtime/wrap.js:6:10), <anonymous>:1047:72)
    at /Users/web/Desktop/demo/koaproject/water2017/node_modules/consolidate/lib/consolidate.js:809:16
    at /Users/web/Desktop/demo/koaproject/water2017/node_modules/consolidate/lib/consolidate.js:144:5
    at Promise._execute (/Users/web/Desktop/demo/koaproject/water2017/node_modules/bluebird/js/release/debuggability.js:300:9)
*************** error log end ***************

[2017-08-16 00:13:56.952] [ERROR] errorLogger - 
*************** error log start ***************
request method: GET
request originalUrl:  /content/forum
request client ip:  ::1
request query:  {}
response time: 15
err name: ReferenceError
err message: result is not defined
err stack: ReferenceError: result is not defined
    at exports.index (/Users/web/Desktop/demo/koaproject/water2017/api/controllers/ForumController.js:28:5)
    at <anonymous>
*************** error log end ***************

[2017-08-16 00:14:23.333] [ERROR] errorLogger - 
*************** error log start ***************
request method: GET
request originalUrl:  /content/forum
request client ip:  ::1
request query:  {}
response time: 16
err name: ReferenceError
err message: result is not defined
err stack: ReferenceError: result is not defined
    at exports.index (/Users/web/Desktop/demo/koaproject/water2017/api/controllers/ForumController.js:28:5)
    at <anonymous>
*************** error log end ***************

[2017-08-16 00:14:36.697] [ERROR] errorLogger - 
*************** error log start ***************
request method: GET
request originalUrl:  /content/forum
request client ip:  ::1
request query:  {}
response time: 511
err name: TypeError
err message: /Users/web/Desktop/demo/koaproject/water2017/views/content/forum/index.pug:40
    38|                                     = item.cooldown
    39|                                 td
  > 40|                                     +time(item.createdAt)
    41|                                     br
    42|                                     font(color="#999999")
    43|                                         +time(item.createdAt)

pug_mixins.time is not a function
err stack: TypeError: /Users/web/Desktop/demo/koaproject/water2017/views/content/forum/index.pug:40
    38|                                     = item.cooldown
    39|                                 td
  > 40|                                     +time(item.createdAt)
    41|                                     br
    42|                                     font(color="#999999")
    43|                                         +time(item.createdAt)

pug_mixins.time is not a function
    at eval (eval at wrap (/Users/web/Desktop/demo/koaproject/water2017/node_modules/pug-runtime/wrap.js:6:10), <anonymous>:903:19)
    at block (eval at wrap (/Users/web/Desktop/demo/koaproject/water2017/node_modules/pug-runtime/wrap.js:6:10), <anonymous>:1034:4)
    at Object.pug_interp (eval at wrap (/Users/web/Desktop/demo/koaproject/water2017/node_modules/pug-runtime/wrap.js:6:10), <anonymous>:127:10)
    at block (eval at wrap (/Users/web/Desktop/demo/koaproject/water2017/node_modules/pug-runtime/wrap.js:6:10), <anonymous>:819:21)
    at Object.pug_interp (eval at wrap (/Users/web/Desktop/demo/koaproject/water2017/node_modules/pug-runtime/wrap.js:6:10), <anonymous>:181:10)
    at block (eval at wrap (/Users/web/Desktop/demo/koaproject/water2017/node_modules/pug-runtime/wrap.js:6:10), <anonymous>:816:20)
    at Object.pug_interp (eval at wrap (/Users/web/Desktop/demo/koaproject/water2017/node_modules/pug-runtime/wrap.js:6:10), <anonymous>:55:10)
    at block (eval at wrap (/Users/web/Desktop/demo/koaproject/water2017/node_modules/pug-runtime/wrap.js:6:10), <anonymous>:813:19)
    at Object.pug_interp (eval at wrap (/Users/web/Desktop/demo/koaproject/water2017/node_modules/pug-runtime/wrap.js:6:10), <anonymous>:36:10)
    at block (eval at wrap (/Users/web/Desktop/demo/koaproject/water2017/node_modules/pug-runtime/wrap.js:6:10), <anonymous>:790:19)
    at Object.pug_interp (eval at wrap (/Users/web/Desktop/demo/koaproject/water2017/node_modules/pug-runtime/wrap.js:6:10), <anonymous>:13:10)
    at eval (eval at wrap (/Users/web/Desktop/demo/koaproject/water2017/node_modules/pug-runtime/wrap.js:6:10), <anonymous>:786:25)
    at template (eval at wrap (/Users/web/Desktop/demo/koaproject/water2017/node_modules/pug-runtime/wrap.js:6:10), <anonymous>:1047:72)
    at /Users/web/Desktop/demo/koaproject/water2017/node_modules/consolidate/lib/consolidate.js:809:16
    at /Users/web/Desktop/demo/koaproject/water2017/node_modules/consolidate/lib/consolidate.js:144:5
    at Promise._execute (/Users/web/Desktop/demo/koaproject/water2017/node_modules/bluebird/js/release/debuggability.js:300:9)
*************** error log end ***************

[2017-08-16 00:22:33.793] [ERROR] errorLogger - 
*************** error log start ***************
request method: GET
request originalUrl:  /content/forum
request client ip:  ::1
request query:  {}
response time: 531
err name: TypeError
err message: /Users/web/Desktop/demo/koaproject/water2017/views/content/forum/index.pug:40
    38|                                     = item.cooldown
    39|                                 td
  > 40|                                     +time(item.createdAt)
    41|                                     br
    42|                                     font(color="#999999")
    43|                                         +time(item.createdAt)

pug_mixins.time is not a function
err stack: TypeError: /Users/web/Desktop/demo/koaproject/water2017/views/content/forum/index.pug:40
    38|                                     = item.cooldown
    39|                                 td
  > 40|                                     +time(item.createdAt)
    41|                                     br
    42|                                     font(color="#999999")
    43|                                         +time(item.createdAt)

pug_mixins.time is not a function
    at eval (eval at wrap (/Users/web/Desktop/demo/koaproject/water2017/node_modules/pug-runtime/wrap.js:6:10), <anonymous>:903:19)
    at block (eval at wrap (/Users/web/Desktop/demo/koaproject/water2017/node_modules/pug-runtime/wrap.js:6:10), <anonymous>:1034:4)
    at Object.pug_interp (eval at wrap (/Users/web/Desktop/demo/koaproject/water2017/node_modules/pug-runtime/wrap.js:6:10), <anonymous>:127:10)
    at block (eval at wrap (/Users/web/Desktop/demo/koaproject/water2017/node_modules/pug-runtime/wrap.js:6:10), <anonymous>:819:21)
    at Object.pug_interp (eval at wrap (/Users/web/Desktop/demo/koaproject/water2017/node_modules/pug-runtime/wrap.js:6:10), <anonymous>:181:10)
    at block (eval at wrap (/Users/web/Desktop/demo/koaproject/water2017/node_modules/pug-runtime/wrap.js:6:10), <anonymous>:816:20)
    at Object.pug_interp (eval at wrap (/Users/web/Desktop/demo/koaproject/water2017/node_modules/pug-runtime/wrap.js:6:10), <anonymous>:55:10)
    at block (eval at wrap (/Users/web/Desktop/demo/koaproject/water2017/node_modules/pug-runtime/wrap.js:6:10), <anonymous>:813:19)
    at Object.pug_interp (eval at wrap (/Users/web/Desktop/demo/koaproject/water2017/node_modules/pug-runtime/wrap.js:6:10), <anonymous>:36:10)
    at block (eval at wrap (/Users/web/Desktop/demo/koaproject/water2017/node_modules/pug-runtime/wrap.js:6:10), <anonymous>:790:19)
    at Object.pug_interp (eval at wrap (/Users/web/Desktop/demo/koaproject/water2017/node_modules/pug-runtime/wrap.js:6:10), <anonymous>:13:10)
    at eval (eval at wrap (/Users/web/Desktop/demo/koaproject/water2017/node_modules/pug-runtime/wrap.js:6:10), <anonymous>:786:25)
    at template (eval at wrap (/Users/web/Desktop/demo/koaproject/water2017/node_modules/pug-runtime/wrap.js:6:10), <anonymous>:1047:72)
    at /Users/web/Desktop/demo/koaproject/water2017/node_modules/consolidate/lib/consolidate.js:809:16
    at /Users/web/Desktop/demo/koaproject/water2017/node_modules/consolidate/lib/consolidate.js:144:5
    at Promise._execute (/Users/web/Desktop/demo/koaproject/water2017/node_modules/bluebird/js/release/debuggability.js:300:9)
*************** error log end ***************

[2017-08-16 00:31:34.694] [ERROR] errorLogger - 
*************** error log start ***************
request method: GET
request originalUrl:  /content/forum
request client ip:  ::1
request query:  {}
response time: 308
err name: Error
err message: /Users/web/Desktop/demo/koaproject/water2017/views/content/forum/index.pug:3

Only named blocks and mixins can appear at the top level of an extending template
err stack: Error: /Users/web/Desktop/demo/koaproject/water2017/views/content/forum/index.pug:3

Only named blocks and mixins can appear at the top level of an extending template
    at makeError (/Users/web/Desktop/demo/koaproject/water2017/node_modules/pug-error/index.js:32:13)
    at error (/Users/web/Desktop/demo/koaproject/water2017/node_modules/pug-linker/index.js:7:30)
    at addNode (/Users/web/Desktop/demo/koaproject/water2017/node_modules/pug-linker/index.js:34:9)
    at Array.forEach (native)
    at link (/Users/web/Desktop/demo/koaproject/water2017/node_modules/pug-linker/index.js:26:15)
    at compileBody (/Users/web/Desktop/demo/koaproject/water2017/node_modules/pug/lib/index.js:171:9)
    at Object.exports.compile (/Users/web/Desktop/demo/koaproject/water2017/node_modules/pug/lib/index.js:243:16)
    at handleTemplateCache (/Users/web/Desktop/demo/koaproject/water2017/node_modules/pug/lib/index.js:216:25)
    at Object.exports.compileFile (/Users/web/Desktop/demo/koaproject/water2017/node_modules/pug/lib/index.js:357:10)
    at /Users/web/Desktop/demo/koaproject/water2017/node_modules/consolidate/lib/consolidate.js:808:58
    at /Users/web/Desktop/demo/koaproject/water2017/node_modules/consolidate/lib/consolidate.js:144:5
    at Promise._execute (/Users/web/Desktop/demo/koaproject/water2017/node_modules/bluebird/js/release/debuggability.js:300:9)
    at Promise._resolveFromExecutor (/Users/web/Desktop/demo/koaproject/water2017/node_modules/bluebird/js/release/promise.js:483:18)
    at new Promise (/Users/web/Desktop/demo/koaproject/water2017/node_modules/bluebird/js/release/promise.js:79:10)
    at promisify (/Users/web/Desktop/demo/koaproject/water2017/node_modules/consolidate/lib/consolidate.js:137:10)
    at exports.pug (/Users/web/Desktop/demo/koaproject/water2017/node_modules/consolidate/lib/consolidate.js:793:10)
*************** error log end ***************

[2017-08-16 00:32:24.188] [ERROR] errorLogger - 
*************** error log start ***************
request method: GET
request originalUrl:  /content/forum
request client ip:  ::1
request query:  {}
response time: 20
err name: SyntaxError
err message: Unexpected token o in JSON at position 1
err stack: SyntaxError: Unexpected token o in JSON at position 1
    at JSON.parse (<anonymous>)
    at exports.index (/Users/web/Desktop/demo/koaproject/water2017/api/controllers/ForumController.js:26:18)
    at <anonymous>
*************** error log end ***************

[2017-08-16 00:35:45.233] [ERROR] errorLogger - 
*************** error log start ***************
request method: GET
request originalUrl:  /content/forum
request client ip:  ::1
request query:  {}
response time: 21
err name: Error
err message: /Users/web/Desktop/demo/koaproject/water2017/views/content/forum/index.pug:25:1
    23|                     tbody
    24|                         each item in data
  > 25|                         - console.log(item)
--------^
    26|                             tr
    27|                                 td
    28|                                     input(type="checkbox",name='ids',value=item.id)

expected "indent", but got "newline"
err stack: Error: /Users/web/Desktop/demo/koaproject/water2017/views/content/forum/index.pug:25:1
    23|                     tbody
    24|                         each item in data
  > 25|                         - console.log(item)
--------^
    26|                             tr
    27|                                 td
    28|                                     input(type="checkbox",name='ids',value=item.id)

expected "indent", but got "newline"
    at makeError (/Users/web/Desktop/demo/koaproject/water2017/node_modules/pug-error/index.js:32:13)
    at Parser.error (/Users/web/Desktop/demo/koaproject/water2017/node_modules/pug-parser/index.js:53:15)
    at Parser.expect (/Users/web/Desktop/demo/koaproject/water2017/node_modules/pug-parser/index.js:137:12)
    at Parser.block (/Users/web/Desktop/demo/koaproject/water2017/node_modules/pug-parser/index.js:929:20)
    at Parser.parseEach (/Users/web/Desktop/demo/koaproject/water2017/node_modules/pug-parser/index.js:724:19)
    at Parser.parseExpr (/Users/web/Desktop/demo/koaproject/water2017/node_modules/pug-parser/index.js:236:21)
    at Parser.block (/Users/web/Desktop/demo/koaproject/water2017/node_modules/pug-parser/index.js:937:25)
    at Parser.tag (/Users/web/Desktop/demo/koaproject/water2017/node_modules/pug-parser/index.js:1087:24)
    at Parser.parseTag (/Users/web/Desktop/demo/koaproject/water2017/node_modules/pug-parser/index.js:988:17)
    at Parser.parseExpr (/Users/web/Desktop/demo/koaproject/water2017/node_modules/pug-parser/index.js:208:21)
    at Parser.block (/Users/web/Desktop/demo/koaproject/water2017/node_modules/pug-parser/index.js:937:25)
    at Parser.tag (/Users/web/Desktop/demo/koaproject/water2017/node_modules/pug-parser/index.js:1087:24)
    at Parser.parseCall (/Users/web/Desktop/demo/koaproject/water2017/node_modules/pug-parser/index.js:846:10)
    at Parser.parseExpr (/Users/web/Desktop/demo/koaproject/water2017/node_modules/pug-parser/index.js:246:21)
    at Parser.block (/Users/web/Desktop/demo/koaproject/water2017/node_modules/pug-parser/index.js:937:25)
    at Parser.tag (/Users/web/Desktop/demo/koaproject/water2017/node_modules/pug-parser/index.js:1087:24)
*************** error log end ***************

[2017-08-16 00:39:05.712] [ERROR] errorLogger - 
*************** error log start ***************
request method: GET
request originalUrl:  /content/forum
request client ip:  ::1
request query:  {}
response time: 18
err name: ReferenceError
err message: esults is not defined
err stack: ReferenceError: esults is not defined
    at exports.index (/Users/web/Desktop/demo/koaproject/water2017/api/controllers/ForumController.js:37:29)
    at <anonymous>
*************** error log end ***************

