[2017-08-21 22:34:35.932] [ERROR] errorLogger - 
*************** error log start ***************
request method: POST
request originalUrl:  /system/setting/update
request client ip:  ::1
request body: 
{"fields":{"siteName":"aicocico","siteClose":"false","siteCloseMessage":"","sitePagesize":"","siteCdnPath":"","thumbPlaceholderPath":"","metaDescription":"","metaKeyword":"","metaRobot":"","cookieExpires":"","htmlIndex":"","htmlForumList":"","htmlFooter":"","htmlBottom":""},"files":{}}
response time: 17
err name: TypeError
err message: Cannot read property 'siteName' of undefined
err stack: TypeError: Cannot read property 'siteName' of undefined
    at exports.update (/Users/web/Desktop/demo/koaproject/water2017/api/controllers/SettingController.js:30:30)
    at dispatch (/Users/web/Desktop/demo/koaproject/water2017/node_modules/koa-router/node_modules/koa-compose/index.js:44:32)
    at next (/Users/web/Desktop/demo/koaproject/water2017/node_modules/koa-router/node_modules/koa-compose/index.js:45:18)
    at /Users/web/Desktop/demo/koaproject/water2017/node_modules/koa-body/index.js:98:14
    at <anonymous>
    at process._tickCallback (internal/process/next_tick.js:169:7)
*************** error log end ***************

[2017-08-21 22:46:26.064] [ERROR] errorLogger - 
*************** error log start ***************
request method: POST
request originalUrl:  /system/setting/update
request client ip:  ::1
request body: 
{"fields":{"siteName":"aicocico","siteClose":"false","siteCloseMessage":"","sitePagesize":"","siteCdnPath":"","thumbPlaceholderPath":"","metaDescription":"","metaKeyword":"","metaRobot":"","cookieExpires":"","htmlIndex":"","htmlForumList":"","htmlFooter":"","htmlBottom":""},"files":{}}
response time: 21
err name: TypeError
err message: Cannot read property 'siteName' of undefined
err stack: TypeError: Cannot read property 'siteName' of undefined
    at exports.update (/Users/web/Desktop/demo/koaproject/water2017/api/controllers/SettingController.js:31:30)
    at dispatch (/Users/web/Desktop/demo/koaproject/water2017/node_modules/koa-router/node_modules/koa-compose/index.js:44:32)
    at next (/Users/web/Desktop/demo/koaproject/water2017/node_modules/koa-router/node_modules/koa-compose/index.js:45:18)
    at /Users/web/Desktop/demo/koaproject/water2017/node_modules/koa-body/index.js:98:14
    at <anonymous>
    at process._tickCallback (internal/process/next_tick.js:169:7)
*************** error log end ***************

