[2017-08-18 00:04:27.705] [ERROR] errorLogger - 
*************** error log start ***************
request method: GET
request originalUrl:  /content/forum/create
request client ip:  ::1
request query:  {}
response time: 404
err name: TypeError
err message: Cannot read property 'name' of undefined
err stack: TypeError: Cannot read property 'name' of undefined
    at exports.create (/Users/web/Desktop/demo/koaproject/water2017/api/controllers/ForumController.js:61:27)
    at <anonymous>
*************** error log end ***************

[2017-08-18 00:10:56.478] [ERROR] errorLogger - 
*************** error log start ***************
request method: GET
request originalUrl:  /content/forum/create
request client ip:  ::1
request query:  {}
response time: 406
err name: TypeError
err message: Cannot read property 'name' of undefined
err stack: TypeError: Cannot read property 'name' of undefined
    at exports.create (/Users/web/Desktop/demo/koaproject/water2017/api/controllers/ForumController.js:61:27)
    at <anonymous>
*************** error log end ***************

[2017-08-18 00:13:56.134] [ERROR] errorLogger - 
*************** error log start ***************
request method: GET
request originalUrl:  /content/forum/create
request client ip:  ::1
request query:  {}
response time: 394
err name: TypeError
err message: Cannot read property 'name' of undefined
err stack: TypeError: Cannot read property 'name' of undefined
    at exports.create (/Users/web/Desktop/demo/koaproject/water2017/api/controllers/ForumController.js:61:27)
    at <anonymous>
*************** error log end ***************

[2017-08-18 00:18:24.784] [ERROR] errorLogger - 
*************** error log start ***************
request method: GET
request originalUrl:  /content/forum/create
request client ip:  ::1
request query:  {}
response time: 390
err name: ReferenceError
err message: result is not defined
err stack: ReferenceError: result is not defined
    at exports.create (/Users/web/Desktop/demo/koaproject/water2017/api/controllers/ForumController.js:59:11)
    at <anonymous>
*************** error log end ***************

[2017-08-18 00:18:34.188] [ERROR] errorLogger - 
*************** error log start ***************
request method: POST
request originalUrl:  /content/forum/create
request client ip:  ::1
request body: 
{"fields":{"name":"bank","header":"223","cooldown":"1","lock":"true"},"files":{}}
response time: 5
err name: ReferenceError
err message: result is not defined
err stack: ReferenceError: result is not defined
    at exports.create (/Users/web/Desktop/demo/koaproject/water2017/api/controllers/ForumController.js:59:11)
    at dispatch (/Users/web/Desktop/demo/koaproject/water2017/node_modules/koa-router/node_modules/koa-compose/index.js:44:32)
    at next (/Users/web/Desktop/demo/koaproject/water2017/node_modules/koa-router/node_modules/koa-compose/index.js:45:18)
    at /Users/web/Desktop/demo/koaproject/water2017/node_modules/koa-body/index.js:98:14
    at <anonymous>
    at process._tickCallback (internal/process/next_tick.js:169:7)
*************** error log end ***************

[2017-08-18 00:20:13.799] [ERROR] errorLogger - 
*************** error log start ***************
request method: GET
request originalUrl:  /content/forum/create
request client ip:  ::1
request query:  {}
response time: 236
err name: ReferenceError
err message: result is not defined
err stack: ReferenceError: result is not defined
    at exports.create (/Users/web/Desktop/demo/koaproject/water2017/api/controllers/ForumController.js:59:11)
    at <anonymous>
*************** error log end ***************

[2017-08-18 00:20:23.423] [ERROR] errorLogger - 
*************** error log start ***************
request method: GET
request originalUrl:  /content/forum/create
request client ip:  ::1
request query:  {}
response time: 196
err name: ReferenceError
err message: result is not defined
err stack: ReferenceError: result is not defined
    at exports.create (/Users/web/Desktop/demo/koaproject/water2017/api/controllers/ForumController.js:59:11)
    at <anonymous>
*************** error log end ***************

[2017-08-18 00:20:34.256] [ERROR] errorLogger - 
*************** error log start ***************
request method: POST
request originalUrl:  /content/forum/create
request client ip:  ::1
request body: 
{"fields":{"name":"112","header":"222","cooldown":"zhongwen","lock":"true"},"files":{}}
response time: 1
err name: ReferenceError
err message: result is not defined
err stack: ReferenceError: result is not defined
    at exports.create (/Users/web/Desktop/demo/koaproject/water2017/api/controllers/ForumController.js:59:11)
    at dispatch (/Users/web/Desktop/demo/koaproject/water2017/node_modules/koa-router/node_modules/koa-compose/index.js:44:32)
    at next (/Users/web/Desktop/demo/koaproject/water2017/node_modules/koa-router/node_modules/koa-compose/index.js:45:18)
    at /Users/web/Desktop/demo/koaproject/water2017/node_modules/koa-body/index.js:98:14
    at <anonymous>
    at process._tickCallback (internal/process/next_tick.js:169:7)
*************** error log end ***************

[2017-08-18 00:21:00.942] [ERROR] errorLogger - 
*************** error log start ***************
request method: GET
request originalUrl:  /content/forum/create
request client ip:  ::1
request query:  {}
response time: 227
err name: ReferenceError
err message: result is not defined
err stack: ReferenceError: result is not defined
    at exports.create (/Users/web/Desktop/demo/koaproject/water2017/api/controllers/ForumController.js:59:11)
    at <anonymous>
*************** error log end ***************

[2017-08-18 00:21:13.300] [ERROR] errorLogger - 
*************** error log start ***************
request method: POST
request originalUrl:  /content/forum/create
request client ip:  ::1
request body: 
{"fields":{"name":"ksks","header":"ssd","cooldown":"中文呢","lock":"false"},"files":{}}
response time: 2
err name: ReferenceError
err message: result is not defined
err stack: ReferenceError: result is not defined
    at exports.create (/Users/web/Desktop/demo/koaproject/water2017/api/controllers/ForumController.js:59:11)
    at dispatch (/Users/web/Desktop/demo/koaproject/water2017/node_modules/koa-router/node_modules/koa-compose/index.js:44:32)
    at next (/Users/web/Desktop/demo/koaproject/water2017/node_modules/koa-router/node_modules/koa-compose/index.js:45:18)
    at /Users/web/Desktop/demo/koaproject/water2017/node_modules/koa-body/index.js:98:14
    at <anonymous>
    at process._tickCallback (internal/process/next_tick.js:169:7)
*************** error log end ***************

[2017-08-18 00:22:02.414] [ERROR] errorLogger - 
*************** error log start ***************
request method: GET
request originalUrl:  /content/forum/create
request client ip:  ::1
request query:  {}
response time: 398
err name: TypeError
err message: Cannot read property 'name' of undefined
err stack: TypeError: Cannot read property 'name' of undefined
    at exports.create (/Users/web/Desktop/demo/koaproject/water2017/api/controllers/ForumController.js:61:27)
    at <anonymous>
*************** error log end ***************

[2017-08-18 00:28:44.424] [ERROR] errorLogger - 
*************** error log start ***************
request method: GET
request originalUrl:  /content/forum/create
request client ip:  ::1
request query:  {}
response time: 405
err name: TypeError
err message: Cannot read property 'name' of undefined
err stack: TypeError: Cannot read property 'name' of undefined
    at exports.create (/Users/web/Desktop/demo/koaproject/water2017/api/controllers/ForumController.js:61:27)
    at <anonymous>
*************** error log end ***************

[2017-08-18 00:28:54.007] [ERROR] errorLogger - 
*************** error log start ***************
request method: POST
request originalUrl:  /content/forum/create
request client ip:  ::1
request body: 
{"fields":{"name":"lol","header":"s s s","cooldown":"223","lock":"true"},"files":{}}
response time: 59
err name: TypeError
err message: ctx.res.redirect is not a function
err stack: TypeError: ctx.res.redirect is not a function
    at exports.create (/Users/web/Desktop/demo/koaproject/water2017/api/controllers/ForumController.js:75:28)
    at <anonymous>
*************** error log end ***************

[2017-08-18 00:29:27.057] [ERROR] errorLogger - 
*************** error log start ***************
request method: GET
request originalUrl:  /content/forum/create
request client ip:  ::1
request query:  {}
response time: 392
err name: TypeError
err message: Cannot read property 'name' of undefined
err stack: TypeError: Cannot read property 'name' of undefined
    at exports.create (/Users/web/Desktop/demo/koaproject/water2017/api/controllers/ForumController.js:61:27)
    at <anonymous>
*************** error log end ***************

[2017-08-18 00:29:51.379] [ERROR] errorLogger - 
*************** error log start ***************
request method: POST
request originalUrl:  /content/forum/create
request client ip:  ::1
request body: 
{"fields":{"name":"英雄联萌","header":"劳斯莱斯","cooldown":"23","lock":"true"},"files":{}}
response time: 64
err name: TypeError
err message: ctx.res.redirect is not a function
err stack: TypeError: ctx.res.redirect is not a function
    at exports.create (/Users/web/Desktop/demo/koaproject/water2017/api/controllers/ForumController.js:75:28)
    at <anonymous>
*************** error log end ***************

[2017-08-18 00:32:02.384] [ERROR] errorLogger - 
*************** error log start ***************
request method: GET
request originalUrl:  /content/forum/create
request client ip:  ::1
request query:  {}
response time: 391
err name: TypeError
err message: Cannot read property 'name' of undefined
err stack: TypeError: Cannot read property 'name' of undefined
    at exports.create (/Users/web/Desktop/demo/koaproject/water2017/api/controllers/ForumController.js:61:27)
    at <anonymous>
*************** error log end ***************

