[2017-08-17 23:08:51.664] [ERROR] errorLogger - 
*************** error log start ***************
request method: GET
request originalUrl:  /content/forum/create
request client ip:  ::1
request query:  {}
response time: 430
err name: Error
err message: ER_PARSE_ERROR: You have an error in your SQL syntax; check the manual that corresponds to your MySQL server version for the right syntax to use near 'NULL, NULL, NULL, NULL' at line 1
err stack: Error: ER_PARSE_ERROR: You have an error in your SQL syntax; check the manual that corresponds to your MySQL server version for the right syntax to use near 'NULL, NULL, NULL, NULL' at line 1
    at Query.Sequence._packetToError (/Users/web/Desktop/demo/koaproject/water2017/node_modules/mysql/lib/protocol/sequences/Sequence.js:52:14)
    at Query.ErrorPacket (/Users/web/Desktop/demo/koaproject/water2017/node_modules/mysql/lib/protocol/sequences/Query.js:77:18)
    at Protocol._parsePacket (/Users/web/Desktop/demo/koaproject/water2017/node_modules/mysql/lib/protocol/Protocol.js:279:23)
    at Parser.write (/Users/web/Desktop/demo/koaproject/water2017/node_modules/mysql/lib/protocol/Parser.js:76:12)
    at Protocol.write (/Users/web/Desktop/demo/koaproject/water2017/node_modules/mysql/lib/protocol/Protocol.js:39:16)
    at Socket.<anonymous> (/Users/web/Desktop/demo/koaproject/water2017/node_modules/mysql/lib/Connection.js:103:28)
    at emitOne (events.js:115:13)
    at Socket.emit (events.js:210:7)
    at addChunk (_stream_readable.js:252:12)
    at readableAddChunk (_stream_readable.js:239:11)
    at Socket.Readable.push (_stream_readable.js:197:10)
    at TCP.onread (net.js:589:20)
    --------------------
    at Protocol._enqueue (/Users/web/Desktop/demo/koaproject/water2017/node_modules/mysql/lib/protocol/Protocol.js:145:48)
    at PoolConnection.query (/Users/web/Desktop/demo/koaproject/water2017/node_modules/mysql/lib/Connection.js:208:25)
    at /Users/web/Desktop/demo/koaproject/water2017/utils/db.js:21:22
    at Handshake.onConnect [as _callback] (/Users/web/Desktop/demo/koaproject/water2017/node_modules/mysql/lib/Pool.js:64:7)
    at Handshake.Sequence.end (/Users/web/Desktop/demo/koaproject/water2017/node_modules/mysql/lib/protocol/sequences/Sequence.js:88:24)
    at Handshake.Sequence.OkPacket (/Users/web/Desktop/demo/koaproject/water2017/node_modules/mysql/lib/protocol/sequences/Sequence.js:97:8)
    at Protocol._parsePacket (/Users/web/Desktop/demo/koaproject/water2017/node_modules/mysql/lib/protocol/Protocol.js:279:23)
    at Parser.write (/Users/web/Desktop/demo/koaproject/water2017/node_modules/mysql/lib/protocol/Parser.js:76:12)
    at Protocol.write (/Users/web/Desktop/demo/koaproject/water2017/node_modules/mysql/lib/protocol/Protocol.js:39:16)
    at Socket.<anonymous> (/Users/web/Desktop/demo/koaproject/water2017/node_modules/mysql/lib/Connection.js:103:28)
    at emitOne (events.js:115:13)
    at Socket.emit (events.js:210:7)
    at addChunk (_stream_readable.js:252:12)
    at readableAddChunk (_stream_readable.js:239:11)
    at Socket.Readable.push (_stream_readable.js:197:10)
    at TCP.onread (net.js:589:20)
*************** error log end ***************

[2017-08-17 23:09:00.321] [ERROR] errorLogger - 
*************** error log start ***************
request method: POST
request originalUrl:  /content/forum/create
request client ip:  ::1
request body: 
{"fields":{"name":"112","header":"223","cooldown":"112","lock":"true"},"files":{}}
response time: 10
err name: Error
err message: ER_PARSE_ERROR: You have an error in your SQL syntax; check the manual that corresponds to your MySQL server version for the right syntax to use near 'NULL, NULL, NULL, NULL' at line 1
err stack: Error: ER_PARSE_ERROR: You have an error in your SQL syntax; check the manual that corresponds to your MySQL server version for the right syntax to use near 'NULL, NULL, NULL, NULL' at line 1
    at Query.Sequence._packetToError (/Users/web/Desktop/demo/koaproject/water2017/node_modules/mysql/lib/protocol/sequences/Sequence.js:52:14)
    at Query.ErrorPacket (/Users/web/Desktop/demo/koaproject/water2017/node_modules/mysql/lib/protocol/sequences/Query.js:77:18)
    at Protocol._parsePacket (/Users/web/Desktop/demo/koaproject/water2017/node_modules/mysql/lib/protocol/Protocol.js:279:23)
    at Parser.write (/Users/web/Desktop/demo/koaproject/water2017/node_modules/mysql/lib/protocol/Parser.js:76:12)
    at Protocol.write (/Users/web/Desktop/demo/koaproject/water2017/node_modules/mysql/lib/protocol/Protocol.js:39:16)
    at Socket.<anonymous> (/Users/web/Desktop/demo/koaproject/water2017/node_modules/mysql/lib/Connection.js:103:28)
    at emitOne (events.js:115:13)
    at Socket.emit (events.js:210:7)
    at addChunk (_stream_readable.js:252:12)
    at readableAddChunk (_stream_readable.js:239:11)
    at Socket.Readable.push (_stream_readable.js:197:10)
    at TCP.onread (net.js:589:20)
    --------------------
    at Protocol._enqueue (/Users/web/Desktop/demo/koaproject/water2017/node_modules/mysql/lib/protocol/Protocol.js:145:48)
    at PoolConnection.query (/Users/web/Desktop/demo/koaproject/water2017/node_modules/mysql/lib/Connection.js:208:25)
    at /Users/web/Desktop/demo/koaproject/water2017/utils/db.js:21:22
    at Ping.onOperationComplete [as _callback] (/Users/web/Desktop/demo/koaproject/water2017/node_modules/mysql/lib/Pool.js:110:5)
    at Ping.Sequence.end (/Users/web/Desktop/demo/koaproject/water2017/node_modules/mysql/lib/protocol/sequences/Sequence.js:88:24)
    at Ping.Sequence.OkPacket (/Users/web/Desktop/demo/koaproject/water2017/node_modules/mysql/lib/protocol/sequences/Sequence.js:97:8)
    at Protocol._parsePacket (/Users/web/Desktop/demo/koaproject/water2017/node_modules/mysql/lib/protocol/Protocol.js:279:23)
    at Parser.write (/Users/web/Desktop/demo/koaproject/water2017/node_modules/mysql/lib/protocol/Parser.js:76:12)
    at Protocol.write (/Users/web/Desktop/demo/koaproject/water2017/node_modules/mysql/lib/protocol/Protocol.js:39:16)
    at Socket.<anonymous> (/Users/web/Desktop/demo/koaproject/water2017/node_modules/mysql/lib/Connection.js:103:28)
    at emitOne (events.js:115:13)
    at Socket.emit (events.js:210:7)
    at addChunk (_stream_readable.js:252:12)
    at readableAddChunk (_stream_readable.js:239:11)
    at Socket.Readable.push (_stream_readable.js:197:10)
    at TCP.onread (net.js:589:20)
*************** error log end ***************

[2017-08-17 23:10:20.781] [ERROR] errorLogger - 
*************** error log start ***************
request method: GET
request originalUrl:  /content/forum/create
request client ip:  ::1
request query:  {}
response time: 423
err name: Error
err message: ER_PARSE_ERROR: You have an error in your SQL syntax; check the manual that corresponds to your MySQL server version for the right syntax to use near 'NULL, NULL, NULL, NULL' at line 1
err stack: Error: ER_PARSE_ERROR: You have an error in your SQL syntax; check the manual that corresponds to your MySQL server version for the right syntax to use near 'NULL, NULL, NULL, NULL' at line 1
    at Query.Sequence._packetToError (/Users/web/Desktop/demo/koaproject/water2017/node_modules/mysql/lib/protocol/sequences/Sequence.js:52:14)
    at Query.ErrorPacket (/Users/web/Desktop/demo/koaproject/water2017/node_modules/mysql/lib/protocol/sequences/Query.js:77:18)
    at Protocol._parsePacket (/Users/web/Desktop/demo/koaproject/water2017/node_modules/mysql/lib/protocol/Protocol.js:279:23)
    at Parser.write (/Users/web/Desktop/demo/koaproject/water2017/node_modules/mysql/lib/protocol/Parser.js:76:12)
    at Protocol.write (/Users/web/Desktop/demo/koaproject/water2017/node_modules/mysql/lib/protocol/Protocol.js:39:16)
    at Socket.<anonymous> (/Users/web/Desktop/demo/koaproject/water2017/node_modules/mysql/lib/Connection.js:103:28)
    at emitOne (events.js:115:13)
    at Socket.emit (events.js:210:7)
    at addChunk (_stream_readable.js:252:12)
    at readableAddChunk (_stream_readable.js:239:11)
    at Socket.Readable.push (_stream_readable.js:197:10)
    at TCP.onread (net.js:589:20)
    --------------------
    at Protocol._enqueue (/Users/web/Desktop/demo/koaproject/water2017/node_modules/mysql/lib/protocol/Protocol.js:145:48)
    at PoolConnection.query (/Users/web/Desktop/demo/koaproject/water2017/node_modules/mysql/lib/Connection.js:208:25)
    at /Users/web/Desktop/demo/koaproject/water2017/utils/db.js:21:22
    at Handshake.onConnect [as _callback] (/Users/web/Desktop/demo/koaproject/water2017/node_modules/mysql/lib/Pool.js:64:7)
    at Handshake.Sequence.end (/Users/web/Desktop/demo/koaproject/water2017/node_modules/mysql/lib/protocol/sequences/Sequence.js:88:24)
    at Handshake.Sequence.OkPacket (/Users/web/Desktop/demo/koaproject/water2017/node_modules/mysql/lib/protocol/sequences/Sequence.js:97:8)
    at Protocol._parsePacket (/Users/web/Desktop/demo/koaproject/water2017/node_modules/mysql/lib/protocol/Protocol.js:279:23)
    at Parser.write (/Users/web/Desktop/demo/koaproject/water2017/node_modules/mysql/lib/protocol/Parser.js:76:12)
    at Protocol.write (/Users/web/Desktop/demo/koaproject/water2017/node_modules/mysql/lib/protocol/Protocol.js:39:16)
    at Socket.<anonymous> (/Users/web/Desktop/demo/koaproject/water2017/node_modules/mysql/lib/Connection.js:103:28)
    at emitOne (events.js:115:13)
    at Socket.emit (events.js:210:7)
    at addChunk (_stream_readable.js:252:12)
    at readableAddChunk (_stream_readable.js:239:11)
    at Socket.Readable.push (_stream_readable.js:197:10)
    at TCP.onread (net.js:589:20)
*************** error log end ***************

[2017-08-17 23:10:28.990] [ERROR] errorLogger - 
*************** error log start ***************
request method: POST
request originalUrl:  /content/forum/create
request client ip:  ::1
request body: 
{"fields":{"name":"123","header":"1112","cooldown":"112","lock":"true"},"files":{}}
response time: 10
err name: Error
err message: ER_PARSE_ERROR: You have an error in your SQL syntax; check the manual that corresponds to your MySQL server version for the right syntax to use near 'NULL, NULL, NULL, NULL' at line 1
err stack: Error: ER_PARSE_ERROR: You have an error in your SQL syntax; check the manual that corresponds to your MySQL server version for the right syntax to use near 'NULL, NULL, NULL, NULL' at line 1
    at Query.Sequence._packetToError (/Users/web/Desktop/demo/koaproject/water2017/node_modules/mysql/lib/protocol/sequences/Sequence.js:52:14)
    at Query.ErrorPacket (/Users/web/Desktop/demo/koaproject/water2017/node_modules/mysql/lib/protocol/sequences/Query.js:77:18)
    at Protocol._parsePacket (/Users/web/Desktop/demo/koaproject/water2017/node_modules/mysql/lib/protocol/Protocol.js:279:23)
    at Parser.write (/Users/web/Desktop/demo/koaproject/water2017/node_modules/mysql/lib/protocol/Parser.js:76:12)
    at Protocol.write (/Users/web/Desktop/demo/koaproject/water2017/node_modules/mysql/lib/protocol/Protocol.js:39:16)
    at Socket.<anonymous> (/Users/web/Desktop/demo/koaproject/water2017/node_modules/mysql/lib/Connection.js:103:28)
    at emitOne (events.js:115:13)
    at Socket.emit (events.js:210:7)
    at addChunk (_stream_readable.js:252:12)
    at readableAddChunk (_stream_readable.js:239:11)
    at Socket.Readable.push (_stream_readable.js:197:10)
    at TCP.onread (net.js:589:20)
    --------------------
    at Protocol._enqueue (/Users/web/Desktop/demo/koaproject/water2017/node_modules/mysql/lib/protocol/Protocol.js:145:48)
    at PoolConnection.query (/Users/web/Desktop/demo/koaproject/water2017/node_modules/mysql/lib/Connection.js:208:25)
    at /Users/web/Desktop/demo/koaproject/water2017/utils/db.js:21:22
    at Ping.onOperationComplete [as _callback] (/Users/web/Desktop/demo/koaproject/water2017/node_modules/mysql/lib/Pool.js:110:5)
    at Ping.Sequence.end (/Users/web/Desktop/demo/koaproject/water2017/node_modules/mysql/lib/protocol/sequences/Sequence.js:88:24)
    at Ping.Sequence.OkPacket (/Users/web/Desktop/demo/koaproject/water2017/node_modules/mysql/lib/protocol/sequences/Sequence.js:97:8)
    at Protocol._parsePacket (/Users/web/Desktop/demo/koaproject/water2017/node_modules/mysql/lib/protocol/Protocol.js:279:23)
    at Parser.write (/Users/web/Desktop/demo/koaproject/water2017/node_modules/mysql/lib/protocol/Parser.js:76:12)
    at Protocol.write (/Users/web/Desktop/demo/koaproject/water2017/node_modules/mysql/lib/protocol/Protocol.js:39:16)
    at Socket.<anonymous> (/Users/web/Desktop/demo/koaproject/water2017/node_modules/mysql/lib/Connection.js:103:28)
    at emitOne (events.js:115:13)
    at Socket.emit (events.js:210:7)
    at addChunk (_stream_readable.js:252:12)
    at readableAddChunk (_stream_readable.js:239:11)
    at Socket.Readable.push (_stream_readable.js:197:10)
    at TCP.onread (net.js:589:20)
*************** error log end ***************

[2017-08-17 23:12:28.382] [ERROR] errorLogger - 
*************** error log start ***************
request method: GET
request originalUrl:  /content/forum/create
request client ip:  ::1
request query:  {}
response time: 443
err name: TypeError
err message: Cannot read property 'name' of undefined
err stack: TypeError: Cannot read property 'name' of undefined
    at exports.create (/Users/web/Desktop/demo/koaproject/water2017/api/controllers/ForumController.js:62:20)
    at <anonymous>
*************** error log end ***************

[2017-08-17 23:12:36.025] [ERROR] errorLogger - 
*************** error log start ***************
request method: POST
request originalUrl:  /content/forum/create
request client ip:  ::1
request body: 
{"fields":{"name":"1223","header":"1112","cooldown":"112","lock":"true"},"files":{}}
response time: 6
err name: TypeError
err message: Cannot read property 'name' of undefined
err stack: TypeError: Cannot read property 'name' of undefined
    at exports.create (/Users/web/Desktop/demo/koaproject/water2017/api/controllers/ForumController.js:62:20)
    at dispatch (/Users/web/Desktop/demo/koaproject/water2017/node_modules/koa-router/node_modules/koa-compose/index.js:44:32)
    at next (/Users/web/Desktop/demo/koaproject/water2017/node_modules/koa-router/node_modules/koa-compose/index.js:45:18)
    at /Users/web/Desktop/demo/koaproject/water2017/node_modules/koa-body/index.js:98:14
    at <anonymous>
    at process._tickCallback (internal/process/next_tick.js:169:7)
*************** error log end ***************

[2017-08-17 23:13:16.281] [ERROR] errorLogger - 
*************** error log start ***************
request method: GET
request originalUrl:  /content/forum/create
request client ip:  ::1
request query:  {}
response time: 409
err name: SyntaxError
err message: Unexpected token o in JSON at position 1
err stack: SyntaxError: Unexpected token o in JSON at position 1
    at JSON.parse (<anonymous>)
    at exports.create (/Users/web/Desktop/demo/koaproject/water2017/api/controllers/ForumController.js:58:16)
    at <anonymous>
*************** error log end ***************

[2017-08-17 23:13:23.284] [ERROR] errorLogger - 
*************** error log start ***************
request method: POST
request originalUrl:  /content/forum/create
request client ip:  ::1
request body: 
{"fields":{"name":"123","header":"111","cooldown":"111","lock":"true"},"files":{}}
response time: 5
err name: SyntaxError
err message: Unexpected token o in JSON at position 1
err stack: SyntaxError: Unexpected token o in JSON at position 1
    at JSON.parse (<anonymous>)
    at exports.create (/Users/web/Desktop/demo/koaproject/water2017/api/controllers/ForumController.js:58:16)
    at dispatch (/Users/web/Desktop/demo/koaproject/water2017/node_modules/koa-router/node_modules/koa-compose/index.js:44:32)
    at next (/Users/web/Desktop/demo/koaproject/water2017/node_modules/koa-router/node_modules/koa-compose/index.js:45:18)
    at /Users/web/Desktop/demo/koaproject/water2017/node_modules/koa-body/index.js:98:14
    at <anonymous>
    at process._tickCallback (internal/process/next_tick.js:169:7)
*************** error log end ***************

[2017-08-17 23:14:55.609] [ERROR] errorLogger - 
*************** error log start ***************
request method: GET
request originalUrl:  /content/forum/create
request client ip:  ::1
request query:  {}
response time: 402
err name: SyntaxError
err message: Unexpected token u in JSON at position 0
err stack: SyntaxError: Unexpected token u in JSON at position 0
    at JSON.parse (<anonymous>)
    at exports.create (/Users/web/Desktop/demo/koaproject/water2017/api/controllers/ForumController.js:59:22)
    at <anonymous>
*************** error log end ***************

[2017-08-17 23:15:02.845] [ERROR] errorLogger - 
*************** error log start ***************
request method: POST
request originalUrl:  /content/forum/create
request client ip:  ::1
request body: 
{"fields":{"name":"112","header":"133","cooldown":"111","lock":"true"},"files":{}}
response time: 5
err name: SyntaxError
err message: Unexpected token u in JSON at position 0
err stack: SyntaxError: Unexpected token u in JSON at position 0
    at JSON.parse (<anonymous>)
    at exports.create (/Users/web/Desktop/demo/koaproject/water2017/api/controllers/ForumController.js:59:22)
    at dispatch (/Users/web/Desktop/demo/koaproject/water2017/node_modules/koa-router/node_modules/koa-compose/index.js:44:32)
    at next (/Users/web/Desktop/demo/koaproject/water2017/node_modules/koa-router/node_modules/koa-compose/index.js:45:18)
    at /Users/web/Desktop/demo/koaproject/water2017/node_modules/koa-body/index.js:98:14
    at <anonymous>
    at process._tickCallback (internal/process/next_tick.js:169:7)
*************** error log end ***************

[2017-08-17 23:15:32.497] [ERROR] errorLogger - 
*************** error log start ***************
request method: GET
request originalUrl:  /content/forum/create
request client ip:  ::1
request query:  {}
response time: 412
err name: TypeError
err message: Cannot read property 'name' of undefined
err stack: TypeError: Cannot read property 'name' of undefined
    at exports.create (/Users/web/Desktop/demo/koaproject/water2017/api/controllers/ForumController.js:62:20)
    at <anonymous>
*************** error log end ***************

[2017-08-17 23:15:37.626] [ERROR] errorLogger - 
*************** error log start ***************
request method: POST
request originalUrl:  /content/forum/create
request client ip:  ::1
request body: 
{"fields":{"name":"112","header":"333","cooldown":"111"},"files":{}}
response time: 5
err name: TypeError
err message: Cannot read property 'name' of undefined
err stack: TypeError: Cannot read property 'name' of undefined
    at exports.create (/Users/web/Desktop/demo/koaproject/water2017/api/controllers/ForumController.js:62:20)
    at dispatch (/Users/web/Desktop/demo/koaproject/water2017/node_modules/koa-router/node_modules/koa-compose/index.js:44:32)
    at next (/Users/web/Desktop/demo/koaproject/water2017/node_modules/koa-router/node_modules/koa-compose/index.js:45:18)
    at /Users/web/Desktop/demo/koaproject/water2017/node_modules/koa-body/index.js:98:14
    at <anonymous>
    at process._tickCallback (internal/process/next_tick.js:169:7)
*************** error log end ***************

[2017-08-17 23:19:57.068] [ERROR] errorLogger - 
*************** error log start ***************
request method: POST
request originalUrl:  /content/forum/create
request client ip:  ::1
request body: 
{"name":"112","header":"112","cooldown":"333","lock":"true"}
response time: 119999
err name: Error
err message: request aborted
err stack: Error
    at IncomingMessage.onAborted (/Users/web/Desktop/demo/koaproject/water2017/node_modules/raw-body/index.js:269:10)
    at emitNone (events.js:105:13)
    at IncomingMessage.emit (events.js:207:7)
    at abortIncoming (_http_server.js:410:9)
    at socketOnClose (_http_server.js:404:3)
    at emitOne (events.js:120:20)
    at Socket.emit (events.js:210:7)
    at TCP._handle.close [as _onclose] (net.js:549:12)
*************** error log end ***************

[2017-08-17 23:20:23.325] [ERROR] errorLogger - 
*************** error log start ***************
request method: GET
request originalUrl:  /content/forum/create
request client ip:  ::1
request query:  {}
response time: 217
err name: TypeError
err message: Cannot read property 'name' of undefined
err stack: TypeError: Cannot read property 'name' of undefined
    at exports.create (/Users/web/Desktop/demo/koaproject/water2017/api/controllers/ForumController.js:62:20)
    at <anonymous>
*************** error log end ***************

[2017-08-17 23:20:30.117] [ERROR] errorLogger - 
*************** error log start ***************
request method: POST
request originalUrl:  /content/forum/create
request client ip:  ::1
request body: 
{"fields":{"name":"122","header":"111","cooldown":"333","lock":"true"},"files":{}}
response time: 1
err name: TypeError
err message: Cannot read property 'name' of undefined
err stack: TypeError: Cannot read property 'name' of undefined
    at exports.create (/Users/web/Desktop/demo/koaproject/water2017/api/controllers/ForumController.js:62:20)
    at dispatch (/Users/web/Desktop/demo/koaproject/water2017/node_modules/koa-router/node_modules/koa-compose/index.js:44:32)
    at next (/Users/web/Desktop/demo/koaproject/water2017/node_modules/koa-router/node_modules/koa-compose/index.js:45:18)
    at /Users/web/Desktop/demo/koaproject/water2017/node_modules/koa-body/index.js:98:14
    at <anonymous>
    at process._tickCallback (internal/process/next_tick.js:169:7)
*************** error log end ***************

[2017-08-17 23:20:38.513] [ERROR] errorLogger - 
*************** error log start ***************
request method: POST
request originalUrl:  /content/forum/create
request client ip:  ::1
request body: 
{"------WebKitFormBoundaryfFWN4HuyXbim9dHL\r\nContent-Disposition: form-data; name":"\"122\"\r\n\r\n112\r\n------WebKitFormBoundaryfFWN4HuyXbim9dHL\r\nContent-Disposition: form-data; name=\"name\"\r\n\r\n233\r\n------WebKitFormBoundaryfFWN4HuyXbim9dHL--\r\n"}
response time: 120000
err name: Error
err message: request aborted
err stack: Error
    at IncomingMessage.onAborted (/Users/web/Desktop/demo/koaproject/water2017/node_modules/raw-body/index.js:269:10)
    at emitNone (events.js:105:13)
    at IncomingMessage.emit (events.js:207:7)
    at abortIncoming (_http_server.js:410:9)
    at socketOnClose (_http_server.js:404:3)
    at emitOne (events.js:120:20)
    at Socket.emit (events.js:210:7)
    at TCP._handle.close [as _onclose] (net.js:549:12)
*************** error log end ***************

[2017-08-17 23:20:57.374] [ERROR] errorLogger - 
*************** error log start ***************
request method: GET
request originalUrl:  /content/forum/create
request client ip:  ::1
request query:  {}
response time: 419
err name: ReferenceError
err message: fields is not defined
err stack: ReferenceError: fields is not defined
    at exports.create (/Users/web/Desktop/demo/koaproject/water2017/api/controllers/ForumController.js:62:14)
    at <anonymous>
*************** error log end ***************

[2017-08-17 23:21:06.183] [ERROR] errorLogger - 
*************** error log start ***************
request method: POST
request originalUrl:  /content/forum/create
request client ip:  ::1
request body: 
{"fields":{"name":"1122","header":"333","cooldown":"444","lock":"true"},"files":{}}
response time: 5
err name: ReferenceError
err message: fields is not defined
err stack: ReferenceError: fields is not defined
    at exports.create (/Users/web/Desktop/demo/koaproject/water2017/api/controllers/ForumController.js:62:14)
    at dispatch (/Users/web/Desktop/demo/koaproject/water2017/node_modules/koa-router/node_modules/koa-compose/index.js:44:32)
    at next (/Users/web/Desktop/demo/koaproject/water2017/node_modules/koa-router/node_modules/koa-compose/index.js:45:18)
    at /Users/web/Desktop/demo/koaproject/water2017/node_modules/koa-body/index.js:98:14
    at <anonymous>
    at process._tickCallback (internal/process/next_tick.js:169:7)
*************** error log end ***************

[2017-08-17 23:21:47.616] [ERROR] errorLogger - 
*************** error log start ***************
request method: GET
request originalUrl:  /content/forum/create
request client ip:  ::1
request query:  {}
response time: 414
err name: ReferenceError
err message: fields is not defined
err stack: ReferenceError: fields is not defined
    at exports.create (/Users/web/Desktop/demo/koaproject/water2017/api/controllers/ForumController.js:62:14)
    at <anonymous>
*************** error log end ***************

[2017-08-17 23:21:54.436] [ERROR] errorLogger - 
*************** error log start ***************
request method: POST
request originalUrl:  /content/forum/create
request client ip:  ::1
request body: 
{"fields":{"name":"112","header":"333","cooldown":"11","lock":"true"},"files":{}}
response time: 5
err name: ReferenceError
err message: fields is not defined
err stack: ReferenceError: fields is not defined
    at exports.create (/Users/web/Desktop/demo/koaproject/water2017/api/controllers/ForumController.js:62:14)
    at dispatch (/Users/web/Desktop/demo/koaproject/water2017/node_modules/koa-router/node_modules/koa-compose/index.js:44:32)
    at next (/Users/web/Desktop/demo/koaproject/water2017/node_modules/koa-router/node_modules/koa-compose/index.js:45:18)
    at /Users/web/Desktop/demo/koaproject/water2017/node_modules/koa-body/index.js:98:14
    at <anonymous>
    at process._tickCallback (internal/process/next_tick.js:169:7)
*************** error log end ***************

[2017-08-17 23:22:25.362] [ERROR] errorLogger - 
*************** error log start ***************
request method: GET
request originalUrl:  /content/forum/create
request client ip:  ::1
request query:  {}
response time: 401
err name: TypeError
err message: data.json is not a function
err stack: TypeError: data.json is not a function
    at exports.create (/Users/web/Desktop/demo/koaproject/water2017/api/controllers/ForumController.js:59:23)
    at <anonymous>
*************** error log end ***************

[2017-08-17 23:22:30.627] [ERROR] errorLogger - 
*************** error log start ***************
request method: POST
request originalUrl:  /content/forum/create
request client ip:  ::1
request body: 
{"fields":{"name":"111","header":"111","cooldown":"111","lock":"true"},"files":{}}
response time: 4
err name: TypeError
err message: data.json is not a function
err stack: TypeError: data.json is not a function
    at exports.create (/Users/web/Desktop/demo/koaproject/water2017/api/controllers/ForumController.js:59:23)
    at dispatch (/Users/web/Desktop/demo/koaproject/water2017/node_modules/koa-router/node_modules/koa-compose/index.js:44:32)
    at next (/Users/web/Desktop/demo/koaproject/water2017/node_modules/koa-router/node_modules/koa-compose/index.js:45:18)
    at /Users/web/Desktop/demo/koaproject/water2017/node_modules/koa-body/index.js:98:14
    at <anonymous>
    at process._tickCallback (internal/process/next_tick.js:169:7)
*************** error log end ***************

[2017-08-17 23:23:47.710] [ERROR] errorLogger - 
*************** error log start ***************
request method: GET
request originalUrl:  /content/forum/create
request client ip:  ::1
request query:  {}
response time: 408
err name: ReferenceError
err message: fields is not defined
err stack: ReferenceError: fields is not defined
    at exports.create (/Users/web/Desktop/demo/koaproject/water2017/api/controllers/ForumController.js:62:14)
    at <anonymous>
*************** error log end ***************

[2017-08-17 23:23:53.479] [ERROR] errorLogger - 
*************** error log start ***************
request method: POST
request originalUrl:  /content/forum/create
request client ip:  ::1
request body: 
{"fields":{"name":"112","header":"33","cooldown":"11","lock":"true"},"files":{}}
response time: 6
err name: ReferenceError
err message: fields is not defined
err stack: ReferenceError: fields is not defined
    at exports.create (/Users/web/Desktop/demo/koaproject/water2017/api/controllers/ForumController.js:62:14)
    at dispatch (/Users/web/Desktop/demo/koaproject/water2017/node_modules/koa-router/node_modules/koa-compose/index.js:44:32)
    at next (/Users/web/Desktop/demo/koaproject/water2017/node_modules/koa-router/node_modules/koa-compose/index.js:45:18)
    at /Users/web/Desktop/demo/koaproject/water2017/node_modules/koa-body/index.js:98:14
    at <anonymous>
    at process._tickCallback (internal/process/next_tick.js:169:7)
*************** error log end ***************

[2017-08-17 23:24:57.490] [ERROR] errorLogger - 
*************** error log start ***************
request method: GET
request originalUrl:  /content/forum/create
request client ip:  ::1
request query:  {}
response time: 422
err name: TypeError
err message: Cannot read property 'name' of undefined
err stack: TypeError: Cannot read property 'name' of undefined
    at exports.create (/Users/web/Desktop/demo/koaproject/water2017/api/controllers/ForumController.js:61:27)
    at <anonymous>
*************** error log end ***************

[2017-08-17 23:25:05.161] [ERROR] errorLogger - 
*************** error log start ***************
request method: POST
request originalUrl:  /content/forum/create
request client ip:  ::1
request body: 
{"fields":{"name":"lol","header":"ssd","cooldown":"223","lock":"true"},"files":{}}
response time: 17
err name: Error
err message: ER_PARSE_ERROR: You have an error in your SQL syntax; check the manual that corresponds to your MySQL server version for the right syntax to use near ''lol', 'ssd', '223', 'true'' at line 1
err stack: Error: ER_PARSE_ERROR: You have an error in your SQL syntax; check the manual that corresponds to your MySQL server version for the right syntax to use near ''lol', 'ssd', '223', 'true'' at line 1
    at Query.Sequence._packetToError (/Users/web/Desktop/demo/koaproject/water2017/node_modules/mysql/lib/protocol/sequences/Sequence.js:52:14)
    at Query.ErrorPacket (/Users/web/Desktop/demo/koaproject/water2017/node_modules/mysql/lib/protocol/sequences/Query.js:77:18)
    at Protocol._parsePacket (/Users/web/Desktop/demo/koaproject/water2017/node_modules/mysql/lib/protocol/Protocol.js:279:23)
    at Parser.write (/Users/web/Desktop/demo/koaproject/water2017/node_modules/mysql/lib/protocol/Parser.js:76:12)
    at Protocol.write (/Users/web/Desktop/demo/koaproject/water2017/node_modules/mysql/lib/protocol/Protocol.js:39:16)
    at Socket.<anonymous> (/Users/web/Desktop/demo/koaproject/water2017/node_modules/mysql/lib/Connection.js:103:28)
    at emitOne (events.js:115:13)
    at Socket.emit (events.js:210:7)
    at addChunk (_stream_readable.js:252:12)
    at readableAddChunk (_stream_readable.js:239:11)
    at Socket.Readable.push (_stream_readable.js:197:10)
    at TCP.onread (net.js:589:20)
    --------------------
    at Protocol._enqueue (/Users/web/Desktop/demo/koaproject/water2017/node_modules/mysql/lib/protocol/Protocol.js:145:48)
    at PoolConnection.query (/Users/web/Desktop/demo/koaproject/water2017/node_modules/mysql/lib/Connection.js:208:25)
    at /Users/web/Desktop/demo/koaproject/water2017/utils/db.js:21:22
    at Handshake.onConnect [as _callback] (/Users/web/Desktop/demo/koaproject/water2017/node_modules/mysql/lib/Pool.js:64:7)
    at Handshake.Sequence.end (/Users/web/Desktop/demo/koaproject/water2017/node_modules/mysql/lib/protocol/sequences/Sequence.js:88:24)
    at Handshake.Sequence.OkPacket (/Users/web/Desktop/demo/koaproject/water2017/node_modules/mysql/lib/protocol/sequences/Sequence.js:97:8)
    at Protocol._parsePacket (/Users/web/Desktop/demo/koaproject/water2017/node_modules/mysql/lib/protocol/Protocol.js:279:23)
    at Parser.write (/Users/web/Desktop/demo/koaproject/water2017/node_modules/mysql/lib/protocol/Parser.js:76:12)
    at Protocol.write (/Users/web/Desktop/demo/koaproject/water2017/node_modules/mysql/lib/protocol/Protocol.js:39:16)
    at Socket.<anonymous> (/Users/web/Desktop/demo/koaproject/water2017/node_modules/mysql/lib/Connection.js:103:28)
    at emitOne (events.js:115:13)
    at Socket.emit (events.js:210:7)
    at addChunk (_stream_readable.js:252:12)
    at readableAddChunk (_stream_readable.js:239:11)
    at Socket.Readable.push (_stream_readable.js:197:10)
    at TCP.onread (net.js:589:20)
*************** error log end ***************

[2017-08-17 23:26:50.179] [ERROR] errorLogger - 
*************** error log start ***************
request method: GET
request originalUrl:  /content/forum/create
request client ip:  ::1
request query:  {}
response time: 425
err name: TypeError
err message: Cannot read property 'name' of undefined
err stack: TypeError: Cannot read property 'name' of undefined
    at exports.create (/Users/web/Desktop/demo/koaproject/water2017/api/controllers/ForumController.js:61:27)
    at <anonymous>
*************** error log end ***************

[2017-08-17 23:26:56.806] [ERROR] errorLogger - 
*************** error log start ***************
request method: POST
request originalUrl:  /content/forum/create
request client ip:  ::1
request body: 
{"fields":{"name":"112","header":"333","cooldown":"111","lock":"true"},"files":{}}
response time: 15
err name: Error
err message: ER_PARSE_ERROR: You have an error in your SQL syntax; check the manual that corresponds to your MySQL server version for the right syntax to use near ''\"112\"', '\"333\"', '\"111\"', '\"true\"'' at line 1
err stack: Error: ER_PARSE_ERROR: You have an error in your SQL syntax; check the manual that corresponds to your MySQL server version for the right syntax to use near ''\"112\"', '\"333\"', '\"111\"', '\"true\"'' at line 1
    at Query.Sequence._packetToError (/Users/web/Desktop/demo/koaproject/water2017/node_modules/mysql/lib/protocol/sequences/Sequence.js:52:14)
    at Query.ErrorPacket (/Users/web/Desktop/demo/koaproject/water2017/node_modules/mysql/lib/protocol/sequences/Query.js:77:18)
    at Protocol._parsePacket (/Users/web/Desktop/demo/koaproject/water2017/node_modules/mysql/lib/protocol/Protocol.js:279:23)
    at Parser.write (/Users/web/Desktop/demo/koaproject/water2017/node_modules/mysql/lib/protocol/Parser.js:76:12)
    at Protocol.write (/Users/web/Desktop/demo/koaproject/water2017/node_modules/mysql/lib/protocol/Protocol.js:39:16)
    at Socket.<anonymous> (/Users/web/Desktop/demo/koaproject/water2017/node_modules/mysql/lib/Connection.js:103:28)
    at emitOne (events.js:115:13)
    at Socket.emit (events.js:210:7)
    at addChunk (_stream_readable.js:252:12)
    at readableAddChunk (_stream_readable.js:239:11)
    at Socket.Readable.push (_stream_readable.js:197:10)
    at TCP.onread (net.js:589:20)
    --------------------
    at Protocol._enqueue (/Users/web/Desktop/demo/koaproject/water2017/node_modules/mysql/lib/protocol/Protocol.js:145:48)
    at PoolConnection.query (/Users/web/Desktop/demo/koaproject/water2017/node_modules/mysql/lib/Connection.js:208:25)
    at /Users/web/Desktop/demo/koaproject/water2017/utils/db.js:21:22
    at Handshake.onConnect [as _callback] (/Users/web/Desktop/demo/koaproject/water2017/node_modules/mysql/lib/Pool.js:64:7)
    at Handshake.Sequence.end (/Users/web/Desktop/demo/koaproject/water2017/node_modules/mysql/lib/protocol/sequences/Sequence.js:88:24)
    at Handshake.Sequence.OkPacket (/Users/web/Desktop/demo/koaproject/water2017/node_modules/mysql/lib/protocol/sequences/Sequence.js:97:8)
    at Protocol._parsePacket (/Users/web/Desktop/demo/koaproject/water2017/node_modules/mysql/lib/protocol/Protocol.js:279:23)
    at Parser.write (/Users/web/Desktop/demo/koaproject/water2017/node_modules/mysql/lib/protocol/Parser.js:76:12)
    at Protocol.write (/Users/web/Desktop/demo/koaproject/water2017/node_modules/mysql/lib/protocol/Protocol.js:39:16)
    at Socket.<anonymous> (/Users/web/Desktop/demo/koaproject/water2017/node_modules/mysql/lib/Connection.js:103:28)
    at emitOne (events.js:115:13)
    at Socket.emit (events.js:210:7)
    at addChunk (_stream_readable.js:252:12)
    at readableAddChunk (_stream_readable.js:239:11)
    at Socket.Readable.push (_stream_readable.js:197:10)
    at TCP.onread (net.js:589:20)
*************** error log end ***************

[2017-08-17 23:30:57.751] [ERROR] errorLogger - 
*************** error log start ***************
request method: GET
request originalUrl:  /content/forum/create
request client ip:  ::1
request query:  {}
response time: 420
err name: TypeError
err message: Cannot read property 'name' of undefined
err stack: TypeError: Cannot read property 'name' of undefined
    at exports.create (/Users/web/Desktop/demo/koaproject/water2017/api/controllers/ForumController.js:61:27)
    at <anonymous>
*************** error log end ***************

[2017-08-17 23:31:03.538] [ERROR] errorLogger - 
*************** error log start ***************
request method: POST
request originalUrl:  /content/forum/create
request client ip:  ::1
request body: 
{"fields":{"name":"111","header":"111","cooldown":"11","lock":"true"},"files":{}}
response time: 15
err name: Error
err message: ER_PARSE_ERROR: You have an error in your SQL syntax; check the manual that corresponds to your MySQL server version for the right syntax to use near ''111', '111', '11', 'true'' at line 1
err stack: Error: ER_PARSE_ERROR: You have an error in your SQL syntax; check the manual that corresponds to your MySQL server version for the right syntax to use near ''111', '111', '11', 'true'' at line 1
    at Query.Sequence._packetToError (/Users/web/Desktop/demo/koaproject/water2017/node_modules/mysql/lib/protocol/sequences/Sequence.js:52:14)
    at Query.ErrorPacket (/Users/web/Desktop/demo/koaproject/water2017/node_modules/mysql/lib/protocol/sequences/Query.js:77:18)
    at Protocol._parsePacket (/Users/web/Desktop/demo/koaproject/water2017/node_modules/mysql/lib/protocol/Protocol.js:279:23)
    at Parser.write (/Users/web/Desktop/demo/koaproject/water2017/node_modules/mysql/lib/protocol/Parser.js:76:12)
    at Protocol.write (/Users/web/Desktop/demo/koaproject/water2017/node_modules/mysql/lib/protocol/Protocol.js:39:16)
    at Socket.<anonymous> (/Users/web/Desktop/demo/koaproject/water2017/node_modules/mysql/lib/Connection.js:103:28)
    at emitOne (events.js:115:13)
    at Socket.emit (events.js:210:7)
    at addChunk (_stream_readable.js:252:12)
    at readableAddChunk (_stream_readable.js:239:11)
    at Socket.Readable.push (_stream_readable.js:197:10)
    at TCP.onread (net.js:589:20)
    --------------------
    at Protocol._enqueue (/Users/web/Desktop/demo/koaproject/water2017/node_modules/mysql/lib/protocol/Protocol.js:145:48)
    at PoolConnection.query (/Users/web/Desktop/demo/koaproject/water2017/node_modules/mysql/lib/Connection.js:208:25)
    at /Users/web/Desktop/demo/koaproject/water2017/utils/db.js:21:22
    at Handshake.onConnect [as _callback] (/Users/web/Desktop/demo/koaproject/water2017/node_modules/mysql/lib/Pool.js:64:7)
    at Handshake.Sequence.end (/Users/web/Desktop/demo/koaproject/water2017/node_modules/mysql/lib/protocol/sequences/Sequence.js:88:24)
    at Handshake.Sequence.OkPacket (/Users/web/Desktop/demo/koaproject/water2017/node_modules/mysql/lib/protocol/sequences/Sequence.js:97:8)
    at Protocol._parsePacket (/Users/web/Desktop/demo/koaproject/water2017/node_modules/mysql/lib/protocol/Protocol.js:279:23)
    at Parser.write (/Users/web/Desktop/demo/koaproject/water2017/node_modules/mysql/lib/protocol/Parser.js:76:12)
    at Protocol.write (/Users/web/Desktop/demo/koaproject/water2017/node_modules/mysql/lib/protocol/Protocol.js:39:16)
    at Socket.<anonymous> (/Users/web/Desktop/demo/koaproject/water2017/node_modules/mysql/lib/Connection.js:103:28)
    at emitOne (events.js:115:13)
    at Socket.emit (events.js:210:7)
    at addChunk (_stream_readable.js:252:12)
    at readableAddChunk (_stream_readable.js:239:11)
    at Socket.Readable.push (_stream_readable.js:197:10)
    at TCP.onread (net.js:589:20)
*************** error log end ***************

[2017-08-17 23:57:05.214] [ERROR] errorLogger - 
*************** error log start ***************
request method: GET
request originalUrl:  /content/forum/create
request client ip:  ::1
request query:  {}
response time: 396
err name: TypeError
err message: Cannot read property 'name' of undefined
err stack: TypeError: Cannot read property 'name' of undefined
    at exports.create (/Users/web/Desktop/demo/koaproject/water2017/api/controllers/ForumController.js:61:27)
    at <anonymous>
*************** error log end ***************

