[2017-08-23 21:10:50.282] [ERROR] errorLogger - 
*************** error log start ***************
request method: GET
request originalUrl:  /
request client ip:  ::1
request query:  {}
response time: 1
err name: TypeError
err message: console.lgog is not a function
err stack: TypeError: console.lgog is not a function
    at bootstrap (/Users/web/Desktop/demo/koaproject/water2017/config/bootstrap.js:23:13)
    at dispatch (/Users/web/Desktop/demo/koaproject/water2017/node_modules/koa-compose/index.js:42:32)
    at next (/Users/web/Desktop/demo/koaproject/water2017/node_modules/koa-compose/index.js:43:18)
    at app.use (/Users/web/Desktop/demo/koaproject/water2017/app.js:45:13)
    at dispatch (/Users/web/Desktop/demo/koaproject/water2017/node_modules/koa-compose/index.js:42:32)
    at next (/Users/web/Desktop/demo/koaproject/water2017/node_modules/koa-compose/index.js:43:18)
    at views (/Users/web/Desktop/demo/koaproject/water2017/node_modules/koa-views/lib/index.js:61:12)
    at dispatch (/Users/web/Desktop/demo/koaproject/water2017/node_modules/koa-compose/index.js:42:32)
    at next (/Users/web/Desktop/demo/koaproject/water2017/node_modules/koa-compose/index.js:43:18)
    at send.then.done (/Users/web/Desktop/demo/koaproject/water2017/node_modules/koa-static/index.js:43:20)
    at <anonymous>
*************** error log end ***************

[2017-08-23 21:10:50.597] [ERROR] errorLogger - 
*************** error log start ***************
request method: GET
request originalUrl:  /favicon.ico
request client ip:  ::1
request query:  {}
response time: 0
err name: TypeError
err message: console.lgog is not a function
err stack: TypeError: console.lgog is not a function
    at bootstrap (/Users/web/Desktop/demo/koaproject/water2017/config/bootstrap.js:23:13)
    at dispatch (/Users/web/Desktop/demo/koaproject/water2017/node_modules/koa-compose/index.js:42:32)
    at next (/Users/web/Desktop/demo/koaproject/water2017/node_modules/koa-compose/index.js:43:18)
    at app.use (/Users/web/Desktop/demo/koaproject/water2017/app.js:45:13)
    at dispatch (/Users/web/Desktop/demo/koaproject/water2017/node_modules/koa-compose/index.js:42:32)
    at next (/Users/web/Desktop/demo/koaproject/water2017/node_modules/koa-compose/index.js:43:18)
    at views (/Users/web/Desktop/demo/koaproject/water2017/node_modules/koa-views/lib/index.js:61:12)
    at dispatch (/Users/web/Desktop/demo/koaproject/water2017/node_modules/koa-compose/index.js:42:32)
    at next (/Users/web/Desktop/demo/koaproject/water2017/node_modules/koa-compose/index.js:43:18)
    at send.then.done (/Users/web/Desktop/demo/koaproject/water2017/node_modules/koa-static/index.js:43:20)
    at <anonymous>
*************** error log end ***************

