[2017-08-19 21:52:24.827] [ERROR] errorLogger - 
*************** error log start ***************
request method: GET
request originalUrl:  /content/threads/1/update
request client ip:  ::1
request query:  {}
response time: 69
err name: ReferenceError
err message: res is not defined
err stack: ReferenceError: res is not defined
    at exports.update (/Users/web/Desktop/demo/koaproject/water2017/api/controllers/ThreadsController.js:215:9)
    at <anonymous>
*************** error log end ***************

[2017-08-19 21:53:48.292] [ERROR] errorLogger - 
*************** error log start ***************
request method: GET
request originalUrl:  /content/threads/1/update
request client ip:  ::1
request query:  {}
response time: 63
err name: ReferenceError
err message: res is not defined
err stack: ReferenceError: res is not defined
    at exports.update (/Users/web/Desktop/demo/koaproject/water2017/api/controllers/ThreadsController.js:217:9)
    at <anonymous>
*************** error log end ***************

[2017-08-19 21:54:24.450] [ERROR] errorLogger - 
*************** error log start ***************
request method: GET
request originalUrl:  /content/threads/1/update
request client ip:  ::1
request query:  {}
response time: 462
err name: TypeError
err message: /Users/web/Desktop/demo/koaproject/water2017/views/content/threads/edit.pug:11
    9| 
    10|         +col('md',9)
  > 11|             +form('post',req.url)
    12|                 hr
    13|                 //- - if(req.signedCookies.managerId){
    14|                 //- -    var uid = '<font color="red">'+req.signedCookies.managerId+'</font>';

Cannot read property 'url' of undefined
err stack: TypeError: /Users/web/Desktop/demo/koaproject/water2017/views/content/threads/edit.pug:11
    9| 
    10|         +col('md',9)
  > 11|             +form('post',req.url)
    12|                 hr
    13|                 //- - if(req.signedCookies.managerId){
    14|                 //- -    var uid = '<font color="red">'+req.signedCookies.managerId+'</font>';

Cannot read property 'url' of undefined
    at block (eval at wrap (/Users/web/Desktop/demo/koaproject/water2017/node_modules/pug-runtime/wrap.js:6:10), <anonymous>:863:14)
    at Object.pug_interp (eval at wrap (/Users/web/Desktop/demo/koaproject/water2017/node_modules/pug-runtime/wrap.js:6:10), <anonymous>:55:10)
    at block (eval at wrap (/Users/web/Desktop/demo/koaproject/water2017/node_modules/pug-runtime/wrap.js:6:10), <anonymous>:821:19)
    at Object.pug_interp (eval at wrap (/Users/web/Desktop/demo/koaproject/water2017/node_modules/pug-runtime/wrap.js:6:10), <anonymous>:36:10)
    at block (eval at wrap (/Users/web/Desktop/demo/koaproject/water2017/node_modules/pug-runtime/wrap.js:6:10), <anonymous>:800:19)
    at Object.pug_interp (eval at wrap (/Users/web/Desktop/demo/koaproject/water2017/node_modules/pug-runtime/wrap.js:6:10), <anonymous>:13:10)
    at eval (eval at wrap (/Users/web/Desktop/demo/koaproject/water2017/node_modules/pug-runtime/wrap.js:6:10), <anonymous>:796:25)
    at template (eval at wrap (/Users/web/Desktop/demo/koaproject/water2017/node_modules/pug-runtime/wrap.js:6:10), <anonymous>:870:72)
    at /Users/web/Desktop/demo/koaproject/water2017/node_modules/consolidate/lib/consolidate.js:809:16
    at /Users/web/Desktop/demo/koaproject/water2017/node_modules/consolidate/lib/consolidate.js:144:5
    at Promise._execute (/Users/web/Desktop/demo/koaproject/water2017/node_modules/bluebird/js/release/debuggability.js:300:9)
    at Promise._resolveFromExecutor (/Users/web/Desktop/demo/koaproject/water2017/node_modules/bluebird/js/release/promise.js:483:18)
    at new Promise (/Users/web/Desktop/demo/koaproject/water2017/node_modules/bluebird/js/release/promise.js:79:10)
    at promisify (/Users/web/Desktop/demo/koaproject/water2017/node_modules/consolidate/lib/consolidate.js:137:10)
    at exports.pug (/Users/web/Desktop/demo/koaproject/water2017/node_modules/consolidate/lib/consolidate.js:793:10)
    at /Users/web/Desktop/demo/koaproject/water2017/node_modules/koa-views/lib/index.js:53:20
    at <anonymous>
*************** error log end ***************

[2017-08-19 21:54:47.815] [ERROR] errorLogger - 
*************** error log start ***************
request method: GET
request originalUrl:  /content/threads/1/update
request client ip:  ::1
request query:  {}
response time: 206
err name: TypeError
err message: /Users/web/Desktop/demo/koaproject/water2017/views/content/threads/edit.pug:11
    9| 
    10|         +col('md',9)
  > 11|             +form('post',req.url)
    12|                 hr
    13|                 //- - if(req.signedCookies.managerId){
    14|                 //- -    var uid = '<font color="red">'+req.signedCookies.managerId+'</font>';

Cannot read property 'url' of undefined
err stack: TypeError: /Users/web/Desktop/demo/koaproject/water2017/views/content/threads/edit.pug:11
    9| 
    10|         +col('md',9)
  > 11|             +form('post',req.url)
    12|                 hr
    13|                 //- - if(req.signedCookies.managerId){
    14|                 //- -    var uid = '<font color="red">'+req.signedCookies.managerId+'</font>';

Cannot read property 'url' of undefined
    at block (eval at wrap (/Users/web/Desktop/demo/koaproject/water2017/node_modules/pug-runtime/wrap.js:6:10), <anonymous>:863:14)
    at Object.pug_interp (eval at wrap (/Users/web/Desktop/demo/koaproject/water2017/node_modules/pug-runtime/wrap.js:6:10), <anonymous>:55:10)
    at block (eval at wrap (/Users/web/Desktop/demo/koaproject/water2017/node_modules/pug-runtime/wrap.js:6:10), <anonymous>:821:19)
    at Object.pug_interp (eval at wrap (/Users/web/Desktop/demo/koaproject/water2017/node_modules/pug-runtime/wrap.js:6:10), <anonymous>:36:10)
    at block (eval at wrap (/Users/web/Desktop/demo/koaproject/water2017/node_modules/pug-runtime/wrap.js:6:10), <anonymous>:800:19)
    at Object.pug_interp (eval at wrap (/Users/web/Desktop/demo/koaproject/water2017/node_modules/pug-runtime/wrap.js:6:10), <anonymous>:13:10)
    at eval (eval at wrap (/Users/web/Desktop/demo/koaproject/water2017/node_modules/pug-runtime/wrap.js:6:10), <anonymous>:796:25)
    at template (eval at wrap (/Users/web/Desktop/demo/koaproject/water2017/node_modules/pug-runtime/wrap.js:6:10), <anonymous>:870:72)
    at /Users/web/Desktop/demo/koaproject/water2017/node_modules/consolidate/lib/consolidate.js:809:16
    at /Users/web/Desktop/demo/koaproject/water2017/node_modules/consolidate/lib/consolidate.js:144:5
    at Promise._execute (/Users/web/Desktop/demo/koaproject/water2017/node_modules/bluebird/js/release/debuggability.js:300:9)
    at Promise._resolveFromExecutor (/Users/web/Desktop/demo/koaproject/water2017/node_modules/bluebird/js/release/promise.js:483:18)
    at new Promise (/Users/web/Desktop/demo/koaproject/water2017/node_modules/bluebird/js/release/promise.js:79:10)
    at promisify (/Users/web/Desktop/demo/koaproject/water2017/node_modules/consolidate/lib/consolidate.js:137:10)
    at exports.pug (/Users/web/Desktop/demo/koaproject/water2017/node_modules/consolidate/lib/consolidate.js:793:10)
    at /Users/web/Desktop/demo/koaproject/water2017/node_modules/koa-views/lib/index.js:53:20
    at <anonymous>
*************** error log end ***************

[2017-08-19 21:54:53.228] [ERROR] errorLogger - 
*************** error log start ***************
request method: GET
request originalUrl:  /content/threads/1/update
request client ip:  ::1
request query:  {}
response time: 492
err name: SyntaxError
err message: /Users/web/Desktop/demo/koaproject/water2017/views/layout/bootstrap.pug:184
    182|     - var inputId = "input-"+name
    183|     - var inputClass = "form-control input-sm input-"+name
  > 184|     - var data = (typeof data == 'object') ? data : JSON.parse(data)
    185|     div(class=groupClass)
    186|         label.col-sm-2.control-label(for=inputId)=title
    187|         div.col-sm-10

Unexpected token u in JSON at position 0
err stack: SyntaxError: /Users/web/Desktop/demo/koaproject/water2017/views/layout/bootstrap.pug:184
    182|     - var inputId = "input-"+name
    183|     - var inputClass = "form-control input-sm input-"+name
  > 184|     - var data = (typeof data == 'object') ? data : JSON.parse(data)
    185|     div(class=groupClass)
    186|         label.col-sm-2.control-label(for=inputId)=title
    187|         div.col-sm-10

Unexpected token u in JSON at position 0
    at JSON.parse (<anonymous>)
    at Object.pug_interp [as select] (eval at wrap (/Users/web/Desktop/demo/koaproject/water2017/node_modules/pug-runtime/wrap.js:6:10), <anonymous>:443:52)
    at block (eval at wrap (/Users/web/Desktop/demo/koaproject/water2017/node_modules/pug-runtime/wrap.js:6:10), <anonymous>:833:21)
    at Object.pug_interp (eval at wrap (/Users/web/Desktop/demo/koaproject/water2017/node_modules/pug-runtime/wrap.js:6:10), <anonymous>:171:10)
    at block (eval at wrap (/Users/web/Desktop/demo/koaproject/water2017/node_modules/pug-runtime/wrap.js:6:10), <anonymous>:824:20)
    at Object.pug_interp (eval at wrap (/Users/web/Desktop/demo/koaproject/water2017/node_modules/pug-runtime/wrap.js:6:10), <anonymous>:55:10)
    at block (eval at wrap (/Users/web/Desktop/demo/koaproject/water2017/node_modules/pug-runtime/wrap.js:6:10), <anonymous>:821:19)
    at Object.pug_interp (eval at wrap (/Users/web/Desktop/demo/koaproject/water2017/node_modules/pug-runtime/wrap.js:6:10), <anonymous>:36:10)
    at block (eval at wrap (/Users/web/Desktop/demo/koaproject/water2017/node_modules/pug-runtime/wrap.js:6:10), <anonymous>:800:19)
    at Object.pug_interp (eval at wrap (/Users/web/Desktop/demo/koaproject/water2017/node_modules/pug-runtime/wrap.js:6:10), <anonymous>:13:10)
    at eval (eval at wrap (/Users/web/Desktop/demo/koaproject/water2017/node_modules/pug-runtime/wrap.js:6:10), <anonymous>:796:25)
    at template (eval at wrap (/Users/web/Desktop/demo/koaproject/water2017/node_modules/pug-runtime/wrap.js:6:10), <anonymous>:870:72)
    at /Users/web/Desktop/demo/koaproject/water2017/node_modules/consolidate/lib/consolidate.js:809:16
    at /Users/web/Desktop/demo/koaproject/water2017/node_modules/consolidate/lib/consolidate.js:144:5
    at Promise._execute (/Users/web/Desktop/demo/koaproject/water2017/node_modules/bluebird/js/release/debuggability.js:300:9)
    at Promise._resolveFromExecutor (/Users/web/Desktop/demo/koaproject/water2017/node_modules/bluebird/js/release/promise.js:483:18)
    at new Promise (/Users/web/Desktop/demo/koaproject/water2017/node_modules/bluebird/js/release/promise.js:79:10)
    at promisify (/Users/web/Desktop/demo/koaproject/water2017/node_modules/consolidate/lib/consolidate.js:137:10)
    at exports.pug (/Users/web/Desktop/demo/koaproject/water2017/node_modules/consolidate/lib/consolidate.js:793:10)
    at /Users/web/Desktop/demo/koaproject/water2017/node_modules/koa-views/lib/index.js:53:20
    at <anonymous>
*************** error log end ***************

