[2017-08-23 00:13:16.187] [ERROR] errorLogger - 
*************** error log start ***************
request method: GET
request originalUrl:  /system/setting
request client ip:  ::1
request query:  {}
response time: 408
err name: TypeError
err message: /Users/web/Desktop/demo/koaproject/water2017/views/system/setting/index.pug:4
    2| block body
    3| 
  > 4|     - var config = H.settings
    5| 
    6|     +row
    7|         +col('md',3)

Cannot read property 'settings' of undefined
err stack: TypeError: /Users/web/Desktop/demo/koaproject/water2017/views/system/setting/index.pug:4
    2| block body
    3| 
  > 4|     - var config = H.settings
    5| 
    6|     +row
    7|         +col('md',3)

Cannot read property 'settings' of undefined
    at block (eval at wrap (/Users/web/Desktop/demo/koaproject/water2017/node_modules/pug-runtime/wrap.js:6:10), <anonymous>:790:15)
    at Object.pug_interp (eval at wrap (/Users/web/Desktop/demo/koaproject/water2017/node_modules/pug-runtime/wrap.js:6:10), <anonymous>:13:10)
    at eval (eval at wrap (/Users/web/Desktop/demo/koaproject/water2017/node_modules/pug-runtime/wrap.js:6:10), <anonymous>:786:25)
    at template (eval at wrap (/Users/web/Desktop/demo/koaproject/water2017/node_modules/pug-runtime/wrap.js:6:10), <anonymous>:900:72)
    at /Users/web/Desktop/demo/koaproject/water2017/node_modules/consolidate/lib/consolidate.js:809:16
    at /Users/web/Desktop/demo/koaproject/water2017/node_modules/consolidate/lib/consolidate.js:144:5
    at Promise._execute (/Users/web/Desktop/demo/koaproject/water2017/node_modules/bluebird/js/release/debuggability.js:300:9)
    at Promise._resolveFromExecutor (/Users/web/Desktop/demo/koaproject/water2017/node_modules/bluebird/js/release/promise.js:483:18)
    at new Promise (/Users/web/Desktop/demo/koaproject/water2017/node_modules/bluebird/js/release/promise.js:79:10)
    at promisify (/Users/web/Desktop/demo/koaproject/water2017/node_modules/consolidate/lib/consolidate.js:137:10)
    at exports.pug (/Users/web/Desktop/demo/koaproject/water2017/node_modules/consolidate/lib/consolidate.js:793:10)
    at /Users/web/Desktop/demo/koaproject/water2017/node_modules/koa-views/lib/index.js:53:20
    at <anonymous>
*************** error log end ***************

