[2017-08-21 23:01:40.735] [ERROR] errorLogger - 
*************** error log start ***************
request method: POST
request originalUrl:  /system/setting/update
request client ip:  ::1
request body: 
{"fields":{"siteName":"aicocico","siteClose":"false","siteCloseMessage":"","sitePagesize":"","siteCdnPath":"","thumbPlaceholderPath":"","metaDescription":"","metaKeyword":"","metaRobot":"","cookieExpires":"","htmlIndex":"","htmlForumList":"","htmlFooter":"","htmlBottom":""},"files":{}}
response time: 18
err name: TypeError
err message: Cannot read property 'siteName' of undefined
err stack: TypeError: Cannot read property 'siteName' of undefined
    at exports.update (/Users/web/Desktop/demo/koaproject/water2017/api/controllers/SettingController.js:32:30)
    at dispatch (/Users/web/Desktop/demo/koaproject/water2017/node_modules/koa-router/node_modules/koa-compose/index.js:44:32)
    at next (/Users/web/Desktop/demo/koaproject/water2017/node_modules/koa-router/node_modules/koa-compose/index.js:45:18)
    at /Users/web/Desktop/demo/koaproject/water2017/node_modules/koa-body/index.js:98:14
    at <anonymous>
    at process._tickCallback (internal/process/next_tick.js:169:7)
*************** error log end ***************

[2017-08-21 23:14:05.816] [ERROR] errorLogger - 
*************** error log start ***************
request method: POST
request originalUrl:  /system/setting/update
request client ip:  ::1
request body: 
{"fields":{"siteName":"aicocico","siteClose":"false","siteCloseMessage":"","sitePagesize":"","siteCdnPath":"","thumbPlaceholderPath":"","metaDescription":"","metaKeyword":"","metaRobot":"","cookieExpires":"","htmlIndex":"","htmlForumList":"","htmlFooter":"","htmlBottom":""},"files":{}}
response time: 29
err name: TypeError
err message: Cannot read property 'siteName' of undefined
err stack: TypeError: Cannot read property 'siteName' of undefined
    at exports.update (/Users/web/Desktop/demo/koaproject/water2017/api/controllers/SettingController.js:32:30)
    at dispatch (/Users/web/Desktop/demo/koaproject/water2017/node_modules/koa-router/node_modules/koa-compose/index.js:44:32)
    at next (/Users/web/Desktop/demo/koaproject/water2017/node_modules/koa-router/node_modules/koa-compose/index.js:45:18)
    at /Users/web/Desktop/demo/koaproject/water2017/node_modules/koa-body/index.js:98:14
    at <anonymous>
    at process._tickCallback (internal/process/next_tick.js:169:7)
*************** error log end ***************

[2017-08-21 23:14:48.793] [ERROR] errorLogger - 
*************** error log start ***************
request method: POST
request originalUrl:  /system/setting/update
request client ip:  ::1
request body: 
{"fields":{"siteName":"aicocico","siteClose":"false","siteCloseMessage":"","sitePagesize":"","siteCdnPath":"","thumbPlaceholderPath":"","metaDescription":"","metaKeyword":"","metaRobot":"","cookieExpires":"","htmlIndex":"","htmlForumList":"","htmlFooter":"","htmlBottom":""},"files":{}}
response time: 16
err name: TypeError
err message: Cannot read property 'siteName' of undefined
err stack: TypeError: Cannot read property 'siteName' of undefined
    at exports.update (/Users/web/Desktop/demo/koaproject/water2017/api/controllers/SettingController.js:32:30)
    at dispatch (/Users/web/Desktop/demo/koaproject/water2017/node_modules/koa-router/node_modules/koa-compose/index.js:44:32)
    at next (/Users/web/Desktop/demo/koaproject/water2017/node_modules/koa-router/node_modules/koa-compose/index.js:45:18)
    at /Users/web/Desktop/demo/koaproject/water2017/node_modules/koa-body/index.js:98:14
    at <anonymous>
    at process._tickCallback (internal/process/next_tick.js:169:7)
*************** error log end ***************

[2017-08-21 23:15:39.796] [ERROR] errorLogger - 
*************** error log start ***************
request method: POST
request originalUrl:  /system/setting/update
request client ip:  ::1
request body: 
{"fields":{"siteName":"aicocico","siteClose":"false","siteCloseMessage":"","sitePagesize":"","siteCdnPath":"","thumbPlaceholderPath":"","metaDescription":"","metaKeyword":"","metaRobot":"","cookieExpires":"","htmlIndex":"","htmlForumList":"","htmlFooter":"","htmlBottom":""},"files":{}}
response time: 15
err name: TypeError
err message: Cannot read property 'siteName' of undefined
err stack: TypeError: Cannot read property 'siteName' of undefined
    at exports.update (/Users/web/Desktop/demo/koaproject/water2017/api/controllers/SettingController.js:32:30)
    at dispatch (/Users/web/Desktop/demo/koaproject/water2017/node_modules/koa-router/node_modules/koa-compose/index.js:44:32)
    at next (/Users/web/Desktop/demo/koaproject/water2017/node_modules/koa-router/node_modules/koa-compose/index.js:45:18)
    at /Users/web/Desktop/demo/koaproject/water2017/node_modules/koa-body/index.js:98:14
    at <anonymous>
    at process._tickCallback (internal/process/next_tick.js:169:7)
*************** error log end ***************

[2017-08-21 23:16:34.629] [ERROR] errorLogger - 
*************** error log start ***************
request method: POST
request originalUrl:  /system/setting/update
request client ip:  ::1
request body: 
{"fields":{"siteName":"aicocico","siteClose":"false","siteCloseMessage":"","sitePagesize":"","siteCdnPath":"","thumbPlaceholderPath":"","metaDescription":"","metaKeyword":"","metaRobot":"","cookieExpires":"","htmlIndex":"","htmlForumList":"","htmlFooter":"","htmlBottom":""},"files":{}}
response time: 21
err name: TypeError
err message: Cannot read property 'siteName' of undefined
err stack: TypeError: Cannot read property 'siteName' of undefined
    at exports.update (/Users/web/Desktop/demo/koaproject/water2017/api/controllers/SettingController.js:33:30)
    at dispatch (/Users/web/Desktop/demo/koaproject/water2017/node_modules/koa-router/node_modules/koa-compose/index.js:44:32)
    at next (/Users/web/Desktop/demo/koaproject/water2017/node_modules/koa-router/node_modules/koa-compose/index.js:45:18)
    at /Users/web/Desktop/demo/koaproject/water2017/node_modules/koa-body/index.js:98:14
    at <anonymous>
    at process._tickCallback (internal/process/next_tick.js:169:7)
*************** error log end ***************

[2017-08-21 23:17:09.822] [ERROR] errorLogger - 
*************** error log start ***************
request method: POST
request originalUrl:  /system/setting/update
request client ip:  ::1
request body: 
{"fields":{"siteName":"aicocico","siteClose":"false","siteCloseMessage":"","sitePagesize":"","siteCdnPath":"","thumbPlaceholderPath":"","metaDescription":"","metaKeyword":"","metaRobot":"","cookieExpires":"","htmlIndex":"","htmlForumList":"","htmlFooter":"","htmlBottom":""},"files":{}}
response time: 14
err name: ReferenceError
err message: value is not defined
err stack: ReferenceError: value is not defined
    at exports.update (/Users/web/Desktop/demo/koaproject/water2017/api/controllers/SettingController.js:37:23)
    at dispatch (/Users/web/Desktop/demo/koaproject/water2017/node_modules/koa-router/node_modules/koa-compose/index.js:44:32)
    at next (/Users/web/Desktop/demo/koaproject/water2017/node_modules/koa-router/node_modules/koa-compose/index.js:45:18)
    at /Users/web/Desktop/demo/koaproject/water2017/node_modules/koa-body/index.js:98:14
    at <anonymous>
    at process._tickCallback (internal/process/next_tick.js:169:7)
*************** error log end ***************

