[2017-08-19 18:26:34.582] [ERROR] errorLogger - 
*************** error log start ***************
request method: POST
request originalUrl:  /content/threads/create
request client ip:  ::1
request body: 
{}
response time: 72
err name: TypeError
err message: Cannot read property 'remoteAddress' of undefined
err stack: TypeError: Cannot read property 'remoteAddress' of undefined
    at exports.create (/Users/web/Desktop/demo/koaproject/water2017/api/controllers/ThreadsController.js:122:19)
    at <anonymous>
*************** error log end ***************

[2017-08-19 18:28:53.064] [ERROR] errorLogger - 
*************** error log start ***************
request method: POST
request originalUrl:  /content/threads/create
request client ip:  ::1
request body: 
{}
response time: 16
err name: TypeError
err message: Cannot read property 'remoteAddress' of undefined
err stack: TypeError: Cannot read property 'remoteAddress' of undefined
    at exports.create (/Users/web/Desktop/demo/koaproject/water2017/api/controllers/ThreadsController.js:122:19)
    at <anonymous>
*************** error log end ***************

[2017-08-19 18:42:41.918] [ERROR] errorLogger - 
*************** error log start ***************
request method: POST
request originalUrl:  /content/threads/create
request client ip:  ::1
request body: 
{"fields":{"uid":"","forum":"1","parent":"","name":"","email":"","title":"","content":"","image":"","thumb":""},"files":{"file":{"size":0,"path":"/var/folders/f7/n0s1d87x30ngq8q9v4vwhc4m0000gn/T/upload_1852278aef296fb09130745b7495bcde","name":"","type":"application/octet-stream","mtime":null}}}
response time: 55
err name: SequelizeDatabaseError
err message: Incorrect integer value: '' for column 'uid' at row 1
err stack: SequelizeDatabaseError: Incorrect integer value: '' for column 'uid' at row 1
    at Query.formatError (/Users/web/Desktop/demo/koaproject/water2017/node_modules/sequelize/lib/dialects/mysql/query.js:222:16)
    at Query.connection.query [as onResult] (/Users/web/Desktop/demo/koaproject/water2017/node_modules/sequelize/lib/dialects/mysql/query.js:55:23)
    at Query.Command.execute (/Users/web/Desktop/demo/koaproject/water2017/node_modules/mysql2/lib/commands/command.js:30:12)
    at Connection.handlePacket (/Users/web/Desktop/demo/koaproject/water2017/node_modules/mysql2/lib/connection.js:515:28)
    at PacketParser.onPacket (/Users/web/Desktop/demo/koaproject/water2017/node_modules/mysql2/lib/connection.js:94:16)
    at PacketParser.executeStart (/Users/web/Desktop/demo/koaproject/water2017/node_modules/mysql2/lib/packet_parser.js:77:14)
    at Socket.<anonymous> (/Users/web/Desktop/demo/koaproject/water2017/node_modules/mysql2/lib/connection.js:102:29)
    at emitOne (events.js:115:13)
    at Socket.emit (events.js:210:7)
    at addChunk (_stream_readable.js:252:12)
    at readableAddChunk (_stream_readable.js:239:11)
    at Socket.Readable.push (_stream_readable.js:197:10)
    at TCP.onread (net.js:589:20)
*************** error log end ***************

[2017-08-19 18:46:12.176] [ERROR] errorLogger - 
*************** error log start ***************
request method: POST
request originalUrl:  /content/threads/create
request client ip:  ::1
request body: 
{"fields":{"uid":"123456","forum":"12","parent":"","name":"jintian","email":"waterservers@163.com","title":"lol","content":"lolololololol","image":"","thumb":"","lock":"false","sage":"true"},"files":{"file":{"size":0,"path":"/var/folders/f7/n0s1d87x30ngq8q9v4vwhc4m0000gn/T/upload_c4aa4df807d475a173a7b1e640d909cf","name":"","type":"application/octet-stream","mtime":null}}}
response time: 55
err name: ReferenceError
err message: result is not defined
err stack: ReferenceError: result is not defined
    at exports.create (/Users/web/Desktop/demo/koaproject/water2017/api/controllers/ThreadsController.js:178:17)
    at <anonymous>
    at process._tickCallback (internal/process/next_tick.js:169:7)
*************** error log end ***************

