[2017-08-25 00:24:17.040] [ERROR] errorLogger - 
*************** error log start ***************
request method: GET
request originalUrl:  /user
request client ip:  ::1
request query:  {}
response time: 17
err name: SequelizeDatabaseError
err message: Undeclared variable: NaN
err stack: SequelizeDatabaseError: Undeclared variable: NaN
    at Query.formatError (/Users/web/Desktop/demo/koaproject/water2017/node_modules/sequelize/lib/dialects/mysql/query.js:222:16)
    at Query.connection.query [as onResult] (/Users/web/Desktop/demo/koaproject/water2017/node_modules/sequelize/lib/dialects/mysql/query.js:55:23)
    at Query.Command.execute (/Users/web/Desktop/demo/koaproject/water2017/node_modules/mysql2/lib/commands/command.js:30:12)
    at Connection.handlePacket (/Users/web/Desktop/demo/koaproject/water2017/node_modules/mysql2/lib/connection.js:515:28)
    at PacketParser.onPacket (/Users/web/Desktop/demo/koaproject/water2017/node_modules/mysql2/lib/connection.js:94:16)
    at PacketParser.executeStart (/Users/web/Desktop/demo/koaproject/water2017/node_modules/mysql2/lib/packet_parser.js:77:14)
    at Socket.<anonymous> (/Users/web/Desktop/demo/koaproject/water2017/node_modules/mysql2/lib/connection.js:102:29)
    at emitOne (events.js:115:13)
    at Socket.emit (events.js:210:7)
    at addChunk (_stream_readable.js:252:12)
    at readableAddChunk (_stream_readable.js:239:11)
    at Socket.Readable.push (_stream_readable.js:197:10)
    at TCP.onread (net.js:589:20)
*************** error log end ***************

[2017-08-25 00:27:18.841] [ERROR] errorLogger - 
*************** error log start ***************
request method: GET
request originalUrl:  /user
request client ip:  ::1
request query:  {}
response time: 18
err name: SequelizeDatabaseError
err message: Undeclared variable: NaN
err stack: SequelizeDatabaseError: Undeclared variable: NaN
    at Query.formatError (/Users/web/Desktop/demo/koaproject/water2017/node_modules/sequelize/lib/dialects/mysql/query.js:222:16)
    at Query.connection.query [as onResult] (/Users/web/Desktop/demo/koaproject/water2017/node_modules/sequelize/lib/dialects/mysql/query.js:55:23)
    at Query.Command.execute (/Users/web/Desktop/demo/koaproject/water2017/node_modules/mysql2/lib/commands/command.js:30:12)
    at Connection.handlePacket (/Users/web/Desktop/demo/koaproject/water2017/node_modules/mysql2/lib/connection.js:515:28)
    at PacketParser.onPacket (/Users/web/Desktop/demo/koaproject/water2017/node_modules/mysql2/lib/connection.js:94:16)
    at PacketParser.executeStart (/Users/web/Desktop/demo/koaproject/water2017/node_modules/mysql2/lib/packet_parser.js:77:14)
    at Socket.<anonymous> (/Users/web/Desktop/demo/koaproject/water2017/node_modules/mysql2/lib/connection.js:102:29)
    at emitOne (events.js:115:13)
    at Socket.emit (events.js:210:7)
    at addChunk (_stream_readable.js:252:12)
    at readableAddChunk (_stream_readable.js:239:11)
    at Socket.Readable.push (_stream_readable.js:197:10)
    at TCP.onread (net.js:589:20)
*************** error log end ***************

[2017-08-25 00:27:53.926] [ERROR] errorLogger - 
*************** error log start ***************
request method: GET
request originalUrl:  /user
request client ip:  ::1
request query:  {}
response time: 11
err name: SequelizeDatabaseError
err message: Unknown column 'id' in 'field list'
err stack: SequelizeDatabaseError: Unknown column 'id' in 'field list'
    at Query.formatError (/Users/web/Desktop/demo/koaproject/water2017/node_modules/sequelize/lib/dialects/mysql/query.js:222:16)
    at Query.connection.query [as onResult] (/Users/web/Desktop/demo/koaproject/water2017/node_modules/sequelize/lib/dialects/mysql/query.js:55:23)
    at Query.Command.execute (/Users/web/Desktop/demo/koaproject/water2017/node_modules/mysql2/lib/commands/command.js:30:12)
    at Connection.handlePacket (/Users/web/Desktop/demo/koaproject/water2017/node_modules/mysql2/lib/connection.js:515:28)
    at PacketParser.onPacket (/Users/web/Desktop/demo/koaproject/water2017/node_modules/mysql2/lib/connection.js:94:16)
    at PacketParser.executeStart (/Users/web/Desktop/demo/koaproject/water2017/node_modules/mysql2/lib/packet_parser.js:77:14)
    at Socket.<anonymous> (/Users/web/Desktop/demo/koaproject/water2017/node_modules/mysql2/lib/connection.js:102:29)
    at emitOne (events.js:115:13)
    at Socket.emit (events.js:210:7)
    at addChunk (_stream_readable.js:252:12)
    at readableAddChunk (_stream_readable.js:239:11)
    at Socket.Readable.push (_stream_readable.js:197:10)
    at TCP.onread (net.js:589:20)
*************** error log end ***************

