[2017-08-16 23:30:23.564] [ERROR] errorLogger - 
*************** error log start ***************
request method: GET
request originalUrl:  /content/forum/create
request client ip:  ::1
request query:  {}
response time: 169
err name: TypeError
err message: /Users/web/Desktop/demo/koaproject/water2017/views/content/forum/edit.pug:5
    3|     +row
    4|         +col('md',3)
  > 5|             +message
    6|             +well
    7|                 +button('primary','sm','提交','javascript:document.forms[0].submit()').btn-block
    8|                 +button('default','sm','重置页面','javascript:location.reload()').btn-block

pug_mixins.message is not a function
err stack: TypeError: /Users/web/Desktop/demo/koaproject/water2017/views/content/forum/edit.pug:5
    3|     +row
    4|         +col('md',3)
  > 5|             +message
    6|             +well
    7|                 +button('primary','sm','提交','javascript:document.forms[0].submit()').btn-block
    8|                 +button('default','sm','重置页面','javascript:location.reload()').btn-block

pug_mixins.message is not a function
    at block (eval at wrap (/Users/web/Desktop/demo/koaproject/water2017/node_modules/pug-runtime/wrap.js:6:10), <anonymous>:796:22)
    at Object.pug_interp (eval at wrap (/Users/web/Desktop/demo/koaproject/water2017/node_modules/pug-runtime/wrap.js:6:10), <anonymous>:55:10)
    at block (eval at wrap (/Users/web/Desktop/demo/koaproject/water2017/node_modules/pug-runtime/wrap.js:6:10), <anonymous>:793:19)
    at Object.pug_interp (eval at wrap (/Users/web/Desktop/demo/koaproject/water2017/node_modules/pug-runtime/wrap.js:6:10), <anonymous>:36:10)
    at block (eval at wrap (/Users/web/Desktop/demo/koaproject/water2017/node_modules/pug-runtime/wrap.js:6:10), <anonymous>:790:19)
    at Object.pug_interp (eval at wrap (/Users/web/Desktop/demo/koaproject/water2017/node_modules/pug-runtime/wrap.js:6:10), <anonymous>:13:10)
    at eval (eval at wrap (/Users/web/Desktop/demo/koaproject/water2017/node_modules/pug-runtime/wrap.js:6:10), <anonymous>:786:25)
    at template (eval at wrap (/Users/web/Desktop/demo/koaproject/water2017/node_modules/pug-runtime/wrap.js:6:10), <anonymous>:838:72)
    at /Users/web/Desktop/demo/koaproject/water2017/node_modules/consolidate/lib/consolidate.js:809:16
    at /Users/web/Desktop/demo/koaproject/water2017/node_modules/consolidate/lib/consolidate.js:144:5
    at Promise._execute (/Users/web/Desktop/demo/koaproject/water2017/node_modules/bluebird/js/release/debuggability.js:300:9)
    at Promise._resolveFromExecutor (/Users/web/Desktop/demo/koaproject/water2017/node_modules/bluebird/js/release/promise.js:483:18)
    at new Promise (/Users/web/Desktop/demo/koaproject/water2017/node_modules/bluebird/js/release/promise.js:79:10)
    at promisify (/Users/web/Desktop/demo/koaproject/water2017/node_modules/consolidate/lib/consolidate.js:137:10)
    at exports.pug (/Users/web/Desktop/demo/koaproject/water2017/node_modules/consolidate/lib/consolidate.js:793:10)
    at /Users/web/Desktop/demo/koaproject/water2017/node_modules/koa-views/lib/index.js:53:20
*************** error log end ***************

[2017-08-16 23:31:10.415] [ERROR] errorLogger - 
*************** error log start ***************
request method: GET
request originalUrl:  /content/forum/create
request client ip:  ::1
request query:  {}
response time: 406
err name: TypeError
err message: /Users/web/Desktop/demo/koaproject/water2017/views/content/forum/edit.pug:10
    8|                 +button('default','sm','重置页面','javascript:location.reload()').btn-block
    9|         +col('md',9)
  > 10|             +form('post',req.url)
    11|                 +input('text','name','版块名',data.name)
    12|                 +ckeditor('header','简介',data.header,'支持html，填写@time将会倍替换为冷却时间，填写@name将会被替换为版块名。')
    13|                 hr

Cannot read property 'url' of undefined
err stack: TypeError: /Users/web/Desktop/demo/koaproject/water2017/views/content/forum/edit.pug:10
    8|                 +button('default','sm','重置页面','javascript:location.reload()').btn-block
    9|         +col('md',9)
  > 10|             +form('post',req.url)
    11|                 +input('text','name','版块名',data.name)
    12|                 +ckeditor('header','简介',data.header,'支持html，填写@time将会倍替换为冷却时间，填写@name将会被替换为版块名。')
    13|                 hr

Cannot read property 'url' of undefined
    at block (eval at wrap (/Users/web/Desktop/demo/koaproject/water2017/node_modules/pug-runtime/wrap.js:6:10), <anonymous>:829:14)
    at Object.pug_interp (eval at wrap (/Users/web/Desktop/demo/koaproject/water2017/node_modules/pug-runtime/wrap.js:6:10), <anonymous>:55:10)
    at block (eval at wrap (/Users/web/Desktop/demo/koaproject/water2017/node_modules/pug-runtime/wrap.js:6:10), <anonymous>:811:19)
    at Object.pug_interp (eval at wrap (/Users/web/Desktop/demo/koaproject/water2017/node_modules/pug-runtime/wrap.js:6:10), <anonymous>:36:10)
    at block (eval at wrap (/Users/web/Desktop/demo/koaproject/water2017/node_modules/pug-runtime/wrap.js:6:10), <anonymous>:790:19)
    at Object.pug_interp (eval at wrap (/Users/web/Desktop/demo/koaproject/water2017/node_modules/pug-runtime/wrap.js:6:10), <anonymous>:13:10)
    at eval (eval at wrap (/Users/web/Desktop/demo/koaproject/water2017/node_modules/pug-runtime/wrap.js:6:10), <anonymous>:786:25)
    at template (eval at wrap (/Users/web/Desktop/demo/koaproject/water2017/node_modules/pug-runtime/wrap.js:6:10), <anonymous>:836:72)
    at /Users/web/Desktop/demo/koaproject/water2017/node_modules/consolidate/lib/consolidate.js:809:16
    at /Users/web/Desktop/demo/koaproject/water2017/node_modules/consolidate/lib/consolidate.js:144:5
    at Promise._execute (/Users/web/Desktop/demo/koaproject/water2017/node_modules/bluebird/js/release/debuggability.js:300:9)
    at Promise._resolveFromExecutor (/Users/web/Desktop/demo/koaproject/water2017/node_modules/bluebird/js/release/promise.js:483:18)
    at new Promise (/Users/web/Desktop/demo/koaproject/water2017/node_modules/bluebird/js/release/promise.js:79:10)
    at promisify (/Users/web/Desktop/demo/koaproject/water2017/node_modules/consolidate/lib/consolidate.js:137:10)
    at exports.pug (/Users/web/Desktop/demo/koaproject/water2017/node_modules/consolidate/lib/consolidate.js:793:10)
    at /Users/web/Desktop/demo/koaproject/water2017/node_modules/koa-views/lib/index.js:53:20
*************** error log end ***************

[2017-08-16 23:32:26.166] [ERROR] errorLogger - 
*************** error log start ***************
request method: GET
request originalUrl:  /content/forum/create
request client ip:  ::1
request query:  {}
response time: 417
err name: Error
err message: ER_PARSE_ERROR: You have an error in your SQL syntax; check the manual that corresponds to your MySQL server version for the right syntax to use near 'NULL, NULL, NULL, NULL' at line 1
err stack: Error: ER_PARSE_ERROR: You have an error in your SQL syntax; check the manual that corresponds to your MySQL server version for the right syntax to use near 'NULL, NULL, NULL, NULL' at line 1
    at Query.Sequence._packetToError (/Users/web/Desktop/demo/koaproject/water2017/node_modules/mysql/lib/protocol/sequences/Sequence.js:52:14)
    at Query.ErrorPacket (/Users/web/Desktop/demo/koaproject/water2017/node_modules/mysql/lib/protocol/sequences/Query.js:77:18)
    at Protocol._parsePacket (/Users/web/Desktop/demo/koaproject/water2017/node_modules/mysql/lib/protocol/Protocol.js:279:23)
    at Parser.write (/Users/web/Desktop/demo/koaproject/water2017/node_modules/mysql/lib/protocol/Parser.js:76:12)
    at Protocol.write (/Users/web/Desktop/demo/koaproject/water2017/node_modules/mysql/lib/protocol/Protocol.js:39:16)
    at Socket.<anonymous> (/Users/web/Desktop/demo/koaproject/water2017/node_modules/mysql/lib/Connection.js:103:28)
    at emitOne (events.js:115:13)
    at Socket.emit (events.js:210:7)
    at addChunk (_stream_readable.js:252:12)
    at readableAddChunk (_stream_readable.js:239:11)
    at Socket.Readable.push (_stream_readable.js:197:10)
    at TCP.onread (net.js:589:20)
    --------------------
    at Protocol._enqueue (/Users/web/Desktop/demo/koaproject/water2017/node_modules/mysql/lib/protocol/Protocol.js:145:48)
    at PoolConnection.query (/Users/web/Desktop/demo/koaproject/water2017/node_modules/mysql/lib/Connection.js:208:25)
    at /Users/web/Desktop/demo/koaproject/water2017/utils/db.js:21:22
    at Handshake.onConnect [as _callback] (/Users/web/Desktop/demo/koaproject/water2017/node_modules/mysql/lib/Pool.js:64:7)
    at Handshake.Sequence.end (/Users/web/Desktop/demo/koaproject/water2017/node_modules/mysql/lib/protocol/sequences/Sequence.js:88:24)
    at Handshake.Sequence.OkPacket (/Users/web/Desktop/demo/koaproject/water2017/node_modules/mysql/lib/protocol/sequences/Sequence.js:97:8)
    at Protocol._parsePacket (/Users/web/Desktop/demo/koaproject/water2017/node_modules/mysql/lib/protocol/Protocol.js:279:23)
    at Parser.write (/Users/web/Desktop/demo/koaproject/water2017/node_modules/mysql/lib/protocol/Parser.js:76:12)
    at Protocol.write (/Users/web/Desktop/demo/koaproject/water2017/node_modules/mysql/lib/protocol/Protocol.js:39:16)
    at Socket.<anonymous> (/Users/web/Desktop/demo/koaproject/water2017/node_modules/mysql/lib/Connection.js:103:28)
    at emitOne (events.js:115:13)
    at Socket.emit (events.js:210:7)
    at addChunk (_stream_readable.js:252:12)
    at readableAddChunk (_stream_readable.js:239:11)
    at Socket.Readable.push (_stream_readable.js:197:10)
    at TCP.onread (net.js:589:20)
*************** error log end ***************

[2017-08-16 23:32:55.389] [ERROR] errorLogger - 
*************** error log start ***************
request method: POST
request originalUrl:  /content/forum/create
request client ip:  ::1
request body: 
{}
response time: 5
err name: Error
err message: ER_PARSE_ERROR: You have an error in your SQL syntax; check the manual that corresponds to your MySQL server version for the right syntax to use near 'NULL, NULL, NULL, NULL' at line 1
err stack: Error: ER_PARSE_ERROR: You have an error in your SQL syntax; check the manual that corresponds to your MySQL server version for the right syntax to use near 'NULL, NULL, NULL, NULL' at line 1
    at Query.Sequence._packetToError (/Users/web/Desktop/demo/koaproject/water2017/node_modules/mysql/lib/protocol/sequences/Sequence.js:52:14)
    at Query.ErrorPacket (/Users/web/Desktop/demo/koaproject/water2017/node_modules/mysql/lib/protocol/sequences/Query.js:77:18)
    at Protocol._parsePacket (/Users/web/Desktop/demo/koaproject/water2017/node_modules/mysql/lib/protocol/Protocol.js:279:23)
    at Parser.write (/Users/web/Desktop/demo/koaproject/water2017/node_modules/mysql/lib/protocol/Parser.js:76:12)
    at Protocol.write (/Users/web/Desktop/demo/koaproject/water2017/node_modules/mysql/lib/protocol/Protocol.js:39:16)
    at Socket.<anonymous> (/Users/web/Desktop/demo/koaproject/water2017/node_modules/mysql/lib/Connection.js:103:28)
    at emitOne (events.js:115:13)
    at Socket.emit (events.js:210:7)
    at addChunk (_stream_readable.js:252:12)
    at readableAddChunk (_stream_readable.js:239:11)
    at Socket.Readable.push (_stream_readable.js:197:10)
    at TCP.onread (net.js:589:20)
    --------------------
    at Protocol._enqueue (/Users/web/Desktop/demo/koaproject/water2017/node_modules/mysql/lib/protocol/Protocol.js:145:48)
    at PoolConnection.query (/Users/web/Desktop/demo/koaproject/water2017/node_modules/mysql/lib/Connection.js:208:25)
    at /Users/web/Desktop/demo/koaproject/water2017/utils/db.js:21:22
    at Ping.onOperationComplete [as _callback] (/Users/web/Desktop/demo/koaproject/water2017/node_modules/mysql/lib/Pool.js:110:5)
    at Ping.Sequence.end (/Users/web/Desktop/demo/koaproject/water2017/node_modules/mysql/lib/protocol/sequences/Sequence.js:88:24)
    at Ping.Sequence.OkPacket (/Users/web/Desktop/demo/koaproject/water2017/node_modules/mysql/lib/protocol/sequences/Sequence.js:97:8)
    at Protocol._parsePacket (/Users/web/Desktop/demo/koaproject/water2017/node_modules/mysql/lib/protocol/Protocol.js:279:23)
    at Parser.write (/Users/web/Desktop/demo/koaproject/water2017/node_modules/mysql/lib/protocol/Parser.js:76:12)
    at Protocol.write (/Users/web/Desktop/demo/koaproject/water2017/node_modules/mysql/lib/protocol/Protocol.js:39:16)
    at Socket.<anonymous> (/Users/web/Desktop/demo/koaproject/water2017/node_modules/mysql/lib/Connection.js:103:28)
    at emitOne (events.js:115:13)
    at Socket.emit (events.js:210:7)
    at addChunk (_stream_readable.js:252:12)
    at readableAddChunk (_stream_readable.js:239:11)
    at Socket.Readable.push (_stream_readable.js:197:10)
    at TCP.onread (net.js:589:20)
*************** error log end ***************

[2017-08-16 23:34:42.148] [ERROR] errorLogger - 
*************** error log start ***************
request method: POST
request originalUrl:  /content/forum/create
request client ip:  ::1
request body: 
{}
response time: 4
err name: Error
err message: ER_PARSE_ERROR: You have an error in your SQL syntax; check the manual that corresponds to your MySQL server version for the right syntax to use near 'NULL, NULL, NULL, NULL' at line 1
err stack: Error: ER_PARSE_ERROR: You have an error in your SQL syntax; check the manual that corresponds to your MySQL server version for the right syntax to use near 'NULL, NULL, NULL, NULL' at line 1
    at Query.Sequence._packetToError (/Users/web/Desktop/demo/koaproject/water2017/node_modules/mysql/lib/protocol/sequences/Sequence.js:52:14)
    at Query.ErrorPacket (/Users/web/Desktop/demo/koaproject/water2017/node_modules/mysql/lib/protocol/sequences/Query.js:77:18)
    at Protocol._parsePacket (/Users/web/Desktop/demo/koaproject/water2017/node_modules/mysql/lib/protocol/Protocol.js:279:23)
    at Parser.write (/Users/web/Desktop/demo/koaproject/water2017/node_modules/mysql/lib/protocol/Parser.js:76:12)
    at Protocol.write (/Users/web/Desktop/demo/koaproject/water2017/node_modules/mysql/lib/protocol/Protocol.js:39:16)
    at Socket.<anonymous> (/Users/web/Desktop/demo/koaproject/water2017/node_modules/mysql/lib/Connection.js:103:28)
    at emitOne (events.js:115:13)
    at Socket.emit (events.js:210:7)
    at addChunk (_stream_readable.js:252:12)
    at readableAddChunk (_stream_readable.js:239:11)
    at Socket.Readable.push (_stream_readable.js:197:10)
    at TCP.onread (net.js:589:20)
    --------------------
    at Protocol._enqueue (/Users/web/Desktop/demo/koaproject/water2017/node_modules/mysql/lib/protocol/Protocol.js:145:48)
    at PoolConnection.query (/Users/web/Desktop/demo/koaproject/water2017/node_modules/mysql/lib/Connection.js:208:25)
    at /Users/web/Desktop/demo/koaproject/water2017/utils/db.js:21:22
    at Ping.onOperationComplete [as _callback] (/Users/web/Desktop/demo/koaproject/water2017/node_modules/mysql/lib/Pool.js:110:5)
    at Ping.Sequence.end (/Users/web/Desktop/demo/koaproject/water2017/node_modules/mysql/lib/protocol/sequences/Sequence.js:88:24)
    at Ping.Sequence.OkPacket (/Users/web/Desktop/demo/koaproject/water2017/node_modules/mysql/lib/protocol/sequences/Sequence.js:97:8)
    at Protocol._parsePacket (/Users/web/Desktop/demo/koaproject/water2017/node_modules/mysql/lib/protocol/Protocol.js:279:23)
    at Parser.write (/Users/web/Desktop/demo/koaproject/water2017/node_modules/mysql/lib/protocol/Parser.js:76:12)
    at Protocol.write (/Users/web/Desktop/demo/koaproject/water2017/node_modules/mysql/lib/protocol/Protocol.js:39:16)
    at Socket.<anonymous> (/Users/web/Desktop/demo/koaproject/water2017/node_modules/mysql/lib/Connection.js:103:28)
    at emitOne (events.js:115:13)
    at Socket.emit (events.js:210:7)
    at addChunk (_stream_readable.js:252:12)
    at readableAddChunk (_stream_readable.js:239:11)
    at Socket.Readable.push (_stream_readable.js:197:10)
    at TCP.onread (net.js:589:20)
*************** error log end ***************

[2017-08-16 23:34:53.574] [ERROR] errorLogger - 
*************** error log start ***************
request method: GET
request originalUrl:  /content/forum/create
request client ip:  ::1
request query:  {}
response time: 419
err name: Error
err message: ER_PARSE_ERROR: You have an error in your SQL syntax; check the manual that corresponds to your MySQL server version for the right syntax to use near 'NULL, NULL, NULL, NULL' at line 1
err stack: Error: ER_PARSE_ERROR: You have an error in your SQL syntax; check the manual that corresponds to your MySQL server version for the right syntax to use near 'NULL, NULL, NULL, NULL' at line 1
    at Query.Sequence._packetToError (/Users/web/Desktop/demo/koaproject/water2017/node_modules/mysql/lib/protocol/sequences/Sequence.js:52:14)
    at Query.ErrorPacket (/Users/web/Desktop/demo/koaproject/water2017/node_modules/mysql/lib/protocol/sequences/Query.js:77:18)
    at Protocol._parsePacket (/Users/web/Desktop/demo/koaproject/water2017/node_modules/mysql/lib/protocol/Protocol.js:279:23)
    at Parser.write (/Users/web/Desktop/demo/koaproject/water2017/node_modules/mysql/lib/protocol/Parser.js:76:12)
    at Protocol.write (/Users/web/Desktop/demo/koaproject/water2017/node_modules/mysql/lib/protocol/Protocol.js:39:16)
    at Socket.<anonymous> (/Users/web/Desktop/demo/koaproject/water2017/node_modules/mysql/lib/Connection.js:103:28)
    at emitOne (events.js:115:13)
    at Socket.emit (events.js:210:7)
    at addChunk (_stream_readable.js:252:12)
    at readableAddChunk (_stream_readable.js:239:11)
    at Socket.Readable.push (_stream_readable.js:197:10)
    at TCP.onread (net.js:589:20)
    --------------------
    at Protocol._enqueue (/Users/web/Desktop/demo/koaproject/water2017/node_modules/mysql/lib/protocol/Protocol.js:145:48)
    at PoolConnection.query (/Users/web/Desktop/demo/koaproject/water2017/node_modules/mysql/lib/Connection.js:208:25)
    at /Users/web/Desktop/demo/koaproject/water2017/utils/db.js:21:22
    at Handshake.onConnect [as _callback] (/Users/web/Desktop/demo/koaproject/water2017/node_modules/mysql/lib/Pool.js:64:7)
    at Handshake.Sequence.end (/Users/web/Desktop/demo/koaproject/water2017/node_modules/mysql/lib/protocol/sequences/Sequence.js:88:24)
    at Handshake.Sequence.OkPacket (/Users/web/Desktop/demo/koaproject/water2017/node_modules/mysql/lib/protocol/sequences/Sequence.js:97:8)
    at Protocol._parsePacket (/Users/web/Desktop/demo/koaproject/water2017/node_modules/mysql/lib/protocol/Protocol.js:279:23)
    at Parser.write (/Users/web/Desktop/demo/koaproject/water2017/node_modules/mysql/lib/protocol/Parser.js:76:12)
    at Protocol.write (/Users/web/Desktop/demo/koaproject/water2017/node_modules/mysql/lib/protocol/Protocol.js:39:16)
    at Socket.<anonymous> (/Users/web/Desktop/demo/koaproject/water2017/node_modules/mysql/lib/Connection.js:103:28)
    at emitOne (events.js:115:13)
    at Socket.emit (events.js:210:7)
    at addChunk (_stream_readable.js:252:12)
    at readableAddChunk (_stream_readable.js:239:11)
    at Socket.Readable.push (_stream_readable.js:197:10)
    at TCP.onread (net.js:589:20)
*************** error log end ***************

[2017-08-16 23:36:44.566] [ERROR] errorLogger - 
*************** error log start ***************
request method: GET
request originalUrl:  /content/forum/create
request client ip:  ::1
request query:  {}
response time: 427
err name: Error
err message: ER_PARSE_ERROR: You have an error in your SQL syntax; check the manual that corresponds to your MySQL server version for the right syntax to use near 'NULL, NULL, NULL, NULL' at line 1
err stack: Error: ER_PARSE_ERROR: You have an error in your SQL syntax; check the manual that corresponds to your MySQL server version for the right syntax to use near 'NULL, NULL, NULL, NULL' at line 1
    at Query.Sequence._packetToError (/Users/web/Desktop/demo/koaproject/water2017/node_modules/mysql/lib/protocol/sequences/Sequence.js:52:14)
    at Query.ErrorPacket (/Users/web/Desktop/demo/koaproject/water2017/node_modules/mysql/lib/protocol/sequences/Query.js:77:18)
    at Protocol._parsePacket (/Users/web/Desktop/demo/koaproject/water2017/node_modules/mysql/lib/protocol/Protocol.js:279:23)
    at Parser.write (/Users/web/Desktop/demo/koaproject/water2017/node_modules/mysql/lib/protocol/Parser.js:76:12)
    at Protocol.write (/Users/web/Desktop/demo/koaproject/water2017/node_modules/mysql/lib/protocol/Protocol.js:39:16)
    at Socket.<anonymous> (/Users/web/Desktop/demo/koaproject/water2017/node_modules/mysql/lib/Connection.js:103:28)
    at emitOne (events.js:115:13)
    at Socket.emit (events.js:210:7)
    at addChunk (_stream_readable.js:252:12)
    at readableAddChunk (_stream_readable.js:239:11)
    at Socket.Readable.push (_stream_readable.js:197:10)
    at TCP.onread (net.js:589:20)
    --------------------
    at Protocol._enqueue (/Users/web/Desktop/demo/koaproject/water2017/node_modules/mysql/lib/protocol/Protocol.js:145:48)
    at PoolConnection.query (/Users/web/Desktop/demo/koaproject/water2017/node_modules/mysql/lib/Connection.js:208:25)
    at /Users/web/Desktop/demo/koaproject/water2017/utils/db.js:21:22
    at Handshake.onConnect [as _callback] (/Users/web/Desktop/demo/koaproject/water2017/node_modules/mysql/lib/Pool.js:64:7)
    at Handshake.Sequence.end (/Users/web/Desktop/demo/koaproject/water2017/node_modules/mysql/lib/protocol/sequences/Sequence.js:88:24)
    at Handshake.Sequence.OkPacket (/Users/web/Desktop/demo/koaproject/water2017/node_modules/mysql/lib/protocol/sequences/Sequence.js:97:8)
    at Protocol._parsePacket (/Users/web/Desktop/demo/koaproject/water2017/node_modules/mysql/lib/protocol/Protocol.js:279:23)
    at Parser.write (/Users/web/Desktop/demo/koaproject/water2017/node_modules/mysql/lib/protocol/Parser.js:76:12)
    at Protocol.write (/Users/web/Desktop/demo/koaproject/water2017/node_modules/mysql/lib/protocol/Protocol.js:39:16)
    at Socket.<anonymous> (/Users/web/Desktop/demo/koaproject/water2017/node_modules/mysql/lib/Connection.js:103:28)
    at emitOne (events.js:115:13)
    at Socket.emit (events.js:210:7)
    at addChunk (_stream_readable.js:252:12)
    at readableAddChunk (_stream_readable.js:239:11)
    at Socket.Readable.push (_stream_readable.js:197:10)
    at TCP.onread (net.js:589:20)
*************** error log end ***************

[2017-08-16 23:36:51.042] [ERROR] errorLogger - 
*************** error log start ***************
request method: POST
request originalUrl:  /content/forum/create
request client ip:  ::1
request body: 
{}
response time: 3
err name: Error
err message: ER_PARSE_ERROR: You have an error in your SQL syntax; check the manual that corresponds to your MySQL server version for the right syntax to use near 'NULL, NULL, NULL, NULL' at line 1
err stack: Error: ER_PARSE_ERROR: You have an error in your SQL syntax; check the manual that corresponds to your MySQL server version for the right syntax to use near 'NULL, NULL, NULL, NULL' at line 1
    at Query.Sequence._packetToError (/Users/web/Desktop/demo/koaproject/water2017/node_modules/mysql/lib/protocol/sequences/Sequence.js:52:14)
    at Query.ErrorPacket (/Users/web/Desktop/demo/koaproject/water2017/node_modules/mysql/lib/protocol/sequences/Query.js:77:18)
    at Protocol._parsePacket (/Users/web/Desktop/demo/koaproject/water2017/node_modules/mysql/lib/protocol/Protocol.js:279:23)
    at Parser.write (/Users/web/Desktop/demo/koaproject/water2017/node_modules/mysql/lib/protocol/Parser.js:76:12)
    at Protocol.write (/Users/web/Desktop/demo/koaproject/water2017/node_modules/mysql/lib/protocol/Protocol.js:39:16)
    at Socket.<anonymous> (/Users/web/Desktop/demo/koaproject/water2017/node_modules/mysql/lib/Connection.js:103:28)
    at emitOne (events.js:115:13)
    at Socket.emit (events.js:210:7)
    at addChunk (_stream_readable.js:252:12)
    at readableAddChunk (_stream_readable.js:239:11)
    at Socket.Readable.push (_stream_readable.js:197:10)
    at TCP.onread (net.js:589:20)
    --------------------
    at Protocol._enqueue (/Users/web/Desktop/demo/koaproject/water2017/node_modules/mysql/lib/protocol/Protocol.js:145:48)
    at PoolConnection.query (/Users/web/Desktop/demo/koaproject/water2017/node_modules/mysql/lib/Connection.js:208:25)
    at /Users/web/Desktop/demo/koaproject/water2017/utils/db.js:21:22
    at Ping.onOperationComplete [as _callback] (/Users/web/Desktop/demo/koaproject/water2017/node_modules/mysql/lib/Pool.js:110:5)
    at Ping.Sequence.end (/Users/web/Desktop/demo/koaproject/water2017/node_modules/mysql/lib/protocol/sequences/Sequence.js:88:24)
    at Ping.Sequence.OkPacket (/Users/web/Desktop/demo/koaproject/water2017/node_modules/mysql/lib/protocol/sequences/Sequence.js:97:8)
    at Protocol._parsePacket (/Users/web/Desktop/demo/koaproject/water2017/node_modules/mysql/lib/protocol/Protocol.js:279:23)
    at Parser.write (/Users/web/Desktop/demo/koaproject/water2017/node_modules/mysql/lib/protocol/Parser.js:76:12)
    at Protocol.write (/Users/web/Desktop/demo/koaproject/water2017/node_modules/mysql/lib/protocol/Protocol.js:39:16)
    at Socket.<anonymous> (/Users/web/Desktop/demo/koaproject/water2017/node_modules/mysql/lib/Connection.js:103:28)
    at emitOne (events.js:115:13)
    at Socket.emit (events.js:210:7)
    at addChunk (_stream_readable.js:252:12)
    at readableAddChunk (_stream_readable.js:239:11)
    at Socket.Readable.push (_stream_readable.js:197:10)
    at TCP.onread (net.js:589:20)
*************** error log end ***************

[2017-08-16 23:38:14.017] [ERROR] errorLogger - 
*************** error log start ***************
request method: GET
request originalUrl:  /content/forum/create
request client ip:  ::1
request query:  {}
response time: 419
err name: Error
err message: ER_PARSE_ERROR: You have an error in your SQL syntax; check the manual that corresponds to your MySQL server version for the right syntax to use near 'NULL, NULL, NULL, NULL' at line 1
err stack: Error: ER_PARSE_ERROR: You have an error in your SQL syntax; check the manual that corresponds to your MySQL server version for the right syntax to use near 'NULL, NULL, NULL, NULL' at line 1
    at Query.Sequence._packetToError (/Users/web/Desktop/demo/koaproject/water2017/node_modules/mysql/lib/protocol/sequences/Sequence.js:52:14)
    at Query.ErrorPacket (/Users/web/Desktop/demo/koaproject/water2017/node_modules/mysql/lib/protocol/sequences/Query.js:77:18)
    at Protocol._parsePacket (/Users/web/Desktop/demo/koaproject/water2017/node_modules/mysql/lib/protocol/Protocol.js:279:23)
    at Parser.write (/Users/web/Desktop/demo/koaproject/water2017/node_modules/mysql/lib/protocol/Parser.js:76:12)
    at Protocol.write (/Users/web/Desktop/demo/koaproject/water2017/node_modules/mysql/lib/protocol/Protocol.js:39:16)
    at Socket.<anonymous> (/Users/web/Desktop/demo/koaproject/water2017/node_modules/mysql/lib/Connection.js:103:28)
    at emitOne (events.js:115:13)
    at Socket.emit (events.js:210:7)
    at addChunk (_stream_readable.js:252:12)
    at readableAddChunk (_stream_readable.js:239:11)
    at Socket.Readable.push (_stream_readable.js:197:10)
    at TCP.onread (net.js:589:20)
    --------------------
    at Protocol._enqueue (/Users/web/Desktop/demo/koaproject/water2017/node_modules/mysql/lib/protocol/Protocol.js:145:48)
    at PoolConnection.query (/Users/web/Desktop/demo/koaproject/water2017/node_modules/mysql/lib/Connection.js:208:25)
    at /Users/web/Desktop/demo/koaproject/water2017/utils/db.js:21:22
    at Handshake.onConnect [as _callback] (/Users/web/Desktop/demo/koaproject/water2017/node_modules/mysql/lib/Pool.js:64:7)
    at Handshake.Sequence.end (/Users/web/Desktop/demo/koaproject/water2017/node_modules/mysql/lib/protocol/sequences/Sequence.js:88:24)
    at Handshake.Sequence.OkPacket (/Users/web/Desktop/demo/koaproject/water2017/node_modules/mysql/lib/protocol/sequences/Sequence.js:97:8)
    at Protocol._parsePacket (/Users/web/Desktop/demo/koaproject/water2017/node_modules/mysql/lib/protocol/Protocol.js:279:23)
    at Parser.write (/Users/web/Desktop/demo/koaproject/water2017/node_modules/mysql/lib/protocol/Parser.js:76:12)
    at Protocol.write (/Users/web/Desktop/demo/koaproject/water2017/node_modules/mysql/lib/protocol/Protocol.js:39:16)
    at Socket.<anonymous> (/Users/web/Desktop/demo/koaproject/water2017/node_modules/mysql/lib/Connection.js:103:28)
    at emitOne (events.js:115:13)
    at Socket.emit (events.js:210:7)
    at addChunk (_stream_readable.js:252:12)
    at readableAddChunk (_stream_readable.js:239:11)
    at Socket.Readable.push (_stream_readable.js:197:10)
    at TCP.onread (net.js:589:20)
*************** error log end ***************

[2017-08-16 23:38:19.891] [ERROR] errorLogger - 
*************** error log start ***************
request method: POST
request originalUrl:  /content/forum/create
request client ip:  ::1
request body: 
{}
response time: 2
err name: Error
err message: ER_PARSE_ERROR: You have an error in your SQL syntax; check the manual that corresponds to your MySQL server version for the right syntax to use near 'NULL, NULL, NULL, NULL' at line 1
err stack: Error: ER_PARSE_ERROR: You have an error in your SQL syntax; check the manual that corresponds to your MySQL server version for the right syntax to use near 'NULL, NULL, NULL, NULL' at line 1
    at Query.Sequence._packetToError (/Users/web/Desktop/demo/koaproject/water2017/node_modules/mysql/lib/protocol/sequences/Sequence.js:52:14)
    at Query.ErrorPacket (/Users/web/Desktop/demo/koaproject/water2017/node_modules/mysql/lib/protocol/sequences/Query.js:77:18)
    at Protocol._parsePacket (/Users/web/Desktop/demo/koaproject/water2017/node_modules/mysql/lib/protocol/Protocol.js:279:23)
    at Parser.write (/Users/web/Desktop/demo/koaproject/water2017/node_modules/mysql/lib/protocol/Parser.js:76:12)
    at Protocol.write (/Users/web/Desktop/demo/koaproject/water2017/node_modules/mysql/lib/protocol/Protocol.js:39:16)
    at Socket.<anonymous> (/Users/web/Desktop/demo/koaproject/water2017/node_modules/mysql/lib/Connection.js:103:28)
    at emitOne (events.js:115:13)
    at Socket.emit (events.js:210:7)
    at addChunk (_stream_readable.js:252:12)
    at readableAddChunk (_stream_readable.js:239:11)
    at Socket.Readable.push (_stream_readable.js:197:10)
    at TCP.onread (net.js:589:20)
    --------------------
    at Protocol._enqueue (/Users/web/Desktop/demo/koaproject/water2017/node_modules/mysql/lib/protocol/Protocol.js:145:48)
    at PoolConnection.query (/Users/web/Desktop/demo/koaproject/water2017/node_modules/mysql/lib/Connection.js:208:25)
    at /Users/web/Desktop/demo/koaproject/water2017/utils/db.js:21:22
    at Ping.onOperationComplete [as _callback] (/Users/web/Desktop/demo/koaproject/water2017/node_modules/mysql/lib/Pool.js:110:5)
    at Ping.Sequence.end (/Users/web/Desktop/demo/koaproject/water2017/node_modules/mysql/lib/protocol/sequences/Sequence.js:88:24)
    at Ping.Sequence.OkPacket (/Users/web/Desktop/demo/koaproject/water2017/node_modules/mysql/lib/protocol/sequences/Sequence.js:97:8)
    at Protocol._parsePacket (/Users/web/Desktop/demo/koaproject/water2017/node_modules/mysql/lib/protocol/Protocol.js:279:23)
    at Parser.write (/Users/web/Desktop/demo/koaproject/water2017/node_modules/mysql/lib/protocol/Parser.js:76:12)
    at Protocol.write (/Users/web/Desktop/demo/koaproject/water2017/node_modules/mysql/lib/protocol/Protocol.js:39:16)
    at Socket.<anonymous> (/Users/web/Desktop/demo/koaproject/water2017/node_modules/mysql/lib/Connection.js:103:28)
    at emitOne (events.js:115:13)
    at Socket.emit (events.js:210:7)
    at addChunk (_stream_readable.js:252:12)
    at readableAddChunk (_stream_readable.js:239:11)
    at Socket.Readable.push (_stream_readable.js:197:10)
    at TCP.onread (net.js:589:20)
*************** error log end ***************

[2017-08-16 23:39:37.267] [ERROR] errorLogger - 
*************** error log start ***************
request method: GET
request originalUrl:  /content/forum/create
request client ip:  ::1
request query:  {}
response time: 456
err name: Error
err message: ER_PARSE_ERROR: You have an error in your SQL syntax; check the manual that corresponds to your MySQL server version for the right syntax to use near 'NULL, NULL, NULL, NULL' at line 1
err stack: Error: ER_PARSE_ERROR: You have an error in your SQL syntax; check the manual that corresponds to your MySQL server version for the right syntax to use near 'NULL, NULL, NULL, NULL' at line 1
    at Query.Sequence._packetToError (/Users/web/Desktop/demo/koaproject/water2017/node_modules/mysql/lib/protocol/sequences/Sequence.js:52:14)
    at Query.ErrorPacket (/Users/web/Desktop/demo/koaproject/water2017/node_modules/mysql/lib/protocol/sequences/Query.js:77:18)
    at Protocol._parsePacket (/Users/web/Desktop/demo/koaproject/water2017/node_modules/mysql/lib/protocol/Protocol.js:279:23)
    at Parser.write (/Users/web/Desktop/demo/koaproject/water2017/node_modules/mysql/lib/protocol/Parser.js:76:12)
    at Protocol.write (/Users/web/Desktop/demo/koaproject/water2017/node_modules/mysql/lib/protocol/Protocol.js:39:16)
    at Socket.<anonymous> (/Users/web/Desktop/demo/koaproject/water2017/node_modules/mysql/lib/Connection.js:103:28)
    at emitOne (events.js:115:13)
    at Socket.emit (events.js:210:7)
    at addChunk (_stream_readable.js:252:12)
    at readableAddChunk (_stream_readable.js:239:11)
    at Socket.Readable.push (_stream_readable.js:197:10)
    at TCP.onread (net.js:589:20)
    --------------------
    at Protocol._enqueue (/Users/web/Desktop/demo/koaproject/water2017/node_modules/mysql/lib/protocol/Protocol.js:145:48)
    at PoolConnection.query (/Users/web/Desktop/demo/koaproject/water2017/node_modules/mysql/lib/Connection.js:208:25)
    at /Users/web/Desktop/demo/koaproject/water2017/utils/db.js:21:22
    at Handshake.onConnect [as _callback] (/Users/web/Desktop/demo/koaproject/water2017/node_modules/mysql/lib/Pool.js:64:7)
    at Handshake.Sequence.end (/Users/web/Desktop/demo/koaproject/water2017/node_modules/mysql/lib/protocol/sequences/Sequence.js:88:24)
    at Handshake.Sequence.OkPacket (/Users/web/Desktop/demo/koaproject/water2017/node_modules/mysql/lib/protocol/sequences/Sequence.js:97:8)
    at Protocol._parsePacket (/Users/web/Desktop/demo/koaproject/water2017/node_modules/mysql/lib/protocol/Protocol.js:279:23)
    at Parser.write (/Users/web/Desktop/demo/koaproject/water2017/node_modules/mysql/lib/protocol/Parser.js:76:12)
    at Protocol.write (/Users/web/Desktop/demo/koaproject/water2017/node_modules/mysql/lib/protocol/Protocol.js:39:16)
    at Socket.<anonymous> (/Users/web/Desktop/demo/koaproject/water2017/node_modules/mysql/lib/Connection.js:103:28)
    at emitOne (events.js:115:13)
    at Socket.emit (events.js:210:7)
    at addChunk (_stream_readable.js:252:12)
    at readableAddChunk (_stream_readable.js:239:11)
    at Socket.Readable.push (_stream_readable.js:197:10)
    at TCP.onread (net.js:589:20)
*************** error log end ***************

[2017-08-16 23:39:42.809] [ERROR] errorLogger - 
*************** error log start ***************
request method: POST
request originalUrl:  /content/forum/create
request client ip:  ::1
request body: 
{}
response time: 11
err name: Error
err message: ER_PARSE_ERROR: You have an error in your SQL syntax; check the manual that corresponds to your MySQL server version for the right syntax to use near 'NULL, NULL, NULL, NULL' at line 1
err stack: Error: ER_PARSE_ERROR: You have an error in your SQL syntax; check the manual that corresponds to your MySQL server version for the right syntax to use near 'NULL, NULL, NULL, NULL' at line 1
    at Query.Sequence._packetToError (/Users/web/Desktop/demo/koaproject/water2017/node_modules/mysql/lib/protocol/sequences/Sequence.js:52:14)
    at Query.ErrorPacket (/Users/web/Desktop/demo/koaproject/water2017/node_modules/mysql/lib/protocol/sequences/Query.js:77:18)
    at Protocol._parsePacket (/Users/web/Desktop/demo/koaproject/water2017/node_modules/mysql/lib/protocol/Protocol.js:279:23)
    at Parser.write (/Users/web/Desktop/demo/koaproject/water2017/node_modules/mysql/lib/protocol/Parser.js:76:12)
    at Protocol.write (/Users/web/Desktop/demo/koaproject/water2017/node_modules/mysql/lib/protocol/Protocol.js:39:16)
    at Socket.<anonymous> (/Users/web/Desktop/demo/koaproject/water2017/node_modules/mysql/lib/Connection.js:103:28)
    at emitOne (events.js:115:13)
    at Socket.emit (events.js:210:7)
    at addChunk (_stream_readable.js:252:12)
    at readableAddChunk (_stream_readable.js:239:11)
    at Socket.Readable.push (_stream_readable.js:197:10)
    at TCP.onread (net.js:589:20)
    --------------------
    at Protocol._enqueue (/Users/web/Desktop/demo/koaproject/water2017/node_modules/mysql/lib/protocol/Protocol.js:145:48)
    at PoolConnection.query (/Users/web/Desktop/demo/koaproject/water2017/node_modules/mysql/lib/Connection.js:208:25)
    at /Users/web/Desktop/demo/koaproject/water2017/utils/db.js:21:22
    at Ping.onOperationComplete [as _callback] (/Users/web/Desktop/demo/koaproject/water2017/node_modules/mysql/lib/Pool.js:110:5)
    at Ping.Sequence.end (/Users/web/Desktop/demo/koaproject/water2017/node_modules/mysql/lib/protocol/sequences/Sequence.js:88:24)
    at Ping.Sequence.OkPacket (/Users/web/Desktop/demo/koaproject/water2017/node_modules/mysql/lib/protocol/sequences/Sequence.js:97:8)
    at Protocol._parsePacket (/Users/web/Desktop/demo/koaproject/water2017/node_modules/mysql/lib/protocol/Protocol.js:279:23)
    at Parser.write (/Users/web/Desktop/demo/koaproject/water2017/node_modules/mysql/lib/protocol/Parser.js:76:12)
    at Protocol.write (/Users/web/Desktop/demo/koaproject/water2017/node_modules/mysql/lib/protocol/Protocol.js:39:16)
    at Socket.<anonymous> (/Users/web/Desktop/demo/koaproject/water2017/node_modules/mysql/lib/Connection.js:103:28)
    at emitOne (events.js:115:13)
    at Socket.emit (events.js:210:7)
    at addChunk (_stream_readable.js:252:12)
    at readableAddChunk (_stream_readable.js:239:11)
    at Socket.Readable.push (_stream_readable.js:197:10)
    at TCP.onread (net.js:589:20)
*************** error log end ***************

[2017-08-16 23:43:46.989] [ERROR] errorLogger - 
*************** error log start ***************
request method: GET
request originalUrl:  /content/forum/create
request client ip:  ::1
request query:  {}
response time: 426
err name: Error
err message: ER_PARSE_ERROR: You have an error in your SQL syntax; check the manual that corresponds to your MySQL server version for the right syntax to use near 'NULL, NULL, NULL, NULL' at line 1
err stack: Error: ER_PARSE_ERROR: You have an error in your SQL syntax; check the manual that corresponds to your MySQL server version for the right syntax to use near 'NULL, NULL, NULL, NULL' at line 1
    at Query.Sequence._packetToError (/Users/web/Desktop/demo/koaproject/water2017/node_modules/mysql/lib/protocol/sequences/Sequence.js:52:14)
    at Query.ErrorPacket (/Users/web/Desktop/demo/koaproject/water2017/node_modules/mysql/lib/protocol/sequences/Query.js:77:18)
    at Protocol._parsePacket (/Users/web/Desktop/demo/koaproject/water2017/node_modules/mysql/lib/protocol/Protocol.js:279:23)
    at Parser.write (/Users/web/Desktop/demo/koaproject/water2017/node_modules/mysql/lib/protocol/Parser.js:76:12)
    at Protocol.write (/Users/web/Desktop/demo/koaproject/water2017/node_modules/mysql/lib/protocol/Protocol.js:39:16)
    at Socket.<anonymous> (/Users/web/Desktop/demo/koaproject/water2017/node_modules/mysql/lib/Connection.js:103:28)
    at emitOne (events.js:115:13)
    at Socket.emit (events.js:210:7)
    at addChunk (_stream_readable.js:252:12)
    at readableAddChunk (_stream_readable.js:239:11)
    at Socket.Readable.push (_stream_readable.js:197:10)
    at TCP.onread (net.js:589:20)
    --------------------
    at Protocol._enqueue (/Users/web/Desktop/demo/koaproject/water2017/node_modules/mysql/lib/protocol/Protocol.js:145:48)
    at PoolConnection.query (/Users/web/Desktop/demo/koaproject/water2017/node_modules/mysql/lib/Connection.js:208:25)
    at /Users/web/Desktop/demo/koaproject/water2017/utils/db.js:21:22
    at Handshake.onConnect [as _callback] (/Users/web/Desktop/demo/koaproject/water2017/node_modules/mysql/lib/Pool.js:64:7)
    at Handshake.Sequence.end (/Users/web/Desktop/demo/koaproject/water2017/node_modules/mysql/lib/protocol/sequences/Sequence.js:88:24)
    at Handshake.Sequence.OkPacket (/Users/web/Desktop/demo/koaproject/water2017/node_modules/mysql/lib/protocol/sequences/Sequence.js:97:8)
    at Protocol._parsePacket (/Users/web/Desktop/demo/koaproject/water2017/node_modules/mysql/lib/protocol/Protocol.js:279:23)
    at Parser.write (/Users/web/Desktop/demo/koaproject/water2017/node_modules/mysql/lib/protocol/Parser.js:76:12)
    at Protocol.write (/Users/web/Desktop/demo/koaproject/water2017/node_modules/mysql/lib/protocol/Protocol.js:39:16)
    at Socket.<anonymous> (/Users/web/Desktop/demo/koaproject/water2017/node_modules/mysql/lib/Connection.js:103:28)
    at emitOne (events.js:115:13)
    at Socket.emit (events.js:210:7)
    at addChunk (_stream_readable.js:252:12)
    at readableAddChunk (_stream_readable.js:239:11)
    at Socket.Readable.push (_stream_readable.js:197:10)
    at TCP.onread (net.js:589:20)
*************** error log end ***************

[2017-08-16 23:43:52.700] [ERROR] errorLogger - 
*************** error log start ***************
request method: POST
request originalUrl:  /content/forum/create
request client ip:  ::1
request body: 
{}
response time: 2
err name: Error
err message: ER_PARSE_ERROR: You have an error in your SQL syntax; check the manual that corresponds to your MySQL server version for the right syntax to use near 'NULL, NULL, NULL, NULL' at line 1
err stack: Error: ER_PARSE_ERROR: You have an error in your SQL syntax; check the manual that corresponds to your MySQL server version for the right syntax to use near 'NULL, NULL, NULL, NULL' at line 1
    at Query.Sequence._packetToError (/Users/web/Desktop/demo/koaproject/water2017/node_modules/mysql/lib/protocol/sequences/Sequence.js:52:14)
    at Query.ErrorPacket (/Users/web/Desktop/demo/koaproject/water2017/node_modules/mysql/lib/protocol/sequences/Query.js:77:18)
    at Protocol._parsePacket (/Users/web/Desktop/demo/koaproject/water2017/node_modules/mysql/lib/protocol/Protocol.js:279:23)
    at Parser.write (/Users/web/Desktop/demo/koaproject/water2017/node_modules/mysql/lib/protocol/Parser.js:76:12)
    at Protocol.write (/Users/web/Desktop/demo/koaproject/water2017/node_modules/mysql/lib/protocol/Protocol.js:39:16)
    at Socket.<anonymous> (/Users/web/Desktop/demo/koaproject/water2017/node_modules/mysql/lib/Connection.js:103:28)
    at emitOne (events.js:115:13)
    at Socket.emit (events.js:210:7)
    at addChunk (_stream_readable.js:252:12)
    at readableAddChunk (_stream_readable.js:239:11)
    at Socket.Readable.push (_stream_readable.js:197:10)
    at TCP.onread (net.js:589:20)
    --------------------
    at Protocol._enqueue (/Users/web/Desktop/demo/koaproject/water2017/node_modules/mysql/lib/protocol/Protocol.js:145:48)
    at PoolConnection.query (/Users/web/Desktop/demo/koaproject/water2017/node_modules/mysql/lib/Connection.js:208:25)
    at /Users/web/Desktop/demo/koaproject/water2017/utils/db.js:21:22
    at Ping.onOperationComplete [as _callback] (/Users/web/Desktop/demo/koaproject/water2017/node_modules/mysql/lib/Pool.js:110:5)
    at Ping.Sequence.end (/Users/web/Desktop/demo/koaproject/water2017/node_modules/mysql/lib/protocol/sequences/Sequence.js:88:24)
    at Ping.Sequence.OkPacket (/Users/web/Desktop/demo/koaproject/water2017/node_modules/mysql/lib/protocol/sequences/Sequence.js:97:8)
    at Protocol._parsePacket (/Users/web/Desktop/demo/koaproject/water2017/node_modules/mysql/lib/protocol/Protocol.js:279:23)
    at Parser.write (/Users/web/Desktop/demo/koaproject/water2017/node_modules/mysql/lib/protocol/Parser.js:76:12)
    at Protocol.write (/Users/web/Desktop/demo/koaproject/water2017/node_modules/mysql/lib/protocol/Protocol.js:39:16)
    at Socket.<anonymous> (/Users/web/Desktop/demo/koaproject/water2017/node_modules/mysql/lib/Connection.js:103:28)
    at emitOne (events.js:115:13)
    at Socket.emit (events.js:210:7)
    at addChunk (_stream_readable.js:252:12)
    at readableAddChunk (_stream_readable.js:239:11)
    at Socket.Readable.push (_stream_readable.js:197:10)
    at TCP.onread (net.js:589:20)
*************** error log end ***************

[2017-08-16 23:45:07.395] [ERROR] errorLogger - 
*************** error log start ***************
request method: GET
request originalUrl:  /content/forum/create
request client ip:  ::1
request query:  {}
response time: 225
err name: Error
err message: ER_PARSE_ERROR: You have an error in your SQL syntax; check the manual that corresponds to your MySQL server version for the right syntax to use near 'NULL, NULL, NULL, NULL' at line 1
err stack: Error: ER_PARSE_ERROR: You have an error in your SQL syntax; check the manual that corresponds to your MySQL server version for the right syntax to use near 'NULL, NULL, NULL, NULL' at line 1
    at Query.Sequence._packetToError (/Users/web/Desktop/demo/koaproject/water2017/node_modules/mysql/lib/protocol/sequences/Sequence.js:52:14)
    at Query.ErrorPacket (/Users/web/Desktop/demo/koaproject/water2017/node_modules/mysql/lib/protocol/sequences/Query.js:77:18)
    at Protocol._parsePacket (/Users/web/Desktop/demo/koaproject/water2017/node_modules/mysql/lib/protocol/Protocol.js:279:23)
    at Parser.write (/Users/web/Desktop/demo/koaproject/water2017/node_modules/mysql/lib/protocol/Parser.js:76:12)
    at Protocol.write (/Users/web/Desktop/demo/koaproject/water2017/node_modules/mysql/lib/protocol/Protocol.js:39:16)
    at Socket.<anonymous> (/Users/web/Desktop/demo/koaproject/water2017/node_modules/mysql/lib/Connection.js:103:28)
    at emitOne (events.js:115:13)
    at Socket.emit (events.js:210:7)
    at addChunk (_stream_readable.js:252:12)
    at readableAddChunk (_stream_readable.js:239:11)
    at Socket.Readable.push (_stream_readable.js:197:10)
    at TCP.onread (net.js:589:20)
    --------------------
    at Protocol._enqueue (/Users/web/Desktop/demo/koaproject/water2017/node_modules/mysql/lib/protocol/Protocol.js:145:48)
    at PoolConnection.query (/Users/web/Desktop/demo/koaproject/water2017/node_modules/mysql/lib/Connection.js:208:25)
    at /Users/web/Desktop/demo/koaproject/water2017/utils/db.js:21:22
    at Ping.onOperationComplete [as _callback] (/Users/web/Desktop/demo/koaproject/water2017/node_modules/mysql/lib/Pool.js:110:5)
    at Ping.Sequence.end (/Users/web/Desktop/demo/koaproject/water2017/node_modules/mysql/lib/protocol/sequences/Sequence.js:88:24)
    at Ping.Sequence.OkPacket (/Users/web/Desktop/demo/koaproject/water2017/node_modules/mysql/lib/protocol/sequences/Sequence.js:97:8)
    at Protocol._parsePacket (/Users/web/Desktop/demo/koaproject/water2017/node_modules/mysql/lib/protocol/Protocol.js:279:23)
    at Parser.write (/Users/web/Desktop/demo/koaproject/water2017/node_modules/mysql/lib/protocol/Parser.js:76:12)
    at Protocol.write (/Users/web/Desktop/demo/koaproject/water2017/node_modules/mysql/lib/protocol/Protocol.js:39:16)
    at Socket.<anonymous> (/Users/web/Desktop/demo/koaproject/water2017/node_modules/mysql/lib/Connection.js:103:28)
    at emitOne (events.js:115:13)
    at Socket.emit (events.js:210:7)
    at addChunk (_stream_readable.js:252:12)
    at readableAddChunk (_stream_readable.js:239:11)
    at Socket.Readable.push (_stream_readable.js:197:10)
    at TCP.onread (net.js:589:20)
*************** error log end ***************

[2017-08-16 23:47:17.293] [ERROR] errorLogger - 
*************** error log start ***************
request method: POST
request originalUrl:  /content/forum/create
request client ip:  ::1
request body: 
{}
response time: 5
err name: Error
err message: ER_PARSE_ERROR: You have an error in your SQL syntax; check the manual that corresponds to your MySQL server version for the right syntax to use near 'NULL, NULL, NULL, NULL' at line 1
err stack: Error: ER_PARSE_ERROR: You have an error in your SQL syntax; check the manual that corresponds to your MySQL server version for the right syntax to use near 'NULL, NULL, NULL, NULL' at line 1
    at Query.Sequence._packetToError (/Users/web/Desktop/demo/koaproject/water2017/node_modules/mysql/lib/protocol/sequences/Sequence.js:52:14)
    at Query.ErrorPacket (/Users/web/Desktop/demo/koaproject/water2017/node_modules/mysql/lib/protocol/sequences/Query.js:77:18)
    at Protocol._parsePacket (/Users/web/Desktop/demo/koaproject/water2017/node_modules/mysql/lib/protocol/Protocol.js:279:23)
    at Parser.write (/Users/web/Desktop/demo/koaproject/water2017/node_modules/mysql/lib/protocol/Parser.js:76:12)
    at Protocol.write (/Users/web/Desktop/demo/koaproject/water2017/node_modules/mysql/lib/protocol/Protocol.js:39:16)
    at Socket.<anonymous> (/Users/web/Desktop/demo/koaproject/water2017/node_modules/mysql/lib/Connection.js:103:28)
    at emitOne (events.js:115:13)
    at Socket.emit (events.js:210:7)
    at addChunk (_stream_readable.js:252:12)
    at readableAddChunk (_stream_readable.js:239:11)
    at Socket.Readable.push (_stream_readable.js:197:10)
    at TCP.onread (net.js:589:20)
    --------------------
    at Protocol._enqueue (/Users/web/Desktop/demo/koaproject/water2017/node_modules/mysql/lib/protocol/Protocol.js:145:48)
    at PoolConnection.query (/Users/web/Desktop/demo/koaproject/water2017/node_modules/mysql/lib/Connection.js:208:25)
    at /Users/web/Desktop/demo/koaproject/water2017/utils/db.js:21:22
    at Ping.onOperationComplete [as _callback] (/Users/web/Desktop/demo/koaproject/water2017/node_modules/mysql/lib/Pool.js:110:5)
    at Ping.Sequence.end (/Users/web/Desktop/demo/koaproject/water2017/node_modules/mysql/lib/protocol/sequences/Sequence.js:88:24)
    at Ping.Sequence.OkPacket (/Users/web/Desktop/demo/koaproject/water2017/node_modules/mysql/lib/protocol/sequences/Sequence.js:97:8)
    at Protocol._parsePacket (/Users/web/Desktop/demo/koaproject/water2017/node_modules/mysql/lib/protocol/Protocol.js:279:23)
    at Parser.write (/Users/web/Desktop/demo/koaproject/water2017/node_modules/mysql/lib/protocol/Parser.js:76:12)
    at Protocol.write (/Users/web/Desktop/demo/koaproject/water2017/node_modules/mysql/lib/protocol/Protocol.js:39:16)
    at Socket.<anonymous> (/Users/web/Desktop/demo/koaproject/water2017/node_modules/mysql/lib/Connection.js:103:28)
    at emitOne (events.js:115:13)
    at Socket.emit (events.js:210:7)
    at addChunk (_stream_readable.js:252:12)
    at readableAddChunk (_stream_readable.js:239:11)
    at Socket.Readable.push (_stream_readable.js:197:10)
    at TCP.onread (net.js:589:20)
*************** error log end ***************

[2017-08-16 23:47:25.420] [ERROR] errorLogger - 
*************** error log start ***************
request method: GET
request originalUrl:  /content/forum/create
request client ip:  ::1
request query:  {}
response time: 200
err name: Error
err message: ER_PARSE_ERROR: You have an error in your SQL syntax; check the manual that corresponds to your MySQL server version for the right syntax to use near 'NULL, NULL, NULL, NULL' at line 1
err stack: Error: ER_PARSE_ERROR: You have an error in your SQL syntax; check the manual that corresponds to your MySQL server version for the right syntax to use near 'NULL, NULL, NULL, NULL' at line 1
    at Query.Sequence._packetToError (/Users/web/Desktop/demo/koaproject/water2017/node_modules/mysql/lib/protocol/sequences/Sequence.js:52:14)
    at Query.ErrorPacket (/Users/web/Desktop/demo/koaproject/water2017/node_modules/mysql/lib/protocol/sequences/Query.js:77:18)
    at Protocol._parsePacket (/Users/web/Desktop/demo/koaproject/water2017/node_modules/mysql/lib/protocol/Protocol.js:279:23)
    at Parser.write (/Users/web/Desktop/demo/koaproject/water2017/node_modules/mysql/lib/protocol/Parser.js:76:12)
    at Protocol.write (/Users/web/Desktop/demo/koaproject/water2017/node_modules/mysql/lib/protocol/Protocol.js:39:16)
    at Socket.<anonymous> (/Users/web/Desktop/demo/koaproject/water2017/node_modules/mysql/lib/Connection.js:103:28)
    at emitOne (events.js:115:13)
    at Socket.emit (events.js:210:7)
    at addChunk (_stream_readable.js:252:12)
    at readableAddChunk (_stream_readable.js:239:11)
    at Socket.Readable.push (_stream_readable.js:197:10)
    at TCP.onread (net.js:589:20)
    --------------------
    at Protocol._enqueue (/Users/web/Desktop/demo/koaproject/water2017/node_modules/mysql/lib/protocol/Protocol.js:145:48)
    at PoolConnection.query (/Users/web/Desktop/demo/koaproject/water2017/node_modules/mysql/lib/Connection.js:208:25)
    at /Users/web/Desktop/demo/koaproject/water2017/utils/db.js:21:22
    at Ping.onOperationComplete [as _callback] (/Users/web/Desktop/demo/koaproject/water2017/node_modules/mysql/lib/Pool.js:110:5)
    at Ping.Sequence.end (/Users/web/Desktop/demo/koaproject/water2017/node_modules/mysql/lib/protocol/sequences/Sequence.js:88:24)
    at Ping.Sequence.OkPacket (/Users/web/Desktop/demo/koaproject/water2017/node_modules/mysql/lib/protocol/sequences/Sequence.js:97:8)
    at Protocol._parsePacket (/Users/web/Desktop/demo/koaproject/water2017/node_modules/mysql/lib/protocol/Protocol.js:279:23)
    at Parser.write (/Users/web/Desktop/demo/koaproject/water2017/node_modules/mysql/lib/protocol/Parser.js:76:12)
    at Protocol.write (/Users/web/Desktop/demo/koaproject/water2017/node_modules/mysql/lib/protocol/Protocol.js:39:16)
    at Socket.<anonymous> (/Users/web/Desktop/demo/koaproject/water2017/node_modules/mysql/lib/Connection.js:103:28)
    at emitOne (events.js:115:13)
    at Socket.emit (events.js:210:7)
    at addChunk (_stream_readable.js:252:12)
    at readableAddChunk (_stream_readable.js:239:11)
    at Socket.Readable.push (_stream_readable.js:197:10)
    at TCP.onread (net.js:589:20)
*************** error log end ***************

[2017-08-16 23:47:31.944] [ERROR] errorLogger - 
*************** error log start ***************
request method: POST
request originalUrl:  /content/forum/create
request client ip:  ::1
request body: 
{}
response time: 1
err name: Error
err message: ER_PARSE_ERROR: You have an error in your SQL syntax; check the manual that corresponds to your MySQL server version for the right syntax to use near 'NULL, NULL, NULL, NULL' at line 1
err stack: Error: ER_PARSE_ERROR: You have an error in your SQL syntax; check the manual that corresponds to your MySQL server version for the right syntax to use near 'NULL, NULL, NULL, NULL' at line 1
    at Query.Sequence._packetToError (/Users/web/Desktop/demo/koaproject/water2017/node_modules/mysql/lib/protocol/sequences/Sequence.js:52:14)
    at Query.ErrorPacket (/Users/web/Desktop/demo/koaproject/water2017/node_modules/mysql/lib/protocol/sequences/Query.js:77:18)
    at Protocol._parsePacket (/Users/web/Desktop/demo/koaproject/water2017/node_modules/mysql/lib/protocol/Protocol.js:279:23)
    at Parser.write (/Users/web/Desktop/demo/koaproject/water2017/node_modules/mysql/lib/protocol/Parser.js:76:12)
    at Protocol.write (/Users/web/Desktop/demo/koaproject/water2017/node_modules/mysql/lib/protocol/Protocol.js:39:16)
    at Socket.<anonymous> (/Users/web/Desktop/demo/koaproject/water2017/node_modules/mysql/lib/Connection.js:103:28)
    at emitOne (events.js:115:13)
    at Socket.emit (events.js:210:7)
    at addChunk (_stream_readable.js:252:12)
    at readableAddChunk (_stream_readable.js:239:11)
    at Socket.Readable.push (_stream_readable.js:197:10)
    at TCP.onread (net.js:589:20)
    --------------------
    at Protocol._enqueue (/Users/web/Desktop/demo/koaproject/water2017/node_modules/mysql/lib/protocol/Protocol.js:145:48)
    at PoolConnection.query (/Users/web/Desktop/demo/koaproject/water2017/node_modules/mysql/lib/Connection.js:208:25)
    at /Users/web/Desktop/demo/koaproject/water2017/utils/db.js:21:22
    at Ping.onOperationComplete [as _callback] (/Users/web/Desktop/demo/koaproject/water2017/node_modules/mysql/lib/Pool.js:110:5)
    at Ping.Sequence.end (/Users/web/Desktop/demo/koaproject/water2017/node_modules/mysql/lib/protocol/sequences/Sequence.js:88:24)
    at Ping.Sequence.OkPacket (/Users/web/Desktop/demo/koaproject/water2017/node_modules/mysql/lib/protocol/sequences/Sequence.js:97:8)
    at Protocol._parsePacket (/Users/web/Desktop/demo/koaproject/water2017/node_modules/mysql/lib/protocol/Protocol.js:279:23)
    at Parser.write (/Users/web/Desktop/demo/koaproject/water2017/node_modules/mysql/lib/protocol/Parser.js:76:12)
    at Protocol.write (/Users/web/Desktop/demo/koaproject/water2017/node_modules/mysql/lib/protocol/Protocol.js:39:16)
    at Socket.<anonymous> (/Users/web/Desktop/demo/koaproject/water2017/node_modules/mysql/lib/Connection.js:103:28)
    at emitOne (events.js:115:13)
    at Socket.emit (events.js:210:7)
    at addChunk (_stream_readable.js:252:12)
    at readableAddChunk (_stream_readable.js:239:11)
    at Socket.Readable.push (_stream_readable.js:197:10)
    at TCP.onread (net.js:589:20)
*************** error log end ***************

